2023-08-22 12:34:48 INFO:Reading corpus from './datasets/pre_processed/smilesZinc.smi'...
2023-08-22 12:34:49 INFO:Detected utf-8 encoding
2023-08-22 12:34:51 INFO:Done.
2023-08-22 12:35:11 INFO:Compounds in training data: 249455 types / 249455 tokens
2023-08-22 12:35:11 INFO:Starting batch training
2023-08-22 12:35:11 INFO:Epochs: 0	Cost: 30450475.272234492
2023-08-22 13:33:50 INFO:Number of morph types: 70946
2023-08-22 13:33:50 INFO:Corpus weight set to 0.3333333333333333
2023-08-22 13:33:50 INFO:Epochs: 1	Cost: 7657672.470352935
2023-08-22 14:34:40 INFO:Number of morph types: 10429
2023-08-22 14:34:40 INFO:Corpus weight set to 0.16666666666666666
2023-08-22 14:34:40 INFO:Epochs: 2	Cost: 2378156.2624619976
2023-08-22 15:37:37 INFO:Number of morph types: 5455
2023-08-22 15:37:37 INFO:Corpus weight set to 0.1
2023-08-22 15:37:37 INFO:Epochs: 3	Cost: 1440714.7935956116
2023-08-22 16:41:16 INFO:Number of morph types: 3566
2023-08-22 16:41:16 INFO:Corpus weight set to 0.06666666666666667
2023-08-22 16:41:16 INFO:Epochs: 4	Cost: 977496.6791380801
2023-08-22 17:47:08 INFO:Number of morph types: 2553
2023-08-22 17:47:08 INFO:Corpus weight set to 0.047619047619047616
2023-08-22 17:47:08 INFO:Epochs: 5	Cost: 709672.8521535989
2023-08-22 18:53:36 INFO:Number of morph types: 1966
2023-08-22 18:53:36 INFO:Corpus weight set to 0.03571428571428571
2023-08-22 18:53:36 INFO:Epochs: 6	Cost: 540759.6815763601
2023-08-22 20:01:39 INFO:Number of morph types: 1529
2023-08-22 20:01:39 INFO:Corpus weight set to 0.02777777777777778
2023-08-22 20:01:39 INFO:Epochs: 7	Cost: 425988.6799122102
2023-08-22 21:09:10 INFO:Number of morph types: 1299
2023-08-22 21:09:10 INFO:Corpus weight set to 0.022222222222222227
2023-08-22 21:09:10 INFO:Epochs: 8	Cost: 345722.68205618823
2023-08-22 22:17:22 INFO:Number of morph types: 1091
2023-08-22 22:17:22 INFO:Corpus weight set to 0.018181818181818184
2023-08-22 22:17:22 INFO:Epochs: 9	Cost: 286593.99094966426
2023-08-22 23:26:11 INFO:Number of morph types: 945
2023-08-22 23:26:11 INFO:Corpus weight set to 0.015151515151515154
2023-08-22 23:26:11 INFO:Epochs: 10	Cost: 241706.05575294688
2023-08-23 00:36:07 INFO:Number of morph types: 821
2023-08-23 00:36:07 INFO:Corpus weight set to 0.012820512820512822
2023-08-23 00:36:07 INFO:Epochs: 11	Cost: 206863.70701838285
2023-08-23 01:46:47 INFO:Number of morph types: 707
2023-08-23 01:46:47 INFO:Corpus weight set to 0.01098901098901099
2023-08-23 01:46:47 INFO:Epochs: 12	Cost: 179181.44876708428
2023-08-23 02:56:59 INFO:Number of morph types: 656
2023-08-23 02:56:59 INFO:Corpus weight set to 0.009523809523809525
2023-08-23 02:56:59 INFO:Epochs: 13	Cost: 156993.2179662014
2023-08-23 04:08:03 INFO:Number of morph types: 582
2023-08-23 04:08:03 INFO:Corpus weight set to 0.008333333333333335
2023-08-23 04:08:03 INFO:Epochs: 14	Cost: 138609.40757051535
2023-08-23 05:19:21 INFO:Number of morph types: 548
2023-08-23 05:19:21 INFO:Corpus weight set to 0.00735294117647059
2023-08-23 05:19:21 INFO:Epochs: 15	Cost: 123620.62076107874
2023-08-23 06:30:40 INFO:Number of morph types: 511
2023-08-23 06:30:40 INFO:Corpus weight set to 0.006535947712418302
2023-08-23 06:30:40 INFO:Epochs: 16	Cost: 110994.29164359806
2023-08-23 07:42:26 INFO:Number of morph types: 459
2023-08-23 07:42:26 INFO:Corpus weight set to 0.00730488273740869
2023-08-23 07:42:26 INFO:Epochs: 17	Cost: 122599.99640891822
2023-08-23 08:54:03 INFO:Number of morph types: 466
2023-08-23 08:54:03 INFO:Corpus weight set to 0.008116536374898545
2023-08-23 08:54:03 INFO:Epochs: 18	Cost: 135062.2315952947
2023-08-23 10:05:37 INFO:Number of morph types: 472
2023-08-23 10:05:37 INFO:Corpus weight set to 0.008970908624887865
2023-08-23 10:05:37 INFO:Epochs: 19	Cost: 148152.73101952975
2023-08-23 11:17:08 INFO:Number of morph types: 484
2023-08-23 11:17:08 INFO:Corpus weight set to 0.009867999487376652
2023-08-23 11:17:08 INFO:Epochs: 20	Cost: 161857.64027756063
2023-08-23 12:28:40 INFO:Number of morph types: 493
2023-08-23 12:28:40 INFO:Corpus weight set to 0.010807808962364905
2023-08-23 12:28:40 INFO:Epochs: 21	Cost: 176171.8139943285
2023-08-23 13:39:57 INFO:Number of morph types: 510
2023-08-23 13:39:57 INFO:Corpus weight set to 0.009907158215501163
2023-08-23 13:39:57 INFO:Epochs: 22	Cost: 162384.50998570403
2023-08-23 14:51:35 INFO:Number of morph types: 504
2023-08-23 14:51:35 INFO:Epochs: 23	Cost: 162379.13892001743
2023-08-23 16:03:13 INFO:Number of morph types: 504
2023-08-23 16:03:13 INFO:Epochs: 24	Cost: 162379.7142840496
2023-08-23 16:03:13 INFO:Done.
2023-08-23 16:03:13 INFO:Epochs: 24
2023-08-23 16:03:13 INFO:Final cost: 162379.7142840496
2023-08-23 16:03:13 INFO:Training time: 98905.138s
2023-08-23 16:03:13 INFO:Saving model to './models/tokenizers/morfessors/morf_smilesZinc_500.bin'...
2023-08-23 16:03:16 INFO:Done.
