2023-09-29 11:04:43 INFO:Reading corpus from './datasets/smilesDB.smi'...
2023-09-29 11:04:44 INFO:Detected utf-8 encoding
2023-09-29 11:04:47 INFO:Done.
2023-09-29 11:05:10 INFO:Compounds in training data: 258723 types / 258723 tokens
2023-09-29 11:05:10 INFO:Starting batch training
2023-09-29 11:05:10 INFO:Epochs: 0	Cost: 31485226.783368837
2023-09-29 12:11:11 INFO:Number of morph types: 72156
2023-09-29 12:11:11 INFO:Corpus weight set to 3.0
2023-09-29 12:11:11 INFO:Epochs: 1	Cost: 36800944.95042969
2023-09-29 13:03:18 INFO:Number of morph types: 147054
2023-09-29 13:03:18 INFO:Corpus weight set to 1.5
2023-09-29 13:03:18 INFO:Epochs: 2	Cost: 22156688.72469566
2023-09-29 14:01:54 INFO:Number of morph types: 72337
2023-09-29 14:01:54 INFO:Corpus weight set to 2.5
2023-09-29 14:01:54 INFO:Epochs: 3	Cost: 28903277.5510073
2023-09-29 14:53:42 INFO:Number of morph types: 109397
2023-09-29 14:53:42 INFO:Corpus weight set to 1.6666666666666665
2023-09-29 14:53:42 INFO:Epochs: 4	Cost: 21389791.575450398
2023-09-29 15:50:25 INFO:Number of morph types: 76678
2023-09-29 15:50:25 INFO:Corpus weight set to 2.333333333333333
2023-09-29 15:50:25 INFO:Epochs: 5	Cost: 26925655.486092314
2023-09-29 16:47:48 INFO:Number of morph types: 99609
2023-09-29 16:47:48 INFO:Epochs: 6	Cost: 27057783.95630444
2023-09-29 17:42:56 INFO:Number of morph types: 100742
2023-09-29 17:42:56 INFO:Epochs: 7	Cost: 27042120.237352062
2023-09-29 18:37:46 INFO:Number of morph types: 100915
2023-09-29 18:37:46 INFO:Epochs: 8	Cost: 27037014.231172614
2023-09-29 19:32:07 INFO:Number of morph types: 100989
2023-09-29 19:32:07 INFO:Epochs: 9	Cost: 27035616.05609069
2023-09-29 20:25:27 INFO:Number of morph types: 101033
2023-09-29 20:25:27 INFO:Corpus weight set to 1.9444444444444442
2023-09-29 20:25:27 INFO:Epochs: 10	Cost: 23492453.77417886
2023-09-29 21:20:09 INFO:Number of morph types: 88580
2023-09-29 21:20:09 INFO:Corpus weight set to 2.297979797979798
2023-09-29 21:20:09 INFO:Epochs: 11	Cost: 26551060.375561804
2023-09-29 22:13:20 INFO:Number of morph types: 98482
2023-09-29 22:13:20 INFO:Corpus weight set to 2.6809764309764312
2023-09-29 22:13:20 INFO:Epochs: 12	Cost: 30174591.383343413
2023-09-29 23:04:54 INFO:Number of morph types: 116103
2023-09-29 23:04:54 INFO:Corpus weight set to 2.3235129068462403
2023-09-29 23:04:54 INFO:Epochs: 13	Cost: 27234138.231767822
2023-09-29 23:57:31 INFO:Number of morph types: 106282
2023-09-29 23:57:31 INFO:Corpus weight set to 2.0330737934904604
2023-09-29 23:57:31 INFO:Epochs: 14	Cost: 24422656.11545019
2023-09-30 00:50:54 INFO:Number of morph types: 94736
2023-09-30 00:50:54 INFO:Corpus weight set to 2.3041502992891885
2023-09-30 00:50:54 INFO:Epochs: 15	Cost: 26655157.053634588
2023-09-30 01:44:13 INFO:Number of morph types: 101015
2023-09-30 01:44:13 INFO:Corpus weight set to 2.0481335993681675
2023-09-30 01:44:13 INFO:Epochs: 16	Cost: 24395914.917446464
2023-09-30 02:37:45 INFO:Number of morph types: 94611
2023-09-30 02:37:45 INFO:Corpus weight set to 2.2890904934114813
2023-09-30 02:37:45 INFO:Epochs: 17	Cost: 26505793.163279228
2023-09-30 03:31:01 INFO:Number of morph types: 100256
2023-09-30 03:31:01 INFO:Epochs: 18	Cost: 26571845.59915649
2023-09-30 04:24:37 INFO:Number of morph types: 100454
2023-09-30 04:24:37 INFO:Epochs: 19	Cost: 26571899.659933835
2023-09-30 04:24:37 INFO:Done.
2023-09-30 04:24:37 INFO:Epochs: 19
2023-09-30 04:24:37 INFO:Final cost: 26571899.659933835
2023-09-30 04:24:37 INFO:Training time: 62394.339s
2023-09-30 04:24:37 INFO:Saving model to './models/tokenizers/morfessors/morf_smilesDB_100000.bin'...
2023-09-30 04:24:40 INFO:Done.
