2023-07-13 04:46:49 INFO:Reading corpus from './datasets/pre_processed/tox21.smi'...
2023-07-13 04:46:49 INFO:Detected utf-8 encoding
2023-07-13 04:46:49 INFO:Done.
2023-07-13 04:46:49 INFO:Compounds in training data: 3079 types / 3079 tokens
2023-07-13 04:46:49 INFO:Starting batch training
2023-07-13 04:46:49 INFO:Epochs: 0	Cost: 223989.18578946654
2023-07-13 04:47:09 INFO:Number of morph types: 2168
2023-07-13 04:47:09 INFO:Corpus weight set to 0.3333333333333333
2023-07-13 04:47:09 INFO:Epochs: 1	Cost: 144480.79748593897
2023-07-13 04:48:15 INFO:Number of morph types: 446
2023-07-13 04:48:15 INFO:Corpus weight set to 0.6666666666666666
2023-07-13 04:48:15 INFO:Epochs: 2	Cost: 101231.38791159372
2023-07-13 04:49:18 INFO:Number of morph types: 562
2023-07-13 04:49:18 INFO:Corpus weight set to 0.4
2023-07-13 04:49:18 INFO:Epochs: 3	Cost: 63361.12410755499
2023-07-13 04:50:20 INFO:Number of morph types: 379
2023-07-13 04:50:20 INFO:Corpus weight set to 0.6000000000000001
2023-07-13 04:50:20 INFO:Epochs: 4	Cost: 84292.5578341144
2023-07-13 04:51:20 INFO:Number of morph types: 497
2023-07-13 04:51:20 INFO:Epochs: 5	Cost: 84273.24769287015
2023-07-13 04:52:20 INFO:Number of morph types: 499
2023-07-13 04:52:20 INFO:Epochs: 6	Cost: 84147.66935613954
2023-07-13 04:53:19 INFO:Number of morph types: 500
2023-07-13 04:53:19 INFO:Epochs: 7	Cost: 84061.19035793189
2023-07-13 04:54:17 INFO:Number of morph types: 504
2023-07-13 04:54:17 INFO:Epochs: 8	Cost: 83841.79419686845
2023-07-13 04:55:14 INFO:Number of morph types: 506
2023-07-13 04:55:14 INFO:Corpus weight set to 0.49090909090909096
2023-07-13 04:55:14 INFO:Epochs: 9	Cost: 70992.83995828801
2023-07-13 04:56:12 INFO:Number of morph types: 441
2023-07-13 04:56:12 INFO:Corpus weight set to 0.5890909090909091
2023-07-13 04:56:12 INFO:Epochs: 10	Cost: 82170.34839387401
2023-07-13 04:57:09 INFO:Number of morph types: 498
2023-07-13 04:57:09 INFO:Epochs: 11	Cost: 82163.60017081484
2023-07-13 04:58:06 INFO:Number of morph types: 496
2023-07-13 04:58:06 INFO:Epochs: 12	Cost: 82112.33099318872
2023-07-13 04:59:02 INFO:Number of morph types: 498
2023-07-13 04:59:02 INFO:Epochs: 13	Cost: 82087.00692455952
2023-07-13 04:59:58 INFO:Number of morph types: 498
2023-07-13 04:59:58 INFO:Epochs: 14	Cost: 82022.10931835629
2023-07-13 05:00:54 INFO:Number of morph types: 500
2023-07-13 05:00:54 INFO:Epochs: 15	Cost: 82045.21569169163
2023-07-13 05:00:54 INFO:Done.
2023-07-13 05:00:54 INFO:Epochs: 15
2023-07-13 05:00:54 INFO:Final cost: 82045.21569169163
2023-07-13 05:00:54 INFO:Training time: 845.086s
2023-07-13 05:00:54 INFO:Saving model to './models/tokenizers/morfessors/morf_tox21_500.bin'...
2023-07-13 05:00:54 INFO:Done.
