2023-10-04 05:21:49 INFO:Reading corpus from './datasets/pre_processed/smilesZinc.smi'...
2023-10-04 05:21:50 INFO:Detected utf-8 encoding
2023-10-04 05:21:52 INFO:Done.
2023-10-04 05:22:12 INFO:Compounds in training data: 249455 types / 249455 tokens
2023-10-04 05:22:12 INFO:Starting batch training
2023-10-04 05:22:12 INFO:Epochs: 0	Cost: 30450475.272234492
2023-10-04 06:19:35 INFO:Number of morph types: 69425
2023-10-04 06:19:35 INFO:Corpus weight set to 3.0
2023-10-04 06:19:35 INFO:Epochs: 1	Cost: 35458645.311586894
2023-10-04 07:04:46 INFO:Number of morph types: 141136
2023-10-04 07:04:46 INFO:Corpus weight set to 6.0
2023-10-04 07:04:46 INFO:Epochs: 2	Cost: 56044245.73935324
2023-10-04 07:37:13 INFO:Number of morph types: 227248
2023-10-04 07:37:13 INFO:Corpus weight set to 3.6000000000000005
2023-10-04 07:37:13 INFO:Epochs: 3	Cost: 39101742.33094995
2023-10-04 08:15:34 INFO:Number of morph types: 193230
2023-10-04 08:15:34 INFO:Corpus weight set to 5.4
2023-10-04 08:15:34 INFO:Epochs: 4	Cost: 48512627.446739316
2023-10-04 08:49:55 INFO:Number of morph types: 217322
2023-10-04 08:49:55 INFO:Corpus weight set to 3.8571428571428577
2023-10-04 08:49:55 INFO:Epochs: 5	Cost: 39747634.23197901
2023-10-04 09:27:17 INFO:Number of morph types: 197907
2023-10-04 09:27:17 INFO:Corpus weight set to 5.142857142857143
2023-10-04 09:27:17 INFO:Epochs: 6	Cost: 46695305.62076086
2023-10-04 10:02:26 INFO:Number of morph types: 212337
2023-10-04 10:02:26 INFO:Corpus weight set to 4.000000000000001
2023-10-04 10:02:26 INFO:Epochs: 7	Cost: 40280940.862692416
2023-10-04 10:39:23 INFO:Number of morph types: 199761
2023-10-04 10:39:23 INFO:Epochs: 8	Cost: 39939321.55088557
2023-10-04 11:16:22 INFO:Number of morph types: 198222
2023-10-04 11:16:22 INFO:Epochs: 9	Cost: 39908617.53279029
2023-10-04 11:53:20 INFO:Number of morph types: 198000
2023-10-04 11:53:20 INFO:Epochs: 10	Cost: 39903791.330676556
2023-10-04 12:30:21 INFO:Number of morph types: 197934
2023-10-04 12:30:21 INFO:Corpus weight set to 4.727272727272728
2023-10-04 12:30:21 INFO:Epochs: 11	Cost: 44170807.69704582
2023-10-04 13:06:28 INFO:Number of morph types: 205894
2023-10-04 13:06:28 INFO:Corpus weight set to 4.051948051948052
2023-10-04 13:06:28 INFO:Epochs: 12	Cost: 40349396.66204901
2023-10-04 13:43:18 INFO:Number of morph types: 199426
2023-10-04 13:43:18 INFO:Epochs: 13	Cost: 40220582.22995791
2023-10-04 14:20:09 INFO:Number of morph types: 198929
2023-10-04 14:20:09 INFO:Epochs: 14	Cost: 40215654.62046908
2023-10-04 14:57:10 INFO:Number of morph types: 198877
2023-10-04 14:57:10 INFO:Epochs: 15	Cost: 40214784.79802125
2023-10-04 14:57:10 INFO:Done.
2023-10-04 14:57:10 INFO:Epochs: 15
2023-10-04 14:57:10 INFO:Final cost: 40214784.79802125
2023-10-04 14:57:10 INFO:Training time: 34520.808s
2023-10-04 14:57:10 INFO:Saving model to './models/tokenizers/morfessors/morf_smilesZinc_200000.bin'...
2023-10-04 14:57:11 INFO:Done.
