2023-07-13 01:26:44 INFO:Reading corpus from './datasets/pre_processed/clintox.smi'...
2023-07-13 01:26:44 INFO:Detected utf-8 encoding
2023-07-13 01:26:44 INFO:Done.
2023-07-13 01:26:44 INFO:Compounds in training data: 1476 types / 1476 tokens
2023-07-13 01:26:44 INFO:Starting batch training
2023-07-13 01:26:44 INFO:Epochs: 0	Cost: 245851.29798636414
2023-07-13 01:27:17 INFO:Number of morph types: 1659
2023-07-13 01:27:17 INFO:Corpus weight set to 3.0
2023-07-13 01:27:17 INFO:Epochs: 1	Cost: 277166.14934162115
2023-07-13 01:27:48 INFO:Number of morph types: 1652
2023-07-13 01:27:48 INFO:Corpus weight set to 6.0
2023-07-13 01:27:48 INFO:Epochs: 2	Cost: 337253.76050646073
2023-07-13 01:28:14 INFO:Number of morph types: 1671
2023-07-13 01:28:14 INFO:Corpus weight set to 10.0
2023-07-13 01:28:14 INFO:Epochs: 3	Cost: 411423.1887529233
2023-07-13 01:28:41 INFO:Number of morph types: 1690
2023-07-13 01:28:41 INFO:Corpus weight set to 15.0
2023-07-13 01:28:41 INFO:Epochs: 4	Cost: 504667.1468108295
2023-07-13 01:29:08 INFO:Number of morph types: 1694
2023-07-13 01:29:08 INFO:Corpus weight set to 21.0
2023-07-13 01:29:08 INFO:Epochs: 5	Cost: 617151.3243881
2023-07-13 01:29:34 INFO:Number of morph types: 1697
2023-07-13 01:29:34 INFO:Corpus weight set to 28.0
2023-07-13 01:29:34 INFO:Epochs: 6	Cost: 747863.848339859
2023-07-13 01:30:00 INFO:Number of morph types: 1700
2023-07-13 01:30:00 INFO:Corpus weight set to 36.0
2023-07-13 01:30:00 INFO:Epochs: 7	Cost: 896245.7182116401
2023-07-13 01:30:25 INFO:Number of morph types: 1703
2023-07-13 01:30:25 INFO:Corpus weight set to 45.0
2023-07-13 01:30:25 INFO:Epochs: 8	Cost: 1063270.9572260273
2023-07-13 01:30:51 INFO:Number of morph types: 1703
2023-07-13 01:30:51 INFO:Corpus weight set to 55.00000000000001
2023-07-13 01:30:51 INFO:Epochs: 9	Cost: 1249505.6523647984
2023-07-13 01:31:17 INFO:Number of morph types: 1703
2023-07-13 01:31:17 INFO:Corpus weight set to 66.0
2023-07-13 01:31:17 INFO:Epochs: 10	Cost: 1454428.5747534423
2023-07-13 01:31:42 INFO:Number of morph types: 1703
2023-07-13 01:31:42 INFO:Corpus weight set to 78.0
2023-07-13 01:31:42 INFO:Epochs: 11	Cost: 1677987.5192490767
2023-07-13 01:32:08 INFO:Number of morph types: 1703
2023-07-13 01:32:08 INFO:Corpus weight set to 91.0
2023-07-13 01:32:08 INFO:Epochs: 12	Cost: 1920176.375786275
2023-07-13 01:32:33 INFO:Number of morph types: 1703
2023-07-13 01:32:33 INFO:Corpus weight set to 104.99999999999999
2023-07-13 01:32:33 INFO:Epochs: 13	Cost: 2180995.144365035
2023-07-13 01:32:59 INFO:Number of morph types: 1703
2023-07-13 01:32:59 INFO:Corpus weight set to 119.99999999999997
2023-07-13 01:32:59 INFO:Epochs: 14	Cost: 2460443.824985357
2023-07-13 01:33:25 INFO:Number of morph types: 1703
2023-07-13 01:33:25 INFO:Corpus weight set to 135.99999999999997
2023-07-13 01:33:25 INFO:Epochs: 15	Cost: 2758522.4176472425
2023-07-13 01:33:50 INFO:Number of morph types: 1703
2023-07-13 01:33:50 INFO:Corpus weight set to 152.99999999999997
2023-07-13 01:33:50 INFO:Epochs: 16	Cost: 3075230.9223506907
2023-07-13 01:34:16 INFO:Number of morph types: 1703
2023-07-13 01:34:16 INFO:Corpus weight set to 170.99999999999997
2023-07-13 01:34:16 INFO:Epochs: 17	Cost: 3410569.3390957015
2023-07-13 01:34:42 INFO:Number of morph types: 1703
2023-07-13 01:34:42 INFO:Corpus weight set to 189.99999999999997
2023-07-13 01:34:42 INFO:Epochs: 18	Cost: 3764537.6678822767
2023-07-13 01:35:07 INFO:Number of morph types: 1703
2023-07-13 01:35:07 INFO:Corpus weight set to 209.99999999999994
2023-07-13 01:35:07 INFO:Epochs: 19	Cost: 4137135.9087104136
2023-07-13 01:35:33 INFO:Number of morph types: 1703
2023-07-13 01:35:33 INFO:Corpus weight set to 230.99999999999994
2023-07-13 01:35:33 INFO:Epochs: 20	Cost: 4528364.061580116
2023-07-13 01:35:59 INFO:Number of morph types: 1703
2023-07-13 01:35:59 INFO:Corpus weight set to 252.99999999999997
2023-07-13 01:35:59 INFO:Epochs: 21	Cost: 4938222.126491381
2023-07-13 01:36:24 INFO:Number of morph types: 1703
2023-07-13 01:36:24 INFO:Corpus weight set to 275.99999999999994
2023-07-13 01:36:24 INFO:Epochs: 22	Cost: 5366710.1034442065
2023-07-13 01:36:50 INFO:Number of morph types: 1703
2023-07-13 01:36:50 INFO:Corpus weight set to 299.99999999999994
2023-07-13 01:36:50 INFO:Epochs: 23	Cost: 5813827.992438598
2023-07-13 01:37:16 INFO:Number of morph types: 1703
2023-07-13 01:37:16 INFO:Corpus weight set to 324.99999999999994
2023-07-13 01:37:16 INFO:Epochs: 24	Cost: 6279575.793474552
2023-07-13 01:37:42 INFO:Number of morph types: 1703
2023-07-13 01:37:42 INFO:Corpus weight set to 350.99999999999994
2023-07-13 01:37:42 INFO:Epochs: 25	Cost: 6763953.506552071
2023-07-13 01:38:07 INFO:Number of morph types: 1703
2023-07-13 01:38:07 INFO:Corpus weight set to 377.99999999999994
2023-07-13 01:38:07 INFO:Epochs: 26	Cost: 7266961.131671154
2023-07-13 01:38:33 INFO:Number of morph types: 1703
2023-07-13 01:38:33 INFO:Corpus weight set to 405.9999999999999
2023-07-13 01:38:33 INFO:Epochs: 27	Cost: 7788598.668831799
2023-07-13 01:38:58 INFO:Number of morph types: 1703
2023-07-13 01:38:58 INFO:Corpus weight set to 434.9999999999999
2023-07-13 01:38:58 INFO:Epochs: 28	Cost: 8328866.11803401
2023-07-13 01:39:24 INFO:Number of morph types: 1703
2023-07-13 01:39:24 INFO:Corpus weight set to 464.99999999999983
2023-07-13 01:39:24 INFO:Epochs: 29	Cost: 8887763.479277782
2023-07-13 01:39:50 INFO:Number of morph types: 1703
2023-07-13 01:39:50 INFO:Corpus weight set to 495.99999999999983
2023-07-13 01:39:50 INFO:Epochs: 30	Cost: 9465290.752563119
2023-07-13 01:40:15 INFO:Number of morph types: 1703
2023-07-13 01:40:15 INFO:Corpus weight set to 527.9999999999998
2023-07-13 01:40:15 INFO:Epochs: 31	Cost: 10061447.937890017
2023-07-13 01:40:41 INFO:Number of morph types: 1703
2023-07-13 01:40:41 INFO:Corpus weight set to 560.9999999999998
2023-07-13 01:40:41 INFO:Epochs: 32	Cost: 10676235.035258481
2023-07-13 01:41:07 INFO:Number of morph types: 1703
2023-07-13 01:41:07 INFO:Corpus weight set to 594.9999999999998
2023-07-13 01:41:07 INFO:Epochs: 33	Cost: 11309652.044668509
2023-07-13 01:41:32 INFO:Number of morph types: 1703
2023-07-13 01:41:32 INFO:Corpus weight set to 629.9999999999998
2023-07-13 01:41:32 INFO:Epochs: 34	Cost: 11961698.966120102
2023-07-13 01:41:58 INFO:Number of morph types: 1703
2023-07-13 01:41:58 INFO:Corpus weight set to 665.9999999999998
2023-07-13 01:41:58 INFO:Epochs: 35	Cost: 12632375.799613258
2023-07-13 01:42:24 INFO:Number of morph types: 1703
2023-07-13 01:42:24 INFO:Corpus weight set to 702.9999999999998
2023-07-13 01:42:24 INFO:Epochs: 36	Cost: 13321682.545147978
2023-07-13 01:42:49 INFO:Number of morph types: 1703
2023-07-13 01:42:49 INFO:Corpus weight set to 740.9999999999997
2023-07-13 01:42:49 INFO:Epochs: 37	Cost: 14029619.202724261
2023-07-13 01:43:15 INFO:Number of morph types: 1703
2023-07-13 01:43:15 INFO:Corpus weight set to 779.9999999999995
2023-07-13 01:43:15 INFO:Epochs: 38	Cost: 14756185.77234211
2023-07-13 01:43:40 INFO:Number of morph types: 1703
2023-07-13 01:43:40 INFO:Corpus weight set to 819.9999999999995
2023-07-13 01:43:40 INFO:Epochs: 39	Cost: 15501382.254001526
2023-07-13 01:44:06 INFO:Number of morph types: 1703
2023-07-13 01:44:06 INFO:Corpus weight set to 860.9999999999995
2023-07-13 01:44:06 INFO:Epochs: 40	Cost: 16265208.647702498
2023-07-13 01:44:32 INFO:Number of morph types: 1703
2023-07-13 01:44:32 INFO:Corpus weight set to 902.9999999999995
2023-07-13 01:44:32 INFO:Epochs: 41	Cost: 17047664.953445043
2023-07-13 01:44:57 INFO:Number of morph types: 1703
2023-07-13 01:44:57 INFO:Corpus weight set to 945.9999999999995
2023-07-13 01:44:57 INFO:Epochs: 42	Cost: 17848751.171229146
2023-07-13 01:45:23 INFO:Number of morph types: 1703
2023-07-13 01:45:23 INFO:Corpus weight set to 989.9999999999997
2023-07-13 01:45:23 INFO:Epochs: 43	Cost: 18668467.301054828
2023-07-13 01:45:49 INFO:Number of morph types: 1703
2023-07-13 01:45:49 INFO:Corpus weight set to 1034.9999999999995
2023-07-13 01:45:49 INFO:Epochs: 44	Cost: 19506813.34292206
2023-07-13 01:46:14 INFO:Number of morph types: 1703
2023-07-13 01:46:14 INFO:Corpus weight set to 1080.9999999999995
2023-07-13 01:46:14 INFO:Epochs: 45	Cost: 20363789.29683086
2023-07-13 01:46:40 INFO:Number of morph types: 1703
2023-07-13 01:46:40 INFO:Corpus weight set to 1127.9999999999995
2023-07-13 01:46:40 INFO:Epochs: 46	Cost: 21239395.162781224
2023-07-13 01:47:05 INFO:Number of morph types: 1703
2023-07-13 01:47:05 INFO:Corpus weight set to 1175.9999999999995
2023-07-13 01:47:05 INFO:Epochs: 47	Cost: 22133630.940773148
2023-07-13 01:47:31 INFO:Number of morph types: 1703
2023-07-13 01:47:31 INFO:Corpus weight set to 1224.9999999999995
2023-07-13 01:47:31 INFO:Epochs: 48	Cost: 23046496.630806647
2023-07-13 01:47:57 INFO:Number of morph types: 1703
2023-07-13 01:47:57 INFO:Corpus weight set to 1274.9999999999995
2023-07-13 01:47:57 INFO:Epochs: 49	Cost: 23977992.2328817
2023-07-13 01:48:22 INFO:Number of morph types: 1703
2023-07-13 01:48:22 INFO:Corpus weight set to 1325.9999999999995
2023-07-13 01:48:22 INFO:Epochs: 50	Cost: 24928117.746998325
2023-07-13 01:48:48 INFO:Number of morph types: 1703
2023-07-13 01:48:48 INFO:Corpus weight set to 1377.9999999999995
2023-07-13 01:48:48 INFO:Epochs: 51	Cost: 25896873.17315652
2023-07-13 01:49:13 INFO:Number of morph types: 1703
2023-07-13 01:49:13 INFO:Corpus weight set to 1430.9999999999995
2023-07-13 01:49:13 INFO:Epochs: 52	Cost: 26884258.51135628
2023-07-13 01:49:39 INFO:Number of morph types: 1703
2023-07-13 01:49:39 INFO:Corpus weight set to 1484.9999999999995
2023-07-13 01:49:39 INFO:Epochs: 53	Cost: 27890273.761597596
2023-07-13 01:50:05 INFO:Number of morph types: 1703
2023-07-13 01:50:05 INFO:Corpus weight set to 1539.9999999999995
2023-07-13 01:50:05 INFO:Epochs: 54	Cost: 28914918.923880477
2023-07-13 01:50:31 INFO:Number of morph types: 1703
2023-07-13 01:50:31 INFO:Corpus weight set to 1595.9999999999995
2023-07-13 01:50:31 INFO:Epochs: 55	Cost: 29958193.99820493
2023-07-13 01:50:57 INFO:Number of morph types: 1703
2023-07-13 01:50:57 INFO:Corpus weight set to 1652.9999999999998
2023-07-13 01:50:57 INFO:Epochs: 56	Cost: 31020098.984570954
2023-07-13 01:51:23 INFO:Number of morph types: 1703
2023-07-13 01:51:23 INFO:Corpus weight set to 1711.0
2023-07-13 01:51:23 INFO:Epochs: 57	Cost: 32100633.882978532
2023-07-13 01:51:49 INFO:Number of morph types: 1703
2023-07-13 01:51:49 INFO:Corpus weight set to 1770.0000000000002
2023-07-13 01:51:49 INFO:Epochs: 58	Cost: 33199798.693427686
2023-07-13 01:52:15 INFO:Number of morph types: 1703
2023-07-13 01:52:15 INFO:Corpus weight set to 1830.0
2023-07-13 01:52:15 INFO:Epochs: 59	Cost: 34317593.4159184
2023-07-13 01:52:41 INFO:Number of morph types: 1703
2023-07-13 01:52:41 INFO:Corpus weight set to 1891.0000000000002
2023-07-13 01:52:41 INFO:Epochs: 60	Cost: 35454018.050450675
2023-07-13 01:53:07 INFO:Number of morph types: 1703
2023-07-13 01:53:07 INFO:Corpus weight set to 1953.0000000000002
2023-07-13 01:53:07 INFO:Epochs: 61	Cost: 36609072.597024515
2023-07-13 01:53:32 INFO:Number of morph types: 1703
2023-07-13 01:53:32 INFO:Corpus weight set to 2016.0000000000002
2023-07-13 01:53:32 INFO:Epochs: 62	Cost: 37782757.05563993
2023-07-13 01:53:58 INFO:Number of morph types: 1703
2023-07-13 01:53:58 INFO:Corpus weight set to 2080.0
2023-07-13 01:53:58 INFO:Epochs: 63	Cost: 38975071.42629691
2023-07-13 01:54:24 INFO:Number of morph types: 1703
2023-07-13 01:54:24 INFO:Corpus weight set to 2145.0
2023-07-13 01:54:24 INFO:Epochs: 64	Cost: 40186015.708995454
2023-07-13 01:54:50 INFO:Number of morph types: 1703
2023-07-13 01:54:50 INFO:Corpus weight set to 2210.9999999999995
2023-07-13 01:54:50 INFO:Epochs: 65	Cost: 41415589.903735556
2023-07-13 01:55:16 INFO:Number of morph types: 1703
2023-07-13 01:55:16 INFO:Corpus weight set to 2277.9999999999995
2023-07-13 01:55:16 INFO:Epochs: 66	Cost: 42663794.010517225
2023-07-13 01:55:43 INFO:Number of morph types: 1703
2023-07-13 01:55:43 INFO:Corpus weight set to 2345.9999999999995
2023-07-13 01:55:43 INFO:Epochs: 67	Cost: 43930628.02934046
2023-07-13 01:56:09 INFO:Number of morph types: 1703
2023-07-13 01:56:09 INFO:Corpus weight set to 2414.999999999999
2023-07-13 01:56:09 INFO:Epochs: 68	Cost: 45216091.96020525
2023-07-13 01:56:35 INFO:Number of morph types: 1703
2023-07-13 01:56:35 INFO:Corpus weight set to 2484.9999999999986
2023-07-13 01:56:35 INFO:Epochs: 69	Cost: 46520185.803111605
2023-07-13 01:57:01 INFO:Number of morph types: 1703
2023-07-13 01:57:01 INFO:Corpus weight set to 2555.999999999998
2023-07-13 01:57:01 INFO:Epochs: 70	Cost: 47842909.55805955
2023-07-13 01:57:27 INFO:Number of morph types: 1703
2023-07-13 01:57:27 INFO:Corpus weight set to 2627.999999999998
2023-07-13 01:57:27 INFO:Epochs: 71	Cost: 49184263.225049056
2023-07-13 01:57:53 INFO:Number of morph types: 1703
2023-07-13 01:57:53 INFO:Corpus weight set to 2700.9999999999977
2023-07-13 01:57:53 INFO:Epochs: 72	Cost: 50544246.804080114
2023-07-13 01:58:20 INFO:Number of morph types: 1703
2023-07-13 01:58:20 INFO:Corpus weight set to 2774.999999999998
2023-07-13 01:58:20 INFO:Epochs: 73	Cost: 51922860.295152746
2023-07-13 01:58:45 INFO:Number of morph types: 1703
2023-07-13 01:58:45 INFO:Corpus weight set to 2849.999999999998
2023-07-13 01:58:45 INFO:Epochs: 74	Cost: 53320103.69826695
2023-07-13 01:59:11 INFO:Number of morph types: 1703
2023-07-13 01:59:11 INFO:Corpus weight set to 2925.999999999998
2023-07-13 01:59:11 INFO:Epochs: 75	Cost: 54735977.01342272
2023-07-13 01:59:37 INFO:Number of morph types: 1703
2023-07-13 01:59:37 INFO:Corpus weight set to 3002.999999999998
2023-07-13 01:59:37 INFO:Epochs: 76	Cost: 56170480.24062005
2023-07-13 02:00:03 INFO:Number of morph types: 1703
2023-07-13 02:00:03 INFO:Corpus weight set to 3080.999999999998
2023-07-13 02:00:03 INFO:Epochs: 77	Cost: 57623613.37985895
2023-07-13 02:00:29 INFO:Number of morph types: 1703
2023-07-13 02:00:29 INFO:Corpus weight set to 3159.9999999999977
2023-07-13 02:00:29 INFO:Epochs: 78	Cost: 59095376.43113942
2023-07-13 02:00:55 INFO:Number of morph types: 1703
2023-07-13 02:00:55 INFO:Corpus weight set to 3239.9999999999973
2023-07-13 02:00:55 INFO:Epochs: 79	Cost: 60585769.39446144
2023-07-13 02:01:20 INFO:Number of morph types: 1703
2023-07-13 02:01:20 INFO:Corpus weight set to 3320.999999999997
2023-07-13 02:01:20 INFO:Epochs: 80	Cost: 62094792.269825034
2023-07-13 02:01:46 INFO:Number of morph types: 1703
2023-07-13 02:01:46 INFO:Corpus weight set to 3402.9999999999973
2023-07-13 02:01:46 INFO:Epochs: 81	Cost: 63622445.057230204
2023-07-13 02:02:11 INFO:Number of morph types: 1703
2023-07-13 02:02:11 INFO:Corpus weight set to 3485.9999999999973
2023-07-13 02:02:11 INFO:Epochs: 82	Cost: 65168727.75667696
2023-07-13 02:02:37 INFO:Number of morph types: 1703
2023-07-13 02:02:37 INFO:Corpus weight set to 3569.9999999999973
2023-07-13 02:02:37 INFO:Epochs: 83	Cost: 66733640.36816525
2023-07-13 02:03:03 INFO:Number of morph types: 1703
2023-07-13 02:03:03 INFO:Corpus weight set to 3654.999999999997
2023-07-13 02:03:03 INFO:Epochs: 84	Cost: 68317182.89169508
2023-07-13 02:03:28 INFO:Number of morph types: 1703
2023-07-13 02:03:28 INFO:Corpus weight set to 3740.9999999999964
2023-07-13 02:03:28 INFO:Epochs: 85	Cost: 69919355.32726651
2023-07-13 02:03:54 INFO:Number of morph types: 1703
2023-07-13 02:03:54 INFO:Corpus weight set to 3827.9999999999964
2023-07-13 02:03:54 INFO:Epochs: 86	Cost: 71540157.67487952
2023-07-13 02:04:19 INFO:Number of morph types: 1703
2023-07-13 02:04:19 INFO:Corpus weight set to 3915.9999999999964
2023-07-13 02:04:19 INFO:Epochs: 87	Cost: 73179589.9345341
2023-07-13 02:04:45 INFO:Number of morph types: 1703
2023-07-13 02:04:45 INFO:Corpus weight set to 4004.9999999999964
2023-07-13 02:04:45 INFO:Epochs: 88	Cost: 74837652.10623023
2023-07-13 02:05:11 INFO:Number of morph types: 1703
2023-07-13 02:05:11 INFO:Corpus weight set to 4094.9999999999964
2023-07-13 02:05:11 INFO:Epochs: 89	Cost: 76514344.18996795
2023-07-13 02:05:38 INFO:Number of morph types: 1703
2023-07-13 02:05:38 INFO:Corpus weight set to 4185.999999999996
2023-07-13 02:05:38 INFO:Epochs: 90	Cost: 78209666.18574722
2023-07-13 02:06:04 INFO:Number of morph types: 1703
2023-07-13 02:06:04 INFO:Corpus weight set to 4277.999999999996
2023-07-13 02:06:04 INFO:Epochs: 91	Cost: 79923618.09356807
2023-07-13 02:06:30 INFO:Number of morph types: 1703
2023-07-13 02:06:30 INFO:Corpus weight set to 4370.999999999996
2023-07-13 02:06:30 INFO:Epochs: 92	Cost: 81656199.9134305
2023-07-13 02:06:56 INFO:Number of morph types: 1703
2023-07-13 02:06:56 INFO:Corpus weight set to 4464.999999999996
2023-07-13 02:06:56 INFO:Epochs: 93	Cost: 83407411.64533444
2023-07-13 02:07:22 INFO:Number of morph types: 1703
2023-07-13 02:07:22 INFO:Corpus weight set to 4559.999999999996
2023-07-13 02:07:22 INFO:Epochs: 94	Cost: 85177253.28928
2023-07-13 02:07:48 INFO:Number of morph types: 1703
2023-07-13 02:07:48 INFO:Corpus weight set to 4655.999999999996
2023-07-13 02:07:48 INFO:Epochs: 95	Cost: 86965724.84526707
2023-07-13 02:08:13 INFO:Number of morph types: 1703
2023-07-13 02:08:13 INFO:Corpus weight set to 4752.999999999996
2023-07-13 02:08:13 INFO:Epochs: 96	Cost: 88772826.31329577
2023-07-13 02:08:40 INFO:Number of morph types: 1703
2023-07-13 02:08:40 INFO:Corpus weight set to 4850.999999999996
2023-07-13 02:08:40 INFO:Epochs: 97	Cost: 90598557.69336602
2023-07-13 02:09:06 INFO:Number of morph types: 1703
2023-07-13 02:09:06 INFO:Corpus weight set to 4949.999999999996
2023-07-13 02:09:06 INFO:Epochs: 98	Cost: 92442918.98547782
2023-07-13 02:09:32 INFO:Number of morph types: 1703
2023-07-13 02:09:32 INFO:Corpus weight set to 5049.999999999995
2023-07-13 02:09:32 INFO:Epochs: 99	Cost: 94305910.18963118
2023-07-13 02:09:59 INFO:Number of morph types: 1703
2023-07-13 02:09:59 INFO:Corpus weight set to 5150.999999999995
2023-07-13 02:09:59 INFO:Epochs: 100	Cost: 96187531.30582611
2023-07-13 02:09:59 INFO:Max number of epochs reached, stop training
2023-07-13 02:09:59 INFO:Done.
2023-07-13 02:09:59 INFO:Epochs: 100
2023-07-13 02:09:59 INFO:Final cost: 96187531.30582611
2023-07-13 02:09:59 INFO:Training time: 2594.837s
2023-07-13 02:09:59 INFO:Saving model to './models/tokenizers/morfessors/morf_clintox_5000.bin'...
2023-07-13 02:09:59 INFO:Done.
