2023-09-30 13:20:46 INFO:Reading corpus from './datasets/smilesDB.smi'...
2023-09-30 13:20:47 INFO:Detected utf-8 encoding
2023-09-30 13:20:49 INFO:Done.
2023-09-30 13:21:09 INFO:Compounds in training data: 258723 types / 258723 tokens
2023-09-30 13:21:09 INFO:Starting batch training
2023-09-30 13:21:09 INFO:Epochs: 0	Cost: 31485226.783368837
2023-09-30 14:22:12 INFO:Number of morph types: 71342
2023-09-30 14:22:12 INFO:Corpus weight set to 3.0
2023-09-30 14:22:12 INFO:Epochs: 1	Cost: 36801182.7197021
2023-09-30 15:09:04 INFO:Number of morph types: 147797
2023-09-30 15:09:04 INFO:Corpus weight set to 6.0
2023-09-30 15:09:04 INFO:Epochs: 2	Cost: 57975177.06415034
2023-09-30 15:42:54 INFO:Number of morph types: 234843
2023-09-30 15:42:54 INFO:Corpus weight set to 10.0
2023-09-30 15:42:54 INFO:Epochs: 3	Cost: 74910758.5676734
2023-09-30 16:14:54 INFO:Number of morph types: 267801
2023-09-30 16:14:54 INFO:Corpus weight set to 15.0
2023-09-30 16:14:54 INFO:Epochs: 4	Cost: 96009621.96099561
2023-09-30 16:45:42 INFO:Number of morph types: 276047
2023-09-30 16:45:42 INFO:Corpus weight set to 21.0
2023-09-30 16:45:42 INFO:Epochs: 5	Cost: 121275742.9139236
2023-09-30 17:16:53 INFO:Number of morph types: 276209
2023-09-30 17:16:53 INFO:Corpus weight set to 28.0
2023-09-30 17:16:53 INFO:Epochs: 6	Cost: 152768918.93526453
2023-09-30 17:48:06 INFO:Number of morph types: 276227
2023-09-30 17:48:06 INFO:Corpus weight set to 36.0
2023-09-30 17:48:06 INFO:Epochs: 7	Cost: 188888421.43087676
2023-09-30 18:19:20 INFO:Number of morph types: 276231
2023-09-30 18:19:20 INFO:Corpus weight set to 45.0
2023-09-30 18:19:20 INFO:Epochs: 8	Cost: 229527159.38797006
2023-09-30 18:50:23 INFO:Number of morph types: 276230
2023-09-30 18:50:23 INFO:Corpus weight set to 55.00000000000001
2023-09-30 18:50:23 INFO:Epochs: 9	Cost: 274680181.6858111
2023-09-30 19:21:07 INFO:Number of morph types: 276230
2023-09-30 19:21:07 INFO:Corpus weight set to 66.0
2023-09-30 19:21:07 INFO:Epochs: 10	Cost: 324349511.58996016
2023-09-30 19:52:11 INFO:Number of morph types: 276231
2023-09-30 19:52:11 INFO:Corpus weight set to 78.0
2023-09-30 19:52:11 INFO:Epochs: 11	Cost: 378534229.29120284
2023-09-30 20:22:52 INFO:Number of morph types: 276231
2023-09-30 20:22:52 INFO:Corpus weight set to 91.0
2023-09-30 20:22:52 INFO:Epochs: 12	Cost: 437234340.4214985
2023-09-30 20:53:41 INFO:Number of morph types: 276231
2023-09-30 20:53:41 INFO:Corpus weight set to 104.99999999999999
2023-09-30 20:53:41 INFO:Epochs: 13	Cost: 500449844.6452945
2023-09-30 21:24:53 INFO:Number of morph types: 276231
2023-09-30 21:24:53 INFO:Corpus weight set to 119.99999999999997
2023-09-30 21:24:53 INFO:Epochs: 14	Cost: 568180741.9626065
2023-09-30 21:56:05 INFO:Number of morph types: 276231
2023-09-30 21:56:05 INFO:Corpus weight set to 135.99999999999997
2023-09-30 21:56:05 INFO:Epochs: 15	Cost: 640427032.3734217
2023-09-30 22:27:18 INFO:Number of morph types: 276231
2023-09-30 22:27:18 INFO:Corpus weight set to 152.99999999999997
2023-09-30 22:27:18 INFO:Epochs: 16	Cost: 717188715.8777527
2023-09-30 22:58:33 INFO:Number of morph types: 276231
2023-09-30 22:58:33 INFO:Corpus weight set to 170.99999999999997
2023-09-30 22:58:33 INFO:Epochs: 17	Cost: 798465792.4755933
2023-09-30 23:29:48 INFO:Number of morph types: 276231
2023-09-30 23:29:48 INFO:Corpus weight set to 189.99999999999997
2023-09-30 23:29:48 INFO:Epochs: 18	Cost: 884258262.1669384
2023-10-01 00:01:03 INFO:Number of morph types: 276231
2023-10-01 00:01:03 INFO:Corpus weight set to 209.99999999999994
2023-10-01 00:01:03 INFO:Epochs: 19	Cost: 974566124.9517893
2023-10-01 00:32:16 INFO:Number of morph types: 276231
2023-10-01 00:32:16 INFO:Corpus weight set to 230.99999999999994
2023-10-01 00:32:16 INFO:Epochs: 20	Cost: 1069389380.8301468
2023-10-01 01:03:35 INFO:Number of morph types: 276231
2023-10-01 01:03:35 INFO:Corpus weight set to 252.99999999999997
2023-10-01 01:03:35 INFO:Epochs: 21	Cost: 1168728029.8020146
2023-10-01 01:34:52 INFO:Number of morph types: 276231
2023-10-01 01:34:52 INFO:Corpus weight set to 275.99999999999994
2023-10-01 01:34:52 INFO:Epochs: 22	Cost: 1272582071.8673959
2023-10-01 02:06:05 INFO:Number of morph types: 276231
2023-10-01 02:06:05 INFO:Corpus weight set to 299.99999999999994
2023-10-01 02:06:05 INFO:Epochs: 23	Cost: 1380951507.026283
2023-10-01 02:37:23 INFO:Number of morph types: 276231
2023-10-01 02:37:23 INFO:Corpus weight set to 324.99999999999994
2023-10-01 02:37:23 INFO:Epochs: 24	Cost: 1493836335.278684
2023-10-01 03:08:32 INFO:Number of morph types: 276231
2023-10-01 03:08:32 INFO:Corpus weight set to 350.99999999999994
2023-10-01 03:08:32 INFO:Epochs: 25	Cost: 1611236556.6245956
2023-10-01 03:39:29 INFO:Number of morph types: 276231
2023-10-01 03:39:29 INFO:Corpus weight set to 377.99999999999994
2023-10-01 03:39:29 INFO:Epochs: 26	Cost: 1733152171.0640118
2023-10-01 04:10:36 INFO:Number of morph types: 276231
2023-10-01 04:10:36 INFO:Corpus weight set to 405.9999999999999
2023-10-01 04:10:36 INFO:Epochs: 27	Cost: 1859583178.5969372
2023-10-01 04:41:50 INFO:Number of morph types: 276231
2023-10-01 04:41:50 INFO:Corpus weight set to 434.9999999999999
2023-10-01 04:41:50 INFO:Epochs: 28	Cost: 1990529579.22337
2023-10-01 05:13:03 INFO:Number of morph types: 276231
2023-10-01 05:13:03 INFO:Corpus weight set to 464.99999999999983
2023-10-01 05:13:03 INFO:Epochs: 29	Cost: 2125991372.9433174
2023-10-01 05:44:16 INFO:Number of morph types: 276231
2023-10-01 05:44:16 INFO:Corpus weight set to 495.99999999999983
2023-10-01 05:44:16 INFO:Epochs: 30	Cost: 2265968559.756772
2023-10-01 06:15:30 INFO:Number of morph types: 276231
2023-10-01 06:15:30 INFO:Corpus weight set to 527.9999999999998
2023-10-01 06:15:30 INFO:Epochs: 31	Cost: 2410461139.663736
2023-10-01 06:46:43 INFO:Number of morph types: 276231
2023-10-01 06:46:43 INFO:Corpus weight set to 560.9999999999998
2023-10-01 06:46:43 INFO:Epochs: 32	Cost: 2559469112.664213
2023-10-01 07:17:56 INFO:Number of morph types: 276231
2023-10-01 07:17:56 INFO:Corpus weight set to 594.9999999999998
2023-10-01 07:17:56 INFO:Epochs: 33	Cost: 2712992478.7581925
2023-10-01 07:48:47 INFO:Number of morph types: 276231
2023-10-01 07:48:47 INFO:Corpus weight set to 629.9999999999998
2023-10-01 07:48:47 INFO:Epochs: 34	Cost: 2871031237.945681
2023-10-01 08:20:09 INFO:Number of morph types: 276231
2023-10-01 08:20:09 INFO:Corpus weight set to 665.9999999999998
2023-10-01 08:20:09 INFO:Epochs: 35	Cost: 3033585390.2266808
2023-10-01 08:51:24 INFO:Number of morph types: 276231
2023-10-01 08:51:24 INFO:Corpus weight set to 702.9999999999998
2023-10-01 08:51:24 INFO:Epochs: 36	Cost: 3200654935.6011934
2023-10-01 09:22:22 INFO:Number of morph types: 276231
2023-10-01 09:22:22 INFO:Corpus weight set to 740.9999999999997
2023-10-01 09:22:22 INFO:Epochs: 37	Cost: 3372239874.0692163
2023-10-01 09:53:34 INFO:Number of morph types: 276231
2023-10-01 09:53:34 INFO:Corpus weight set to 779.9999999999995
2023-10-01 09:53:34 INFO:Epochs: 38	Cost: 3548340205.630734
2023-10-01 10:25:40 INFO:Number of morph types: 276231
2023-10-01 10:25:40 INFO:Corpus weight set to 819.9999999999995
2023-10-01 10:25:40 INFO:Epochs: 39	Cost: 3728955930.285772
2023-10-01 11:00:01 INFO:Number of morph types: 276231
2023-10-01 11:00:01 INFO:Corpus weight set to 860.9999999999995
2023-10-01 11:00:01 INFO:Epochs: 40	Cost: 3914087048.034323
2023-10-01 11:33:25 INFO:Number of morph types: 276231
2023-10-01 11:33:25 INFO:Corpus weight set to 902.9999999999995
2023-10-01 11:33:25 INFO:Epochs: 41	Cost: 4103733558.8763785
2023-10-01 12:04:27 INFO:Number of morph types: 276231
2023-10-01 12:04:27 INFO:Corpus weight set to 945.9999999999995
2023-10-01 12:04:27 INFO:Epochs: 42	Cost: 4297895462.811947
2023-10-01 12:35:11 INFO:Number of morph types: 276231
2023-10-01 12:35:11 INFO:Corpus weight set to 989.9999999999997
2023-10-01 12:35:11 INFO:Epochs: 43	Cost: 4496572759.841017
2023-10-01 13:05:50 INFO:Number of morph types: 276231
2023-10-01 13:05:50 INFO:Corpus weight set to 1034.9999999999995
2023-10-01 13:05:50 INFO:Epochs: 44	Cost: 4699765449.963593
2023-10-01 13:36:37 INFO:Number of morph types: 276231
2023-10-01 13:36:37 INFO:Corpus weight set to 1080.9999999999995
2023-10-01 13:36:37 INFO:Epochs: 45	Cost: 4907473533.179683
2023-10-01 14:07:16 INFO:Number of morph types: 276231
2023-10-01 14:07:16 INFO:Corpus weight set to 1127.9999999999995
2023-10-01 14:07:16 INFO:Epochs: 46	Cost: 5119697009.489282
2023-10-01 14:37:47 INFO:Number of morph types: 276231
2023-10-01 14:37:47 INFO:Corpus weight set to 1175.9999999999995
2023-10-01 14:37:47 INFO:Epochs: 47	Cost: 5336435878.892394
2023-10-01 15:08:14 INFO:Number of morph types: 276231
2023-10-01 15:08:14 INFO:Corpus weight set to 1224.9999999999995
2023-10-01 15:08:14 INFO:Epochs: 48	Cost: 5557690141.389019
2023-10-01 15:38:44 INFO:Number of morph types: 276231
2023-10-01 15:38:44 INFO:Corpus weight set to 1274.9999999999995
2023-10-01 15:38:44 INFO:Epochs: 49	Cost: 5783459796.97915
2023-10-01 16:09:12 INFO:Number of morph types: 276231
2023-10-01 16:09:12 INFO:Corpus weight set to 1325.9999999999995
2023-10-01 16:09:12 INFO:Epochs: 50	Cost: 6013744845.662789
2023-10-01 16:39:40 INFO:Number of morph types: 276231
2023-10-01 16:39:40 INFO:Corpus weight set to 1377.9999999999995
2023-10-01 16:39:40 INFO:Epochs: 51	Cost: 6248545287.439937
2023-10-01 17:10:07 INFO:Number of morph types: 276231
2023-10-01 17:10:07 INFO:Corpus weight set to 1430.9999999999995
2023-10-01 17:10:07 INFO:Epochs: 52	Cost: 6487861122.310593
2023-10-01 17:40:39 INFO:Number of morph types: 276231
2023-10-01 17:40:39 INFO:Corpus weight set to 1484.9999999999995
2023-10-01 17:40:39 INFO:Epochs: 53	Cost: 6731692350.2747555
2023-10-01 18:11:09 INFO:Number of morph types: 276231
2023-10-01 18:11:09 INFO:Corpus weight set to 1539.9999999999995
2023-10-01 18:11:09 INFO:Epochs: 54	Cost: 6980038971.332429
2023-10-01 18:41:58 INFO:Number of morph types: 276231
2023-10-01 18:41:58 INFO:Corpus weight set to 1595.9999999999995
2023-10-01 18:41:58 INFO:Epochs: 55	Cost: 7232900985.483611
2023-10-01 19:13:16 INFO:Number of morph types: 276231
2023-10-01 19:13:16 INFO:Corpus weight set to 1652.9999999999998
2023-10-01 19:13:16 INFO:Epochs: 56	Cost: 7490278392.728302
2023-10-01 19:44:26 INFO:Number of morph types: 276231
2023-10-01 19:44:26 INFO:Corpus weight set to 1711.0
2023-10-01 19:44:26 INFO:Epochs: 57	Cost: 7752171193.066507
2023-10-01 20:15:15 INFO:Number of morph types: 276231
2023-10-01 20:15:15 INFO:Corpus weight set to 1770.0000000000002
2023-10-01 20:15:15 INFO:Epochs: 58	Cost: 8018579386.498224
2023-10-01 20:46:05 INFO:Number of morph types: 276231
2023-10-01 20:46:05 INFO:Corpus weight set to 1830.0
2023-10-01 20:46:05 INFO:Epochs: 59	Cost: 8289502973.023444
2023-10-01 21:17:27 INFO:Number of morph types: 276231
2023-10-01 21:17:27 INFO:Corpus weight set to 1891.0000000000002
2023-10-01 21:17:27 INFO:Epochs: 60	Cost: 8564941952.642171
2023-10-01 21:48:44 INFO:Number of morph types: 276231
2023-10-01 21:48:44 INFO:Corpus weight set to 1953.0000000000002
2023-10-01 21:48:44 INFO:Epochs: 61	Cost: 8844896325.35441
2023-10-01 22:20:02 INFO:Number of morph types: 276231
2023-10-01 22:20:02 INFO:Corpus weight set to 2016.0000000000002
2023-10-01 22:20:02 INFO:Epochs: 62	Cost: 9129366091.16016
2023-10-01 22:50:46 INFO:Number of morph types: 276231
2023-10-01 22:50:46 INFO:Corpus weight set to 2080.0
2023-10-01 22:50:46 INFO:Epochs: 63	Cost: 9418351250.059418
2023-10-01 23:21:25 INFO:Number of morph types: 276231
2023-10-01 23:21:25 INFO:Corpus weight set to 2145.0
2023-10-01 23:21:25 INFO:Epochs: 64	Cost: 9711851802.052187
2023-10-01 23:52:06 INFO:Number of morph types: 276231
2023-10-01 23:52:06 INFO:Corpus weight set to 2210.9999999999995
2023-10-01 23:52:06 INFO:Epochs: 65	Cost: 10009867747.13846
2023-10-02 00:23:03 INFO:Number of morph types: 276231
2023-10-02 00:23:03 INFO:Corpus weight set to 2277.9999999999995
2023-10-02 00:23:03 INFO:Epochs: 66	Cost: 10312399085.318245
2023-10-02 00:53:58 INFO:Number of morph types: 276231
2023-10-02 00:53:58 INFO:Corpus weight set to 2345.9999999999995
2023-10-02 00:53:58 INFO:Epochs: 67	Cost: 10619445816.59154
2023-10-02 01:24:45 INFO:Number of morph types: 276231
2023-10-02 01:24:45 INFO:Corpus weight set to 2414.999999999999
2023-10-02 01:24:45 INFO:Epochs: 68	Cost: 10931007940.958342
2023-10-02 01:55:58 INFO:Number of morph types: 276231
2023-10-02 01:55:58 INFO:Corpus weight set to 2484.9999999999986
2023-10-02 01:55:58 INFO:Epochs: 69	Cost: 11247085458.41866
2023-10-02 02:27:15 INFO:Number of morph types: 276231
2023-10-02 02:27:15 INFO:Corpus weight set to 2555.999999999998
2023-10-02 02:27:15 INFO:Epochs: 70	Cost: 11567678368.972475
2023-10-02 02:58:08 INFO:Number of morph types: 276231
2023-10-02 02:58:08 INFO:Corpus weight set to 2627.999999999998
2023-10-02 02:58:08 INFO:Epochs: 71	Cost: 11892786672.619799
2023-10-02 03:29:01 INFO:Number of morph types: 276231
2023-10-02 03:29:01 INFO:Corpus weight set to 2700.9999999999977
2023-10-02 03:29:01 INFO:Epochs: 72	Cost: 12222410369.360634
2023-10-02 03:59:54 INFO:Number of morph types: 276231
2023-10-02 03:59:54 INFO:Corpus weight set to 2774.999999999998
2023-10-02 03:59:54 INFO:Epochs: 73	Cost: 12556549459.194986
2023-10-02 04:30:47 INFO:Number of morph types: 276231
2023-10-02 04:30:47 INFO:Corpus weight set to 2849.999999999998
2023-10-02 04:30:47 INFO:Epochs: 74	Cost: 12895203942.122845
2023-10-02 05:01:40 INFO:Number of morph types: 276231
2023-10-02 05:01:40 INFO:Corpus weight set to 2925.999999999998
2023-10-02 05:01:40 INFO:Epochs: 75	Cost: 13238373818.144218
2023-10-02 05:32:35 INFO:Number of morph types: 276231
2023-10-02 05:32:35 INFO:Corpus weight set to 3002.999999999998
2023-10-02 05:32:35 INFO:Epochs: 76	Cost: 13586059087.259094
2023-10-02 06:03:26 INFO:Number of morph types: 276231
2023-10-02 06:03:26 INFO:Corpus weight set to 3080.999999999998
2023-10-02 06:03:26 INFO:Epochs: 77	Cost: 13938259749.46748
2023-10-02 06:34:19 INFO:Number of morph types: 276231
2023-10-02 06:34:19 INFO:Corpus weight set to 3159.9999999999977
2023-10-02 06:34:19 INFO:Epochs: 78	Cost: 14294975804.769371
2023-10-02 07:05:11 INFO:Number of morph types: 276231
2023-10-02 07:05:11 INFO:Corpus weight set to 3239.9999999999973
2023-10-02 07:05:11 INFO:Epochs: 79	Cost: 14656207253.164772
2023-10-02 07:36:05 INFO:Number of morph types: 276231
2023-10-02 07:36:05 INFO:Corpus weight set to 3320.999999999997
2023-10-02 07:36:05 INFO:Epochs: 80	Cost: 15021954094.653679
2023-10-02 08:07:01 INFO:Number of morph types: 276231
2023-10-02 08:07:01 INFO:Corpus weight set to 3402.9999999999973
2023-10-02 08:07:01 INFO:Epochs: 81	Cost: 15392216329.236103
2023-10-02 08:37:55 INFO:Number of morph types: 276231
2023-10-02 08:37:55 INFO:Corpus weight set to 3485.9999999999973
2023-10-02 08:37:55 INFO:Epochs: 82	Cost: 15766993956.912039
2023-10-02 09:08:51 INFO:Number of morph types: 276231
2023-10-02 09:08:51 INFO:Corpus weight set to 3569.9999999999973
2023-10-02 09:08:51 INFO:Epochs: 83	Cost: 16146286977.68148
2023-10-02 09:39:45 INFO:Number of morph types: 276231
2023-10-02 09:39:45 INFO:Corpus weight set to 3654.999999999997
2023-10-02 09:39:45 INFO:Epochs: 84	Cost: 16530095391.544437
2023-10-02 10:10:40 INFO:Number of morph types: 276231
2023-10-02 10:10:40 INFO:Corpus weight set to 3740.9999999999964
2023-10-02 10:10:40 INFO:Epochs: 85	Cost: 16918419198.500893
2023-10-02 10:41:37 INFO:Number of morph types: 276231
2023-10-02 10:41:37 INFO:Corpus weight set to 3827.9999999999964
2023-10-02 10:41:37 INFO:Epochs: 86	Cost: 17311258398.55086
2023-10-02 11:12:30 INFO:Number of morph types: 276231
2023-10-02 11:12:30 INFO:Corpus weight set to 3915.9999999999964
2023-10-02 11:12:30 INFO:Epochs: 87	Cost: 17708612991.694332
2023-10-02 11:43:27 INFO:Number of morph types: 276231
2023-10-02 11:43:27 INFO:Corpus weight set to 4004.9999999999964
2023-10-02 11:43:27 INFO:Epochs: 88	Cost: 18110482977.93132
2023-10-02 12:14:12 INFO:Number of morph types: 276231
2023-10-02 12:14:12 INFO:Corpus weight set to 4094.9999999999964
2023-10-02 12:14:12 INFO:Epochs: 89	Cost: 18516868357.26181
2023-10-02 12:44:58 INFO:Number of morph types: 276231
2023-10-02 12:44:58 INFO:Corpus weight set to 4185.999999999996
2023-10-02 12:44:58 INFO:Epochs: 90	Cost: 18927769129.685814
2023-10-02 13:15:51 INFO:Number of morph types: 276231
2023-10-02 13:15:51 INFO:Corpus weight set to 4277.999999999996
2023-10-02 13:15:51 INFO:Epochs: 91	Cost: 19343185295.203316
2023-10-02 13:46:45 INFO:Number of morph types: 276231
2023-10-02 13:46:45 INFO:Corpus weight set to 4370.999999999996
2023-10-02 13:46:45 INFO:Epochs: 92	Cost: 19763116853.814335
2023-10-02 14:17:32 INFO:Number of morph types: 276231
2023-10-02 14:17:32 INFO:Corpus weight set to 4464.999999999996
2023-10-02 14:17:32 INFO:Epochs: 93	Cost: 20187563805.518864
2023-10-02 14:48:15 INFO:Number of morph types: 276231
2023-10-02 14:48:15 INFO:Corpus weight set to 4559.999999999996
2023-10-02 14:48:15 INFO:Epochs: 94	Cost: 20616526150.316906
2023-10-02 15:18:58 INFO:Number of morph types: 276231
2023-10-02 15:18:58 INFO:Corpus weight set to 4655.999999999996
2023-10-02 15:18:58 INFO:Epochs: 95	Cost: 21050003888.208454
2023-10-02 15:49:48 INFO:Number of morph types: 276231
2023-10-02 15:49:48 INFO:Corpus weight set to 4752.999999999996
2023-10-02 15:49:48 INFO:Epochs: 96	Cost: 21487997019.193512
2023-10-02 16:20:35 INFO:Number of morph types: 276231
2023-10-02 16:20:35 INFO:Corpus weight set to 4850.999999999996
2023-10-02 16:20:35 INFO:Epochs: 97	Cost: 21930505543.272087
2023-10-02 16:51:28 INFO:Number of morph types: 276231
2023-10-02 16:51:28 INFO:Corpus weight set to 4949.999999999996
2023-10-02 16:51:28 INFO:Epochs: 98	Cost: 22377529460.44416
2023-10-02 17:22:21 INFO:Number of morph types: 276231
2023-10-02 17:22:21 INFO:Corpus weight set to 5049.999999999995
2023-10-02 17:22:21 INFO:Epochs: 99	Cost: 22829068770.709743
2023-10-02 17:53:12 INFO:Number of morph types: 276231
2023-10-02 17:53:12 INFO:Corpus weight set to 5150.999999999995
2023-10-02 17:53:12 INFO:Epochs: 100	Cost: 23285123474.06884
2023-10-02 18:24:06 INFO:Number of morph types: 276231
2023-10-02 18:24:06 INFO:Corpus weight set to 5252.999999999995
2023-10-02 18:24:06 INFO:Epochs: 101	Cost: 23745693570.521442
2023-10-02 18:55:00 INFO:Number of morph types: 276231
2023-10-02 18:55:00 INFO:Corpus weight set to 5355.9999999999945
2023-10-02 18:55:00 INFO:Epochs: 102	Cost: 24210779060.067547
2023-10-02 19:25:55 INFO:Number of morph types: 276231
2023-10-02 19:25:55 INFO:Corpus weight set to 5459.9999999999945
2023-10-02 19:25:55 INFO:Epochs: 103	Cost: 24680379942.707165
2023-10-02 19:56:51 INFO:Number of morph types: 276231
2023-10-02 19:56:51 INFO:Corpus weight set to 5564.999999999994
2023-10-02 19:56:51 INFO:Epochs: 104	Cost: 25154496218.44029
2023-10-02 20:27:44 INFO:Number of morph types: 276231
2023-10-02 20:27:44 INFO:Corpus weight set to 5670.999999999993
2023-10-02 20:27:44 INFO:Epochs: 105	Cost: 25633127887.266933
2023-10-02 20:58:40 INFO:Number of morph types: 276231
2023-10-02 20:58:40 INFO:Corpus weight set to 5777.999999999993
2023-10-02 20:58:40 INFO:Epochs: 106	Cost: 26116274949.187084
2023-10-02 21:29:34 INFO:Number of morph types: 276231
2023-10-02 21:29:34 INFO:Corpus weight set to 5885.999999999993
2023-10-02 21:29:34 INFO:Epochs: 107	Cost: 26603937404.20075
2023-10-02 22:00:33 INFO:Number of morph types: 276231
2023-10-02 22:00:33 INFO:Corpus weight set to 5994.999999999993
2023-10-02 22:00:33 INFO:Epochs: 108	Cost: 27096115252.30792
2023-10-02 22:31:26 INFO:Number of morph types: 276231
2023-10-02 22:31:26 INFO:Corpus weight set to 6104.999999999992
2023-10-02 22:31:26 INFO:Epochs: 109	Cost: 27592808493.50859
2023-10-02 23:02:14 INFO:Number of morph types: 276231
2023-10-02 23:02:14 INFO:Corpus weight set to 6215.999999999991
2023-10-02 23:02:14 INFO:Epochs: 110	Cost: 28094017127.802765
2023-10-02 23:33:17 INFO:Number of morph types: 276231
2023-10-02 23:33:17 INFO:Corpus weight set to 6327.999999999991
2023-10-02 23:33:17 INFO:Epochs: 111	Cost: 28599741155.19046
2023-10-03 00:04:50 INFO:Number of morph types: 276231
2023-10-03 00:04:50 INFO:Corpus weight set to 6440.99999999999
2023-10-03 00:04:50 INFO:Epochs: 112	Cost: 29109980575.671658
2023-10-03 00:36:15 INFO:Number of morph types: 276231
2023-10-03 00:36:15 INFO:Corpus weight set to 6554.99999999999
2023-10-03 00:36:15 INFO:Epochs: 113	Cost: 29624735389.246372
2023-10-03 01:07:45 INFO:Number of morph types: 276231
2023-10-03 01:07:45 INFO:Corpus weight set to 6669.99999999999
2023-10-03 01:07:45 INFO:Epochs: 114	Cost: 30144005595.914597
2023-10-03 01:39:18 INFO:Number of morph types: 276231
2023-10-03 01:39:18 INFO:Corpus weight set to 6785.999999999989
2023-10-03 01:39:18 INFO:Epochs: 115	Cost: 30667791195.67632
2023-10-03 02:10:20 INFO:Number of morph types: 276231
2023-10-03 02:10:20 INFO:Corpus weight set to 6902.999999999988
2023-10-03 02:10:20 INFO:Epochs: 116	Cost: 31196092188.53156
2023-10-03 02:41:13 INFO:Number of morph types: 276231
2023-10-03 02:41:13 INFO:Corpus weight set to 7020.999999999987
2023-10-03 02:41:13 INFO:Epochs: 117	Cost: 31728908574.48031
2023-10-03 03:12:00 INFO:Number of morph types: 276231
2023-10-03 03:12:00 INFO:Corpus weight set to 7139.999999999986
2023-10-03 03:12:00 INFO:Epochs: 118	Cost: 32266240353.522564
2023-10-03 03:43:06 INFO:Number of morph types: 276231
2023-10-03 03:43:06 INFO:Corpus weight set to 7259.999999999985
2023-10-03 03:43:06 INFO:Epochs: 119	Cost: 32808087525.65832
2023-10-03 04:14:30 INFO:Number of morph types: 276231
2023-10-03 04:14:30 INFO:Corpus weight set to 7380.9999999999845
2023-10-03 04:14:30 INFO:Epochs: 120	Cost: 33354450090.887592
2023-10-03 04:46:05 INFO:Number of morph types: 276231
2023-10-03 04:46:05 INFO:Corpus weight set to 7502.999999999984
2023-10-03 04:46:05 INFO:Epochs: 121	Cost: 33905328049.210373
2023-10-03 05:17:22 INFO:Number of morph types: 276231
2023-10-03 05:17:22 INFO:Corpus weight set to 7625.999999999984
2023-10-03 05:17:22 INFO:Epochs: 122	Cost: 34460721400.62667
2023-10-03 05:48:43 INFO:Number of morph types: 276231
2023-10-03 05:48:43 INFO:Corpus weight set to 7749.999999999984
2023-10-03 05:48:43 INFO:Epochs: 123	Cost: 35020630145.13647
2023-10-03 06:20:12 INFO:Number of morph types: 276231
2023-10-03 06:20:12 INFO:Corpus weight set to 7874.999999999984
2023-10-03 06:20:12 INFO:Epochs: 124	Cost: 35585054282.7398
2023-10-03 06:50:57 INFO:Number of morph types: 276231
2023-10-03 06:50:57 INFO:Corpus weight set to 8000.999999999984
2023-10-03 06:50:57 INFO:Epochs: 125	Cost: 36153993813.43662
2023-10-03 07:22:22 INFO:Number of morph types: 276231
2023-10-03 07:22:22 INFO:Corpus weight set to 8127.999999999983
2023-10-03 07:22:22 INFO:Epochs: 126	Cost: 36727448737.22696
2023-10-03 07:53:56 INFO:Number of morph types: 276231
2023-10-03 07:53:56 INFO:Corpus weight set to 8255.999999999982
2023-10-03 07:53:56 INFO:Epochs: 127	Cost: 37305419054.11081
2023-10-03 08:25:32 INFO:Number of morph types: 276231
2023-10-03 08:25:32 INFO:Corpus weight set to 8384.999999999982
2023-10-03 08:25:32 INFO:Epochs: 128	Cost: 37887904764.08816
2023-10-03 08:57:02 INFO:Number of morph types: 276231
2023-10-03 08:57:02 INFO:Corpus weight set to 8514.999999999982
2023-10-03 08:57:02 INFO:Epochs: 129	Cost: 38474905867.15903
2023-10-03 09:28:35 INFO:Number of morph types: 276231
2023-10-03 09:28:35 INFO:Corpus weight set to 8645.999999999982
2023-10-03 09:28:35 INFO:Epochs: 130	Cost: 39066422363.323395
2023-10-03 09:59:57 INFO:Number of morph types: 276231
2023-10-03 09:59:57 INFO:Corpus weight set to 8777.999999999982
2023-10-03 09:59:57 INFO:Epochs: 131	Cost: 39662454252.581276
2023-10-03 10:31:12 INFO:Number of morph types: 276231
2023-10-03 10:31:12 INFO:Corpus weight set to 8910.999999999982
2023-10-03 10:31:12 INFO:Epochs: 132	Cost: 40263001534.93266
2023-10-03 11:01:57 INFO:Number of morph types: 276231
2023-10-03 11:01:57 INFO:Corpus weight set to 9044.999999999982
2023-10-03 11:01:57 INFO:Epochs: 133	Cost: 40868064210.377556
2023-10-03 11:32:40 INFO:Number of morph types: 276231
2023-10-03 11:32:40 INFO:Corpus weight set to 9179.999999999982
2023-10-03 11:32:40 INFO:Epochs: 134	Cost: 41477642278.915955
2023-10-03 12:04:00 INFO:Number of morph types: 276231
2023-10-03 12:04:00 INFO:Corpus weight set to 9315.999999999982
2023-10-03 12:04:00 INFO:Epochs: 135	Cost: 42091735740.54787
2023-10-03 12:35:29 INFO:Number of morph types: 276231
2023-10-03 12:35:29 INFO:Corpus weight set to 9452.999999999982
2023-10-03 12:35:29 INFO:Epochs: 136	Cost: 42710344595.273285
2023-10-03 13:06:52 INFO:Number of morph types: 276231
2023-10-03 13:06:52 INFO:Corpus weight set to 9590.999999999982
2023-10-03 13:06:52 INFO:Epochs: 137	Cost: 43333468843.09222
2023-10-03 13:38:24 INFO:Number of morph types: 276231
2023-10-03 13:38:24 INFO:Corpus weight set to 9729.999999999982
2023-10-03 13:38:24 INFO:Epochs: 138	Cost: 43961108484.004654
2023-10-03 14:10:00 INFO:Number of morph types: 276231
2023-10-03 14:10:00 INFO:Corpus weight set to 9869.99999999998
2023-10-03 14:10:00 INFO:Epochs: 139	Cost: 44593263518.0106
2023-10-03 14:41:00 INFO:Number of morph types: 276231
2023-10-03 14:41:00 INFO:Corpus weight set to 10010.99999999998
2023-10-03 14:41:00 INFO:Epochs: 140	Cost: 45229933945.11006
2023-10-03 15:12:04 INFO:Number of morph types: 276231
2023-10-03 15:12:04 INFO:Corpus weight set to 10152.99999999998
2023-10-03 15:12:04 INFO:Epochs: 141	Cost: 45871119765.30303
2023-10-03 15:43:02 INFO:Number of morph types: 276231
2023-10-03 15:43:02 INFO:Corpus weight set to 10295.99999999998
2023-10-03 15:43:02 INFO:Epochs: 142	Cost: 46516820978.58951
2023-10-03 16:13:58 INFO:Number of morph types: 276231
2023-10-03 16:13:58 INFO:Corpus weight set to 10439.99999999998
2023-10-03 16:13:58 INFO:Epochs: 143	Cost: 47167037584.96948
2023-10-03 16:45:01 INFO:Number of morph types: 276231
2023-10-03 16:45:01 INFO:Corpus weight set to 10584.99999999998
2023-10-03 16:45:01 INFO:Epochs: 144	Cost: 47821769584.44299
2023-10-03 17:16:02 INFO:Number of morph types: 276231
2023-10-03 17:16:02 INFO:Corpus weight set to 10730.99999999998
2023-10-03 17:16:02 INFO:Epochs: 145	Cost: 48481016977.009995
2023-10-03 17:47:26 INFO:Number of morph types: 276231
2023-10-03 17:47:26 INFO:Corpus weight set to 10877.99999999998
2023-10-03 17:47:26 INFO:Epochs: 146	Cost: 49144779762.67051
2023-10-03 18:18:54 INFO:Number of morph types: 276231
2023-10-03 18:18:54 INFO:Corpus weight set to 11025.99999999998
2023-10-03 18:18:54 INFO:Epochs: 147	Cost: 49813057941.42453
2023-10-03 18:50:22 INFO:Number of morph types: 276231
2023-10-03 18:50:22 INFO:Corpus weight set to 11174.99999999998
2023-10-03 18:50:22 INFO:Epochs: 148	Cost: 50485851513.27206
2023-10-03 19:21:45 INFO:Number of morph types: 276231
2023-10-03 19:21:45 INFO:Corpus weight set to 11324.99999999998
2023-10-03 19:21:45 INFO:Epochs: 149	Cost: 51163160478.213104
2023-10-03 19:56:24 INFO:Number of morph types: 276231
2023-10-03 19:56:24 INFO:Corpus weight set to 11475.99999999998
2023-10-03 19:56:24 INFO:Epochs: 150	Cost: 51844984836.24765
2023-10-03 19:56:24 INFO:Max number of epochs reached, stop training
2023-10-03 19:56:24 INFO:Done.
2023-10-03 19:56:24 INFO:Epochs: 150
2023-10-03 19:56:24 INFO:Final cost: 51844984836.24765
2023-10-03 19:56:24 INFO:Training time: 282938.290s
2023-10-03 19:56:24 INFO:Saving model to './models/tokenizers/morfessors/morf_smilesDB_500000.bin'...
2023-10-03 19:56:27 INFO:Done.
