2023-07-04 02:23:19 INFO:Reading corpus from '../datasets/pre_processed/clintox.smi'...
2023-07-04 02:23:19 INFO:Detected utf-8 encoding
2023-07-04 02:23:19 INFO:Done.
2023-07-04 02:23:19 INFO:Compounds in training data: 1476 types / 1476 tokens
2023-07-04 02:23:19 INFO:Starting batch training
2023-07-04 02:23:19 INFO:Epochs: 0	Cost: 245851.29798636414
2023-07-04 02:23:37 INFO:Number of morph types: 1665
2023-07-04 02:23:37 INFO:Corpus weight set to 0.3333333333333333
2023-07-04 02:23:37 INFO:Epochs: 1	Cost: 217752.41058676684
2023-07-04 02:25:07 INFO:Number of morph types: 1066
2023-07-04 02:25:07 INFO:Corpus weight set to 0.6666666666666666
2023-07-04 02:25:07 INFO:Epochs: 2	Cost: 158472.74868624492
2023-07-04 02:26:42 INFO:Number of morph types: 922
2023-07-04 02:26:42 INFO:Corpus weight set to 1.111111111111111
2023-07-04 02:26:42 INFO:Epochs: 3	Cost: 163369.4604753864
2023-07-04 02:27:39 INFO:Number of morph types: 1548
2023-07-04 02:27:39 INFO:Corpus weight set to 0.7407407407407406
2023-07-04 02:27:39 INFO:Epochs: 4	Cost: 151689.4293764826
2023-07-04 02:28:41 INFO:Number of morph types: 1301
2023-07-04 02:28:41 INFO:Corpus weight set to 1.0370370370370368
2023-07-04 02:28:41 INFO:Epochs: 5	Cost: 163277.38246174617
2023-07-04 02:29:35 INFO:Number of morph types: 1528
2023-07-04 02:29:35 INFO:Corpus weight set to 0.7777777777777776
2023-07-04 02:29:35 INFO:Epochs: 6	Cost: 149764.2363551727
2023-07-04 02:30:35 INFO:Number of morph types: 1350
2023-07-04 02:30:35 INFO:Corpus weight set to 0.9999999999999997
2023-07-04 02:30:35 INFO:Epochs: 7	Cost: 160632.16590602684
2023-07-04 02:31:33 INFO:Number of morph types: 1477
2023-07-04 02:31:33 INFO:Corpus weight set to 1.2499999999999996
2023-07-04 02:31:33 INFO:Epochs: 8	Cost: 180246.15445029974
2023-07-04 02:32:19 INFO:Number of morph types: 1657
2023-07-04 02:32:19 INFO:Corpus weight set to 1.0227272727272723
2023-07-04 02:32:19 INFO:Epochs: 9	Cost: 171308.32237616088
2023-07-04 02:33:07 INFO:Number of morph types: 1584
2023-07-04 02:33:07 INFO:Corpus weight set to 0.852272727272727
2023-07-04 02:33:07 INFO:Epochs: 10	Cost: 158984.56533787784
2023-07-04 02:34:00 INFO:Number of morph types: 1516
2023-07-04 02:34:00 INFO:Corpus weight set to 0.7211538461538459
2023-07-04 02:34:00 INFO:Epochs: 11	Cost: 147335.02189800492
2023-07-04 02:34:58 INFO:Number of morph types: 1376
2023-07-04 02:34:58 INFO:Corpus weight set to 0.8413461538461536
2023-07-04 02:34:58 INFO:Epochs: 12	Cost: 150383.13045643806
2023-07-04 02:35:55 INFO:Number of morph types: 1411
2023-07-04 02:35:55 INFO:Corpus weight set to 0.9707840236686387
2023-07-04 02:35:55 INFO:Epochs: 13	Cost: 160322.59052500373
2023-07-04 02:36:51 INFO:Number of morph types: 1484
2023-07-04 02:36:51 INFO:Corpus weight set to 1.1094674556213013
2023-07-04 02:36:51 INFO:Epochs: 14	Cost: 171126.0038171822
2023-07-04 02:37:43 INFO:Number of morph types: 1551
2023-07-04 02:37:43 INFO:Corpus weight set to 0.9789418726070306
2023-07-04 02:37:43 INFO:Epochs: 15	Cost: 164220.9436520078
2023-07-04 02:38:35 INFO:Number of morph types: 1526
2023-07-04 02:38:35 INFO:Corpus weight set to 0.8701705534284716
2023-07-04 02:38:35 INFO:Epochs: 16	Cost: 156727.51655835338
2023-07-04 02:39:29 INFO:Number of morph types: 1495
2023-07-04 02:39:29 INFO:Epochs: 17	Cost: 155537.37071942847
2023-07-04 02:40:23 INFO:Number of morph types: 1491
2023-07-04 02:40:23 INFO:Epochs: 18	Cost: 155409.2999665736
2023-07-04 02:41:16 INFO:Number of morph types: 1491
2023-07-04 02:41:16 INFO:Epochs: 19	Cost: 155409.29994793906
2023-07-04 02:41:16 INFO:Done.
2023-07-04 02:41:16 INFO:Epochs: 19
2023-07-04 02:41:16 INFO:Final cost: 155409.29994793906
2023-07-04 02:41:16 INFO:Training time: 1076.816s
2023-07-04 02:41:16 INFO:Saving model to '../models/tokenizers/morf_clintox_1500.bin'...
2023-07-04 02:41:16 INFO:Done.
