2023-07-04 01:03:32 INFO:Reading corpus from '../datasets/pre_processed/clintox.smi'...
2023-07-04 01:03:32 INFO:Detected utf-8 encoding
2023-07-04 01:03:32 INFO:Done.
2023-07-04 01:03:33 INFO:Compounds in training data: 1476 types / 1476 tokens
2023-07-04 01:03:33 INFO:Starting batch training
2023-07-04 01:03:33 INFO:Epochs: 0	Cost: 245851.29798636414
2023-07-04 01:03:51 INFO:Number of morph types: 1662
2023-07-04 01:03:51 INFO:Corpus weight set to 0.3333333333333333
2023-07-04 01:03:51 INFO:Epochs: 1	Cost: 217197.39414184817
2023-07-04 01:05:16 INFO:Number of morph types: 1198
2023-07-04 01:05:16 INFO:Corpus weight set to 0.16666666666666666
2023-07-04 01:05:16 INFO:Epochs: 2	Cost: 124480.145164387
2023-07-04 01:07:11 INFO:Number of morph types: 302
2023-07-04 01:07:11 INFO:Corpus weight set to 0.27777777777777773
2023-07-04 01:07:11 INFO:Epochs: 3	Cost: 55746.375982938174
2023-07-04 01:08:49 INFO:Number of morph types: 321
2023-07-04 01:08:49 INFO:Corpus weight set to 0.41666666666666663
2023-07-04 01:08:49 INFO:Epochs: 4	Cost: 70634.49308620139
2023-07-04 01:10:26 INFO:Number of morph types: 451
2023-07-04 01:10:26 INFO:Corpus weight set to 0.5833333333333333
2023-07-04 01:10:26 INFO:Epochs: 5	Cost: 92911.46934120217
2023-07-04 01:11:55 INFO:Number of morph types: 631
2023-07-04 01:11:55 INFO:Corpus weight set to 0.7777777777777777
2023-07-04 01:11:55 INFO:Epochs: 6	Cost: 116891.5719533389
2023-07-04 01:13:28 INFO:Number of morph types: 788
2023-07-04 01:13:28 INFO:Corpus weight set to 0.9999999999999998
2023-07-04 01:13:28 INFO:Epochs: 7	Cost: 143012.81039070402
2023-07-04 01:14:31 INFO:Number of morph types: 1334
2023-07-04 01:14:31 INFO:Corpus weight set to 0.7999999999999998
2023-07-04 01:14:31 INFO:Epochs: 8	Cost: 143322.32223260053
2023-07-04 01:15:37 INFO:Number of morph types: 1193
2023-07-04 01:15:37 INFO:Corpus weight set to 0.6545454545454543
2023-07-04 01:15:37 INFO:Epochs: 9	Cost: 124620.09721204473
2023-07-04 01:16:56 INFO:Number of morph types: 813
2023-07-04 01:16:56 INFO:Corpus weight set to 0.5454545454545453
2023-07-04 01:16:56 INFO:Epochs: 10	Cost: 94428.58262805472
2023-07-04 01:18:23 INFO:Number of morph types: 660
2023-07-04 01:18:23 INFO:Corpus weight set to 0.6446280991735536
2023-07-04 01:18:23 INFO:Epochs: 11	Cost: 100440.62967222535
2023-07-04 01:19:43 INFO:Number of morph types: 727
2023-07-04 01:19:43 INFO:Corpus weight set to 0.7520661157024792
2023-07-04 01:19:43 INFO:Epochs: 12	Cost: 112986.31493902972
2023-07-04 01:20:58 INFO:Number of morph types: 811
2023-07-04 01:20:58 INFO:Corpus weight set to 0.6517906336088153
2023-07-04 01:20:58 INFO:Epochs: 13	Cost: 103986.58100979877
2023-07-04 01:22:14 INFO:Number of morph types: 748
2023-07-04 01:22:14 INFO:Corpus weight set to 0.7449035812672175
2023-07-04 01:22:14 INFO:Epochs: 14	Cost: 112661.25191239595
2023-07-04 01:23:29 INFO:Number of morph types: 819
2023-07-04 01:23:29 INFO:Corpus weight set to 0.6572678658240154
2023-07-04 01:23:29 INFO:Epochs: 15	Cost: 104030.37189470968
2023-07-04 01:24:45 INFO:Number of morph types: 758
2023-07-04 01:24:45 INFO:Corpus weight set to 0.7394263490520173
2023-07-04 01:24:45 INFO:Epochs: 16	Cost: 111743.05472993388
2023-07-04 01:26:01 INFO:Number of morph types: 816
2023-07-04 01:26:01 INFO:Corpus weight set to 0.661591996520226
2023-07-04 01:26:01 INFO:Epochs: 17	Cost: 104202.1728427355
2023-07-04 01:27:17 INFO:Number of morph types: 759
2023-07-04 01:27:17 INFO:Corpus weight set to 0.7351022183558068
2023-07-04 01:27:17 INFO:Epochs: 18	Cost: 111257.28909606508
2023-07-04 01:28:34 INFO:Number of morph types: 814
2023-07-04 01:28:34 INFO:Corpus weight set to 0.6650924832743015
2023-07-04 01:28:34 INFO:Epochs: 19	Cost: 104245.83536474333
2023-07-04 01:29:53 INFO:Number of morph types: 764
2023-07-04 01:29:53 INFO:Corpus weight set to 0.7316017316017317
2023-07-04 01:29:53 INFO:Epochs: 20	Cost: 110787.04929240674
2023-07-04 01:31:12 INFO:Number of morph types: 808
2023-07-04 01:31:12 INFO:Epochs: 21	Cost: 111122.93270803831
2023-07-04 01:32:29 INFO:Number of morph types: 815
2023-07-04 01:32:29 INFO:Corpus weight set to 0.6706349206349208
2023-07-04 01:32:29 INFO:Epochs: 22	Cost: 104543.70302324573
2023-07-04 01:33:49 INFO:Number of morph types: 773
2023-07-04 01:33:49 INFO:Corpus weight set to 0.7289510006901313
2023-07-04 01:33:49 INFO:Epochs: 23	Cost: 110535.42011206849
2023-07-04 01:35:13 INFO:Number of morph types: 807
2023-07-04 01:35:13 INFO:Epochs: 24	Cost: 110860.04663054018
2023-07-04 01:36:33 INFO:Number of morph types: 808
2023-07-04 01:36:33 INFO:Epochs: 25	Cost: 110696.13431071927
2023-07-04 01:38:02 INFO:Number of morph types: 806
2023-07-04 01:38:02 INFO:Epochs: 26	Cost: 110991.41099870334
2023-07-04 01:38:02 INFO:Done.
2023-07-04 01:38:02 INFO:Epochs: 26
2023-07-04 01:38:02 INFO:Final cost: 110991.41099870334
2023-07-04 01:38:02 INFO:Training time: 2069.989s
2023-07-04 01:38:02 INFO:Saving model to '../models/tokenizers/morf_clintox_800.bin'...
2023-07-04 01:38:02 INFO:Done.
