2023-08-26 08:00:52 INFO:Reading corpus from './datasets/pre_processed/smilesZinc.smi'...
2023-08-26 08:00:53 INFO:Detected utf-8 encoding
2023-08-26 08:00:56 INFO:Done.
2023-08-26 08:01:15 INFO:Compounds in training data: 249455 types / 249455 tokens
2023-08-26 08:01:15 INFO:Starting batch training
2023-08-26 08:01:15 INFO:Epochs: 0	Cost: 30450475.272234492
2023-08-26 08:57:49 INFO:Number of morph types: 70202
2023-08-26 08:57:49 INFO:Corpus weight set to 0.3333333333333333
2023-08-26 08:57:49 INFO:Epochs: 1	Cost: 7639511.69614397
2023-08-26 09:56:36 INFO:Number of morph types: 10322
2023-08-26 09:56:36 INFO:Corpus weight set to 0.6666666666666666
2023-08-26 09:56:36 INFO:Epochs: 2	Cost: 8555778.187467119
2023-08-26 10:53:55 INFO:Number of morph types: 18094
2023-08-26 10:53:55 INFO:Corpus weight set to 1.111111111111111
2023-08-26 10:53:55 INFO:Epochs: 3	Cost: 13555953.453244021
2023-08-26 11:49:24 INFO:Number of morph types: 33103
2023-08-26 11:49:24 INFO:Corpus weight set to 1.6666666666666665
2023-08-26 11:49:24 INFO:Epochs: 4	Cost: 19392956.487353858
2023-08-26 12:42:38 INFO:Number of morph types: 55218
2023-08-26 12:42:38 INFO:Corpus weight set to 1.1904761904761905
2023-08-26 12:42:38 INFO:Epochs: 5	Cost: 14475022.010280207
2023-08-26 13:37:00 INFO:Number of morph types: 40723
2023-08-26 13:37:00 INFO:Corpus weight set to 1.5873015873015872
2023-08-26 13:37:00 INFO:Epochs: 6	Cost: 18347524.19670873
2023-08-26 14:30:24 INFO:Number of morph types: 51967
2023-08-26 14:30:24 INFO:Corpus weight set to 1.234567901234568
2023-08-26 14:30:24 INFO:Epochs: 7	Cost: 14796877.05921796
2023-08-26 15:24:28 INFO:Number of morph types: 42673
2023-08-26 15:24:28 INFO:Corpus weight set to 1.54320987654321
2023-08-26 15:24:28 INFO:Epochs: 8	Cost: 17856858.774410762
2023-08-26 16:17:57 INFO:Number of morph types: 50425
2023-08-26 16:17:57 INFO:Epochs: 9	Cost: 17900292.541969307
2023-08-26 17:11:20 INFO:Number of morph types: 50857
2023-08-26 17:11:20 INFO:Corpus weight set to 1.2860082304526752
2023-08-26 17:11:20 INFO:Epochs: 10	Cost: 15277147.967734408
2023-08-26 18:05:15 INFO:Number of morph types: 44621
2023-08-26 18:05:15 INFO:Corpus weight set to 1.519827908716798
2023-08-26 18:05:15 INFO:Epochs: 11	Cost: 17606748.585764594
2023-08-26 18:58:46 INFO:Number of morph types: 49906
2023-08-26 18:58:46 INFO:Epochs: 12	Cost: 17646281.1355671
2023-08-26 19:52:17 INFO:Number of morph types: 50100
2023-08-26 19:52:17 INFO:Epochs: 13	Cost: 17645777.235023927
2023-08-26 19:52:17 INFO:Done.
2023-08-26 19:52:17 INFO:Epochs: 13
2023-08-26 19:52:17 INFO:Final cost: 17645777.235023927
2023-08-26 19:52:17 INFO:Training time: 42684.232s
2023-08-26 19:52:17 INFO:Saving model to './models/tokenizers/morfessors/morf_smilesZinc_50000.bin'...
2023-08-26 19:52:20 INFO:Done.
