2023-07-13 06:34:06 INFO:Reading corpus from './datasets/pre_processed/tox21.smi'...
2023-07-13 06:34:06 INFO:Detected utf-8 encoding
2023-07-13 06:34:06 INFO:Done.
2023-07-13 06:34:06 INFO:Compounds in training data: 3079 types / 3079 tokens
2023-07-13 06:34:06 INFO:Starting batch training
2023-07-13 06:34:06 INFO:Epochs: 0	Cost: 223989.18578946654
2023-07-13 06:34:26 INFO:Number of morph types: 2095
2023-07-13 06:34:26 INFO:Corpus weight set to 3.0
2023-07-13 06:34:26 INFO:Epochs: 1	Cost: 286302.78185243555
2023-07-13 06:34:43 INFO:Number of morph types: 2329
2023-07-13 06:34:43 INFO:Corpus weight set to 6.0
2023-07-13 06:34:43 INFO:Epochs: 2	Cost: 409180.3244169309
2023-07-13 06:34:58 INFO:Number of morph types: 2803
2023-07-13 06:34:58 INFO:Corpus weight set to 10.0
2023-07-13 06:34:58 INFO:Epochs: 3	Cost: 548277.773779561
2023-07-13 06:35:11 INFO:Number of morph types: 3175
2023-07-13 06:35:11 INFO:Corpus weight set to 15.0
2023-07-13 06:35:11 INFO:Epochs: 4	Cost: 706378.2709141274
2023-07-13 06:35:25 INFO:Number of morph types: 3235
2023-07-13 06:35:25 INFO:Corpus weight set to 21.0
2023-07-13 06:35:25 INFO:Epochs: 5	Cost: 905307.7273657453
2023-07-13 06:35:38 INFO:Number of morph types: 3234
2023-07-13 06:35:38 INFO:Corpus weight set to 28.0
2023-07-13 06:35:38 INFO:Epochs: 6	Cost: 1143967.1433941429
2023-07-13 06:35:51 INFO:Number of morph types: 3234
2023-07-13 06:35:51 INFO:Corpus weight set to 36.0
2023-07-13 06:35:51 INFO:Epochs: 7	Cost: 1417155.8398927574
2023-07-13 06:36:05 INFO:Number of morph types: 3234
2023-07-13 06:36:05 INFO:Corpus weight set to 45.0
2023-07-13 06:36:05 INFO:Epochs: 8	Cost: 1724529.0023526878
2023-07-13 06:36:18 INFO:Number of morph types: 3234
2023-07-13 06:36:18 INFO:Corpus weight set to 55.00000000000001
2023-07-13 06:36:18 INFO:Epochs: 9	Cost: 2066054.7384176757
2023-07-13 06:36:31 INFO:Number of morph types: 3234
2023-07-13 06:36:31 INFO:Corpus weight set to 66.0
2023-07-13 06:36:31 INFO:Epochs: 10	Cost: 2441733.0480877254
2023-07-13 06:36:45 INFO:Number of morph types: 3234
2023-07-13 06:36:45 INFO:Corpus weight set to 78.0
2023-07-13 06:36:45 INFO:Epochs: 11	Cost: 2851563.931362848
2023-07-13 06:36:58 INFO:Number of morph types: 3234
2023-07-13 06:36:58 INFO:Corpus weight set to 91.0
2023-07-13 06:36:58 INFO:Epochs: 12	Cost: 3295547.3882430326
2023-07-13 06:37:11 INFO:Number of morph types: 3234
2023-07-13 06:37:11 INFO:Corpus weight set to 104.99999999999999
2023-07-13 06:37:11 INFO:Epochs: 13	Cost: 3773683.418728277
2023-07-13 06:37:25 INFO:Number of morph types: 3234
2023-07-13 06:37:25 INFO:Corpus weight set to 119.99999999999997
2023-07-13 06:37:25 INFO:Epochs: 14	Cost: 4285972.022818587
2023-07-13 06:37:38 INFO:Number of morph types: 3234
2023-07-13 06:37:38 INFO:Corpus weight set to 135.99999999999997
2023-07-13 06:37:38 INFO:Epochs: 15	Cost: 4832413.200513954
2023-07-13 06:37:51 INFO:Number of morph types: 3234
2023-07-13 06:37:51 INFO:Corpus weight set to 152.99999999999997
2023-07-13 06:37:51 INFO:Epochs: 16	Cost: 5413006.951814384
2023-07-13 06:38:05 INFO:Number of morph types: 3234
2023-07-13 06:38:05 INFO:Corpus weight set to 170.99999999999997
2023-07-13 06:38:05 INFO:Epochs: 17	Cost: 6027753.276719882
2023-07-13 06:38:18 INFO:Number of morph types: 3234
2023-07-13 06:38:18 INFO:Corpus weight set to 189.99999999999997
2023-07-13 06:38:18 INFO:Epochs: 18	Cost: 6676652.175230443
2023-07-13 06:38:31 INFO:Number of morph types: 3234
2023-07-13 06:38:31 INFO:Corpus weight set to 209.99999999999994
2023-07-13 06:38:31 INFO:Epochs: 19	Cost: 7359703.647346064
2023-07-13 06:38:45 INFO:Number of morph types: 3234
2023-07-13 06:38:45 INFO:Corpus weight set to 230.99999999999994
2023-07-13 06:38:45 INFO:Epochs: 20	Cost: 8076907.693066746
2023-07-13 06:38:58 INFO:Number of morph types: 3234
2023-07-13 06:38:58 INFO:Corpus weight set to 252.99999999999997
2023-07-13 06:38:58 INFO:Epochs: 21	Cost: 8828264.312392501
2023-07-13 06:39:12 INFO:Number of morph types: 3234
2023-07-13 06:39:12 INFO:Corpus weight set to 275.99999999999994
2023-07-13 06:39:12 INFO:Epochs: 22	Cost: 9613773.505323313
2023-07-13 06:39:25 INFO:Number of morph types: 3234
2023-07-13 06:39:25 INFO:Corpus weight set to 299.99999999999994
2023-07-13 06:39:25 INFO:Epochs: 23	Cost: 10433435.271859188
2023-07-13 06:39:39 INFO:Number of morph types: 3234
2023-07-13 06:39:39 INFO:Corpus weight set to 324.99999999999994
2023-07-13 06:39:39 INFO:Epochs: 24	Cost: 11287249.612000125
2023-07-13 06:39:52 INFO:Number of morph types: 3234
2023-07-13 06:39:52 INFO:Corpus weight set to 350.99999999999994
2023-07-13 06:39:52 INFO:Epochs: 25	Cost: 12175216.525746122
2023-07-13 06:40:06 INFO:Number of morph types: 3234
2023-07-13 06:40:06 INFO:Corpus weight set to 377.99999999999994
2023-07-13 06:40:06 INFO:Epochs: 26	Cost: 13097336.01309718
2023-07-13 06:40:20 INFO:Number of morph types: 3234
2023-07-13 06:40:20 INFO:Corpus weight set to 405.9999999999999
2023-07-13 06:40:20 INFO:Epochs: 27	Cost: 14053608.074053308
2023-07-13 06:40:33 INFO:Number of morph types: 3234
2023-07-13 06:40:33 INFO:Corpus weight set to 434.9999999999999
2023-07-13 06:40:33 INFO:Epochs: 28	Cost: 15044032.7086145
2023-07-13 06:40:47 INFO:Number of morph types: 3234
2023-07-13 06:40:47 INFO:Corpus weight set to 464.99999999999983
2023-07-13 06:40:47 INFO:Epochs: 29	Cost: 16068609.916780751
2023-07-13 06:41:01 INFO:Number of morph types: 3234
2023-07-13 06:41:01 INFO:Corpus weight set to 495.99999999999983
2023-07-13 06:41:01 INFO:Epochs: 30	Cost: 17127339.69855207
2023-07-13 06:41:15 INFO:Number of morph types: 3234
2023-07-13 06:41:15 INFO:Corpus weight set to 527.9999999999998
2023-07-13 06:41:15 INFO:Epochs: 31	Cost: 18220222.05392844
2023-07-13 06:41:28 INFO:Number of morph types: 3234
2023-07-13 06:41:28 INFO:Corpus weight set to 560.9999999999998
2023-07-13 06:41:28 INFO:Epochs: 32	Cost: 19347256.98290988
2023-07-13 06:41:41 INFO:Number of morph types: 3234
2023-07-13 06:41:41 INFO:Corpus weight set to 594.9999999999998
2023-07-13 06:41:41 INFO:Epochs: 33	Cost: 20508444.48549639
2023-07-13 06:41:55 INFO:Number of morph types: 3234
2023-07-13 06:41:55 INFO:Corpus weight set to 629.9999999999998
2023-07-13 06:41:55 INFO:Epochs: 34	Cost: 21703784.561687954
2023-07-13 06:42:08 INFO:Number of morph types: 3234
2023-07-13 06:42:08 INFO:Corpus weight set to 665.9999999999998
2023-07-13 06:42:08 INFO:Epochs: 35	Cost: 22933277.21148459
2023-07-13 06:42:22 INFO:Number of morph types: 3234
2023-07-13 06:42:22 INFO:Corpus weight set to 702.9999999999998
2023-07-13 06:42:22 INFO:Epochs: 36	Cost: 24196922.434886284
2023-07-13 06:42:36 INFO:Number of morph types: 3234
2023-07-13 06:42:36 INFO:Corpus weight set to 740.9999999999997
2023-07-13 06:42:36 INFO:Epochs: 37	Cost: 25494720.231893033
2023-07-13 06:42:49 INFO:Number of morph types: 3234
2023-07-13 06:42:49 INFO:Corpus weight set to 779.9999999999995
2023-07-13 06:42:49 INFO:Epochs: 38	Cost: 26826670.60250485
2023-07-13 06:43:03 INFO:Number of morph types: 3234
2023-07-13 06:43:03 INFO:Corpus weight set to 819.9999999999995
2023-07-13 06:43:03 INFO:Epochs: 39	Cost: 28192773.54672173
2023-07-13 06:43:16 INFO:Number of morph types: 3234
2023-07-13 06:43:16 INFO:Corpus weight set to 860.9999999999995
2023-07-13 06:43:16 INFO:Epochs: 40	Cost: 29593029.064543676
2023-07-13 06:43:30 INFO:Number of morph types: 3234
2023-07-13 06:43:30 INFO:Corpus weight set to 902.9999999999995
2023-07-13 06:43:30 INFO:Epochs: 41	Cost: 31027437.15597068
2023-07-13 06:43:43 INFO:Number of morph types: 3234
2023-07-13 06:43:43 INFO:Corpus weight set to 945.9999999999995
2023-07-13 06:43:43 INFO:Epochs: 42	Cost: 32495997.82100276
2023-07-13 06:43:57 INFO:Number of morph types: 3234
2023-07-13 06:43:57 INFO:Corpus weight set to 989.9999999999997
2023-07-13 06:43:57 INFO:Epochs: 43	Cost: 33998711.0596399
2023-07-13 06:44:10 INFO:Number of morph types: 3234
2023-07-13 06:44:10 INFO:Corpus weight set to 1034.9999999999995
2023-07-13 06:44:10 INFO:Epochs: 44	Cost: 35535576.871882096
2023-07-13 06:44:24 INFO:Number of morph types: 3234
2023-07-13 06:44:24 INFO:Corpus weight set to 1080.9999999999995
2023-07-13 06:44:24 INFO:Epochs: 45	Cost: 37106595.25772936
2023-07-13 06:44:38 INFO:Number of morph types: 3234
2023-07-13 06:44:38 INFO:Corpus weight set to 1127.9999999999995
2023-07-13 06:44:38 INFO:Epochs: 46	Cost: 38711766.21718168
2023-07-13 06:44:51 INFO:Number of morph types: 3234
2023-07-13 06:44:51 INFO:Corpus weight set to 1175.9999999999995
2023-07-13 06:44:51 INFO:Epochs: 47	Cost: 40351089.75023907
2023-07-13 06:45:05 INFO:Number of morph types: 3234
2023-07-13 06:45:05 INFO:Corpus weight set to 1224.9999999999995
2023-07-13 06:45:05 INFO:Epochs: 48	Cost: 42024565.85690151
2023-07-13 06:45:19 INFO:Number of morph types: 3234
2023-07-13 06:45:19 INFO:Corpus weight set to 1274.9999999999995
2023-07-13 06:45:19 INFO:Epochs: 49	Cost: 43732194.53716902
2023-07-13 06:45:32 INFO:Number of morph types: 3234
2023-07-13 06:45:32 INFO:Corpus weight set to 1325.9999999999995
2023-07-13 06:45:32 INFO:Epochs: 50	Cost: 45473975.7910416
2023-07-13 06:45:46 INFO:Number of morph types: 3234
2023-07-13 06:45:46 INFO:Corpus weight set to 1377.9999999999995
2023-07-13 06:45:46 INFO:Epochs: 51	Cost: 47249909.61851923
2023-07-13 06:45:59 INFO:Number of morph types: 3234
2023-07-13 06:45:59 INFO:Corpus weight set to 1430.9999999999995
2023-07-13 06:45:59 INFO:Epochs: 52	Cost: 49059996.01960194
2023-07-13 06:46:12 INFO:Number of morph types: 3234
2023-07-13 06:46:12 INFO:Corpus weight set to 1484.9999999999995
2023-07-13 06:46:12 INFO:Epochs: 53	Cost: 50904234.99428971
2023-07-13 06:46:26 INFO:Number of morph types: 3234
2023-07-13 06:46:26 INFO:Corpus weight set to 1539.9999999999995
2023-07-13 06:46:26 INFO:Epochs: 54	Cost: 52782626.542582534
2023-07-13 06:46:39 INFO:Number of morph types: 3234
2023-07-13 06:46:39 INFO:Corpus weight set to 1595.9999999999995
2023-07-13 06:46:39 INFO:Epochs: 55	Cost: 54695170.66448043
2023-07-13 06:46:52 INFO:Number of morph types: 3234
2023-07-13 06:46:52 INFO:Corpus weight set to 1652.9999999999998
2023-07-13 06:46:52 INFO:Epochs: 56	Cost: 56641867.359983385
2023-07-13 06:47:06 INFO:Number of morph types: 3234
2023-07-13 06:47:06 INFO:Corpus weight set to 1711.0
2023-07-13 06:47:06 INFO:Epochs: 57	Cost: 58622716.62909141
2023-07-13 06:47:19 INFO:Number of morph types: 3234
2023-07-13 06:47:19 INFO:Corpus weight set to 1770.0000000000002
2023-07-13 06:47:19 INFO:Epochs: 58	Cost: 60637718.4718045
2023-07-13 06:47:33 INFO:Number of morph types: 3234
2023-07-13 06:47:33 INFO:Corpus weight set to 1830.0
2023-07-13 06:47:33 INFO:Epochs: 59	Cost: 62686872.88812263
2023-07-13 06:47:46 INFO:Number of morph types: 3234
2023-07-13 06:47:46 INFO:Corpus weight set to 1891.0000000000002
2023-07-13 06:47:46 INFO:Epochs: 60	Cost: 64770179.87804586
2023-07-13 06:47:59 INFO:Number of morph types: 3234
2023-07-13 06:47:59 INFO:Corpus weight set to 1953.0000000000002
2023-07-13 06:47:59 INFO:Epochs: 61	Cost: 66887639.44157412
2023-07-13 06:48:13 INFO:Number of morph types: 3234
2023-07-13 06:48:13 INFO:Corpus weight set to 2016.0000000000002
2023-07-13 06:48:13 INFO:Epochs: 62	Cost: 69039251.57870746
2023-07-13 06:48:26 INFO:Number of morph types: 3234
2023-07-13 06:48:26 INFO:Corpus weight set to 2080.0
2023-07-13 06:48:26 INFO:Epochs: 63	Cost: 71225016.28944583
2023-07-13 06:48:40 INFO:Number of morph types: 3234
2023-07-13 06:48:40 INFO:Corpus weight set to 2145.0
2023-07-13 06:48:40 INFO:Epochs: 64	Cost: 73444933.5737893
2023-07-13 06:48:53 INFO:Number of morph types: 3234
2023-07-13 06:48:53 INFO:Corpus weight set to 2210.9999999999995
2023-07-13 06:48:53 INFO:Epochs: 65	Cost: 75699003.43173781
2023-07-13 06:49:06 INFO:Number of morph types: 3234
2023-07-13 06:49:06 INFO:Corpus weight set to 2277.9999999999995
2023-07-13 06:49:06 INFO:Epochs: 66	Cost: 77987225.8632914
2023-07-13 06:49:20 INFO:Number of morph types: 3234
2023-07-13 06:49:20 INFO:Corpus weight set to 2345.9999999999995
2023-07-13 06:49:20 INFO:Epochs: 67	Cost: 80309600.86845005
2023-07-13 06:49:33 INFO:Number of morph types: 3234
2023-07-13 06:49:33 INFO:Corpus weight set to 2414.999999999999
2023-07-13 06:49:33 INFO:Epochs: 68	Cost: 82666128.44721374
2023-07-13 06:49:46 INFO:Number of morph types: 3234
2023-07-13 06:49:46 INFO:Corpus weight set to 2484.9999999999986
2023-07-13 06:49:46 INFO:Epochs: 69	Cost: 85056808.59958251
2023-07-13 06:50:00 INFO:Number of morph types: 3234
2023-07-13 06:50:00 INFO:Corpus weight set to 2555.999999999998
2023-07-13 06:50:00 INFO:Epochs: 70	Cost: 87481641.32555632
2023-07-13 06:50:13 INFO:Number of morph types: 3234
2023-07-13 06:50:13 INFO:Corpus weight set to 2627.999999999998
2023-07-13 06:50:13 INFO:Epochs: 71	Cost: 89940626.62513523
2023-07-13 06:50:26 INFO:Number of morph types: 3234
2023-07-13 06:50:26 INFO:Corpus weight set to 2700.9999999999977
2023-07-13 06:50:26 INFO:Epochs: 72	Cost: 92433764.49831918
2023-07-13 06:50:40 INFO:Number of morph types: 3234
2023-07-13 06:50:40 INFO:Corpus weight set to 2774.999999999998
2023-07-13 06:50:40 INFO:Epochs: 73	Cost: 94961054.94510822
2023-07-13 06:50:53 INFO:Number of morph types: 3234
2023-07-13 06:50:53 INFO:Corpus weight set to 2849.999999999998
2023-07-13 06:50:53 INFO:Epochs: 74	Cost: 97522497.96550229
2023-07-13 06:51:07 INFO:Number of morph types: 3234
2023-07-13 06:51:07 INFO:Corpus weight set to 2925.999999999998
2023-07-13 06:51:07 INFO:Epochs: 75	Cost: 100118093.55950145
2023-07-13 06:51:20 INFO:Number of morph types: 3234
2023-07-13 06:51:20 INFO:Corpus weight set to 3002.999999999998
2023-07-13 06:51:20 INFO:Epochs: 76	Cost: 102747841.72710568
2023-07-13 06:51:33 INFO:Number of morph types: 3234
2023-07-13 06:51:33 INFO:Corpus weight set to 3080.999999999998
2023-07-13 06:51:33 INFO:Epochs: 77	Cost: 105411742.46831495
2023-07-13 06:51:47 INFO:Number of morph types: 3234
2023-07-13 06:51:47 INFO:Corpus weight set to 3159.9999999999977
2023-07-13 06:51:47 INFO:Epochs: 78	Cost: 108109795.78312926
2023-07-13 06:52:00 INFO:Number of morph types: 3234
2023-07-13 06:52:00 INFO:Corpus weight set to 3239.9999999999973
2023-07-13 06:52:00 INFO:Epochs: 79	Cost: 110842001.67154865
2023-07-13 06:52:13 INFO:Number of morph types: 3234
2023-07-13 06:52:13 INFO:Corpus weight set to 3320.999999999997
2023-07-13 06:52:13 INFO:Epochs: 80	Cost: 113608360.13357311
2023-07-13 06:52:27 INFO:Number of morph types: 3234
2023-07-13 06:52:27 INFO:Corpus weight set to 3402.9999999999973
2023-07-13 06:52:27 INFO:Epochs: 81	Cost: 116408871.16920266
2023-07-13 06:52:40 INFO:Number of morph types: 3234
2023-07-13 06:52:40 INFO:Corpus weight set to 3485.9999999999973
2023-07-13 06:52:40 INFO:Epochs: 82	Cost: 119243534.77843724
2023-07-13 06:52:53 INFO:Number of morph types: 3234
2023-07-13 06:52:53 INFO:Corpus weight set to 3569.9999999999973
2023-07-13 06:52:53 INFO:Epochs: 83	Cost: 122112350.96127689
2023-07-13 06:53:07 INFO:Number of morph types: 3234
2023-07-13 06:53:07 INFO:Corpus weight set to 3654.999999999997
2023-07-13 06:53:07 INFO:Epochs: 84	Cost: 125015319.7177216
2023-07-13 06:53:21 INFO:Number of morph types: 3234
2023-07-13 06:53:21 INFO:Corpus weight set to 3740.9999999999964
2023-07-13 06:53:21 INFO:Epochs: 85	Cost: 127952441.04777136
2023-07-13 06:53:34 INFO:Number of morph types: 3234
2023-07-13 06:53:34 INFO:Corpus weight set to 3827.9999999999964
2023-07-13 06:53:34 INFO:Epochs: 86	Cost: 130923714.95142622
2023-07-13 06:53:48 INFO:Number of morph types: 3234
2023-07-13 06:53:48 INFO:Corpus weight set to 3915.9999999999964
2023-07-13 06:53:48 INFO:Epochs: 87	Cost: 133929141.42868611
2023-07-13 06:54:01 INFO:Number of morph types: 3234
2023-07-13 06:54:01 INFO:Corpus weight set to 4004.9999999999964
2023-07-13 06:54:01 INFO:Epochs: 88	Cost: 136968720.47955108
2023-07-13 06:54:14 INFO:Number of morph types: 3234
2023-07-13 06:54:14 INFO:Corpus weight set to 4094.9999999999964
2023-07-13 06:54:14 INFO:Epochs: 89	Cost: 140042452.10402113
2023-07-13 06:54:28 INFO:Number of morph types: 3234
2023-07-13 06:54:28 INFO:Corpus weight set to 4185.999999999996
2023-07-13 06:54:28 INFO:Epochs: 90	Cost: 143150336.30209622
2023-07-13 06:54:41 INFO:Number of morph types: 3234
2023-07-13 06:54:41 INFO:Corpus weight set to 4277.999999999996
2023-07-13 06:54:41 INFO:Epochs: 91	Cost: 146292373.0737764
2023-07-13 06:54:55 INFO:Number of morph types: 3234
2023-07-13 06:54:55 INFO:Corpus weight set to 4370.999999999996
2023-07-13 06:54:55 INFO:Epochs: 92	Cost: 149468562.4190616
2023-07-13 06:55:08 INFO:Number of morph types: 3234
2023-07-13 06:55:08 INFO:Corpus weight set to 4464.999999999996
2023-07-13 06:55:08 INFO:Epochs: 93	Cost: 152678904.3379519
2023-07-13 06:55:21 INFO:Number of morph types: 3234
2023-07-13 06:55:21 INFO:Corpus weight set to 4559.999999999996
2023-07-13 06:55:21 INFO:Epochs: 94	Cost: 155923398.83044726
2023-07-13 06:55:35 INFO:Number of morph types: 3234
2023-07-13 06:55:35 INFO:Corpus weight set to 4655.999999999996
2023-07-13 06:55:35 INFO:Epochs: 95	Cost: 159202045.89654768
2023-07-13 06:55:48 INFO:Number of morph types: 3234
2023-07-13 06:55:48 INFO:Corpus weight set to 4752.999999999996
2023-07-13 06:55:48 INFO:Epochs: 96	Cost: 162514845.53625315
2023-07-13 06:56:01 INFO:Number of morph types: 3234
2023-07-13 06:56:01 INFO:Corpus weight set to 4850.999999999996
2023-07-13 06:56:01 INFO:Epochs: 97	Cost: 165861797.7495637
2023-07-13 06:56:15 INFO:Number of morph types: 3234
2023-07-13 06:56:15 INFO:Corpus weight set to 4949.999999999996
2023-07-13 06:56:15 INFO:Epochs: 98	Cost: 169242902.5364793
2023-07-13 06:56:28 INFO:Number of morph types: 3234
2023-07-13 06:56:28 INFO:Corpus weight set to 5049.999999999995
2023-07-13 06:56:28 INFO:Epochs: 99	Cost: 172658159.89699993
2023-07-13 06:56:42 INFO:Number of morph types: 3234
2023-07-13 06:56:42 INFO:Corpus weight set to 5150.999999999995
2023-07-13 06:56:42 INFO:Epochs: 100	Cost: 176107569.83112565
2023-07-13 06:56:42 INFO:Max number of epochs reached, stop training
2023-07-13 06:56:42 INFO:Done.
2023-07-13 06:56:42 INFO:Epochs: 100
2023-07-13 06:56:42 INFO:Final cost: 176107569.83112565
2023-07-13 06:56:42 INFO:Training time: 1355.890s
2023-07-13 06:56:42 INFO:Saving model to './models/tokenizers/morfessors/morf_tox21_50000.bin'...
2023-07-13 06:56:42 INFO:Done.
