2023-07-13 05:20:18 INFO:Reading corpus from './datasets/pre_processed/tox21.smi'...
2023-07-13 05:20:18 INFO:Detected utf-8 encoding
2023-07-13 05:20:18 INFO:Done.
2023-07-13 05:20:18 INFO:Compounds in training data: 3079 types / 3079 tokens
2023-07-13 05:20:18 INFO:Starting batch training
2023-07-13 05:20:18 INFO:Epochs: 0	Cost: 223989.18578946654
2023-07-13 05:20:38 INFO:Number of morph types: 2171
2023-07-13 05:20:38 INFO:Corpus weight set to 0.3333333333333333
2023-07-13 05:20:38 INFO:Epochs: 1	Cost: 143602.4441303131
2023-07-13 05:21:49 INFO:Number of morph types: 426
2023-07-13 05:21:49 INFO:Corpus weight set to 0.6666666666666666
2023-07-13 05:21:49 INFO:Epochs: 2	Cost: 100398.89946765474
2023-07-13 05:22:52 INFO:Number of morph types: 571
2023-07-13 05:22:52 INFO:Corpus weight set to 1.111111111111111
2023-07-13 05:22:52 INFO:Epochs: 3	Cost: 145459.55213603872
2023-07-13 05:23:31 INFO:Number of morph types: 1270
2023-07-13 05:23:31 INFO:Corpus weight set to 1.6666666666666665
2023-07-13 05:23:31 INFO:Epochs: 4	Cost: 199753.69103876193
2023-07-13 05:24:01 INFO:Number of morph types: 1799
2023-07-13 05:24:01 INFO:Corpus weight set to 2.333333333333333
2023-07-13 05:24:01 INFO:Epochs: 5	Cost: 241652.04795457935
2023-07-13 05:24:26 INFO:Number of morph types: 2140
2023-07-13 05:24:26 INFO:Corpus weight set to 1.7499999999999998
2023-07-13 05:24:26 INFO:Epochs: 6	Cost: 204029.8204906978
2023-07-13 05:24:51 INFO:Number of morph types: 2029
2023-07-13 05:24:51 INFO:Corpus weight set to 1.3611111111111112
2023-07-13 05:24:51 INFO:Epochs: 7	Cost: 179315.55388933542
2023-07-13 05:25:19 INFO:Number of morph types: 1893
2023-07-13 05:25:19 INFO:Corpus weight set to 1.7013888888888888
2023-07-13 05:25:19 INFO:Epochs: 8	Cost: 197500.8807188662
2023-07-13 05:25:46 INFO:Number of morph types: 1949
2023-07-13 05:25:46 INFO:Corpus weight set to 2.0794753086419755
2023-07-13 05:25:46 INFO:Epochs: 9	Cost: 220946.87365844462
2023-07-13 05:26:11 INFO:Number of morph types: 2057
2023-07-13 05:26:11 INFO:Corpus weight set to 1.7328960905349797
2023-07-13 05:26:11 INFO:Epochs: 10	Cost: 201098.82042377317
2023-07-13 05:26:36 INFO:Number of morph types: 1995
2023-07-13 05:26:36 INFO:Epochs: 11	Cost: 200233.4242942059
2023-07-13 05:27:02 INFO:Number of morph types: 1999
2023-07-13 05:27:02 INFO:Epochs: 12	Cost: 200191.41428911022
2023-07-13 05:27:28 INFO:Number of morph types: 1999
2023-07-13 05:27:28 INFO:Epochs: 13	Cost: 200199.51028356186
2023-07-13 05:27:28 INFO:Done.
2023-07-13 05:27:28 INFO:Epochs: 13
2023-07-13 05:27:28 INFO:Final cost: 200199.51028356186
2023-07-13 05:27:28 INFO:Training time: 430.236s
2023-07-13 05:27:28 INFO:Saving model to './models/tokenizers/morfessors/morf_tox21_2000.bin'...
2023-07-13 05:27:28 INFO:Done.
