2023-07-23 09:48:56 INFO:Reading corpus from './datasets/cleaned_smilesDB.smi'...
2023-07-23 09:48:57 INFO:Detected utf-8 encoding
2023-07-23 09:48:59 INFO:Done.
2023-07-23 09:49:21 INFO:Compounds in training data: 258716 types / 258716 tokens
2023-07-23 09:49:21 INFO:Starting batch training
2023-07-23 09:49:21 INFO:Epochs: 0	Cost: 31429842.088340558
2023-07-23 10:54:45 INFO:Number of morph types: 73132
2023-07-23 10:54:45 INFO:Corpus weight set to 0.3333333333333333
2023-07-23 10:54:45 INFO:Epochs: 1	Cost: 7961510.644670142
2023-07-23 12:04:32 INFO:Number of morph types: 10775
2023-07-23 12:04:32 INFO:Corpus weight set to 0.16666666666666666
2023-07-23 12:04:32 INFO:Epochs: 2	Cost: 2478194.296426803
2023-07-23 13:16:23 INFO:Number of morph types: 5627
2023-07-23 13:16:23 INFO:Corpus weight set to 0.1
2023-07-23 13:16:23 INFO:Epochs: 3	Cost: 1500641.123048349
2023-07-23 14:29:23 INFO:Number of morph types: 3689
2023-07-23 14:29:23 INFO:Corpus weight set to 0.15000000000000002
2023-07-23 14:29:23 INFO:Epochs: 4	Cost: 2169186.6444562483
2023-07-23 15:41:57 INFO:Number of morph types: 4237
2023-07-23 15:41:57 INFO:Corpus weight set to 0.21000000000000002
2023-07-23 15:41:57 INFO:Epochs: 5	Cost: 2984668.7770683486
2023-07-23 16:53:52 INFO:Number of morph types: 5265
2023-07-23 16:53:52 INFO:Corpus weight set to 0.15750000000000003
2023-07-23 16:53:52 INFO:Epochs: 6	Cost: 2267821.8782403492
2023-07-23 18:05:54 INFO:Number of morph types: 4672
2023-07-23 18:05:54 INFO:Corpus weight set to 0.2025
2023-07-23 18:05:54 INFO:Epochs: 7	Cost: 2875029.9470566423
2023-07-23 19:17:31 INFO:Number of morph types: 5143
2023-07-23 19:17:31 INFO:Corpus weight set to 0.16200000000000003
2023-07-23 19:17:31 INFO:Epochs: 8	Cost: 2326896.6947396905
2023-07-23 20:29:15 INFO:Number of morph types: 4769
2023-07-23 20:29:15 INFO:Corpus weight set to 0.19800000000000006
2023-07-23 20:29:15 INFO:Epochs: 9	Cost: 2813179.43718175
2023-07-23 21:40:28 INFO:Number of morph types: 5109
2023-07-23 21:40:28 INFO:Corpus weight set to 0.16500000000000006
2023-07-23 21:40:28 INFO:Epochs: 10	Cost: 2366909.160560317
2023-07-23 22:51:49 INFO:Number of morph types: 4819
2023-07-23 22:51:49 INFO:Corpus weight set to 0.1950000000000001
2023-07-23 22:51:49 INFO:Epochs: 11	Cost: 2772074.0164636183
2023-07-24 00:03:14 INFO:Number of morph types: 5081
2023-07-24 00:03:14 INFO:Corpus weight set to 0.1671428571428572
2023-07-24 00:03:14 INFO:Epochs: 12	Cost: 2395480.975167436
2023-07-24 01:14:54 INFO:Number of morph types: 4867
2023-07-24 01:14:54 INFO:Corpus weight set to 0.19285714285714292
2023-07-24 01:14:54 INFO:Epochs: 13	Cost: 2742859.8664086293
2023-07-24 02:26:20 INFO:Number of morph types: 5067
2023-07-24 02:26:20 INFO:Corpus weight set to 0.16875000000000007
2023-07-24 02:26:20 INFO:Epochs: 14	Cost: 2416914.990121936
2023-07-24 03:37:38 INFO:Number of morph types: 4887
2023-07-24 03:37:38 INFO:Corpus weight set to 0.19125000000000006
2023-07-24 03:37:38 INFO:Epochs: 15	Cost: 2720918.327196677
2023-07-24 04:49:15 INFO:Number of morph types: 5058
2023-07-24 04:49:15 INFO:Corpus weight set to 0.17000000000000004
2023-07-24 04:49:15 INFO:Epochs: 16	Cost: 2433747.2755322764
2023-07-24 06:00:45 INFO:Number of morph types: 4904
2023-07-24 06:00:45 INFO:Corpus weight set to 0.19000000000000006
2023-07-24 06:00:45 INFO:Epochs: 17	Cost: 2704062.225016433
2023-07-24 07:12:16 INFO:Number of morph types: 5046
2023-07-24 07:12:16 INFO:Epochs: 18	Cost: 2704004.494038933
2023-07-24 08:23:42 INFO:Number of morph types: 5054
2023-07-24 08:23:42 INFO:Corpus weight set to 0.17190476190476198
2023-07-24 08:23:42 INFO:Epochs: 19	Cost: 2459854.5146827702
2023-07-24 09:35:24 INFO:Number of morph types: 4927
2023-07-24 09:35:24 INFO:Corpus weight set to 0.18909523809523818
2023-07-24 09:35:24 INFO:Epochs: 20	Cost: 2691606.528261113
2023-07-24 10:47:35 INFO:Number of morph types: 5053
2023-07-24 10:47:35 INFO:Corpus weight set to 0.17265217391304355
2023-07-24 10:47:35 INFO:Epochs: 21	Cost: 2469877.9960586736
2023-07-24 12:00:01 INFO:Number of morph types: 4939
2023-07-24 12:00:01 INFO:Corpus weight set to 0.18834782608695658
2023-07-24 12:00:01 INFO:Epochs: 22	Cost: 2681531.384642288
2023-07-24 13:12:44 INFO:Number of morph types: 5044
2023-07-24 13:12:44 INFO:Epochs: 23	Cost: 2681615.7929005316
2023-07-24 14:25:54 INFO:Number of morph types: 5046
2023-07-24 14:25:54 INFO:Epochs: 24	Cost: 2681578.3242199775
2023-07-24 14:25:54 INFO:Done.
2023-07-24 14:25:54 INFO:Epochs: 24
2023-07-24 14:25:54 INFO:Final cost: 2681578.3242199775
2023-07-24 14:25:54 INFO:Training time: 103018.343s
2023-07-24 14:25:54 INFO:Saving model to './models/tokenizers/morfessors/morf_smilesDB_5000.bin'...
2023-07-24 14:25:57 INFO:Done.
