2023-07-25 02:17:16 INFO:Reading corpus from './datasets/cleaned_smilesDB.smi'...
2023-07-25 02:17:17 INFO:Detected utf-8 encoding
2023-07-25 02:17:20 INFO:Done.
2023-07-25 02:17:41 INFO:Compounds in training data: 258716 types / 258716 tokens
2023-07-25 02:17:41 INFO:Starting batch training
2023-07-25 02:17:41 INFO:Epochs: 0	Cost: 31429842.088340558
2023-07-25 03:23:56 INFO:Number of morph types: 69816
2023-07-25 03:23:56 INFO:Corpus weight set to 0.3333333333333333
2023-07-25 03:23:56 INFO:Epochs: 1	Cost: 7725699.4755072985
2023-07-25 04:34:20 INFO:Number of morph types: 10750
2023-07-25 04:34:20 INFO:Corpus weight set to 0.6666666666666666
2023-07-25 04:34:20 INFO:Epochs: 2	Cost: 8938383.726139426
2023-07-25 05:42:28 INFO:Number of morph types: 19066
2023-07-25 05:42:28 INFO:Corpus weight set to 1.111111111111111
2023-07-25 05:42:28 INFO:Epochs: 3	Cost: 14155159.086246628
2023-07-25 06:47:30 INFO:Number of morph types: 35387
2023-07-25 06:47:30 INFO:Corpus weight set to 0.7407407407407406
2023-07-25 06:47:30 INFO:Epochs: 4	Cost: 9788876.302963588
2023-07-25 07:54:00 INFO:Number of morph types: 24022
2023-07-25 07:54:00 INFO:Corpus weight set to 0.529100529100529
2023-07-25 07:54:00 INFO:Epochs: 5	Cost: 7102331.578037717
2023-07-25 09:01:53 INFO:Number of morph types: 17455
2023-07-25 09:01:53 INFO:Corpus weight set to 0.7054673721340385
2023-07-25 09:01:53 INFO:Epochs: 6	Cost: 9170156.249112299
2023-07-25 10:08:56 INFO:Number of morph types: 20877
2023-07-25 10:08:56 INFO:Corpus weight set to 0.5486968449931412
2023-07-25 10:08:56 INFO:Epochs: 7	Cost: 7276505.3370124
2023-07-25 11:16:27 INFO:Number of morph types: 17951
2023-07-25 11:16:27 INFO:Corpus weight set to 0.6858710562414265
2023-07-25 11:16:27 INFO:Epochs: 8	Cost: 8921985.968699107
2023-07-25 12:24:09 INFO:Number of morph types: 20382
2023-07-25 12:24:09 INFO:Corpus weight set to 0.5611672278338944
2023-07-25 12:24:09 INFO:Epochs: 9	Cost: 7418055.887513355
2023-07-25 13:32:06 INFO:Number of morph types: 18262
2023-07-25 13:32:06 INFO:Corpus weight set to 0.6734006734006732
2023-07-25 13:32:06 INFO:Epochs: 10	Cost: 8766765.863798456
2023-07-25 14:39:38 INFO:Number of morph types: 20114
2023-07-25 14:39:38 INFO:Epochs: 11	Cost: 8758514.28064944
2023-07-25 15:47:13 INFO:Number of morph types: 20176
2023-07-25 15:47:13 INFO:Epochs: 12	Cost: 8757701.924413783
2023-07-25 15:47:13 INFO:Done.
2023-07-25 15:47:13 INFO:Epochs: 12
2023-07-25 15:47:13 INFO:Final cost: 8757701.924413783
2023-07-25 15:47:13 INFO:Training time: 48596.460s
2023-07-25 15:47:13 INFO:Saving model to './models/tokenizers/morfessors/morf_smilesDB_20000.bin'...
2023-07-25 15:47:17 INFO:Done.
