2023-06-24 17:17:34 INFO:Reading corpus from '../datasets/pre_processed/tox21.smi'...
2023-06-24 17:17:34 INFO:Detected utf-8 encoding
2023-06-24 17:17:34 INFO:Done.
2023-06-24 17:17:34 INFO:Compounds in training data: 3079 types / 3079 tokens
2023-06-24 17:17:34 INFO:Starting batch training
2023-06-24 17:17:34 INFO:Epochs: 0	Cost: 223989.18578946654
2023-06-24 17:17:46 INFO:Number of morph types: 2187
2023-06-24 17:17:46 INFO:Corpus weight set to 3.0
2023-06-24 17:17:46 INFO:Epochs: 1	Cost: 284612.0863377883
2023-06-24 17:17:56 INFO:Number of morph types: 2353
2023-06-24 17:17:56 INFO:Corpus weight set to 6.0
2023-06-24 17:17:56 INFO:Epochs: 2	Cost: 407040.4460019404
2023-06-24 17:18:04 INFO:Number of morph types: 2792
2023-06-24 17:18:04 INFO:Corpus weight set to 10.0
2023-06-24 17:18:04 INFO:Epochs: 3	Cost: 547376.2547418391
2023-06-24 17:18:12 INFO:Number of morph types: 3175
2023-06-24 17:18:12 INFO:Corpus weight set to 15.0
2023-06-24 17:18:12 INFO:Epochs: 4	Cost: 708027.4323386936
2023-06-24 17:18:19 INFO:Number of morph types: 3235
2023-06-24 17:18:19 INFO:Corpus weight set to 21.0
2023-06-24 17:18:19 INFO:Epochs: 5	Cost: 905821.4006904899
2023-06-24 17:18:26 INFO:Number of morph types: 3234
2023-06-24 17:18:26 INFO:Corpus weight set to 28.0
2023-06-24 17:18:26 INFO:Epochs: 6	Cost: 1143967.1433967291
2023-06-24 17:18:34 INFO:Number of morph types: 3234
2023-06-24 17:18:34 INFO:Corpus weight set to 36.0
2023-06-24 17:18:34 INFO:Epochs: 7	Cost: 1417155.8399060466
2023-06-24 17:18:42 INFO:Number of morph types: 3234
2023-06-24 17:18:42 INFO:Corpus weight set to 45.0
2023-06-24 17:18:42 INFO:Epochs: 8	Cost: 1724529.0023659575
2023-06-24 17:18:50 INFO:Number of morph types: 3234
2023-06-24 17:18:50 INFO:Corpus weight set to 55.00000000000001
2023-06-24 17:18:50 INFO:Epochs: 9	Cost: 2066054.7384309338
2023-06-24 17:18:58 INFO:Number of morph types: 3234
2023-06-24 17:18:58 INFO:Corpus weight set to 66.0
2023-06-24 17:18:58 INFO:Epochs: 10	Cost: 2441733.048100964
2023-06-24 17:19:05 INFO:Number of morph types: 3234
2023-06-24 17:19:05 INFO:Corpus weight set to 78.0
2023-06-24 17:19:05 INFO:Epochs: 11	Cost: 2851563.931376064
2023-06-24 17:19:13 INFO:Number of morph types: 3234
2023-06-24 17:19:13 INFO:Corpus weight set to 91.0
2023-06-24 17:19:13 INFO:Epochs: 12	Cost: 3295547.3882562183
2023-06-24 17:19:22 INFO:Number of morph types: 3234
2023-06-24 17:19:22 INFO:Corpus weight set to 104.99999999999999
2023-06-24 17:19:22 INFO:Epochs: 13	Cost: 3773683.4187414357
2023-06-24 17:19:30 INFO:Number of morph types: 3234
2023-06-24 17:19:30 INFO:Corpus weight set to 119.99999999999997
2023-06-24 17:19:30 INFO:Epochs: 14	Cost: 4285972.02283171
2023-06-24 17:19:37 INFO:Number of morph types: 3234
2023-06-24 17:19:37 INFO:Corpus weight set to 135.99999999999997
2023-06-24 17:19:37 INFO:Epochs: 15	Cost: 4832413.200527051
2023-06-24 17:19:45 INFO:Number of morph types: 3234
2023-06-24 17:19:45 INFO:Corpus weight set to 152.99999999999997
2023-06-24 17:19:45 INFO:Epochs: 16	Cost: 5413006.951827455
2023-06-24 17:19:54 INFO:Number of morph types: 3234
2023-06-24 17:19:54 INFO:Corpus weight set to 170.99999999999997
2023-06-24 17:19:54 INFO:Epochs: 17	Cost: 6027753.276732915
2023-06-24 17:20:01 INFO:Number of morph types: 3234
2023-06-24 17:20:01 INFO:Corpus weight set to 189.99999999999997
2023-06-24 17:20:01 INFO:Epochs: 18	Cost: 6676652.17524344
2023-06-24 17:20:09 INFO:Number of morph types: 3234
2023-06-24 17:20:09 INFO:Corpus weight set to 209.99999999999994
2023-06-24 17:20:09 INFO:Epochs: 19	Cost: 7359703.647359023
2023-06-24 17:20:17 INFO:Number of morph types: 3234
2023-06-24 17:20:17 INFO:Corpus weight set to 230.99999999999994
2023-06-24 17:20:17 INFO:Epochs: 20	Cost: 8076907.693079664
2023-06-24 17:20:23 INFO:Number of morph types: 3234
2023-06-24 17:20:23 INFO:Corpus weight set to 252.99999999999997
2023-06-24 17:20:23 INFO:Epochs: 21	Cost: 8828264.312405374
2023-06-24 17:20:30 INFO:Number of morph types: 3234
2023-06-24 17:20:30 INFO:Corpus weight set to 275.99999999999994
2023-06-24 17:20:30 INFO:Epochs: 22	Cost: 9613773.505336137
2023-06-24 17:20:39 INFO:Number of morph types: 3234
2023-06-24 17:20:39 INFO:Corpus weight set to 299.99999999999994
2023-06-24 17:20:39 INFO:Epochs: 23	Cost: 10433435.271871965
2023-06-24 17:20:46 INFO:Number of morph types: 3234
2023-06-24 17:20:46 INFO:Corpus weight set to 324.99999999999994
2023-06-24 17:20:46 INFO:Epochs: 24	Cost: 11287249.612012858
2023-06-24 17:20:53 INFO:Number of morph types: 3234
2023-06-24 17:20:53 INFO:Corpus weight set to 350.99999999999994
2023-06-24 17:20:53 INFO:Epochs: 25	Cost: 12175216.52575881
2023-06-24 17:21:01 INFO:Number of morph types: 3234
2023-06-24 17:21:01 INFO:Corpus weight set to 377.99999999999994
2023-06-24 17:21:01 INFO:Epochs: 26	Cost: 13097336.01310982
2023-06-24 17:21:08 INFO:Number of morph types: 3234
2023-06-24 17:21:08 INFO:Corpus weight set to 405.9999999999999
2023-06-24 17:21:08 INFO:Epochs: 27	Cost: 14053608.074065892
2023-06-24 17:21:16 INFO:Number of morph types: 3234
2023-06-24 17:21:16 INFO:Corpus weight set to 434.9999999999999
2023-06-24 17:21:16 INFO:Epochs: 28	Cost: 15044032.708627028
2023-06-24 17:21:23 INFO:Number of morph types: 3234
2023-06-24 17:21:23 INFO:Corpus weight set to 464.99999999999983
2023-06-24 17:21:23 INFO:Epochs: 29	Cost: 16068609.916793218
2023-06-24 17:21:31 INFO:Number of morph types: 3234
2023-06-24 17:21:31 INFO:Corpus weight set to 495.99999999999983
2023-06-24 17:21:31 INFO:Epochs: 30	Cost: 17127339.698564474
2023-06-24 17:21:38 INFO:Number of morph types: 3234
2023-06-24 17:21:38 INFO:Corpus weight set to 527.9999999999998
2023-06-24 17:21:38 INFO:Epochs: 31	Cost: 18220222.053940795
2023-06-24 17:21:47 INFO:Number of morph types: 3234
2023-06-24 17:21:47 INFO:Corpus weight set to 560.9999999999998
2023-06-24 17:21:47 INFO:Epochs: 32	Cost: 19347256.982922174
2023-06-24 17:21:56 INFO:Number of morph types: 3234
2023-06-24 17:21:56 INFO:Corpus weight set to 594.9999999999998
2023-06-24 17:21:56 INFO:Epochs: 33	Cost: 20508444.48550861
2023-06-24 17:22:06 INFO:Number of morph types: 3234
2023-06-24 17:22:06 INFO:Corpus weight set to 629.9999999999998
2023-06-24 17:22:06 INFO:Epochs: 34	Cost: 21703784.56170011
2023-06-24 17:22:15 INFO:Number of morph types: 3234
2023-06-24 17:22:15 INFO:Corpus weight set to 665.9999999999998
2023-06-24 17:22:15 INFO:Epochs: 35	Cost: 22933277.211496674
2023-06-24 17:22:23 INFO:Number of morph types: 3234
2023-06-24 17:22:23 INFO:Corpus weight set to 702.9999999999998
2023-06-24 17:22:23 INFO:Epochs: 36	Cost: 24196922.434898295
2023-06-24 17:22:32 INFO:Number of morph types: 3234
2023-06-24 17:22:32 INFO:Corpus weight set to 740.9999999999997
2023-06-24 17:22:32 INFO:Epochs: 37	Cost: 25494720.231904972
2023-06-24 17:22:40 INFO:Number of morph types: 3234
2023-06-24 17:22:40 INFO:Corpus weight set to 779.9999999999995
2023-06-24 17:22:40 INFO:Epochs: 38	Cost: 26826670.602516714
2023-06-24 17:22:47 INFO:Number of morph types: 3234
2023-06-24 17:22:47 INFO:Corpus weight set to 819.9999999999995
2023-06-24 17:22:47 INFO:Epochs: 39	Cost: 28192773.54673352
2023-06-24 17:22:55 INFO:Number of morph types: 3234
2023-06-24 17:22:55 INFO:Corpus weight set to 860.9999999999995
2023-06-24 17:22:55 INFO:Epochs: 40	Cost: 29593029.064555384
2023-06-24 17:23:03 INFO:Number of morph types: 3234
2023-06-24 17:23:03 INFO:Corpus weight set to 902.9999999999995
2023-06-24 17:23:03 INFO:Epochs: 41	Cost: 31027437.15598231
2023-06-24 17:23:11 INFO:Number of morph types: 3234
2023-06-24 17:23:11 INFO:Corpus weight set to 945.9999999999995
2023-06-24 17:23:11 INFO:Epochs: 42	Cost: 32495997.821014304
2023-06-24 17:23:19 INFO:Number of morph types: 3234
2023-06-24 17:23:19 INFO:Corpus weight set to 989.9999999999997
2023-06-24 17:23:19 INFO:Epochs: 43	Cost: 33998711.05965137
2023-06-24 17:23:27 INFO:Number of morph types: 3234
2023-06-24 17:23:27 INFO:Corpus weight set to 1034.9999999999995
2023-06-24 17:23:27 INFO:Epochs: 44	Cost: 35535576.87189347
2023-06-24 17:23:35 INFO:Number of morph types: 3234
2023-06-24 17:23:35 INFO:Corpus weight set to 1080.9999999999995
2023-06-24 17:23:35 INFO:Epochs: 45	Cost: 37106595.25774065
2023-06-24 17:23:43 INFO:Number of morph types: 3234
2023-06-24 17:23:43 INFO:Corpus weight set to 1127.9999999999995
2023-06-24 17:23:43 INFO:Epochs: 46	Cost: 38711766.21719289
2023-06-24 17:23:52 INFO:Number of morph types: 3234
2023-06-24 17:23:53 INFO:Corpus weight set to 1175.9999999999995
2023-06-24 17:23:53 INFO:Epochs: 47	Cost: 40351089.750250176
2023-06-24 17:24:02 INFO:Number of morph types: 3234
2023-06-24 17:24:02 INFO:Corpus weight set to 1224.9999999999995
2023-06-24 17:24:02 INFO:Epochs: 48	Cost: 42024565.85691253
2023-06-24 17:24:10 INFO:Number of morph types: 3234
2023-06-24 17:24:10 INFO:Corpus weight set to 1274.9999999999995
2023-06-24 17:24:10 INFO:Epochs: 49	Cost: 43732194.53717995
2023-06-24 17:24:19 INFO:Number of morph types: 3234
2023-06-24 17:24:19 INFO:Corpus weight set to 1325.9999999999995
2023-06-24 17:24:19 INFO:Epochs: 50	Cost: 45473975.79105243
2023-06-24 17:24:19 INFO:Max number of epochs reached, stop training
2023-06-24 17:24:19 INFO:Done.
2023-06-24 17:24:19 INFO:Epochs: 50
2023-06-24 17:24:19 INFO:Final cost: 45473975.79105243
2023-06-24 17:24:19 INFO:Training time: 405.417s
2023-06-24 17:24:19 INFO:Saving model to '../models/tokenizers/tox21.bin'...
2023-06-24 17:24:19 INFO:Done.
