2023-07-12 22:16:45 INFO:Reading corpus from './datasets/pre_processed/clintox.smi'...
2023-07-12 22:16:45 INFO:Detected utf-8 encoding
2023-07-12 22:16:45 INFO:Done.
2023-07-12 22:16:45 INFO:Compounds in training data: 1476 types / 1476 tokens
2023-07-12 22:16:45 INFO:Starting batch training
2023-07-12 22:16:45 INFO:Epochs: 0	Cost: 245851.29798636414
2023-07-12 22:17:19 INFO:Number of morph types: 1656
2023-07-12 22:17:19 INFO:Corpus weight set to 0.3333333333333333
2023-07-12 22:17:19 INFO:Epochs: 1	Cost: 216564.17319874003
2023-07-12 22:19:41 INFO:Number of morph types: 1221
2023-07-12 22:19:41 INFO:Corpus weight set to 0.16666666666666666
2023-07-12 22:19:41 INFO:Epochs: 2	Cost: 129421.68084459254
2023-07-12 22:23:14 INFO:Number of morph types: 258
2023-07-12 22:23:14 INFO:Corpus weight set to 0.1
2023-07-12 22:23:14 INFO:Epochs: 3	Cost: 26267.607651159444
2023-07-12 22:26:08 INFO:Number of morph types: 176
2023-07-12 22:26:08 INFO:Corpus weight set to 0.15000000000000002
2023-07-12 22:26:08 INFO:Epochs: 4	Cost: 30605.2914228871
2023-07-12 22:28:47 INFO:Number of morph types: 198
2023-07-12 22:28:47 INFO:Epochs: 5	Cost: 30456.7941521291
2023-07-12 22:31:17 INFO:Number of morph types: 198
2023-07-12 22:31:17 INFO:Epochs: 6	Cost: 30305.93335290121
2023-07-12 22:33:44 INFO:Number of morph types: 198
2023-07-12 22:33:44 INFO:Epochs: 7	Cost: 30189.986371837287
2023-07-12 22:36:10 INFO:Number of morph types: 198
2023-07-12 22:36:10 INFO:Epochs: 8	Cost: 30178.904322740316
2023-07-12 22:38:43 INFO:Number of morph types: 197
2023-07-12 22:38:43 INFO:Corpus weight set to 0.18333333333333338
2023-07-12 22:38:43 INFO:Epochs: 9	Cost: 35327.23535705143
2023-07-12 22:41:18 INFO:Number of morph types: 210
2023-07-12 22:41:18 INFO:Corpus weight set to 0.15277777777777782
2023-07-12 22:41:18 INFO:Epochs: 10	Cost: 30555.29750481915
2023-07-12 22:43:39 INFO:Number of morph types: 197
2023-07-12 22:43:39 INFO:Corpus weight set to 0.1805555555555556
2023-07-12 22:43:39 INFO:Epochs: 11	Cost: 34756.02284314746
2023-07-12 22:45:59 INFO:Number of morph types: 209
2023-07-12 22:45:59 INFO:Corpus weight set to 0.1547619047619048
2023-07-12 22:45:59 INFO:Epochs: 12	Cost: 30861.72187757687
2023-07-12 22:48:19 INFO:Number of morph types: 197
2023-07-12 22:48:19 INFO:Corpus weight set to 0.1785714285714286
2023-07-12 22:48:19 INFO:Epochs: 13	Cost: 34463.9362617194
2023-07-12 22:50:39 INFO:Number of morph types: 206
2023-07-12 22:50:39 INFO:Corpus weight set to 0.15625000000000003
2023-07-12 22:50:39 INFO:Epochs: 14	Cost: 31085.97273641055
2023-07-12 22:52:58 INFO:Number of morph types: 200
2023-07-12 22:52:58 INFO:Epochs: 15	Cost: 31044.175243423175
2023-07-12 22:55:18 INFO:Number of morph types: 200
2023-07-12 22:55:18 INFO:Epochs: 16	Cost: 31037.466999676675
2023-07-12 22:55:18 INFO:Done.
2023-07-12 22:55:18 INFO:Epochs: 16
2023-07-12 22:55:18 INFO:Final cost: 31037.466999676675
2023-07-12 22:55:18 INFO:Training time: 2312.971s
2023-07-12 22:55:18 INFO:Saving model to './models/tokenizers/morfessors/morf_clintox_200.bin'...
2023-07-12 22:55:18 INFO:Done.
