2023-07-12 18:00:34 INFO:Reading corpus from './datasets/pre_processed/clintox.smi'...
2023-07-12 18:00:34 INFO:Detected utf-8 encoding
2023-07-12 18:00:34 INFO:Done.
2023-07-12 18:00:35 INFO:Compounds in training data: 1476 types / 1476 tokens
2023-07-12 18:00:35 INFO:Starting batch training
2023-07-12 18:00:35 INFO:Epochs: 0	Cost: 245851.29798636414
2023-07-12 18:01:06 INFO:Number of morph types: 1666
2023-07-12 18:01:06 INFO:Corpus weight set to 0.3333333333333333
2023-07-12 18:01:06 INFO:Epochs: 1	Cost: 219398.95880451938
2023-07-12 18:03:58 INFO:Number of morph types: 1126
2023-07-12 18:03:58 INFO:Corpus weight set to 0.16666666666666666
2023-07-12 18:03:58 INFO:Epochs: 2	Cost: 111972.08659567841
2023-07-12 18:07:15 INFO:Number of morph types: 300
2023-07-12 18:07:15 INFO:Corpus weight set to 0.1
2023-07-12 18:07:15 INFO:Epochs: 3	Cost: 30268.444160506897
2023-07-12 18:10:04 INFO:Number of morph types: 184
2023-07-12 18:10:04 INFO:Corpus weight set to 0.06666666666666667
2023-07-12 18:10:04 INFO:Epochs: 4	Cost: 17571.757349606545
2023-07-12 18:12:46 INFO:Number of morph types: 159
2023-07-12 18:12:46 INFO:Corpus weight set to 0.047619047619047616
2023-07-12 18:12:46 INFO:Epochs: 5	Cost: 14123.532861532356
2023-07-12 18:15:38 INFO:Number of morph types: 144
2023-07-12 18:15:38 INFO:Corpus weight set to 0.03571428571428571
2023-07-12 18:15:38 INFO:Epochs: 6	Cost: 11997.632873984261
2023-07-12 18:18:12 INFO:Number of morph types: 138
2023-07-12 18:18:12 INFO:Corpus weight set to 0.02777777777777778
2023-07-12 18:18:12 INFO:Epochs: 7	Cost: 10590.036164719215
2023-07-12 18:20:45 INFO:Number of morph types: 135
2023-07-12 18:20:45 INFO:Corpus weight set to 0.022222222222222227
2023-07-12 18:20:45 INFO:Epochs: 8	Cost: 9586.629944286538
2023-07-12 18:23:17 INFO:Number of morph types: 131
2023-07-12 18:23:17 INFO:Corpus weight set to 0.018181818181818184
2023-07-12 18:23:17 INFO:Epochs: 9	Cost: 8833.545314104793
2023-07-12 18:25:48 INFO:Number of morph types: 125
2023-07-12 18:25:48 INFO:Corpus weight set to 0.015151515151515154
2023-07-12 18:25:48 INFO:Epochs: 10	Cost: 8259.197877646693
2023-07-12 18:28:20 INFO:Number of morph types: 123
2023-07-12 18:28:20 INFO:Corpus weight set to 0.012820512820512822
2023-07-12 18:28:20 INFO:Epochs: 11	Cost: 7817.1863251237555
2023-07-12 18:30:53 INFO:Number of morph types: 119
2023-07-12 18:30:53 INFO:Corpus weight set to 0.01098901098901099
2023-07-12 18:30:53 INFO:Epochs: 12	Cost: 7438.7273076726615
2023-07-12 18:33:26 INFO:Number of morph types: 117
2023-07-12 18:33:26 INFO:Corpus weight set to 0.009523809523809525
2023-07-12 18:33:26 INFO:Epochs: 13	Cost: 7168.383101911562
2023-07-12 18:35:58 INFO:Number of morph types: 115
2023-07-12 18:35:58 INFO:Corpus weight set to 0.008333333333333335
2023-07-12 18:35:58 INFO:Epochs: 14	Cost: 6929.244649028651
2023-07-12 18:38:28 INFO:Number of morph types: 115
2023-07-12 18:38:28 INFO:Corpus weight set to 0.00735294117647059
2023-07-12 18:38:28 INFO:Epochs: 15	Cost: 6736.868677962422
2023-07-12 18:40:58 INFO:Number of morph types: 114
2023-07-12 18:40:58 INFO:Corpus weight set to 0.006535947712418302
2023-07-12 18:40:58 INFO:Epochs: 16	Cost: 6571.772318291409
2023-07-12 18:43:30 INFO:Number of morph types: 114
2023-07-12 18:43:30 INFO:Corpus weight set to 0.00584795321637427
2023-07-12 18:43:30 INFO:Epochs: 17	Cost: 6435.93485425783
2023-07-12 18:46:11 INFO:Number of morph types: 111
2023-07-12 18:46:11 INFO:Corpus weight set to 0.005263157894736843
2023-07-12 18:46:11 INFO:Epochs: 18	Cost: 6313.676267355535
2023-07-12 18:48:44 INFO:Number of morph types: 109
2023-07-12 18:48:44 INFO:Corpus weight set to 0.004761904761904763
2023-07-12 18:48:44 INFO:Epochs: 19	Cost: 6187.812015946754
2023-07-12 18:51:17 INFO:Number of morph types: 109
2023-07-12 18:51:17 INFO:Corpus weight set to 0.00432900432900433
2023-07-12 18:51:17 INFO:Epochs: 20	Cost: 6100.42792459625
2023-07-12 18:53:46 INFO:Number of morph types: 108
2023-07-12 18:53:46 INFO:Corpus weight set to 0.003952569169960475
2023-07-12 18:53:46 INFO:Epochs: 21	Cost: 6021.66303742827
2023-07-12 18:56:16 INFO:Number of morph types: 108
2023-07-12 18:56:16 INFO:Corpus weight set to 0.0036231884057971024
2023-07-12 18:56:16 INFO:Epochs: 22	Cost: 5953.696933146824
2023-07-12 18:58:46 INFO:Number of morph types: 108
2023-07-12 18:58:46 INFO:Corpus weight set to 0.0033333333333333344
2023-07-12 18:58:46 INFO:Epochs: 23	Cost: 5893.975560342645
2023-07-12 19:01:18 INFO:Number of morph types: 107
2023-07-12 19:01:18 INFO:Corpus weight set to 0.0030769230769230782
2023-07-12 19:01:18 INFO:Epochs: 24	Cost: 5836.216102476499
2023-07-12 19:03:50 INFO:Number of morph types: 107
2023-07-12 19:03:50 INFO:Corpus weight set to 0.00284900284900285
2023-07-12 19:03:50 INFO:Epochs: 25	Cost: 5788.891402469586
2023-07-12 19:06:21 INFO:Number of morph types: 107
2023-07-12 19:06:21 INFO:Corpus weight set to 0.0026455026455026467
2023-07-12 19:06:21 INFO:Epochs: 26	Cost: 5746.622269248623
2023-07-12 19:08:54 INFO:Number of morph types: 107
2023-07-12 19:08:54 INFO:Corpus weight set to 0.0024630541871921196
2023-07-12 19:08:54 INFO:Epochs: 27	Cost: 5708.64583634223
2023-07-12 19:11:26 INFO:Number of morph types: 107
2023-07-12 19:11:26 INFO:Corpus weight set to 0.002298850574712645
2023-07-12 19:11:26 INFO:Epochs: 28	Cost: 5674.64638844342
2023-07-12 19:13:58 INFO:Number of morph types: 107
2023-07-12 19:13:58 INFO:Corpus weight set to 0.0021505376344086034
2023-07-12 19:13:58 INFO:Epochs: 29	Cost: 5643.864096044318
2023-07-12 19:16:30 INFO:Number of morph types: 107
2023-07-12 19:16:30 INFO:Corpus weight set to 0.0020161290322580658
2023-07-12 19:16:30 INFO:Epochs: 30	Cost: 5615.9558808389165
2023-07-12 19:19:01 INFO:Number of morph types: 107
2023-07-12 19:19:01 INFO:Corpus weight set to 0.0018939393939393953
2023-07-12 19:19:01 INFO:Epochs: 31	Cost: 5590.584776111033
2023-07-12 19:21:34 INFO:Number of morph types: 107
2023-07-12 19:21:34 INFO:Corpus weight set to 0.0017825311942959014
2023-07-12 19:21:34 INFO:Epochs: 32	Cost: 5567.442233912582
2023-07-12 19:24:05 INFO:Number of morph types: 107
2023-07-12 19:24:05 INFO:Corpus weight set to 0.0016806722689075642
2023-07-12 19:24:05 INFO:Epochs: 33	Cost: 5546.30260425881
2023-07-12 19:26:37 INFO:Number of morph types: 107
2023-07-12 19:26:37 INFO:Corpus weight set to 0.0015873015873015884
2023-07-12 19:26:37 INFO:Epochs: 34	Cost: 5526.9064226715855
2023-07-12 19:29:09 INFO:Number of morph types: 107
2023-07-12 19:29:09 INFO:Corpus weight set to 0.0015015015015015026
2023-07-12 19:29:09 INFO:Epochs: 35	Cost: 5509.091624317436
2023-07-12 19:31:39 INFO:Number of morph types: 107
2023-07-12 19:31:39 INFO:Corpus weight set to 0.001422475106685634
2023-07-12 19:31:39 INFO:Epochs: 36	Cost: 5492.687275073089
2023-07-12 19:34:08 INFO:Number of morph types: 107
2023-07-12 19:34:08 INFO:Corpus weight set to 0.00134952766531714
2023-07-12 19:34:08 INFO:Epochs: 37	Cost: 5477.537072588633
2023-07-12 19:36:39 INFO:Number of morph types: 107
2023-07-12 19:36:39 INFO:Corpus weight set to 0.0012820512820512831
2023-07-12 19:36:39 INFO:Epochs: 38	Cost: 5463.534090225809
2023-07-12 19:39:10 INFO:Number of morph types: 107
2023-07-12 19:39:10 INFO:Corpus weight set to 0.001219512195121952
2023-07-12 19:39:10 INFO:Epochs: 39	Cost: 5450.541768787306
2023-07-12 19:41:39 INFO:Number of morph types: 107
2023-07-12 19:41:39 INFO:Corpus weight set to 0.0011614401858304306
2023-07-12 19:41:39 INFO:Epochs: 40	Cost: 5438.484191868585
2023-07-12 19:44:09 INFO:Number of morph types: 107
2023-07-12 19:44:09 INFO:Corpus weight set to 0.0011074197120708757
2023-07-12 19:44:09 INFO:Epochs: 41	Cost: 5427.264710430265
2023-07-12 19:46:39 INFO:Number of morph types: 107
2023-07-12 19:46:39 INFO:Corpus weight set to 0.0010570824524312903
2023-07-12 19:46:39 INFO:Epochs: 42	Cost: 5416.816241812867
2023-07-12 19:49:10 INFO:Number of morph types: 106
2023-07-12 19:49:10 INFO:Corpus weight set to 0.0010101010101010108
2023-07-12 19:49:10 INFO:Epochs: 43	Cost: 5406.666219293224
2023-07-12 19:51:42 INFO:Number of morph types: 106
2023-07-12 19:51:42 INFO:Corpus weight set to 0.0009661835748792277
2023-07-12 19:51:42 INFO:Epochs: 44	Cost: 5397.2857871967735
2023-07-12 19:54:14 INFO:Number of morph types: 106
2023-07-12 19:54:14 INFO:Corpus weight set to 0.0009250693802035158
2023-07-12 19:54:14 INFO:Epochs: 45	Cost: 5388.465684578287
2023-07-12 19:56:44 INFO:Number of morph types: 106
2023-07-12 19:56:44 INFO:Corpus weight set to 0.0008865248226950361
2023-07-12 19:56:44 INFO:Epochs: 46	Cost: 5380.2154422003605
2023-07-12 19:59:14 INFO:Number of morph types: 106
2023-07-12 19:59:14 INFO:Corpus weight set to 0.0008503401360544223
2023-07-12 19:59:14 INFO:Epochs: 47	Cost: 5372.488446641807
2023-07-12 20:01:44 INFO:Number of morph types: 106
2023-07-12 20:01:44 INFO:Corpus weight set to 0.0008163265306122454
2023-07-12 20:01:44 INFO:Epochs: 48	Cost: 5365.189898743234
2023-07-12 20:04:16 INFO:Number of morph types: 105
2023-07-12 20:04:16 INFO:Corpus weight set to 0.0007843137254901965
2023-07-12 20:04:16 INFO:Epochs: 49	Cost: 5358.032474389724
2023-07-12 20:06:49 INFO:Number of morph types: 104
2023-07-12 20:06:49 INFO:Corpus weight set to 0.0007541478129713427
2023-07-12 20:06:49 INFO:Epochs: 50	Cost: 5351.08626576934
2023-07-12 20:09:21 INFO:Number of morph types: 104
2023-07-12 20:09:21 INFO:Corpus weight set to 0.0007256894049346882
2023-07-12 20:09:21 INFO:Epochs: 51	Cost: 5344.354270119249
2023-07-12 20:11:55 INFO:Number of morph types: 104
2023-07-12 20:11:55 INFO:Corpus weight set to 0.0006988120195667367
2023-07-12 20:11:55 INFO:Epochs: 52	Cost: 5337.996274229676
2023-07-12 20:14:29 INFO:Number of morph types: 104
2023-07-12 20:14:29 INFO:Corpus weight set to 0.0006734006734006735
2023-07-12 20:14:29 INFO:Epochs: 53	Cost: 5331.985078119074
2023-07-12 20:17:01 INFO:Number of morph types: 104
2023-07-12 20:17:01 INFO:Corpus weight set to 0.0006493506493506495
2023-07-12 20:17:01 INFO:Epochs: 54	Cost: 5326.295910373804
2023-07-12 20:19:34 INFO:Number of morph types: 104
2023-07-12 20:19:34 INFO:Corpus weight set to 0.0006265664160401003
2023-07-12 20:19:34 INFO:Epochs: 55	Cost: 5320.90617251135
2023-07-12 20:22:08 INFO:Number of morph types: 104
2023-07-12 20:22:08 INFO:Corpus weight set to 0.0006049606775559589
2023-07-12 20:22:08 INFO:Epochs: 56	Cost: 5315.795214197466
2023-07-12 20:24:40 INFO:Number of morph types: 104
2023-07-12 20:24:40 INFO:Corpus weight set to 0.0005844535359438924
2023-07-12 20:24:40 INFO:Epochs: 57	Cost: 5310.944135122015
2023-07-12 20:27:12 INFO:Number of morph types: 104
2023-07-12 20:27:12 INFO:Corpus weight set to 0.0005649717514124293
2023-07-12 20:27:12 INFO:Epochs: 58	Cost: 5306.335610001998
2023-07-12 20:29:44 INFO:Number of morph types: 104
2023-07-12 20:29:44 INFO:Corpus weight set to 0.000546448087431694
2023-07-12 20:29:44 INFO:Epochs: 59	Cost: 5301.95373366017
2023-07-12 20:32:17 INFO:Number of morph types: 104
2023-07-12 20:32:17 INFO:Corpus weight set to 0.0005288207297726071
2023-07-12 20:32:17 INFO:Epochs: 60	Cost: 5297.783883594778
2023-07-12 20:34:51 INFO:Number of morph types: 104
2023-07-12 20:34:51 INFO:Corpus weight set to 0.0005120327700972862
2023-07-12 20:34:51 INFO:Epochs: 61	Cost: 5293.81259781998
2023-07-12 20:37:23 INFO:Number of morph types: 104
2023-07-12 20:37:23 INFO:Corpus weight set to 0.000496031746031746
2023-07-12 20:37:23 INFO:Epochs: 62	Cost: 5290.027466067758
2023-07-12 20:39:55 INFO:Number of morph types: 104
2023-07-12 20:39:55 INFO:Corpus weight set to 0.0004807692307692308
2023-07-12 20:39:55 INFO:Epochs: 63	Cost: 5286.417032705825
2023-07-12 20:42:27 INFO:Number of morph types: 104
2023-07-12 20:42:27 INFO:Corpus weight set to 0.00046620046620046625
2023-07-12 20:42:27 INFO:Epochs: 64	Cost: 5282.970709952891
2023-07-12 20:45:01 INFO:Number of morph types: 104
2023-07-12 20:45:01 INFO:Corpus weight set to 0.0004522840343735867
2023-07-12 20:45:01 INFO:Epochs: 65	Cost: 5279.678700161477
2023-07-12 20:47:33 INFO:Number of morph types: 104
2023-07-12 20:47:33 INFO:Corpus weight set to 0.0004389815627743636
2023-07-12 20:47:33 INFO:Epochs: 66	Cost: 5276.5319260971555
2023-07-12 20:50:05 INFO:Number of morph types: 104
2023-07-12 20:50:05 INFO:Corpus weight set to 0.0004262574595055414
2023-07-12 20:50:05 INFO:Epochs: 67	Cost: 5273.521968298763
2023-07-12 20:52:37 INFO:Number of morph types: 104
2023-07-12 20:52:37 INFO:Corpus weight set to 0.00041407867494824027
2023-07-12 20:52:37 INFO:Epochs: 68	Cost: 5270.641008693368
2023-07-12 20:55:10 INFO:Number of morph types: 104
2023-07-12 20:55:10 INFO:Corpus weight set to 0.0004024144869215293
2023-07-12 20:55:10 INFO:Epochs: 69	Cost: 5267.881779776678
2023-07-12 20:57:41 INFO:Number of morph types: 104
2023-07-12 20:57:41 INFO:Corpus weight set to 0.0003912363067292646
2023-07-12 20:57:41 INFO:Epochs: 70	Cost: 5265.237518733415
2023-07-12 21:00:12 INFO:Number of morph types: 104
2023-07-12 21:00:12 INFO:Corpus weight set to 0.0003805175038051752
2023-07-12 21:00:12 INFO:Epochs: 71	Cost: 5262.70192595421
2023-07-12 21:02:45 INFO:Number of morph types: 104
2023-07-12 21:02:45 INFO:Corpus weight set to 0.0003702332469455759
2023-07-12 21:02:45 INFO:Epochs: 72	Cost: 5260.2691274782255
2023-07-12 21:05:18 INFO:Number of morph types: 104
2023-07-12 21:05:18 INFO:Corpus weight set to 0.00036036036036036053
2023-07-12 21:05:18 INFO:Epochs: 73	Cost: 5257.933640942911
2023-07-12 21:07:56 INFO:Number of morph types: 104
2023-07-12 21:07:56 INFO:Corpus weight set to 0.00035087719298245633
2023-07-12 21:07:56 INFO:Epochs: 74	Cost: 5255.69034466714
2023-07-12 21:10:33 INFO:Number of morph types: 104
2023-07-12 21:10:33 INFO:Corpus weight set to 0.00034176349965823674
2023-07-12 21:10:33 INFO:Epochs: 75	Cost: 5253.534449546398
2023-07-12 21:13:16 INFO:Number of morph types: 104
2023-07-12 21:13:16 INFO:Corpus weight set to 0.0003330003330003332
2023-07-12 21:13:16 INFO:Epochs: 76	Cost: 5251.461473470524
2023-07-12 21:15:48 INFO:Number of morph types: 104
2023-07-12 21:15:48 INFO:Corpus weight set to 0.0003245699448231096
2023-07-12 21:15:48 INFO:Epochs: 77	Cost: 5249.4672180065
2023-07-12 21:18:20 INFO:Number of morph types: 104
2023-07-12 21:18:20 INFO:Corpus weight set to 0.00031645569620253187
2023-07-12 21:18:20 INFO:Epochs: 78	Cost: 5247.5477471243275
2023-07-12 21:20:52 INFO:Number of morph types: 104
2023-07-12 21:20:52 INFO:Corpus weight set to 0.00030864197530864224
2023-07-12 21:20:52 INFO:Epochs: 79	Cost: 5245.699367757443
2023-07-12 21:23:24 INFO:Number of morph types: 104
2023-07-12 21:23:24 INFO:Corpus weight set to 0.0003011141222523339
2023-07-12 21:23:24 INFO:Epochs: 80	Cost: 5243.918612027398
2023-07-12 21:26:08 INFO:Number of morph types: 104
2023-07-12 21:26:08 INFO:Corpus weight set to 0.00029385836027034993
2023-07-12 21:26:08 INFO:Epochs: 81	Cost: 5242.202220963797
2023-07-12 21:28:41 INFO:Number of morph types: 104
2023-07-12 21:28:41 INFO:Corpus weight set to 0.0002868617326448654
2023-07-12 21:28:41 INFO:Epochs: 82	Cost: 5240.547129582376
2023-07-12 21:31:26 INFO:Number of morph types: 104
2023-07-12 21:31:26 INFO:Corpus weight set to 0.0002801120448179274
2023-07-12 21:31:26 INFO:Epochs: 83	Cost: 5238.950453192644
2023-07-12 21:34:04 INFO:Number of morph types: 104
2023-07-12 21:34:04 INFO:Corpus weight set to 0.00027359781121751053
2023-07-12 21:34:04 INFO:Epochs: 84	Cost: 5237.409474817286
2023-07-12 21:36:41 INFO:Number of morph types: 104
2023-07-12 21:36:41 INFO:Corpus weight set to 0.0002673082063619356
2023-07-12 21:36:41 INFO:Epochs: 85	Cost: 5235.921633629308
2023-07-12 21:39:29 INFO:Number of morph types: 104
2023-07-12 21:39:29 INFO:Corpus weight set to 0.00026123301985370975
2023-07-12 21:39:29 INFO:Epochs: 86	Cost: 5234.4845143008715
2023-07-12 21:42:04 INFO:Number of morph types: 104
2023-07-12 21:42:04 INFO:Corpus weight set to 0.000255362614913177
2023-07-12 21:42:04 INFO:Epochs: 87	Cost: 5233.095837198686
2023-07-12 21:44:41 INFO:Number of morph types: 104
2023-07-12 21:44:41 INFO:Corpus weight set to 0.0002496878901373286
2023-07-12 21:44:41 INFO:Epochs: 88	Cost: 5231.753449334429
2023-07-12 21:47:28 INFO:Number of morph types: 104
2023-07-12 21:47:28 INFO:Corpus weight set to 0.00024420024420024447
2023-07-12 21:47:28 INFO:Epochs: 89	Cost: 5230.455316016297
2023-07-12 21:50:03 INFO:Number of morph types: 104
2023-07-12 21:50:03 INFO:Corpus weight set to 0.0002388915432393696
2023-07-12 21:50:03 INFO:Epochs: 90	Cost: 5229.1995131339
2023-07-12 21:52:40 INFO:Number of morph types: 104
2023-07-12 21:52:40 INFO:Corpus weight set to 0.0002337540906965875
2023-07-12 21:52:40 INFO:Epochs: 91	Cost: 5227.984220023192
2023-07-12 21:55:28 INFO:Number of morph types: 104
2023-07-12 21:55:28 INFO:Corpus weight set to 0.00022878059940517072
2023-07-12 21:55:28 INFO:Epochs: 92	Cost: 5226.807712864167
2023-07-12 21:58:04 INFO:Number of morph types: 104
2023-07-12 21:58:04 INFO:Corpus weight set to 0.00022396416573348293
2023-07-12 21:58:04 INFO:Epochs: 93	Cost: 5225.668358564002
2023-07-12 22:00:40 INFO:Number of morph types: 104
2023-07-12 22:00:40 INFO:Corpus weight set to 0.0002192982456140354
2023-07-12 22:00:40 INFO:Epochs: 94	Cost: 5224.564609087032
2023-07-12 22:03:30 INFO:Number of morph types: 104
2023-07-12 22:03:30 INFO:Corpus weight set to 0.0002147766323024058
2023-07-12 22:03:30 INFO:Epochs: 95	Cost: 5223.494996192887
2023-07-12 22:06:06 INFO:Number of morph types: 104
2023-07-12 22:06:06 INFO:Corpus weight set to 0.0002103934357248057
2023-07-12 22:06:06 INFO:Epochs: 96	Cost: 5222.458126551959
2023-07-12 22:08:41 INFO:Number of morph types: 104
2023-07-12 22:08:41 INFO:Corpus weight set to 0.00020614306328592074
2023-07-12 22:08:41 INFO:Epochs: 97	Cost: 5221.452677204354
2023-07-12 22:11:24 INFO:Number of morph types: 104
2023-07-12 22:11:24 INFO:Corpus weight set to 0.00020202020202020232
2023-07-12 22:11:24 INFO:Epochs: 98	Cost: 5220.477391338213
2023-07-12 22:14:08 INFO:Number of morph types: 104
2023-07-12 22:14:08 INFO:Corpus weight set to 0.00019801980198019833
2023-07-12 22:14:08 INFO:Epochs: 99	Cost: 5219.531074360551
2023-07-12 22:16:45 INFO:Number of morph types: 104
2023-07-12 22:16:45 INFO:Corpus weight set to 0.00019413706076490032
2023-07-12 22:16:45 INFO:Epochs: 100	Cost: 5218.612590236178
2023-07-12 22:16:45 INFO:Max number of epochs reached, stop training
2023-07-12 22:16:45 INFO:Done.
2023-07-12 22:16:45 INFO:Epochs: 100
2023-07-12 22:16:45 INFO:Final cost: 5218.612590236178
2023-07-12 22:16:45 INFO:Training time: 15370.287s
2023-07-12 22:16:45 INFO:Saving model to './models/tokenizers/morfessors/morf_clintox_100.bin'...
2023-07-12 22:16:45 INFO:Done.
