2023-07-03 23:21:52 INFO:Reading corpus from '../datasets/pre_processed/clintox.smi'...
2023-07-03 23:21:52 INFO:Detected utf-8 encoding
2023-07-03 23:21:52 INFO:Done.
2023-07-03 23:21:52 INFO:Compounds in training data: 1476 types / 1476 tokens
2023-07-03 23:21:52 INFO:Starting batch training
2023-07-03 23:21:52 INFO:Epochs: 0	Cost: 245851.29798636414
2023-07-03 23:22:07 INFO:Number of morph types: 1672
2023-07-03 23:22:07 INFO:Corpus weight set to 0.3333333333333333
2023-07-03 23:22:07 INFO:Epochs: 1	Cost: 218346.76692516397
2023-07-03 23:23:11 INFO:Number of morph types: 1288
2023-07-03 23:23:11 INFO:Corpus weight set to 0.16666666666666666
2023-07-03 23:23:11 INFO:Epochs: 2	Cost: 140213.45578562608
2023-07-03 23:24:42 INFO:Number of morph types: 219
2023-07-03 23:24:42 INFO:Corpus weight set to 0.27777777777777773
2023-07-03 23:24:42 INFO:Epochs: 3	Cost: 51494.153642207544
2023-07-03 23:26:00 INFO:Number of morph types: 281
2023-07-03 23:26:00 INFO:Corpus weight set to 0.41666666666666663
2023-07-03 23:26:00 INFO:Epochs: 4	Cost: 70022.31809017344
2023-07-03 23:27:12 INFO:Number of morph types: 404
2023-07-03 23:27:12 INFO:Corpus weight set to 0.2976190476190476
2023-07-03 23:27:12 INFO:Epochs: 5	Cost: 53900.95212515071
2023-07-03 23:28:24 INFO:Number of morph types: 320
2023-07-03 23:28:24 INFO:Corpus weight set to 0.2232142857142857
2023-07-03 23:28:24 INFO:Epochs: 6	Cost: 41708.71631858856
2023-07-03 23:29:33 INFO:Number of morph types: 268
2023-07-03 23:29:33 INFO:Corpus weight set to 0.2869897959183673
2023-07-03 23:29:33 INFO:Epochs: 7	Cost: 50271.116386790854
2023-07-03 23:30:42 INFO:Number of morph types: 304
2023-07-03 23:30:42 INFO:Corpus weight set to 0.22959183673469385
2023-07-03 23:30:42 INFO:Epochs: 8	Cost: 42539.89444792124
2023-07-03 23:31:51 INFO:Number of morph types: 275
2023-07-03 23:31:51 INFO:Corpus weight set to 0.28061224489795916
2023-07-03 23:31:51 INFO:Epochs: 9	Cost: 49474.82084897958
2023-07-03 23:32:59 INFO:Number of morph types: 304
2023-07-03 23:32:59 INFO:Corpus weight set to 0.23384353741496597
2023-07-03 23:32:59 INFO:Epochs: 10	Cost: 43102.62326654262
2023-07-03 23:34:08 INFO:Number of morph types: 277
2023-07-03 23:34:08 INFO:Corpus weight set to 0.2763605442176871
2023-07-03 23:34:08 INFO:Epochs: 11	Cost: 48871.41963218914
2023-07-03 23:35:16 INFO:Number of morph types: 299
2023-07-03 23:35:16 INFO:Epochs: 12	Cost: 49034.326211421445
2023-07-03 23:36:23 INFO:Number of morph types: 302
2023-07-03 23:36:23 INFO:Epochs: 13	Cost: 49023.251428027805
2023-07-03 23:37:31 INFO:Number of morph types: 303
2023-07-03 23:37:31 INFO:Epochs: 14	Cost: 48997.012169875816
2023-07-03 23:38:38 INFO:Number of morph types: 303
2023-07-03 23:38:38 INFO:Epochs: 15	Cost: 48999.7064299605
2023-07-03 23:38:38 INFO:Done.
2023-07-03 23:38:38 INFO:Epochs: 15
2023-07-03 23:38:38 INFO:Final cost: 48999.7064299605
2023-07-03 23:38:38 INFO:Training time: 1005.821s
2023-07-03 23:38:38 INFO:Saving model to '../models/tokenizers/morf_clintox_300.bin'...
2023-07-03 23:38:38 INFO:Done.
