2023-07-13 06:56:42 INFO:Reading corpus from './datasets/cleaned_smilesDB.smi'...
2023-07-13 06:56:43 INFO:Detected utf-8 encoding
2023-07-13 06:56:45 INFO:Done.
2023-07-13 06:57:06 INFO:Compounds in training data: 258716 types / 258716 tokens
2023-07-13 06:57:06 INFO:Starting batch training
2023-07-13 06:57:06 INFO:Epochs: 0	Cost: 31429842.088340558
2023-07-13 08:01:03 INFO:Number of morph types: 71691
2023-07-13 08:01:03 INFO:Corpus weight set to 0.3333333333333333
2023-07-13 08:01:03 INFO:Epochs: 1	Cost: 7834780.19467378
2023-07-13 09:09:31 INFO:Number of morph types: 10709
2023-07-13 09:09:31 INFO:Corpus weight set to 0.16666666666666666
2023-07-13 09:09:31 INFO:Epochs: 2	Cost: 2475205.4877203954
2023-07-13 10:20:22 INFO:Number of morph types: 5562
2023-07-13 10:20:22 INFO:Corpus weight set to 0.1
2023-07-13 10:20:22 INFO:Epochs: 3	Cost: 1498582.9410397941
2023-07-13 11:32:16 INFO:Number of morph types: 3672
2023-07-13 11:32:16 INFO:Corpus weight set to 0.06666666666666667
2023-07-13 11:32:16 INFO:Epochs: 4	Cost: 1016847.4787702403
2023-07-13 12:45:17 INFO:Number of morph types: 2696
2023-07-13 12:45:17 INFO:Corpus weight set to 0.047619047619047616
2023-07-13 12:45:17 INFO:Epochs: 5	Cost: 738849.0200524355
2023-07-13 14:00:41 INFO:Number of morph types: 2005
2023-07-13 14:00:41 INFO:Corpus weight set to 0.03571428571428571
2023-07-13 14:00:41 INFO:Epochs: 6	Cost: 561795.8749693711
2023-07-13 15:17:05 INFO:Number of morph types: 1629
2023-07-13 15:17:05 INFO:Corpus weight set to 0.02777777777777778
2023-07-13 15:17:05 INFO:Epochs: 7	Cost: 443309.4160014261
2023-07-13 16:33:56 INFO:Number of morph types: 1344
2023-07-13 16:33:56 INFO:Corpus weight set to 0.022222222222222227
2023-07-13 16:33:56 INFO:Epochs: 8	Cost: 359389.82165861013
2023-07-13 17:51:29 INFO:Number of morph types: 1136
2023-07-13 17:51:29 INFO:Corpus weight set to 0.018181818181818184
2023-07-13 17:51:29 INFO:Epochs: 9	Cost: 297763.8726451552
2023-07-13 19:09:41 INFO:Number of morph types: 989
2023-07-13 19:09:41 INFO:Corpus weight set to 0.015151515151515154
2023-07-13 19:09:41 INFO:Epochs: 10	Cost: 251084.83212384518
2023-07-13 20:28:20 INFO:Number of morph types: 894
2023-07-13 20:28:20 INFO:Corpus weight set to 0.012820512820512822
2023-07-13 20:28:20 INFO:Epochs: 11	Cost: 215062.31139297283
2023-07-13 21:48:10 INFO:Number of morph types: 783
2023-07-13 21:48:10 INFO:Corpus weight set to 0.01098901098901099
2023-07-13 21:48:10 INFO:Epochs: 12	Cost: 186211.60751170843
2023-07-13 23:08:19 INFO:Number of morph types: 707
2023-07-13 23:08:19 INFO:Corpus weight set to 0.009523809523809525
2023-07-13 23:08:19 INFO:Epochs: 13	Cost: 163121.11525987496
2023-07-14 00:28:26 INFO:Number of morph types: 618
2023-07-14 00:28:26 INFO:Corpus weight set to 0.008333333333333335
2023-07-14 00:28:26 INFO:Epochs: 14	Cost: 143980.41432345688
2023-07-14 01:49:03 INFO:Number of morph types: 566
2023-07-14 01:49:03 INFO:Corpus weight set to 0.00735294117647059
2023-07-14 01:49:03 INFO:Epochs: 15	Cost: 128330.28746461609
2023-07-14 03:10:25 INFO:Number of morph types: 521
2023-07-14 03:10:25 INFO:Corpus weight set to 0.006535947712418302
2023-07-14 03:10:25 INFO:Epochs: 16	Cost: 115099.12235693641
2023-07-14 04:32:38 INFO:Number of morph types: 465
2023-07-14 04:32:38 INFO:Corpus weight set to 0.00584795321637427
2023-07-14 04:32:38 INFO:Epochs: 17	Cost: 103819.2527880705
2023-07-14 05:55:27 INFO:Number of morph types: 423
2023-07-14 05:55:27 INFO:Corpus weight set to 0.005263157894736843
2023-07-14 05:55:27 INFO:Epochs: 18	Cost: 94190.81362646539
2023-07-14 07:18:26 INFO:Number of morph types: 404
2023-07-14 07:18:26 INFO:Corpus weight set to 0.004761904761904763
2023-07-14 07:18:26 INFO:Epochs: 19	Cost: 85992.20465494238
2023-07-14 08:41:27 INFO:Number of morph types: 378
2023-07-14 08:41:27 INFO:Corpus weight set to 0.00432900432900433
2023-07-14 08:41:27 INFO:Epochs: 20	Cost: 78848.97646049374
2023-07-14 10:04:38 INFO:Number of morph types: 358
2023-07-14 10:04:38 INFO:Corpus weight set to 0.003952569169960475
2023-07-14 10:04:38 INFO:Epochs: 21	Cost: 72596.5308892725
2023-07-14 11:28:04 INFO:Number of morph types: 339
2023-07-14 11:28:04 INFO:Corpus weight set to 0.0036231884057971024
2023-07-14 11:28:04 INFO:Epochs: 22	Cost: 67074.38691226143
2023-07-14 12:52:09 INFO:Number of morph types: 324
2023-07-14 12:52:09 INFO:Corpus weight set to 0.0033333333333333344
2023-07-14 12:52:09 INFO:Epochs: 23	Cost: 62168.06930058854
2023-07-14 14:16:32 INFO:Number of morph types: 306
2023-07-14 14:16:32 INFO:Corpus weight set to 0.0030769230769230782
2023-07-14 14:16:32 INFO:Epochs: 24	Cost: 57826.04226143137
2023-07-14 15:40:35 INFO:Number of morph types: 299
2023-07-14 15:40:35 INFO:Corpus weight set to 0.00284900284900285
2023-07-14 15:40:35 INFO:Epochs: 25	Cost: 53995.87082283158
2023-07-14 17:05:05 INFO:Number of morph types: 283
2023-07-14 17:05:05 INFO:Corpus weight set to 0.0026455026455026467
2023-07-14 17:05:05 INFO:Epochs: 26	Cost: 50478.502891226985
2023-07-14 18:30:38 INFO:Number of morph types: 271
2023-07-14 18:30:38 INFO:Corpus weight set to 0.0024630541871921196
2023-07-14 18:30:38 INFO:Epochs: 27	Cost: 47339.357448970375
2023-07-14 19:55:58 INFO:Number of morph types: 266
2023-07-14 19:55:58 INFO:Corpus weight set to 0.002298850574712645
2023-07-14 19:55:58 INFO:Epochs: 28	Cost: 44540.77804899437
2023-07-14 21:21:38 INFO:Number of morph types: 257
2023-07-14 21:21:38 INFO:Corpus weight set to 0.0021505376344086034
2023-07-14 21:21:38 INFO:Epochs: 29	Cost: 41996.3503395692
2023-07-14 22:47:19 INFO:Number of morph types: 246
2023-07-14 22:47:19 INFO:Corpus weight set to 0.0020161290322580658
2023-07-14 22:47:19 INFO:Epochs: 30	Cost: 39656.50852708907
2023-07-15 00:12:55 INFO:Number of morph types: 238
2023-07-15 00:12:55 INFO:Corpus weight set to 0.0018939393939393953
2023-07-15 00:12:55 INFO:Epochs: 31	Cost: 37530.506994094394
2023-07-15 01:38:40 INFO:Number of morph types: 235
2023-07-15 01:38:40 INFO:Corpus weight set to 0.0017825311942959014
2023-07-15 01:38:40 INFO:Epochs: 32	Cost: 35610.51643069013
2023-07-15 03:04:59 INFO:Number of morph types: 223
2023-07-15 03:04:59 INFO:Corpus weight set to 0.0016806722689075642
2023-07-15 03:04:59 INFO:Epochs: 33	Cost: 33792.51290453421
2023-07-15 04:31:36 INFO:Number of morph types: 221
2023-07-15 04:31:36 INFO:Corpus weight set to 0.0015873015873015884
2023-07-15 04:31:36 INFO:Epochs: 34	Cost: 32159.138407313792
2023-07-15 06:00:08 INFO:Number of morph types: 197
2023-07-15 06:00:08 INFO:Corpus weight set to 0.0015015015015015026
2023-07-15 06:00:08 INFO:Epochs: 35	Cost: 30500.932718575168
2023-07-15 07:28:23 INFO:Number of morph types: 191
2023-07-15 07:28:23 INFO:Corpus weight set to 0.001422475106685634
2023-07-15 07:28:23 INFO:Epochs: 36	Cost: 29088.60252189487
2023-07-15 08:56:34 INFO:Number of morph types: 189
2023-07-15 08:56:34 INFO:Corpus weight set to 0.00134952766531714
2023-07-15 08:56:34 INFO:Epochs: 37	Cost: 27793.85024555738
2023-07-15 10:25:14 INFO:Number of morph types: 185
2023-07-15 10:25:14 INFO:Corpus weight set to 0.0012820512820512831
2023-07-15 10:25:14 INFO:Epochs: 38	Cost: 26592.661336563167
2023-07-15 11:54:24 INFO:Number of morph types: 180
2023-07-15 11:54:24 INFO:Corpus weight set to 0.001219512195121952
2023-07-15 11:54:24 INFO:Epochs: 39	Cost: 25456.237800102546
2023-07-15 13:23:19 INFO:Number of morph types: 175
2023-07-15 13:23:19 INFO:Corpus weight set to 0.0011614401858304306
2023-07-15 13:23:19 INFO:Epochs: 40	Cost: 24416.051168821603
2023-07-15 14:52:42 INFO:Number of morph types: 170
2023-07-15 14:52:42 INFO:Corpus weight set to 0.0011074197120708757
2023-07-15 14:52:42 INFO:Epochs: 41	Cost: 23421.59610072976
2023-07-15 16:22:24 INFO:Number of morph types: 164
2023-07-15 16:22:24 INFO:Corpus weight set to 0.0010570824524312903
2023-07-15 16:22:24 INFO:Epochs: 42	Cost: 22489.41832471654
2023-07-15 17:53:21 INFO:Number of morph types: 156
2023-07-15 17:53:21 INFO:Corpus weight set to 0.0010101010101010108
2023-07-15 17:53:21 INFO:Epochs: 43	Cost: 21594.56818358112
2023-07-15 19:24:11 INFO:Number of morph types: 155
2023-07-15 19:24:11 INFO:Corpus weight set to 0.0009661835748792277
2023-07-15 19:24:11 INFO:Epochs: 44	Cost: 20799.52276527839
2023-07-15 20:54:37 INFO:Number of morph types: 153
2023-07-15 20:54:37 INFO:Corpus weight set to 0.0009250693802035158
2023-07-15 20:54:37 INFO:Epochs: 45	Cost: 20050.817384612295
2023-07-15 22:26:02 INFO:Number of morph types: 146
2023-07-15 22:26:02 INFO:Corpus weight set to 0.0008865248226950361
2023-07-15 22:26:02 INFO:Epochs: 46	Cost: 19312.45398011201
2023-07-15 23:57:40 INFO:Number of morph types: 141
2023-07-15 23:57:40 INFO:Corpus weight set to 0.0008503401360544223
2023-07-15 23:57:40 INFO:Epochs: 47	Cost: 18619.910771404186
2023-07-16 01:29:57 INFO:Number of morph types: 141
2023-07-16 01:29:57 INFO:Corpus weight set to 0.0008163265306122454
2023-07-16 01:29:57 INFO:Epochs: 48	Cost: 17994.493500697587
2023-07-16 03:02:22 INFO:Number of morph types: 133
2023-07-16 03:02:22 INFO:Corpus weight set to 0.0007843137254901965
2023-07-16 03:02:22 INFO:Epochs: 49	Cost: 17363.827789676583
2023-07-16 04:35:08 INFO:Number of morph types: 131
2023-07-16 04:35:08 INFO:Corpus weight set to 0.0007541478129713427
2023-07-16 04:35:08 INFO:Epochs: 50	Cost: 16800.568132015975
2023-07-16 06:08:31 INFO:Number of morph types: 127
2023-07-16 06:08:31 INFO:Corpus weight set to 0.0007256894049346882
2023-07-16 06:08:31 INFO:Epochs: 51	Cost: 16260.005760596308
2023-07-16 07:41:30 INFO:Number of morph types: 127
2023-07-16 07:41:30 INFO:Corpus weight set to 0.0006988120195667367
2023-07-16 07:41:30 INFO:Epochs: 52	Cost: 15756.218499497874
2023-07-16 09:14:32 INFO:Number of morph types: 125
2023-07-16 09:14:32 INFO:Corpus weight set to 0.0006734006734006735
2023-07-16 09:14:32 INFO:Epochs: 53	Cost: 15277.576462589714
2023-07-16 10:47:56 INFO:Number of morph types: 124
2023-07-16 10:47:56 INFO:Corpus weight set to 0.0006493506493506495
2023-07-16 10:47:56 INFO:Epochs: 54	Cost: 14810.60338507027
2023-07-16 12:22:26 INFO:Number of morph types: 124
2023-07-16 12:22:26 INFO:Corpus weight set to 0.0006265664160401003
2023-07-16 12:22:26 INFO:Epochs: 55	Cost: 14381.800872174706
2023-07-16 13:56:53 INFO:Number of morph types: 123
2023-07-16 13:56:53 INFO:Corpus weight set to 0.0006049606775559589
2023-07-16 13:56:53 INFO:Epochs: 56	Cost: 13973.353092710915
2023-07-16 15:31:24 INFO:Number of morph types: 121
2023-07-16 15:31:24 INFO:Corpus weight set to 0.0005844535359438924
2023-07-16 15:31:24 INFO:Epochs: 57	Cost: 13575.670137422821
2023-07-16 17:06:55 INFO:Number of morph types: 113
2023-07-16 17:06:55 INFO:Corpus weight set to 0.0005649717514124293
2023-07-16 17:06:55 INFO:Epochs: 58	Cost: 13144.043294674408
2023-07-16 18:43:02 INFO:Number of morph types: 111
2023-07-16 18:43:02 INFO:Corpus weight set to 0.000546448087431694
2023-07-16 18:43:02 INFO:Epochs: 59	Cost: 12779.564306553893
2023-07-16 20:19:51 INFO:Number of morph types: 110
2023-07-16 20:19:51 INFO:Corpus weight set to 0.0005288207297726071
2023-07-16 20:19:51 INFO:Epochs: 60	Cost: 12438.675202337918
2023-07-16 21:56:29 INFO:Number of morph types: 107
2023-07-16 21:56:29 INFO:Corpus weight set to 0.0005120327700972862
2023-07-16 21:56:29 INFO:Epochs: 61	Cost: 12101.09373335371
2023-07-16 23:33:01 INFO:Number of morph types: 107
2023-07-16 23:33:01 INFO:Corpus weight set to 0.000496031746031746
2023-07-16 23:33:01 INFO:Epochs: 62	Cost: 11789.933394840644
2023-07-17 01:09:33 INFO:Number of morph types: 107
2023-07-17 01:09:33 INFO:Corpus weight set to 0.0004807692307692308
2023-07-17 01:09:33 INFO:Epochs: 63	Cost: 11493.3162496874
2023-07-17 02:45:59 INFO:Number of morph types: 107
2023-07-17 02:45:59 INFO:Corpus weight set to 0.00046620046620046625
2023-07-17 02:45:59 INFO:Epochs: 64	Cost: 11210.533640769248
2023-07-17 04:21:45 INFO:Number of morph types: 107
2023-07-17 04:21:45 INFO:Corpus weight set to 0.0004522840343735867
2023-07-17 04:21:45 INFO:Epochs: 65	Cost: 10940.150480433122
2023-07-17 05:57:13 INFO:Number of morph types: 107
2023-07-17 05:57:13 INFO:Corpus weight set to 0.0004389815627743636
2023-07-17 05:57:13 INFO:Epochs: 66	Cost: 10681.80023373393
2023-07-17 07:32:41 INFO:Number of morph types: 106
2023-07-17 07:32:41 INFO:Corpus weight set to 0.0004262574595055414
2023-07-17 07:32:41 INFO:Epochs: 67	Cost: 10431.778059777731
2023-07-17 09:10:51 INFO:Number of morph types: 95
2023-07-17 09:10:51 INFO:Corpus weight set to 0.00043879444360864553
2023-07-17 09:10:51 INFO:Epochs: 68	Cost: 10621.589654471005
2023-07-17 10:49:15 INFO:Number of morph types: 95
2023-07-17 10:49:15 INFO:Corpus weight set to 0.00045151312313353376
2023-07-17 10:49:15 INFO:Epochs: 69	Cost: 10872.133169093273
2023-07-17 12:27:41 INFO:Number of morph types: 95
2023-07-17 12:27:41 INFO:Corpus weight set to 0.0004644134980802061
2023-07-17 12:27:41 INFO:Epochs: 70	Cost: 11126.740679401359
2023-07-17 14:06:23 INFO:Number of morph types: 96
2023-07-17 14:06:23 INFO:Corpus weight set to 0.0004774955684486626
2023-07-17 14:06:23 INFO:Epochs: 71	Cost: 11382.656895449107
2023-07-17 15:47:28 INFO:Number of morph types: 95
2023-07-17 15:47:28 INFO:Corpus weight set to 0.0004907593342389032
2023-07-17 15:47:28 INFO:Epochs: 72	Cost: 11647.033074092902
2023-07-17 17:29:35 INFO:Number of morph types: 96
2023-07-17 17:29:35 INFO:Corpus weight set to 0.000504204795450928
2023-07-17 17:29:35 INFO:Epochs: 73	Cost: 11909.156238408761
2023-07-17 19:10:03 INFO:Number of morph types: 96
2023-07-17 19:10:03 INFO:Corpus weight set to 0.0005178319520847367
2023-07-17 19:10:03 INFO:Epochs: 74	Cost: 12177.59825324273
2023-07-17 20:49:31 INFO:Number of morph types: 96
2023-07-17 20:49:31 INFO:Corpus weight set to 0.0005316408041403297
2023-07-17 20:49:31 INFO:Epochs: 75	Cost: 12449.702338695746
2023-07-17 22:32:42 INFO:Number of morph types: 96
2023-07-17 22:32:42 INFO:Corpus weight set to 0.0005456313516177068
2023-07-17 22:32:42 INFO:Epochs: 76	Cost: 12725.447261252963
2023-07-18 00:13:05 INFO:Number of morph types: 96
2023-07-18 00:13:05 INFO:Corpus weight set to 0.000559803594516868
2023-07-18 00:13:05 INFO:Epochs: 77	Cost: 13004.69633800374
2023-07-18 01:52:18 INFO:Number of morph types: 96
2023-07-18 01:52:18 INFO:Corpus weight set to 0.0005741575328378133
2023-07-18 01:52:18 INFO:Epochs: 78	Cost: 13287.582426341756
2023-07-18 03:31:29 INFO:Number of morph types: 96
2023-07-18 03:31:29 INFO:Corpus weight set to 0.0005886931665805427
2023-07-18 03:31:29 INFO:Epochs: 79	Cost: 13574.040968773266
2023-07-18 05:10:57 INFO:Number of morph types: 96
2023-07-18 05:10:57 INFO:Corpus weight set to 0.0006034104957450562
2023-07-18 05:10:57 INFO:Epochs: 80	Cost: 13864.102463653526
2023-07-18 06:50:33 INFO:Number of morph types: 96
2023-07-18 06:50:33 INFO:Corpus weight set to 0.0006183095203313539
2023-07-18 06:50:33 INFO:Epochs: 81	Cost: 14157.73505515988
2023-07-18 08:29:12 INFO:Number of morph types: 96
2023-07-18 08:29:12 INFO:Corpus weight set to 0.0006333902403394357
2023-07-18 08:29:12 INFO:Epochs: 82	Cost: 14455.000806450951
2023-07-18 10:08:36 INFO:Number of morph types: 96
2023-07-18 10:08:36 INFO:Corpus weight set to 0.0006486526557693017
2023-07-18 10:08:36 INFO:Epochs: 83	Cost: 14755.655628655724
2023-07-18 11:47:27 INFO:Number of morph types: 96
2023-07-18 11:47:27 INFO:Corpus weight set to 0.0006640967666209517
2023-07-18 11:47:27 INFO:Epochs: 84	Cost: 15060.191796577285
2023-07-18 13:26:32 INFO:Number of morph types: 96
2023-07-18 13:26:32 INFO:Corpus weight set to 0.0006797225728943858
2023-07-18 13:26:32 INFO:Epochs: 85	Cost: 15368.165786421687
2023-07-18 15:07:04 INFO:Number of morph types: 96
2023-07-18 15:07:04 INFO:Corpus weight set to 0.0006955300745896041
2023-07-18 15:07:04 INFO:Epochs: 86	Cost: 15679.72970859812
2023-07-18 16:46:49 INFO:Number of morph types: 96
2023-07-18 16:46:49 INFO:Corpus weight set to 0.0007115192717066065
2023-07-18 16:46:49 INFO:Epochs: 87	Cost: 15994.86922099447
2023-07-18 18:26:02 INFO:Number of morph types: 96
2023-07-18 18:26:02 INFO:Corpus weight set to 0.000727690164245393
2023-07-18 18:26:02 INFO:Epochs: 88	Cost: 16313.571561140632
2023-07-18 20:05:34 INFO:Number of morph types: 96
2023-07-18 20:05:34 INFO:Corpus weight set to 0.0007440427522059637
2023-07-18 20:05:34 INFO:Epochs: 89	Cost: 16635.841575998762
2023-07-18 21:44:26 INFO:Number of morph types: 98
2023-07-18 21:44:26 INFO:Corpus weight set to 0.0007605770355883184
2023-07-18 21:44:26 INFO:Epochs: 90	Cost: 16949.45584680569
2023-07-18 23:23:27 INFO:Number of morph types: 98
2023-07-18 23:23:27 INFO:Corpus weight set to 0.0007772930143924573
2023-07-18 23:23:27 INFO:Epochs: 91	Cost: 17277.732401110778
2023-07-19 01:02:32 INFO:Number of morph types: 98
2023-07-19 01:02:32 INFO:Corpus weight set to 0.0007941906886183803
2023-07-19 01:02:32 INFO:Epochs: 92	Cost: 17609.53484883206
2023-07-19 02:40:52 INFO:Number of morph types: 99
2023-07-19 02:40:52 INFO:Epochs: 93	Cost: 17581.797686715367
2023-07-19 04:17:57 INFO:Number of morph types: 101
2023-07-19 04:17:57 INFO:Epochs: 94	Cost: 17556.590613988483
2023-07-19 04:17:57 INFO:Done.
2023-07-19 04:17:57 INFO:Epochs: 94
2023-07-19 04:17:57 INFO:Final cost: 17556.590613988483
2023-07-19 04:17:57 INFO:Training time: 508875.290s
2023-07-19 04:17:57 INFO:Saving model to './models/tokenizers/morfessors/morf_smilesDB_100.bin'...
2023-07-19 04:18:00 INFO:Done.
