2023-06-27 18:10:01 INFO:Reading corpus from '../datasets/pre_processed/clintox.smi'...
2023-06-27 18:10:01 INFO:Detected utf-8 encoding
2023-06-27 18:10:01 INFO:Done.
2023-06-27 18:10:01 INFO:Compounds in training data: 1476 types / 1476 tokens
2023-06-27 18:10:01 INFO:Starting batch training
2023-06-27 18:10:01 INFO:Epochs: 0	Cost: 245851.29798636414
2023-06-27 18:10:18 INFO:Number of morph types: 1658
2023-06-27 18:10:18 INFO:Corpus weight set to 0.3333333333333333
2023-06-27 18:10:18 INFO:Epochs: 1	Cost: 214803.8694017977
2023-06-27 18:11:28 INFO:Number of morph types: 1225
2023-06-27 18:11:28 INFO:Corpus weight set to 0.16666666666666666
2023-06-27 18:11:28 INFO:Epochs: 2	Cost: 126075.41353062566
2023-06-27 18:13:01 INFO:Number of morph types: 300
2023-06-27 18:13:01 INFO:Corpus weight set to 0.27777777777777773
2023-06-27 18:13:01 INFO:Epochs: 3	Cost: 55041.58499323115
2023-06-27 18:14:21 INFO:Number of morph types: 297
2023-06-27 18:14:21 INFO:Corpus weight set to 0.41666666666666663
2023-06-27 18:14:21 INFO:Epochs: 4	Cost: 68682.75875519504
2023-06-27 18:15:34 INFO:Number of morph types: 441
2023-06-27 18:15:34 INFO:Corpus weight set to 0.5833333333333333
2023-06-27 18:15:34 INFO:Epochs: 5	Cost: 91890.37178740691
2023-06-27 18:16:41 INFO:Number of morph types: 600
2023-06-27 18:16:41 INFO:Corpus weight set to 0.7777777777777777
2023-06-27 18:16:41 INFO:Epochs: 6	Cost: 116962.37189834514
2023-06-27 18:17:45 INFO:Number of morph types: 783
2023-06-27 18:17:45 INFO:Corpus weight set to 0.9999999999999998
2023-06-27 18:17:45 INFO:Epochs: 7	Cost: 143211.76059349728
2023-06-27 18:18:33 INFO:Number of morph types: 1328
2023-06-27 18:18:33 INFO:Corpus weight set to 0.7999999999999998
2023-06-27 18:18:33 INFO:Epochs: 8	Cost: 142003.7730516156
2023-06-27 18:19:26 INFO:Number of morph types: 1245
2023-06-27 18:19:26 INFO:Corpus weight set to 0.6545454545454543
2023-06-27 18:19:26 INFO:Epochs: 9	Cost: 125643.89400216847
2023-06-27 18:20:32 INFO:Number of morph types: 869
2023-06-27 18:20:32 INFO:Corpus weight set to 0.7854545454545452
2023-06-27 18:20:32 INFO:Epochs: 10	Cost: 120662.56338400269
2023-06-27 18:21:34 INFO:Number of morph types: 914
2023-06-27 18:21:34 INFO:Corpus weight set to 0.928264462809917
2023-06-27 18:21:34 INFO:Epochs: 11	Cost: 136846.85327303503
2023-06-27 18:22:26 INFO:Number of morph types: 1188
2023-06-27 18:22:26 INFO:Corpus weight set to 0.7956552538370717
2023-06-27 18:22:26 INFO:Epochs: 12	Cost: 134057.19130978893
2023-06-27 18:23:20 INFO:Number of morph types: 1110
2023-06-27 18:23:20 INFO:Corpus weight set to 0.6895678866587955
2023-06-27 18:23:20 INFO:Epochs: 13	Cost: 121614.002678942
2023-06-27 18:24:23 INFO:Number of morph types: 900
2023-06-27 18:24:23 INFO:Corpus weight set to 0.7880775847529091
2023-06-27 18:24:23 INFO:Epochs: 14	Cost: 122529.05152956753
2023-06-27 18:25:22 INFO:Number of morph types: 933
2023-06-27 18:25:22 INFO:Corpus weight set to 0.893154596053297
2023-06-27 18:25:22 INFO:Epochs: 15	Cost: 134166.6777223247
2023-06-27 18:26:15 INFO:Number of morph types: 1130
2023-06-27 18:26:15 INFO:Corpus weight set to 0.7939151964918194
2023-06-27 18:26:15 INFO:Epochs: 16	Cost: 131774.5620376356
2023-06-27 18:27:09 INFO:Number of morph types: 1092
2023-06-27 18:27:09 INFO:Corpus weight set to 0.71034517580847
2023-06-27 18:27:09 INFO:Epochs: 17	Cost: 121989.80240192515
2023-06-27 18:28:07 INFO:Number of morph types: 941
2023-06-27 18:28:07 INFO:Corpus weight set to 0.7892724175649667
2023-06-27 18:28:07 INFO:Epochs: 18	Cost: 124282.6689595223
2023-06-27 18:29:04 INFO:Number of morph types: 976
2023-06-27 18:29:04 INFO:Corpus weight set to 0.8723537246770684
2023-06-27 18:29:04 INFO:Epochs: 19	Cost: 133559.1552466273
2023-06-27 18:29:57 INFO:Number of morph types: 1091
2023-06-27 18:29:57 INFO:Corpus weight set to 0.7930488406155167
2023-06-27 18:29:57 INFO:Epochs: 20	Cost: 129523.57449491203
2023-06-27 18:30:52 INFO:Number of morph types: 1049
2023-06-27 18:30:52 INFO:Corpus weight set to 0.7240880718663413
2023-06-27 18:30:52 INFO:Epochs: 21	Cost: 121527.3145057669
2023-06-27 18:31:49 INFO:Number of morph types: 959
2023-06-27 18:31:49 INFO:Corpus weight set to 0.7899142602178267
2023-06-27 18:31:49 INFO:Epochs: 22	Cost: 124791.76986320801
2023-06-27 18:32:46 INFO:Number of morph types: 973
2023-06-27 18:32:46 INFO:Corpus weight set to 0.8586024567585073
2023-06-27 18:32:46 INFO:Epochs: 23	Cost: 131804.44446340422
2023-06-27 18:33:40 INFO:Number of morph types: 1079
2023-06-27 18:33:40 INFO:Corpus weight set to 0.7925561139309298
2023-06-27 18:33:40 INFO:Epochs: 24	Cost: 128557.22031144198
2023-06-27 18:34:35 INFO:Number of morph types: 1031
2023-06-27 18:34:35 INFO:Corpus weight set to 0.7338482536397498
2023-06-27 18:34:35 INFO:Epochs: 25	Cost: 121501.67603854738
2023-06-27 18:35:32 INFO:Number of morph types: 955
2023-06-27 18:35:32 INFO:Corpus weight set to 0.7902981193043459
2023-06-27 18:35:32 INFO:Epochs: 26	Cost: 124898.09827654196
2023-06-27 18:36:29 INFO:Number of morph types: 981
2023-06-27 18:36:29 INFO:Corpus weight set to 0.8488387207342973
2023-06-27 18:36:29 INFO:Epochs: 27	Cost: 130996.28225018908
2023-06-27 18:37:23 INFO:Number of morph types: 1070
2023-06-27 18:37:23 INFO:Corpus weight set to 0.7922494726853442
2023-06-27 18:37:23 INFO:Epochs: 28	Cost: 128339.2910579957
2023-06-27 18:38:18 INFO:Number of morph types: 1047
2023-06-27 18:38:18 INFO:Corpus weight set to 0.7411366034798381
2023-06-27 18:38:18 INFO:Epochs: 29	Cost: 122495.6139352366
2023-06-27 18:39:15 INFO:Number of morph types: 970
2023-06-27 18:39:15 INFO:Corpus weight set to 0.790545710378494
2023-06-27 18:39:15 INFO:Epochs: 30	Cost: 125113.91483047654
2023-06-27 18:40:11 INFO:Number of morph types: 993
2023-06-27 18:40:11 INFO:Epochs: 31	Cost: 125463.17251947927
2023-06-27 18:41:08 INFO:Number of morph types: 994
2023-06-27 18:41:08 INFO:Epochs: 32	Cost: 125464.4923902426
2023-06-27 18:41:08 INFO:Done.
2023-06-27 18:41:08 INFO:Epochs: 32
2023-06-27 18:41:08 INFO:Final cost: 125464.4923902426
2023-06-27 18:41:08 INFO:Training time: 1866.609s
2023-06-27 18:41:08 INFO:Saving model to '../models/tokenizers/morf_clintox_1000.bin'...
2023-06-27 18:41:08 INFO:Done.
