2023-07-13 02:09:59 INFO:Reading corpus from './datasets/pre_processed/clintox.smi'...
2023-07-13 02:09:59 INFO:Detected utf-8 encoding
2023-07-13 02:09:59 INFO:Done.
2023-07-13 02:09:59 INFO:Compounds in training data: 1476 types / 1476 tokens
2023-07-13 02:09:59 INFO:Starting batch training
2023-07-13 02:09:59 INFO:Epochs: 0	Cost: 245851.29798636414
2023-07-13 02:10:35 INFO:Number of morph types: 1661
2023-07-13 02:10:35 INFO:Corpus weight set to 3.0
2023-07-13 02:10:35 INFO:Epochs: 1	Cost: 276646.4403346581
2023-07-13 02:11:07 INFO:Number of morph types: 1653
2023-07-13 02:11:07 INFO:Corpus weight set to 6.0
2023-07-13 02:11:07 INFO:Epochs: 2	Cost: 338012.4734583244
2023-07-13 02:11:33 INFO:Number of morph types: 1675
2023-07-13 02:11:33 INFO:Corpus weight set to 10.0
2023-07-13 02:11:33 INFO:Epochs: 3	Cost: 410990.2211087369
2023-07-13 02:12:00 INFO:Number of morph types: 1691
2023-07-13 02:12:00 INFO:Corpus weight set to 15.0
2023-07-13 02:12:00 INFO:Epochs: 4	Cost: 504086.060656075
2023-07-13 02:12:26 INFO:Number of morph types: 1694
2023-07-13 02:12:26 INFO:Corpus weight set to 21.0
2023-07-13 02:12:26 INFO:Epochs: 5	Cost: 617123.1700265666
2023-07-13 02:12:52 INFO:Number of morph types: 1697
2023-07-13 02:12:52 INFO:Corpus weight set to 28.0
2023-07-13 02:12:52 INFO:Epochs: 6	Cost: 748329.1307059557
2023-07-13 02:13:18 INFO:Number of morph types: 1701
2023-07-13 02:13:18 INFO:Corpus weight set to 36.0
2023-07-13 02:13:18 INFO:Epochs: 7	Cost: 896311.8915601438
2023-07-13 02:13:44 INFO:Number of morph types: 1703
2023-07-13 02:13:44 INFO:Corpus weight set to 45.0
2023-07-13 02:13:44 INFO:Epochs: 8	Cost: 1063127.0561769707
2023-07-13 02:14:10 INFO:Number of morph types: 1703
2023-07-13 02:14:10 INFO:Corpus weight set to 55.00000000000001
2023-07-13 02:14:10 INFO:Epochs: 9	Cost: 1249505.652360387
2023-07-13 02:14:36 INFO:Number of morph types: 1703
2023-07-13 02:14:36 INFO:Corpus weight set to 66.0
2023-07-13 02:14:36 INFO:Epochs: 10	Cost: 1454428.5747504928
2023-07-13 02:15:02 INFO:Number of morph types: 1703
2023-07-13 02:15:02 INFO:Corpus weight set to 78.0
2023-07-13 02:15:02 INFO:Epochs: 11	Cost: 1677987.5192461258
2023-07-13 02:15:28 INFO:Number of morph types: 1703
2023-07-13 02:15:28 INFO:Corpus weight set to 91.0
2023-07-13 02:15:28 INFO:Epochs: 12	Cost: 1920176.37578332
2023-07-13 02:15:54 INFO:Number of morph types: 1703
2023-07-13 02:15:54 INFO:Corpus weight set to 104.99999999999999
2023-07-13 02:15:54 INFO:Epochs: 13	Cost: 2180995.144362078
2023-07-13 02:16:19 INFO:Number of morph types: 1703
2023-07-13 02:16:19 INFO:Corpus weight set to 119.99999999999997
2023-07-13 02:16:19 INFO:Epochs: 14	Cost: 2460443.8249823973
2023-07-13 02:16:45 INFO:Number of morph types: 1703
2023-07-13 02:16:45 INFO:Corpus weight set to 135.99999999999997
2023-07-13 02:16:45 INFO:Epochs: 15	Cost: 2758522.41764428
2023-07-13 02:17:11 INFO:Number of morph types: 1703
2023-07-13 02:17:11 INFO:Corpus weight set to 152.99999999999997
2023-07-13 02:17:11 INFO:Epochs: 16	Cost: 3075230.922347726
2023-07-13 02:17:36 INFO:Number of morph types: 1703
2023-07-13 02:17:36 INFO:Corpus weight set to 170.99999999999997
2023-07-13 02:17:36 INFO:Epochs: 17	Cost: 3410569.3390927357
2023-07-13 02:18:02 INFO:Number of morph types: 1703
2023-07-13 02:18:02 INFO:Corpus weight set to 189.99999999999997
2023-07-13 02:18:02 INFO:Epochs: 18	Cost: 3764537.6678793067
2023-07-13 02:18:28 INFO:Number of morph types: 1703
2023-07-13 02:18:28 INFO:Corpus weight set to 209.99999999999994
2023-07-13 02:18:28 INFO:Epochs: 19	Cost: 4137135.9087074418
2023-07-13 02:18:53 INFO:Number of morph types: 1703
2023-07-13 02:18:53 INFO:Corpus weight set to 230.99999999999994
2023-07-13 02:18:53 INFO:Epochs: 20	Cost: 4528364.06157714
2023-07-13 02:19:19 INFO:Number of morph types: 1703
2023-07-13 02:19:19 INFO:Corpus weight set to 252.99999999999997
2023-07-13 02:19:19 INFO:Epochs: 21	Cost: 4938222.1264884025
2023-07-13 02:19:45 INFO:Number of morph types: 1703
2023-07-13 02:19:45 INFO:Corpus weight set to 275.99999999999994
2023-07-13 02:19:45 INFO:Epochs: 22	Cost: 5366710.103441226
2023-07-13 02:20:11 INFO:Number of morph types: 1703
2023-07-13 02:20:11 INFO:Corpus weight set to 299.99999999999994
2023-07-13 02:20:11 INFO:Epochs: 23	Cost: 5813827.992435614
2023-07-13 02:20:37 INFO:Number of morph types: 1703
2023-07-13 02:20:37 INFO:Corpus weight set to 324.99999999999994
2023-07-13 02:20:37 INFO:Epochs: 24	Cost: 6279575.793471565
2023-07-13 02:21:03 INFO:Number of morph types: 1703
2023-07-13 02:21:03 INFO:Corpus weight set to 350.99999999999994
2023-07-13 02:21:03 INFO:Epochs: 25	Cost: 6763953.506549076
2023-07-13 02:21:29 INFO:Number of morph types: 1703
2023-07-13 02:21:29 INFO:Corpus weight set to 377.99999999999994
2023-07-13 02:21:29 INFO:Epochs: 26	Cost: 7266961.131668155
2023-07-13 02:21:55 INFO:Number of morph types: 1703
2023-07-13 02:21:55 INFO:Corpus weight set to 405.9999999999999
2023-07-13 02:21:55 INFO:Epochs: 27	Cost: 7788598.668828795
2023-07-13 02:22:21 INFO:Number of morph types: 1703
2023-07-13 02:22:21 INFO:Corpus weight set to 434.9999999999999
2023-07-13 02:22:21 INFO:Epochs: 28	Cost: 8328866.118030997
2023-07-13 02:22:47 INFO:Number of morph types: 1703
2023-07-13 02:22:47 INFO:Corpus weight set to 464.99999999999983
2023-07-13 02:22:47 INFO:Epochs: 29	Cost: 8887763.479274765
2023-07-13 02:23:13 INFO:Number of morph types: 1703
2023-07-13 02:23:13 INFO:Corpus weight set to 495.99999999999983
2023-07-13 02:23:13 INFO:Epochs: 30	Cost: 9465290.752560094
2023-07-13 02:23:38 INFO:Number of morph types: 1703
2023-07-13 02:23:38 INFO:Corpus weight set to 527.9999999999998
2023-07-13 02:23:38 INFO:Epochs: 31	Cost: 10061447.937886987
2023-07-13 02:24:04 INFO:Number of morph types: 1703
2023-07-13 02:24:04 INFO:Corpus weight set to 560.9999999999998
2023-07-13 02:24:04 INFO:Epochs: 32	Cost: 10676235.035255449
2023-07-13 02:24:30 INFO:Number of morph types: 1703
2023-07-13 02:24:30 INFO:Corpus weight set to 594.9999999999998
2023-07-13 02:24:30 INFO:Epochs: 33	Cost: 11309652.04466547
2023-07-13 02:24:55 INFO:Number of morph types: 1703
2023-07-13 02:24:55 INFO:Corpus weight set to 629.9999999999998
2023-07-13 02:24:55 INFO:Epochs: 34	Cost: 11961698.966117056
2023-07-13 02:25:21 INFO:Number of morph types: 1703
2023-07-13 02:25:21 INFO:Corpus weight set to 665.9999999999998
2023-07-13 02:25:21 INFO:Epochs: 35	Cost: 12632375.799610205
2023-07-13 02:25:47 INFO:Number of morph types: 1703
2023-07-13 02:25:47 INFO:Corpus weight set to 702.9999999999998
2023-07-13 02:25:47 INFO:Epochs: 36	Cost: 13321682.545144921
2023-07-13 02:26:12 INFO:Number of morph types: 1703
2023-07-13 02:26:12 INFO:Corpus weight set to 740.9999999999997
2023-07-13 02:26:12 INFO:Epochs: 37	Cost: 14029619.202721199
2023-07-13 02:26:38 INFO:Number of morph types: 1703
2023-07-13 02:26:38 INFO:Corpus weight set to 779.9999999999995
2023-07-13 02:26:38 INFO:Epochs: 38	Cost: 14756185.772339042
2023-07-13 02:27:04 INFO:Number of morph types: 1703
2023-07-13 02:27:04 INFO:Corpus weight set to 819.9999999999995
2023-07-13 02:27:04 INFO:Epochs: 39	Cost: 15501382.25399845
2023-07-13 02:27:30 INFO:Number of morph types: 1703
2023-07-13 02:27:30 INFO:Corpus weight set to 860.9999999999995
2023-07-13 02:27:30 INFO:Epochs: 40	Cost: 16265208.64769942
2023-07-13 02:27:56 INFO:Number of morph types: 1703
2023-07-13 02:27:56 INFO:Corpus weight set to 902.9999999999995
2023-07-13 02:27:56 INFO:Epochs: 41	Cost: 17047664.95344196
2023-07-13 02:28:21 INFO:Number of morph types: 1703
2023-07-13 02:28:21 INFO:Corpus weight set to 945.9999999999995
2023-07-13 02:28:21 INFO:Epochs: 42	Cost: 17848751.17122605
2023-07-13 02:28:47 INFO:Number of morph types: 1703
2023-07-13 02:28:47 INFO:Corpus weight set to 989.9999999999997
2023-07-13 02:28:47 INFO:Epochs: 43	Cost: 18668467.301051717
2023-07-13 02:29:13 INFO:Number of morph types: 1703
2023-07-13 02:29:13 INFO:Corpus weight set to 1034.9999999999995
2023-07-13 02:29:13 INFO:Epochs: 44	Cost: 19506813.342918936
2023-07-13 02:29:39 INFO:Number of morph types: 1703
2023-07-13 02:29:39 INFO:Corpus weight set to 1080.9999999999995
2023-07-13 02:29:39 INFO:Epochs: 45	Cost: 20363789.29682773
2023-07-13 02:30:05 INFO:Number of morph types: 1703
2023-07-13 02:30:05 INFO:Corpus weight set to 1127.9999999999995
2023-07-13 02:30:05 INFO:Epochs: 46	Cost: 21239395.162778087
2023-07-13 02:30:31 INFO:Number of morph types: 1703
2023-07-13 02:30:31 INFO:Corpus weight set to 1175.9999999999995
2023-07-13 02:30:31 INFO:Epochs: 47	Cost: 22133630.94077001
2023-07-13 02:30:57 INFO:Number of morph types: 1703
2023-07-13 02:30:57 INFO:Corpus weight set to 1224.9999999999995
2023-07-13 02:30:57 INFO:Epochs: 48	Cost: 23046496.6308035
2023-07-13 02:31:23 INFO:Number of morph types: 1703
2023-07-13 02:31:23 INFO:Corpus weight set to 1274.9999999999995
2023-07-13 02:31:23 INFO:Epochs: 49	Cost: 23977992.232878547
2023-07-13 02:31:49 INFO:Number of morph types: 1703
2023-07-13 02:31:49 INFO:Corpus weight set to 1325.9999999999995
2023-07-13 02:31:49 INFO:Epochs: 50	Cost: 24928117.74699516
2023-07-13 02:32:15 INFO:Number of morph types: 1703
2023-07-13 02:32:15 INFO:Corpus weight set to 1377.9999999999995
2023-07-13 02:32:15 INFO:Epochs: 51	Cost: 25896873.17315334
2023-07-13 02:32:41 INFO:Number of morph types: 1703
2023-07-13 02:32:41 INFO:Corpus weight set to 1430.9999999999995
2023-07-13 02:32:41 INFO:Epochs: 52	Cost: 26884258.51135308
2023-07-13 02:33:07 INFO:Number of morph types: 1703
2023-07-13 02:33:07 INFO:Corpus weight set to 1484.9999999999995
2023-07-13 02:33:07 INFO:Epochs: 53	Cost: 27890273.761594396
2023-07-13 02:33:33 INFO:Number of morph types: 1703
2023-07-13 02:33:33 INFO:Corpus weight set to 1539.9999999999995
2023-07-13 02:33:33 INFO:Epochs: 54	Cost: 28914918.92387726
2023-07-13 02:34:00 INFO:Number of morph types: 1703
2023-07-13 02:34:00 INFO:Corpus weight set to 1595.9999999999995
2023-07-13 02:34:00 INFO:Epochs: 55	Cost: 29958193.998201706
2023-07-13 02:34:26 INFO:Number of morph types: 1703
2023-07-13 02:34:26 INFO:Corpus weight set to 1652.9999999999998
2023-07-13 02:34:26 INFO:Epochs: 56	Cost: 31020098.98456772
2023-07-13 02:34:52 INFO:Number of morph types: 1703
2023-07-13 02:34:52 INFO:Corpus weight set to 1711.0
2023-07-13 02:34:52 INFO:Epochs: 57	Cost: 32100633.8829753
2023-07-13 02:35:18 INFO:Number of morph types: 1703
2023-07-13 02:35:18 INFO:Corpus weight set to 1770.0000000000002
2023-07-13 02:35:18 INFO:Epochs: 58	Cost: 33199798.69342444
2023-07-13 02:35:44 INFO:Number of morph types: 1703
2023-07-13 02:35:44 INFO:Corpus weight set to 1830.0
2023-07-13 02:35:44 INFO:Epochs: 59	Cost: 34317593.41591514
2023-07-13 02:36:10 INFO:Number of morph types: 1703
2023-07-13 02:36:10 INFO:Corpus weight set to 1891.0000000000002
2023-07-13 02:36:10 INFO:Epochs: 60	Cost: 35454018.05044741
2023-07-13 02:36:36 INFO:Number of morph types: 1703
2023-07-13 02:36:36 INFO:Corpus weight set to 1953.0000000000002
2023-07-13 02:36:36 INFO:Epochs: 61	Cost: 36609072.59702124
2023-07-13 02:37:02 INFO:Number of morph types: 1703
2023-07-13 02:37:02 INFO:Corpus weight set to 2016.0000000000002
2023-07-13 02:37:02 INFO:Epochs: 62	Cost: 37782757.055636644
2023-07-13 02:37:27 INFO:Number of morph types: 1703
2023-07-13 02:37:27 INFO:Corpus weight set to 2080.0
2023-07-13 02:37:27 INFO:Epochs: 63	Cost: 38975071.426293604
2023-07-13 02:37:53 INFO:Number of morph types: 1703
2023-07-13 02:37:53 INFO:Corpus weight set to 2145.0
2023-07-13 02:37:53 INFO:Epochs: 64	Cost: 40186015.70899214
2023-07-13 02:38:19 INFO:Number of morph types: 1703
2023-07-13 02:38:19 INFO:Corpus weight set to 2210.9999999999995
2023-07-13 02:38:19 INFO:Epochs: 65	Cost: 41415589.90373221
2023-07-13 02:38:44 INFO:Number of morph types: 1703
2023-07-13 02:38:44 INFO:Corpus weight set to 2277.9999999999995
2023-07-13 02:38:44 INFO:Epochs: 66	Cost: 42663794.01051388
2023-07-13 02:39:10 INFO:Number of morph types: 1703
2023-07-13 02:39:10 INFO:Corpus weight set to 2345.9999999999995
2023-07-13 02:39:10 INFO:Epochs: 67	Cost: 43930628.0293371
2023-07-13 02:39:36 INFO:Number of morph types: 1703
2023-07-13 02:39:36 INFO:Corpus weight set to 2414.999999999999
2023-07-13 02:39:36 INFO:Epochs: 68	Cost: 45216091.96020188
2023-07-13 02:40:01 INFO:Number of morph types: 1703
2023-07-13 02:40:01 INFO:Corpus weight set to 2484.9999999999986
2023-07-13 02:40:01 INFO:Epochs: 69	Cost: 46520185.80310824
2023-07-13 02:40:27 INFO:Number of morph types: 1703
2023-07-13 02:40:27 INFO:Corpus weight set to 2555.999999999998
2023-07-13 02:40:27 INFO:Epochs: 70	Cost: 47842909.55805616
2023-07-13 02:40:53 INFO:Number of morph types: 1703
2023-07-13 02:40:53 INFO:Corpus weight set to 2627.999999999998
2023-07-13 02:40:53 INFO:Epochs: 71	Cost: 49184263.225045644
2023-07-13 02:41:18 INFO:Number of morph types: 1703
2023-07-13 02:41:18 INFO:Corpus weight set to 2700.9999999999977
2023-07-13 02:41:18 INFO:Epochs: 72	Cost: 50544246.80407669
2023-07-13 02:41:44 INFO:Number of morph types: 1703
2023-07-13 02:41:44 INFO:Corpus weight set to 2774.999999999998
2023-07-13 02:41:44 INFO:Epochs: 73	Cost: 51922860.29514932
2023-07-13 02:42:10 INFO:Number of morph types: 1703
2023-07-13 02:42:10 INFO:Corpus weight set to 2849.999999999998
2023-07-13 02:42:10 INFO:Epochs: 74	Cost: 53320103.69826352
2023-07-13 02:42:36 INFO:Number of morph types: 1703
2023-07-13 02:42:36 INFO:Corpus weight set to 2925.999999999998
2023-07-13 02:42:36 INFO:Epochs: 75	Cost: 54735977.01341927
2023-07-13 02:43:01 INFO:Number of morph types: 1703
2023-07-13 02:43:01 INFO:Corpus weight set to 3002.999999999998
2023-07-13 02:43:01 INFO:Epochs: 76	Cost: 56170480.24061659
2023-07-13 02:43:27 INFO:Number of morph types: 1703
2023-07-13 02:43:27 INFO:Corpus weight set to 3080.999999999998
2023-07-13 02:43:27 INFO:Epochs: 77	Cost: 57623613.379855484
2023-07-13 02:43:53 INFO:Number of morph types: 1703
2023-07-13 02:43:53 INFO:Corpus weight set to 3159.9999999999977
2023-07-13 02:43:53 INFO:Epochs: 78	Cost: 59095376.43113593
2023-07-13 02:44:18 INFO:Number of morph types: 1703
2023-07-13 02:44:18 INFO:Corpus weight set to 3239.9999999999973
2023-07-13 02:44:18 INFO:Epochs: 79	Cost: 60585769.39445795
2023-07-13 02:44:44 INFO:Number of morph types: 1703
2023-07-13 02:44:44 INFO:Corpus weight set to 3320.999999999997
2023-07-13 02:44:44 INFO:Epochs: 80	Cost: 62094792.269821525
2023-07-13 02:45:10 INFO:Number of morph types: 1703
2023-07-13 02:45:10 INFO:Corpus weight set to 3402.9999999999973
2023-07-13 02:45:10 INFO:Epochs: 81	Cost: 63622445.05722668
2023-07-13 02:45:36 INFO:Number of morph types: 1703
2023-07-13 02:45:36 INFO:Corpus weight set to 3485.9999999999973
2023-07-13 02:45:36 INFO:Epochs: 82	Cost: 65168727.75667342
2023-07-13 02:46:01 INFO:Number of morph types: 1703
2023-07-13 02:46:01 INFO:Corpus weight set to 3569.9999999999973
2023-07-13 02:46:01 INFO:Epochs: 83	Cost: 66733640.368161686
2023-07-13 02:46:27 INFO:Number of morph types: 1703
2023-07-13 02:46:27 INFO:Corpus weight set to 3654.999999999997
2023-07-13 02:46:27 INFO:Epochs: 84	Cost: 68317182.8916915
2023-07-13 02:46:53 INFO:Number of morph types: 1703
2023-07-13 02:46:53 INFO:Corpus weight set to 3740.9999999999964
2023-07-13 02:46:53 INFO:Epochs: 85	Cost: 69919355.32726291
2023-07-13 02:47:18 INFO:Number of morph types: 1703
2023-07-13 02:47:18 INFO:Corpus weight set to 3827.9999999999964
2023-07-13 02:47:18 INFO:Epochs: 86	Cost: 71540157.67487592
2023-07-13 02:47:44 INFO:Number of morph types: 1703
2023-07-13 02:47:44 INFO:Corpus weight set to 3915.9999999999964
2023-07-13 02:47:44 INFO:Epochs: 87	Cost: 73179589.93453048
2023-07-13 02:48:10 INFO:Number of morph types: 1703
2023-07-13 02:48:10 INFO:Corpus weight set to 4004.9999999999964
2023-07-13 02:48:10 INFO:Epochs: 88	Cost: 74837652.10622661
2023-07-13 02:48:36 INFO:Number of morph types: 1703
2023-07-13 02:48:36 INFO:Corpus weight set to 4094.9999999999964
2023-07-13 02:48:36 INFO:Epochs: 89	Cost: 76514344.1899643
2023-07-13 02:49:01 INFO:Number of morph types: 1703
2023-07-13 02:49:01 INFO:Corpus weight set to 4185.999999999996
2023-07-13 02:49:01 INFO:Epochs: 90	Cost: 78209666.18574356
2023-07-13 02:49:27 INFO:Number of morph types: 1703
2023-07-13 02:49:27 INFO:Corpus weight set to 4277.999999999996
2023-07-13 02:49:27 INFO:Epochs: 91	Cost: 79923618.09356439
2023-07-13 02:49:53 INFO:Number of morph types: 1703
2023-07-13 02:49:53 INFO:Corpus weight set to 4370.999999999996
2023-07-13 02:49:53 INFO:Epochs: 92	Cost: 81656199.91342677
2023-07-13 02:50:19 INFO:Number of morph types: 1703
2023-07-13 02:50:19 INFO:Corpus weight set to 4464.999999999996
2023-07-13 02:50:19 INFO:Epochs: 93	Cost: 83407411.64533071
2023-07-13 02:50:45 INFO:Number of morph types: 1703
2023-07-13 02:50:45 INFO:Corpus weight set to 4559.999999999996
2023-07-13 02:50:45 INFO:Epochs: 94	Cost: 85177253.28927624
2023-07-13 02:51:11 INFO:Number of morph types: 1703
2023-07-13 02:51:11 INFO:Corpus weight set to 4655.999999999996
2023-07-13 02:51:11 INFO:Epochs: 95	Cost: 86965724.84526335
2023-07-13 02:51:37 INFO:Number of morph types: 1703
2023-07-13 02:51:37 INFO:Corpus weight set to 4752.999999999996
2023-07-13 02:51:37 INFO:Epochs: 96	Cost: 88772826.31329201
2023-07-13 02:52:03 INFO:Number of morph types: 1703
2023-07-13 02:52:03 INFO:Corpus weight set to 4850.999999999996
2023-07-13 02:52:03 INFO:Epochs: 97	Cost: 90598557.69336225
2023-07-13 02:52:29 INFO:Number of morph types: 1703
2023-07-13 02:52:29 INFO:Corpus weight set to 4949.999999999996
2023-07-13 02:52:29 INFO:Epochs: 98	Cost: 92442918.98547406
2023-07-13 02:52:56 INFO:Number of morph types: 1703
2023-07-13 02:52:56 INFO:Corpus weight set to 5049.999999999995
2023-07-13 02:52:56 INFO:Epochs: 99	Cost: 94305910.18962742
2023-07-13 02:53:22 INFO:Number of morph types: 1703
2023-07-13 02:53:22 INFO:Corpus weight set to 5150.999999999995
2023-07-13 02:53:22 INFO:Epochs: 100	Cost: 96187531.30582234
2023-07-13 02:53:22 INFO:Max number of epochs reached, stop training
2023-07-13 02:53:22 INFO:Done.
2023-07-13 02:53:22 INFO:Epochs: 100
2023-07-13 02:53:22 INFO:Final cost: 96187531.30582234
2023-07-13 02:53:22 INFO:Training time: 2603.398s
2023-07-13 02:53:22 INFO:Saving model to './models/tokenizers/morfessors/morf_clintox_10000.bin'...
2023-07-13 02:53:22 INFO:Done.
