2023-08-23 16:03:16 INFO:Reading corpus from './datasets/pre_processed/smilesZinc.smi'...
2023-08-23 16:03:17 INFO:Detected utf-8 encoding
2023-08-23 16:03:19 INFO:Done.
2023-08-23 16:03:39 INFO:Compounds in training data: 249455 types / 249455 tokens
2023-08-23 16:03:39 INFO:Starting batch training
2023-08-23 16:03:39 INFO:Epochs: 0	Cost: 30450475.272234492
2023-08-23 17:01:55 INFO:Number of morph types: 70513
2023-08-23 17:01:55 INFO:Corpus weight set to 0.3333333333333333
2023-08-23 17:01:55 INFO:Epochs: 1	Cost: 7647930.372226691
2023-08-23 18:02:18 INFO:Number of morph types: 10406
2023-08-23 18:02:18 INFO:Corpus weight set to 0.16666666666666666
2023-08-23 18:02:18 INFO:Epochs: 2	Cost: 2371428.6214534896
2023-08-23 19:04:34 INFO:Number of morph types: 5452
2023-08-23 19:04:34 INFO:Corpus weight set to 0.1
2023-08-23 19:04:34 INFO:Epochs: 3	Cost: 1438695.8715750028
2023-08-23 20:07:52 INFO:Number of morph types: 3642
2023-08-23 20:07:52 INFO:Corpus weight set to 0.06666666666666667
2023-08-23 20:07:52 INFO:Epochs: 4	Cost: 977957.1792106219
2023-08-23 21:12:15 INFO:Number of morph types: 2652
2023-08-23 21:12:15 INFO:Corpus weight set to 0.047619047619047616
2023-08-23 21:12:15 INFO:Epochs: 5	Cost: 710656.7787588908
2023-08-23 22:17:21 INFO:Number of morph types: 2082
2023-08-23 22:17:21 INFO:Corpus weight set to 0.03571428571428571
2023-08-23 22:17:21 INFO:Epochs: 6	Cost: 542506.5413160453
2023-08-23 23:23:31 INFO:Number of morph types: 1641
2023-08-23 23:23:31 INFO:Corpus weight set to 0.02777777777777778
2023-08-23 23:23:31 INFO:Epochs: 7	Cost: 428117.0126132354
2023-08-24 00:30:42 INFO:Number of morph types: 1357
2023-08-24 00:30:42 INFO:Corpus weight set to 0.022222222222222227
2023-08-24 00:30:42 INFO:Epochs: 8	Cost: 347484.8158597431
2023-08-24 01:39:16 INFO:Number of morph types: 1123
2023-08-24 01:39:16 INFO:Corpus weight set to 0.018181818181818184
2023-08-24 01:39:16 INFO:Epochs: 9	Cost: 287866.00487207057
2023-08-24 02:48:34 INFO:Number of morph types: 987
2023-08-24 02:48:34 INFO:Corpus weight set to 0.02181818181818182
2023-08-24 02:48:34 INFO:Epochs: 10	Cost: 339724.9034046805
2023-08-24 03:57:48 INFO:Number of morph types: 1006
2023-08-24 03:57:48 INFO:Epochs: 11	Cost: 339655.5739440156
2023-08-24 05:06:57 INFO:Number of morph types: 1009
2023-08-24 05:06:57 INFO:Epochs: 12	Cost: 339650.4875908268
2023-08-24 05:06:57 INFO:Done.
2023-08-24 05:06:57 INFO:Epochs: 12
2023-08-24 05:06:57 INFO:Final cost: 339650.4875908268
2023-08-24 05:06:57 INFO:Training time: 47020.359s
2023-08-24 05:06:57 INFO:Saving model to './models/tokenizers/morfessors/morf_smilesZinc_1000.bin'...
2023-08-24 05:07:00 INFO:Done.
