2023-08-24 14:31:45 INFO:Reading corpus from './datasets/pre_processed/smilesZinc.smi'...
2023-08-24 14:31:46 INFO:Detected utf-8 encoding
2023-08-24 14:31:48 INFO:Done.
2023-08-24 14:32:07 INFO:Compounds in training data: 249455 types / 249455 tokens
2023-08-24 14:32:07 INFO:Starting batch training
2023-08-24 14:32:07 INFO:Epochs: 0	Cost: 30450475.272234492
2023-08-24 15:28:51 INFO:Number of morph types: 68538
2023-08-24 15:28:51 INFO:Corpus weight set to 0.3333333333333333
2023-08-24 15:28:51 INFO:Epochs: 1	Cost: 7521242.775254048
2023-08-24 16:27:41 INFO:Number of morph types: 10370
2023-08-24 16:27:41 INFO:Corpus weight set to 0.16666666666666666
2023-08-24 16:27:41 INFO:Epochs: 2	Cost: 2368692.8250078824
2023-08-24 17:28:37 INFO:Number of morph types: 5416
2023-08-24 17:28:37 INFO:Corpus weight set to 0.1
2023-08-24 17:28:37 INFO:Epochs: 3	Cost: 1436782.2026648032
2023-08-24 18:30:45 INFO:Number of morph types: 3563
2023-08-24 18:30:45 INFO:Corpus weight set to 0.15000000000000002
2023-08-24 18:30:45 INFO:Epochs: 4	Cost: 2078273.994967883
2023-08-24 19:32:35 INFO:Number of morph types: 4146
2023-08-24 19:32:35 INFO:Corpus weight set to 0.21000000000000002
2023-08-24 19:32:35 INFO:Epochs: 5	Cost: 2858054.1365711326
2023-08-24 20:33:55 INFO:Number of morph types: 5142
2023-08-24 20:33:55 INFO:Corpus weight set to 0.15750000000000003
2023-08-24 20:33:55 INFO:Epochs: 6	Cost: 2172109.183220547
2023-08-24 21:35:24 INFO:Number of morph types: 4601
2023-08-24 21:35:24 INFO:Corpus weight set to 0.2025
2023-08-24 21:35:24 INFO:Epochs: 7	Cost: 2752582.951994461
2023-08-24 22:36:44 INFO:Number of morph types: 5052
2023-08-24 22:36:44 INFO:Corpus weight set to 0.16200000000000003
2023-08-24 22:36:44 INFO:Epochs: 8	Cost: 2228822.2338848617
2023-08-24 23:38:21 INFO:Number of morph types: 4687
2023-08-24 23:38:21 INFO:Corpus weight set to 0.19800000000000006
2023-08-24 23:38:21 INFO:Epochs: 9	Cost: 2693735.620798411
2023-08-25 00:39:37 INFO:Number of morph types: 4996
2023-08-25 00:39:37 INFO:Epochs: 10	Cost: 2692289.8621964063
2023-08-25 01:40:55 INFO:Number of morph types: 5028
2023-08-25 01:40:55 INFO:Epochs: 11	Cost: 2692205.52767056
2023-08-25 01:40:55 INFO:Done.
2023-08-25 01:40:55 INFO:Epochs: 11
2023-08-25 01:40:55 INFO:Final cost: 2692205.52767056
2023-08-25 01:40:55 INFO:Training time: 40149.353s
2023-08-25 01:40:55 INFO:Saving model to './models/tokenizers/morfessors/morf_smilesZinc_5000.bin'...
2023-08-25 01:40:58 INFO:Done.
