2023-07-13 05:27:28 INFO:Reading corpus from './datasets/pre_processed/tox21.smi'...
2023-07-13 05:27:28 INFO:Detected utf-8 encoding
2023-07-13 05:27:28 INFO:Done.
2023-07-13 05:27:28 INFO:Compounds in training data: 3079 types / 3079 tokens
2023-07-13 05:27:28 INFO:Starting batch training
2023-07-13 05:27:28 INFO:Epochs: 0	Cost: 223989.18578946654
2023-07-13 05:27:49 INFO:Number of morph types: 2168
2023-07-13 05:27:49 INFO:Corpus weight set to 3.0
2023-07-13 05:27:49 INFO:Epochs: 1	Cost: 285136.21289373277
2023-07-13 05:28:06 INFO:Number of morph types: 2350
2023-07-13 05:28:06 INFO:Corpus weight set to 6.0
2023-07-13 05:28:06 INFO:Epochs: 2	Cost: 406650.28391554195
2023-07-13 05:28:20 INFO:Number of morph types: 2804
2023-07-13 05:28:20 INFO:Corpus weight set to 10.0
2023-07-13 05:28:20 INFO:Epochs: 3	Cost: 546666.8046435937
2023-07-13 05:28:34 INFO:Number of morph types: 3164
2023-07-13 05:28:34 INFO:Corpus weight set to 15.0
2023-07-13 05:28:34 INFO:Epochs: 4	Cost: 707546.5997627012
2023-07-13 05:28:47 INFO:Number of morph types: 3233
2023-07-13 05:28:47 INFO:Corpus weight set to 21.0
2023-07-13 05:28:47 INFO:Epochs: 5	Cost: 905487.2207590234
2023-07-13 05:29:00 INFO:Number of morph types: 3234
2023-07-13 05:29:00 INFO:Corpus weight set to 28.0
2023-07-13 05:29:00 INFO:Epochs: 6	Cost: 1144007.778161042
2023-07-13 05:29:14 INFO:Number of morph types: 3234
2023-07-13 05:29:14 INFO:Corpus weight set to 36.0
2023-07-13 05:29:14 INFO:Epochs: 7	Cost: 1417299.2688356312
2023-07-13 05:29:27 INFO:Number of morph types: 3234
2023-07-13 05:29:27 INFO:Corpus weight set to 45.0
2023-07-13 05:29:27 INFO:Epochs: 8	Cost: 1724787.928695504
2023-07-13 05:29:41 INFO:Number of morph types: 3234
2023-07-13 05:29:41 INFO:Corpus weight set to 55.00000000000001
2023-07-13 05:29:41 INFO:Epochs: 9	Cost: 2066292.278169054
2023-07-13 05:29:54 INFO:Number of morph types: 3234
2023-07-13 05:29:54 INFO:Corpus weight set to 66.0
2023-07-13 05:29:54 INFO:Epochs: 10	Cost: 2441733.0480926717
2023-07-13 05:30:07 INFO:Number of morph types: 3234
2023-07-13 05:30:07 INFO:Corpus weight set to 78.0
2023-07-13 05:30:07 INFO:Epochs: 11	Cost: 2851563.9313677847
2023-07-13 05:30:21 INFO:Number of morph types: 3234
2023-07-13 05:30:21 INFO:Corpus weight set to 91.0
2023-07-13 05:30:21 INFO:Epochs: 12	Cost: 3295547.3882479607
2023-07-13 05:30:34 INFO:Number of morph types: 3234
2023-07-13 05:30:34 INFO:Corpus weight set to 104.99999999999999
2023-07-13 05:30:34 INFO:Epochs: 13	Cost: 3773683.4187331945
2023-07-13 05:30:47 INFO:Number of morph types: 3234
2023-07-13 05:30:47 INFO:Corpus weight set to 119.99999999999997
2023-07-13 05:30:47 INFO:Epochs: 14	Cost: 4285972.022823496
2023-07-13 05:31:00 INFO:Number of morph types: 3234
2023-07-13 05:31:00 INFO:Corpus weight set to 135.99999999999997
2023-07-13 05:31:00 INFO:Epochs: 15	Cost: 4832413.200518858
2023-07-13 05:31:14 INFO:Number of morph types: 3234
2023-07-13 05:31:14 INFO:Corpus weight set to 152.99999999999997
2023-07-13 05:31:14 INFO:Epochs: 16	Cost: 5413006.951819282
2023-07-13 05:31:27 INFO:Number of morph types: 3234
2023-07-13 05:31:27 INFO:Corpus weight set to 170.99999999999997
2023-07-13 05:31:27 INFO:Epochs: 17	Cost: 6027753.27672477
2023-07-13 05:31:41 INFO:Number of morph types: 3234
2023-07-13 05:31:41 INFO:Corpus weight set to 189.99999999999997
2023-07-13 05:31:41 INFO:Epochs: 18	Cost: 6676652.175235321
2023-07-13 05:31:54 INFO:Number of morph types: 3234
2023-07-13 05:31:54 INFO:Corpus weight set to 209.99999999999994
2023-07-13 05:31:54 INFO:Epochs: 19	Cost: 7359703.647350931
2023-07-13 05:32:07 INFO:Number of morph types: 3234
2023-07-13 05:32:07 INFO:Corpus weight set to 230.99999999999994
2023-07-13 05:32:07 INFO:Epochs: 20	Cost: 8076907.693071605
2023-07-13 05:32:20 INFO:Number of morph types: 3234
2023-07-13 05:32:20 INFO:Corpus weight set to 252.99999999999997
2023-07-13 05:32:20 INFO:Epochs: 21	Cost: 8828264.31239735
2023-07-13 05:32:34 INFO:Number of morph types: 3234
2023-07-13 05:32:34 INFO:Corpus weight set to 275.99999999999994
2023-07-13 05:32:34 INFO:Epochs: 22	Cost: 9613773.505328147
2023-07-13 05:32:47 INFO:Number of morph types: 3234
2023-07-13 05:32:47 INFO:Corpus weight set to 299.99999999999994
2023-07-13 05:32:47 INFO:Epochs: 23	Cost: 10433435.27186401
2023-07-13 05:33:00 INFO:Number of morph types: 3234
2023-07-13 05:33:00 INFO:Corpus weight set to 324.99999999999994
2023-07-13 05:33:00 INFO:Epochs: 24	Cost: 11287249.612004936
2023-07-13 05:33:13 INFO:Number of morph types: 3234
2023-07-13 05:33:13 INFO:Corpus weight set to 350.99999999999994
2023-07-13 05:33:13 INFO:Epochs: 25	Cost: 12175216.525750926
2023-07-13 05:33:27 INFO:Number of morph types: 3234
2023-07-13 05:33:27 INFO:Corpus weight set to 377.99999999999994
2023-07-13 05:33:27 INFO:Epochs: 26	Cost: 13097336.013101976
2023-07-13 05:33:40 INFO:Number of morph types: 3234
2023-07-13 05:33:40 INFO:Corpus weight set to 405.9999999999999
2023-07-13 05:33:40 INFO:Epochs: 27	Cost: 14053608.074058086
2023-07-13 05:33:53 INFO:Number of morph types: 3234
2023-07-13 05:33:53 INFO:Corpus weight set to 434.9999999999999
2023-07-13 05:33:53 INFO:Epochs: 28	Cost: 15044032.70861926
2023-07-13 05:34:06 INFO:Number of morph types: 3234
2023-07-13 05:34:06 INFO:Corpus weight set to 464.99999999999983
2023-07-13 05:34:06 INFO:Epochs: 29	Cost: 16068609.916785495
2023-07-13 05:34:20 INFO:Number of morph types: 3234
2023-07-13 05:34:20 INFO:Corpus weight set to 495.99999999999983
2023-07-13 05:34:20 INFO:Epochs: 30	Cost: 17127339.6985568
2023-07-13 05:34:33 INFO:Number of morph types: 3234
2023-07-13 05:34:33 INFO:Corpus weight set to 527.9999999999998
2023-07-13 05:34:33 INFO:Epochs: 31	Cost: 18220222.05393316
2023-07-13 05:34:46 INFO:Number of morph types: 3234
2023-07-13 05:34:46 INFO:Corpus weight set to 560.9999999999998
2023-07-13 05:34:46 INFO:Epochs: 32	Cost: 19347256.98291459
2023-07-13 05:35:00 INFO:Number of morph types: 3234
2023-07-13 05:35:00 INFO:Corpus weight set to 594.9999999999998
2023-07-13 05:35:00 INFO:Epochs: 33	Cost: 20508444.485501077
2023-07-13 05:35:13 INFO:Number of morph types: 3234
2023-07-13 05:35:13 INFO:Corpus weight set to 629.9999999999998
2023-07-13 05:35:13 INFO:Epochs: 34	Cost: 21703784.561692625
2023-07-13 05:35:26 INFO:Number of morph types: 3234
2023-07-13 05:35:26 INFO:Corpus weight set to 665.9999999999998
2023-07-13 05:35:26 INFO:Epochs: 35	Cost: 22933277.21148923
2023-07-13 05:35:40 INFO:Number of morph types: 3234
2023-07-13 05:35:40 INFO:Corpus weight set to 702.9999999999998
2023-07-13 05:35:40 INFO:Epochs: 36	Cost: 24196922.434890904
2023-07-13 05:35:53 INFO:Number of morph types: 3234
2023-07-13 05:35:53 INFO:Corpus weight set to 740.9999999999997
2023-07-13 05:35:53 INFO:Epochs: 37	Cost: 25494720.23189765
2023-07-13 05:36:06 INFO:Number of morph types: 3234
2023-07-13 05:36:06 INFO:Corpus weight set to 779.9999999999995
2023-07-13 05:36:06 INFO:Epochs: 38	Cost: 26826670.602509443
2023-07-13 05:36:19 INFO:Number of morph types: 3234
2023-07-13 05:36:19 INFO:Corpus weight set to 819.9999999999995
2023-07-13 05:36:19 INFO:Epochs: 39	Cost: 28192773.546726305
2023-07-13 05:36:33 INFO:Number of morph types: 3234
2023-07-13 05:36:33 INFO:Corpus weight set to 860.9999999999995
2023-07-13 05:36:33 INFO:Epochs: 40	Cost: 29593029.06454823
2023-07-13 05:36:46 INFO:Number of morph types: 3234
2023-07-13 05:36:46 INFO:Corpus weight set to 902.9999999999995
2023-07-13 05:36:46 INFO:Epochs: 41	Cost: 31027437.15597522
2023-07-13 05:36:59 INFO:Number of morph types: 3234
2023-07-13 05:36:59 INFO:Corpus weight set to 945.9999999999995
2023-07-13 05:36:59 INFO:Epochs: 42	Cost: 32495997.821007267
2023-07-13 05:37:13 INFO:Number of morph types: 3234
2023-07-13 05:37:13 INFO:Corpus weight set to 989.9999999999997
2023-07-13 05:37:13 INFO:Epochs: 43	Cost: 33998711.059644386
2023-07-13 05:37:26 INFO:Number of morph types: 3234
2023-07-13 05:37:26 INFO:Corpus weight set to 1034.9999999999995
2023-07-13 05:37:26 INFO:Epochs: 44	Cost: 35535576.871886574
2023-07-13 05:37:39 INFO:Number of morph types: 3234
2023-07-13 05:37:39 INFO:Corpus weight set to 1080.9999999999995
2023-07-13 05:37:39 INFO:Epochs: 45	Cost: 37106595.257733814
2023-07-13 05:37:52 INFO:Number of morph types: 3234
2023-07-13 05:37:52 INFO:Corpus weight set to 1127.9999999999995
2023-07-13 05:37:52 INFO:Epochs: 46	Cost: 38711766.21718611
2023-07-13 05:38:06 INFO:Number of morph types: 3234
2023-07-13 05:38:06 INFO:Corpus weight set to 1175.9999999999995
2023-07-13 05:38:06 INFO:Epochs: 47	Cost: 40351089.75024347
2023-07-13 05:38:19 INFO:Number of morph types: 3234
2023-07-13 05:38:19 INFO:Corpus weight set to 1224.9999999999995
2023-07-13 05:38:19 INFO:Epochs: 48	Cost: 42024565.8569059
2023-07-13 05:38:32 INFO:Number of morph types: 3234
2023-07-13 05:38:32 INFO:Corpus weight set to 1274.9999999999995
2023-07-13 05:38:32 INFO:Epochs: 49	Cost: 43732194.53717339
2023-07-13 05:38:45 INFO:Number of morph types: 3234
2023-07-13 05:38:45 INFO:Corpus weight set to 1325.9999999999995
2023-07-13 05:38:45 INFO:Epochs: 50	Cost: 45473975.79104594
2023-07-13 05:38:59 INFO:Number of morph types: 3234
2023-07-13 05:38:59 INFO:Corpus weight set to 1377.9999999999995
2023-07-13 05:38:59 INFO:Epochs: 51	Cost: 47249909.61852356
2023-07-13 05:39:12 INFO:Number of morph types: 3234
2023-07-13 05:39:12 INFO:Corpus weight set to 1430.9999999999995
2023-07-13 05:39:12 INFO:Epochs: 52	Cost: 49059996.01960623
2023-07-13 05:39:25 INFO:Number of morph types: 3234
2023-07-13 05:39:25 INFO:Corpus weight set to 1484.9999999999995
2023-07-13 05:39:25 INFO:Epochs: 53	Cost: 50904234.994293965
2023-07-13 05:39:38 INFO:Number of morph types: 3234
2023-07-13 05:39:38 INFO:Corpus weight set to 1539.9999999999995
2023-07-13 05:39:38 INFO:Epochs: 54	Cost: 52782626.542586766
2023-07-13 05:39:51 INFO:Number of morph types: 3234
2023-07-13 05:39:51 INFO:Corpus weight set to 1595.9999999999995
2023-07-13 05:39:51 INFO:Epochs: 55	Cost: 54695170.664484635
2023-07-13 05:40:05 INFO:Number of morph types: 3234
2023-07-13 05:40:05 INFO:Corpus weight set to 1652.9999999999998
2023-07-13 05:40:05 INFO:Epochs: 56	Cost: 56641867.359987564
2023-07-13 05:40:18 INFO:Number of morph types: 3234
2023-07-13 05:40:18 INFO:Corpus weight set to 1711.0
2023-07-13 05:40:18 INFO:Epochs: 57	Cost: 58622716.629095554
2023-07-13 05:40:31 INFO:Number of morph types: 3234
2023-07-13 05:40:31 INFO:Corpus weight set to 1770.0000000000002
2023-07-13 05:40:31 INFO:Epochs: 58	Cost: 60637718.47180862
2023-07-13 05:40:44 INFO:Number of morph types: 3234
2023-07-13 05:40:44 INFO:Corpus weight set to 1830.0
2023-07-13 05:40:44 INFO:Epochs: 59	Cost: 62686872.88812673
2023-07-13 05:40:58 INFO:Number of morph types: 3234
2023-07-13 05:40:58 INFO:Corpus weight set to 1891.0000000000002
2023-07-13 05:40:58 INFO:Epochs: 60	Cost: 64770179.87804991
2023-07-13 05:41:11 INFO:Number of morph types: 3234
2023-07-13 05:41:11 INFO:Corpus weight set to 1953.0000000000002
2023-07-13 05:41:11 INFO:Epochs: 61	Cost: 66887639.44157815
2023-07-13 05:41:24 INFO:Number of morph types: 3234
2023-07-13 05:41:24 INFO:Corpus weight set to 2016.0000000000002
2023-07-13 05:41:24 INFO:Epochs: 62	Cost: 69039251.57871145
2023-07-13 05:41:37 INFO:Number of morph types: 3234
2023-07-13 05:41:37 INFO:Corpus weight set to 2080.0
2023-07-13 05:41:37 INFO:Epochs: 63	Cost: 71225016.28944981
2023-07-13 05:41:51 INFO:Number of morph types: 3234
2023-07-13 05:41:51 INFO:Corpus weight set to 2145.0
2023-07-13 05:41:51 INFO:Epochs: 64	Cost: 73444933.57379323
2023-07-13 05:42:04 INFO:Number of morph types: 3234
2023-07-13 05:42:04 INFO:Corpus weight set to 2210.9999999999995
2023-07-13 05:42:04 INFO:Epochs: 65	Cost: 75699003.43174173
2023-07-13 05:42:17 INFO:Number of morph types: 3234
2023-07-13 05:42:17 INFO:Corpus weight set to 2277.9999999999995
2023-07-13 05:42:17 INFO:Epochs: 66	Cost: 77987225.86329529
2023-07-13 05:42:31 INFO:Number of morph types: 3234
2023-07-13 05:42:31 INFO:Corpus weight set to 2345.9999999999995
2023-07-13 05:42:31 INFO:Epochs: 67	Cost: 80309600.86845389
2023-07-13 05:42:44 INFO:Number of morph types: 3234
2023-07-13 05:42:44 INFO:Corpus weight set to 2414.999999999999
2023-07-13 05:42:44 INFO:Epochs: 68	Cost: 82666128.44721755
2023-07-13 05:42:57 INFO:Number of morph types: 3234
2023-07-13 05:42:57 INFO:Corpus weight set to 2484.9999999999986
2023-07-13 05:42:57 INFO:Epochs: 69	Cost: 85056808.59958628
2023-07-13 05:43:10 INFO:Number of morph types: 3234
2023-07-13 05:43:10 INFO:Corpus weight set to 2555.999999999998
2023-07-13 05:43:10 INFO:Epochs: 70	Cost: 87481641.32556006
2023-07-13 05:43:24 INFO:Number of morph types: 3234
2023-07-13 05:43:24 INFO:Corpus weight set to 2627.999999999998
2023-07-13 05:43:24 INFO:Epochs: 71	Cost: 89940626.62513892
2023-07-13 05:43:37 INFO:Number of morph types: 3234
2023-07-13 05:43:37 INFO:Corpus weight set to 2700.9999999999977
2023-07-13 05:43:37 INFO:Epochs: 72	Cost: 92433764.49832284
2023-07-13 05:43:51 INFO:Number of morph types: 3234
2023-07-13 05:43:51 INFO:Corpus weight set to 2774.999999999998
2023-07-13 05:43:51 INFO:Epochs: 73	Cost: 94961054.94511184
2023-07-13 05:44:04 INFO:Number of morph types: 3234
2023-07-13 05:44:04 INFO:Corpus weight set to 2849.999999999998
2023-07-13 05:44:04 INFO:Epochs: 74	Cost: 97522497.9655059
2023-07-13 05:44:18 INFO:Number of morph types: 3234
2023-07-13 05:44:18 INFO:Corpus weight set to 2925.999999999998
2023-07-13 05:44:18 INFO:Epochs: 75	Cost: 100118093.55950502
2023-07-13 05:44:31 INFO:Number of morph types: 3234
2023-07-13 05:44:31 INFO:Corpus weight set to 3002.999999999998
2023-07-13 05:44:31 INFO:Epochs: 76	Cost: 102747841.72710921
2023-07-13 05:44:45 INFO:Number of morph types: 3234
2023-07-13 05:44:45 INFO:Corpus weight set to 3080.999999999998
2023-07-13 05:44:45 INFO:Epochs: 77	Cost: 105411742.46831845
2023-07-13 05:44:58 INFO:Number of morph types: 3234
2023-07-13 05:44:58 INFO:Corpus weight set to 3159.9999999999977
2023-07-13 05:44:58 INFO:Epochs: 78	Cost: 108109795.78313273
2023-07-13 05:45:12 INFO:Number of morph types: 3234
2023-07-13 05:45:12 INFO:Corpus weight set to 3239.9999999999973
2023-07-13 05:45:12 INFO:Epochs: 79	Cost: 110842001.67155208
2023-07-13 05:45:25 INFO:Number of morph types: 3234
2023-07-13 05:45:25 INFO:Corpus weight set to 3320.999999999997
2023-07-13 05:45:25 INFO:Epochs: 80	Cost: 113608360.13357648
2023-07-13 05:45:38 INFO:Number of morph types: 3234
2023-07-13 05:45:38 INFO:Corpus weight set to 3402.9999999999973
2023-07-13 05:45:38 INFO:Epochs: 81	Cost: 116408871.16920601
2023-07-13 05:45:52 INFO:Number of morph types: 3234
2023-07-13 05:45:52 INFO:Corpus weight set to 3485.9999999999973
2023-07-13 05:45:52 INFO:Epochs: 82	Cost: 119243534.77844055
2023-07-13 05:46:05 INFO:Number of morph types: 3234
2023-07-13 05:46:05 INFO:Corpus weight set to 3569.9999999999973
2023-07-13 05:46:05 INFO:Epochs: 83	Cost: 122112350.96128017
2023-07-13 05:46:19 INFO:Number of morph types: 3234
2023-07-13 05:46:19 INFO:Corpus weight set to 3654.999999999997
2023-07-13 05:46:19 INFO:Epochs: 84	Cost: 125015319.71772483
2023-07-13 05:46:32 INFO:Number of morph types: 3234
2023-07-13 05:46:32 INFO:Corpus weight set to 3740.9999999999964
2023-07-13 05:46:32 INFO:Epochs: 85	Cost: 127952441.04777455
2023-07-13 05:46:45 INFO:Number of morph types: 3234
2023-07-13 05:46:45 INFO:Corpus weight set to 3827.9999999999964
2023-07-13 05:46:45 INFO:Epochs: 86	Cost: 130923714.95142935
2023-07-13 05:46:59 INFO:Number of morph types: 3234
2023-07-13 05:46:59 INFO:Corpus weight set to 3915.9999999999964
2023-07-13 05:46:59 INFO:Epochs: 87	Cost: 133929141.42868923
2023-07-13 05:47:12 INFO:Number of morph types: 3234
2023-07-13 05:47:12 INFO:Corpus weight set to 4004.9999999999964
2023-07-13 05:47:12 INFO:Epochs: 88	Cost: 136968720.47955415
2023-07-13 05:47:25 INFO:Number of morph types: 3234
2023-07-13 05:47:25 INFO:Corpus weight set to 4094.9999999999964
2023-07-13 05:47:25 INFO:Epochs: 89	Cost: 140042452.10402417
2023-07-13 05:47:39 INFO:Number of morph types: 3234
2023-07-13 05:47:39 INFO:Corpus weight set to 4185.999999999996
2023-07-13 05:47:39 INFO:Epochs: 90	Cost: 143150336.3020992
2023-07-13 05:47:53 INFO:Number of morph types: 3234
2023-07-13 05:47:53 INFO:Corpus weight set to 4277.999999999996
2023-07-13 05:47:53 INFO:Epochs: 91	Cost: 146292373.0737793
2023-07-13 05:48:06 INFO:Number of morph types: 3234
2023-07-13 05:48:06 INFO:Corpus weight set to 4370.999999999996
2023-07-13 05:48:06 INFO:Epochs: 92	Cost: 149468562.4190645
2023-07-13 05:48:20 INFO:Number of morph types: 3234
2023-07-13 05:48:20 INFO:Corpus weight set to 4464.999999999996
2023-07-13 05:48:20 INFO:Epochs: 93	Cost: 152678904.33795473
2023-07-13 05:48:33 INFO:Number of morph types: 3234
2023-07-13 05:48:33 INFO:Corpus weight set to 4559.999999999996
2023-07-13 05:48:33 INFO:Epochs: 94	Cost: 155923398.83045006
2023-07-13 05:48:47 INFO:Number of morph types: 3234
2023-07-13 05:48:47 INFO:Corpus weight set to 4655.999999999996
2023-07-13 05:48:47 INFO:Epochs: 95	Cost: 159202045.89655042
2023-07-13 05:49:00 INFO:Number of morph types: 3234
2023-07-13 05:49:00 INFO:Corpus weight set to 4752.999999999996
2023-07-13 05:49:00 INFO:Epochs: 96	Cost: 162514845.53625584
2023-07-13 05:49:14 INFO:Number of morph types: 3234
2023-07-13 05:49:14 INFO:Corpus weight set to 4850.999999999996
2023-07-13 05:49:14 INFO:Epochs: 97	Cost: 165861797.74956635
2023-07-13 05:49:27 INFO:Number of morph types: 3234
2023-07-13 05:49:27 INFO:Corpus weight set to 4949.999999999996
2023-07-13 05:49:27 INFO:Epochs: 98	Cost: 169242902.5364819
2023-07-13 05:49:41 INFO:Number of morph types: 3234
2023-07-13 05:49:41 INFO:Corpus weight set to 5049.999999999995
2023-07-13 05:49:41 INFO:Epochs: 99	Cost: 172658159.89700246
2023-07-13 05:49:54 INFO:Number of morph types: 3234
2023-07-13 05:49:54 INFO:Corpus weight set to 5150.999999999995
2023-07-13 05:49:54 INFO:Epochs: 100	Cost: 176107569.83112815
2023-07-13 05:49:54 INFO:Max number of epochs reached, stop training
2023-07-13 05:49:54 INFO:Done.
2023-07-13 05:49:54 INFO:Epochs: 100
2023-07-13 05:49:54 INFO:Final cost: 176107569.83112815
2023-07-13 05:49:54 INFO:Training time: 1345.904s
2023-07-13 05:49:54 INFO:Saving model to './models/tokenizers/morfessors/morf_tox21_5000.bin'...
2023-07-13 05:49:54 INFO:Done.
