2023-07-27 18:16:40 INFO:Reading corpus from './datasets/cleaned_selfiesDB.self'...
2023-07-27 18:16:42 INFO:Detected utf-8 encoding
2023-07-27 18:16:46 INFO:Done.
2023-07-27 18:18:05 INFO:Compounds in training data: 258710 types / 258710 tokens
2023-07-27 18:18:05 INFO:Starting batch training
2023-07-27 18:18:05 INFO:Epochs: 0	Cost: 122686532.09313226
2023-07-28 15:49:58 INFO:Number of morph types: 12760
2023-07-28 15:49:58 INFO:Corpus weight set to 0.3333333333333333
2023-07-28 15:49:58 INFO:Epochs: 1	Cost: 8147702.843589795
2023-07-29 12:31:35 INFO:Number of morph types: 2897
2023-07-29 12:31:35 INFO:Corpus weight set to 0.16666666666666666
2023-07-29 12:31:35 INFO:Epochs: 2	Cost: 3022001.545403858
2023-07-30 09:01:54 INFO:Number of morph types: 1788
2023-07-30 09:01:54 INFO:Corpus weight set to 0.1
2023-07-30 09:01:54 INFO:Epochs: 3	Cost: 1846379.0339653345
2023-07-31 05:17:40 INFO:Number of morph types: 1240
2023-07-31 05:17:40 INFO:Corpus weight set to 0.06666666666666667
2023-07-31 05:17:40 INFO:Epochs: 4	Cost: 1247349.3456755097
2023-08-01 01:44:36 INFO:Number of morph types: 901
2023-08-01 01:44:36 INFO:Corpus weight set to 0.047619047619047616
2023-08-01 01:44:36 INFO:Epochs: 5	Cost: 900808.2097073537
2023-08-01 22:20:32 INFO:Number of morph types: 722
2023-08-01 22:20:32 INFO:Corpus weight set to 0.03571428571428571
2023-08-01 22:20:32 INFO:Epochs: 6	Cost: 684444.2109886856
2023-08-02 18:57:40 INFO:Number of morph types: 599
2023-08-02 18:57:40 INFO:Corpus weight set to 0.02777777777777778
2023-08-02 18:57:40 INFO:Epochs: 7	Cost: 539052.0859033425
2023-08-03 16:04:30 INFO:Number of morph types: 522
2023-08-03 16:04:30 INFO:Corpus weight set to 0.022222222222222227
2023-08-03 16:04:30 INFO:Epochs: 8	Cost: 436422.32959317
2023-08-04 12:53:03 INFO:Number of morph types: 463
2023-08-04 12:53:03 INFO:Corpus weight set to 0.018181818181818184
2023-08-04 12:53:03 INFO:Epochs: 9	Cost: 361226.90634905425
2023-08-05 09:57:34 INFO:Number of morph types: 420
2023-08-05 09:57:34 INFO:Corpus weight set to 0.015151515151515154
2023-08-05 09:57:34 INFO:Epochs: 10	Cost: 304381.8704126125
2023-08-06 10:28:53 INFO:Number of morph types: 375
2023-08-06 10:28:53 INFO:Corpus weight set to 0.012820512820512822
2023-08-06 10:28:53 INFO:Epochs: 11	Cost: 260169.36422769632
2023-08-07 09:15:55 INFO:Number of morph types: 334
2023-08-07 09:15:55 INFO:Corpus weight set to 0.01098901098901099
2023-08-07 09:15:55 INFO:Epochs: 12	Cost: 225055.29864165784
2023-08-08 06:17:09 INFO:Number of morph types: 297
2023-08-08 06:17:09 INFO:Corpus weight set to 0.009523809523809525
2023-08-08 06:17:09 INFO:Epochs: 13	Cost: 196478.12359513625
2023-08-09 03:15:07 INFO:Number of morph types: 277
2023-08-09 03:15:07 INFO:Corpus weight set to 0.008333333333333335
2023-08-09 03:15:07 INFO:Epochs: 14	Cost: 173138.00773435525
2023-08-10 00:13:12 INFO:Number of morph types: 262
2023-08-10 00:13:12 INFO:Corpus weight set to 0.00735294117647059
2023-08-10 00:13:12 INFO:Epochs: 15	Cost: 154137.655681106
2023-08-10 21:08:34 INFO:Number of morph types: 243
2023-08-10 21:08:34 INFO:Corpus weight set to 0.006535947712418302
2023-08-10 21:08:34 INFO:Epochs: 16	Cost: 138083.01886930424
2023-08-11 17:57:10 INFO:Number of morph types: 238
2023-08-11 17:57:10 INFO:Corpus weight set to 0.00584795321637427
2023-08-11 17:57:10 INFO:Epochs: 17	Cost: 124682.21286256233
2023-08-12 14:51:54 INFO:Number of morph types: 226
2023-08-12 14:51:54 INFO:Corpus weight set to 0.005263157894736843
2023-08-12 14:51:54 INFO:Epochs: 18	Cost: 113068.8723523224
2023-08-13 12:00:33 INFO:Number of morph types: 209
2023-08-13 12:00:33 INFO:Corpus weight set to 0.004761904761904763
2023-08-13 12:00:33 INFO:Epochs: 19	Cost: 102955.24022732224
2023-08-14 09:23:06 INFO:Number of morph types: 204
2023-08-14 09:23:06 INFO:Corpus weight set to 0.00432900432900433
2023-08-14 09:23:06 INFO:Epochs: 20	Cost: 94297.13658644288
