2023-07-25 16:20:54 INFO:Reading corpus from './datasets/cleaned_smilesDB.smi'...
2023-07-25 16:20:55 INFO:Detected utf-8 encoding
2023-07-25 16:20:57 INFO:Done.
2023-07-25 16:21:19 INFO:Compounds in training data: 258716 types / 258716 tokens
2023-07-25 16:21:19 INFO:Starting batch training
2023-07-25 16:21:19 INFO:Epochs: 0	Cost: 31429842.088340558
2023-07-25 17:24:21 INFO:Number of morph types: 73217
2023-07-25 17:24:21 INFO:Corpus weight set to 0.3333333333333333
2023-07-25 17:24:21 INFO:Epochs: 1	Cost: 7950178.263380427
2023-07-25 18:31:54 INFO:Number of morph types: 10739
2023-07-25 18:31:54 INFO:Corpus weight set to 0.6666666666666666
2023-07-25 18:31:54 INFO:Epochs: 2	Cost: 8956831.106403194
2023-07-25 19:38:44 INFO:Number of morph types: 19136
2023-07-25 19:38:44 INFO:Corpus weight set to 1.111111111111111
2023-07-25 19:38:44 INFO:Epochs: 3	Cost: 14183560.28527534
2023-07-25 20:44:44 INFO:Number of morph types: 35671
2023-07-25 20:44:44 INFO:Corpus weight set to 1.6666666666666665
2023-07-25 20:44:44 INFO:Epochs: 4	Cost: 20270354.954990085
2023-07-25 21:47:05 INFO:Number of morph types: 59226
2023-07-25 21:47:05 INFO:Corpus weight set to 1.1904761904761905
2023-07-25 21:47:05 INFO:Epochs: 5	Cost: 15185740.33206435
2023-07-25 22:47:39 INFO:Number of morph types: 43879
2023-07-25 22:47:39 INFO:Corpus weight set to 1.5873015873015872
2023-07-25 22:47:39 INFO:Epochs: 6	Cost: 19181621.495730933
2023-07-25 23:46:55 INFO:Number of morph types: 55833
2023-07-25 23:46:55 INFO:Corpus weight set to 1.234567901234568
2023-07-25 23:46:55 INFO:Epochs: 7	Cost: 15511141.472040422
2023-07-26 00:47:18 INFO:Number of morph types: 45978
2023-07-26 00:47:18 INFO:Corpus weight set to 1.54320987654321
2023-07-26 00:47:18 INFO:Epochs: 8	Cost: 18669969.720919836
2023-07-26 01:46:42 INFO:Number of morph types: 54098
2023-07-26 01:46:42 INFO:Corpus weight set to 1.2626262626262628
2023-07-26 01:46:42 INFO:Epochs: 9	Cost: 15757848.03706507
2023-07-26 02:52:13 INFO:Number of morph types: 47001
2023-07-26 02:52:13 INFO:Corpus weight set to 1.5151515151515154
2023-07-26 02:52:13 INFO:Epochs: 10	Cost: 18357978.158431396
2023-07-26 03:51:37 INFO:Number of morph types: 53232
2023-07-26 03:51:37 INFO:Corpus weight set to 1.2820512820512822
2023-07-26 03:51:37 INFO:Epochs: 11	Cost: 15939473.134033706
2023-07-26 04:51:33 INFO:Number of morph types: 47583
2023-07-26 04:51:33 INFO:Corpus weight set to 1.495726495726496
2023-07-26 04:51:33 INFO:Epochs: 12	Cost: 18146294.108727176
2023-07-26 05:51:09 INFO:Number of morph types: 52709
2023-07-26 05:51:09 INFO:Corpus weight set to 1.2962962962962965
2023-07-26 05:51:09 INFO:Epochs: 13	Cost: 16079032.154051341
2023-07-26 06:51:06 INFO:Number of morph types: 48011
2023-07-26 06:51:06 INFO:Corpus weight set to 1.4814814814814816
2023-07-26 06:51:06 INFO:Epochs: 14	Cost: 17992094.661372542
2023-07-26 07:50:41 INFO:Number of morph types: 52290
2023-07-26 07:50:41 INFO:Corpus weight set to 1.3071895424836601
2023-07-26 07:50:41 INFO:Epochs: 15	Cost: 16184230.506921519
2023-07-26 09:05:17 INFO:Number of morph types: 48370
2023-07-26 09:05:17 INFO:Corpus weight set to 1.4705882352941178
2023-07-26 09:05:17 INFO:Epochs: 16	Cost: 17876797.802159257
2023-07-26 10:05:02 INFO:Number of morph types: 52015
2023-07-26 10:05:02 INFO:Corpus weight set to 1.3157894736842106
2023-07-26 10:05:02 INFO:Epochs: 17	Cost: 16268906.757703528
2023-07-26 11:06:54 INFO:Number of morph types: 48551
2023-07-26 11:06:54 INFO:Corpus weight set to 1.4619883040935675
2023-07-26 11:06:54 INFO:Epochs: 18	Cost: 17785358.148849808
2023-07-26 12:07:13 INFO:Number of morph types: 51830
2023-07-26 12:07:13 INFO:Corpus weight set to 1.3227513227513232
2023-07-26 12:07:13 INFO:Epochs: 19	Cost: 16338912.140445147
2023-07-26 13:06:42 INFO:Number of morph types: 48738
2023-07-26 13:06:42 INFO:Corpus weight set to 1.4550264550264558
2023-07-26 13:06:42 INFO:Epochs: 20	Cost: 17712291.081897024
2023-07-26 14:05:51 INFO:Number of morph types: 51675
2023-07-26 14:05:51 INFO:Corpus weight set to 1.3285024154589378
2023-07-26 14:05:51 INFO:Epochs: 21	Cost: 16397815.715485059
2023-07-26 15:05:35 INFO:Number of morph types: 48897
2023-07-26 15:05:35 INFO:Corpus weight set to 1.449275362318841
2023-07-26 15:05:35 INFO:Epochs: 22	Cost: 17651558.628676146
2023-07-26 16:05:18 INFO:Number of morph types: 51555
2023-07-26 16:05:18 INFO:Corpus weight set to 1.3333333333333337
2023-07-26 16:05:18 INFO:Epochs: 23	Cost: 16446631.215954786
2023-07-26 17:05:27 INFO:Number of morph types: 49033
2023-07-26 17:05:27 INFO:Corpus weight set to 1.4444444444444446
2023-07-26 17:05:27 INFO:Epochs: 24	Cost: 17600875.477304608
2023-07-26 18:05:05 INFO:Number of morph types: 51424
2023-07-26 18:05:05 INFO:Corpus weight set to 1.337448559670782
2023-07-26 18:05:05 INFO:Epochs: 25	Cost: 16487182.747384172
2023-07-26 19:05:02 INFO:Number of morph types: 49148
2023-07-26 19:05:02 INFO:Corpus weight set to 1.4403292181069958
2023-07-26 19:05:02 INFO:Epochs: 26	Cost: 17558287.668226093
2023-07-26 20:04:48 INFO:Number of morph types: 51346
2023-07-26 20:04:48 INFO:Corpus weight set to 1.3409961685823755
2023-07-26 20:04:48 INFO:Epochs: 27	Cost: 16523201.79782463
2023-07-26 21:04:18 INFO:Number of morph types: 49272
2023-07-26 21:04:18 INFO:Corpus weight set to 1.4367816091954022
2023-07-26 21:04:18 INFO:Epochs: 28	Cost: 17521616.802442368
2023-07-26 22:03:32 INFO:Number of morph types: 51239
2023-07-26 22:03:32 INFO:Corpus weight set to 1.3440860215053763
2023-07-26 22:03:32 INFO:Epochs: 29	Cost: 16554208.701590268
2023-07-26 23:02:47 INFO:Number of morph types: 49358
2023-07-26 23:02:47 INFO:Corpus weight set to 1.4336917562724014
2023-07-26 23:02:47 INFO:Epochs: 30	Cost: 17488702.813415613
2023-07-27 00:01:58 INFO:Number of morph types: 51167
2023-07-27 00:01:58 INFO:Corpus weight set to 1.3468013468013469
2023-07-27 00:01:58 INFO:Epochs: 31	Cost: 16581482.195669334
2023-07-27 01:01:18 INFO:Number of morph types: 49429
2023-07-27 01:01:18 INFO:Corpus weight set to 1.430976430976431
2023-07-27 01:01:18 INFO:Epochs: 32	Cost: 17460189.807352886
2023-07-27 02:00:29 INFO:Number of morph types: 51109
2023-07-27 02:00:29 INFO:Corpus weight set to 1.3492063492063493
2023-07-27 02:00:29 INFO:Epochs: 33	Cost: 16606328.622120464
2023-07-27 02:59:52 INFO:Number of morph types: 49495
2023-07-27 02:59:52 INFO:Corpus weight set to 1.4285714285714286
2023-07-27 02:59:52 INFO:Epochs: 34	Cost: 17434485.677619375
2023-07-27 03:58:52 INFO:Number of morph types: 51042
2023-07-27 03:58:52 INFO:Corpus weight set to 1.3513513513513513
2023-07-27 03:58:52 INFO:Epochs: 35	Cost: 16628279.792768642
2023-07-27 04:58:08 INFO:Number of morph types: 49535
2023-07-27 04:58:08 INFO:Epochs: 36	Cost: 16608553.327461366
2023-07-27 05:57:30 INFO:Number of morph types: 49489
2023-07-27 05:57:30 INFO:Corpus weight set to 1.4243973703433161
2023-07-27 05:57:30 INFO:Epochs: 37	Cost: 17389893.936990783
2023-07-27 06:56:53 INFO:Number of morph types: 50954
2023-07-27 06:56:53 INFO:Corpus weight set to 1.3531775018261505
2023-07-27 06:56:53 INFO:Epochs: 38	Cost: 16645832.229939025
2023-07-27 07:56:11 INFO:Number of morph types: 49581
2023-07-27 07:56:11 INFO:Epochs: 39	Cost: 16628557.812009262
2023-07-27 08:55:20 INFO:Number of morph types: 49536
2023-07-27 08:55:20 INFO:Epochs: 40	Cost: 16628178.169166679
2023-07-27 08:55:20 INFO:Done.
2023-07-27 08:55:20 INFO:Epochs: 40
2023-07-27 08:55:20 INFO:Final cost: 16628178.169166679
2023-07-27 08:55:20 INFO:Training time: 146066.317s
2023-07-27 08:55:20 INFO:Saving model to './models/tokenizers/morfessors/morf_smilesDB_50000.bin'...
2023-07-27 08:55:23 INFO:Done.
