2023-07-13 04:35:08 INFO:Reading corpus from './datasets/pre_processed/tox21.smi'...
2023-07-13 04:35:08 INFO:Detected utf-8 encoding
2023-07-13 04:35:08 INFO:Done.
2023-07-13 04:35:08 INFO:Compounds in training data: 3079 types / 3079 tokens
2023-07-13 04:35:08 INFO:Starting batch training
2023-07-13 04:35:08 INFO:Epochs: 0	Cost: 223989.18578946654
2023-07-13 04:35:28 INFO:Number of morph types: 2136
2023-07-13 04:35:28 INFO:Corpus weight set to 0.3333333333333333
2023-07-13 04:35:28 INFO:Epochs: 1	Cost: 143950.05168014258
2023-07-13 04:36:30 INFO:Number of morph types: 422
2023-07-13 04:36:30 INFO:Corpus weight set to 0.16666666666666666
2023-07-13 04:36:30 INFO:Epochs: 2	Cost: 38103.6686524634
2023-07-13 04:37:38 INFO:Number of morph types: 178
2023-07-13 04:37:38 INFO:Corpus weight set to 0.27777777777777773
2023-07-13 04:37:38 INFO:Epochs: 3	Cost: 43482.552383583265
2023-07-13 04:38:46 INFO:Number of morph types: 236
2023-07-13 04:38:46 INFO:Corpus weight set to 0.18518518518518515
2023-07-13 04:38:46 INFO:Epochs: 4	Cost: 31090.31972678914
2023-07-13 04:39:46 INFO:Number of morph types: 189
2023-07-13 04:39:46 INFO:Corpus weight set to 0.2592592592592592
2023-07-13 04:39:46 INFO:Epochs: 5	Cost: 40623.011624822284
2023-07-13 04:40:46 INFO:Number of morph types: 220
2023-07-13 04:40:46 INFO:Corpus weight set to 0.1944444444444444
2023-07-13 04:40:46 INFO:Epochs: 6	Cost: 32081.18646995679
2023-07-13 04:41:47 INFO:Number of morph types: 192
2023-07-13 04:41:47 INFO:Corpus weight set to 0.24999999999999992
2023-07-13 04:41:47 INFO:Epochs: 7	Cost: 39354.93236343075
2023-07-13 04:42:48 INFO:Number of morph types: 212
2023-07-13 04:42:48 INFO:Corpus weight set to 0.19999999999999996
2023-07-13 04:42:48 INFO:Epochs: 8	Cost: 32763.393218678284
2023-07-13 04:43:49 INFO:Number of morph types: 196
2023-07-13 04:43:49 INFO:Corpus weight set to 0.2444444444444444
2023-07-13 04:43:49 INFO:Epochs: 9	Cost: 38598.39554488033
2023-07-13 04:44:49 INFO:Number of morph types: 212
2023-07-13 04:44:49 INFO:Corpus weight set to 0.2037037037037037
2023-07-13 04:44:49 INFO:Epochs: 10	Cost: 33221.86654090613
2023-07-13 04:45:49 INFO:Number of morph types: 199
2023-07-13 04:45:49 INFO:Epochs: 11	Cost: 33145.25087163795
2023-07-13 04:46:49 INFO:Number of morph types: 199
2023-07-13 04:46:49 INFO:Epochs: 12	Cost: 33145.972913059166
2023-07-13 04:46:49 INFO:Done.
2023-07-13 04:46:49 INFO:Epochs: 12
2023-07-13 04:46:49 INFO:Final cost: 33145.972913059166
2023-07-13 04:46:49 INFO:Training time: 701.169s
2023-07-13 04:46:49 INFO:Saving model to './models/tokenizers/morfessors/morf_tox21_200.bin'...
2023-07-13 04:46:49 INFO:Done.
