2023-07-03 22:52:16 INFO:Reading corpus from '../datasets/tox21.smi'...
2023-07-03 22:52:16 INFO:Detected utf-8 encoding
2023-07-03 22:52:16 INFO:Done.
2023-07-03 22:52:16 INFO:Compounds in training data: 7831 types / 7831 tokens
2023-07-03 22:52:16 INFO:Starting batch training
2023-07-03 22:52:16 INFO:Epochs: 0	Cost: 767836.8069382878
2023-07-03 22:53:10 INFO:Number of morph types: 5402
2023-07-03 22:53:10 INFO:Corpus weight set to 0.3333333333333333
2023-07-03 22:53:10 INFO:Epochs: 1	Cost: 478774.3561776889
2023-07-03 22:55:53 INFO:Number of morph types: 882
2023-07-03 22:55:53 INFO:Corpus weight set to 0.16666666666666666
2023-07-03 22:55:53 INFO:Epochs: 2	Cost: 98768.36832073308
2023-07-03 22:58:05 INFO:Number of morph types: 381
2023-07-03 22:58:05 INFO:Corpus weight set to 0.1
2023-07-03 22:58:05 INFO:Epochs: 3	Cost: 54265.59221290072
2023-07-03 23:00:08 INFO:Number of morph types: 277
2023-07-03 23:00:08 INFO:Corpus weight set to 0.06666666666666667
2023-07-03 23:00:08 INFO:Epochs: 4	Cost: 37933.57341862955
2023-07-03 23:02:10 INFO:Number of morph types: 205
2023-07-03 23:02:10 INFO:Corpus weight set to 0.047619047619047616
2023-07-03 23:02:10 INFO:Epochs: 5	Cost: 28550.35537308668
2023-07-03 23:04:08 INFO:Number of morph types: 181
2023-07-03 23:04:08 INFO:Corpus weight set to 0.03571428571428571
2023-07-03 23:04:08 INFO:Epochs: 6	Cost: 22693.177420711305
2023-07-03 23:06:07 INFO:Number of morph types: 149
2023-07-03 23:06:07 INFO:Corpus weight set to 0.02777777777777778
2023-07-03 23:06:07 INFO:Epochs: 7	Cost: 18552.479638294946
2023-07-03 23:08:04 INFO:Number of morph types: 135
2023-07-03 23:08:04 INFO:Corpus weight set to 0.022222222222222227
2023-07-03 23:08:04 INFO:Epochs: 8	Cost: 15707.998071551174
2023-07-03 23:10:01 INFO:Number of morph types: 122
2023-07-03 23:10:01 INFO:Corpus weight set to 0.018181818181818184
2023-07-03 23:10:01 INFO:Epochs: 9	Cost: 13565.512670548518
2023-07-03 23:11:59 INFO:Number of morph types: 109
2023-07-03 23:11:59 INFO:Corpus weight set to 0.015151515151515154
2023-07-03 23:11:59 INFO:Epochs: 10	Cost: 11918.109843398464
2023-07-03 23:13:58 INFO:Number of morph types: 104
2023-07-03 23:13:58 INFO:Corpus weight set to 0.012820512820512822
2023-07-03 23:13:58 INFO:Epochs: 11	Cost: 10671.221811214993
2023-07-03 23:15:57 INFO:Number of morph types: 97
2023-07-03 23:15:57 INFO:Corpus weight set to 0.01495726495726496
2023-07-03 23:15:57 INFO:Epochs: 12	Cost: 11766.354897167803
2023-07-03 23:17:56 INFO:Number of morph types: 97
2023-07-03 23:17:56 INFO:Corpus weight set to 0.01725838264299803
2023-07-03 23:17:56 INFO:Epochs: 13	Cost: 12982.204497633213
2023-07-03 23:19:54 INFO:Number of morph types: 99
2023-07-03 23:19:54 INFO:Epochs: 14	Cost: 12971.7286544433
2023-07-03 23:21:52 INFO:Number of morph types: 99
2023-07-03 23:21:52 INFO:Epochs: 15	Cost: 12973.618814351485
2023-07-03 23:21:52 INFO:Done.
2023-07-03 23:21:52 INFO:Epochs: 15
2023-07-03 23:21:52 INFO:Final cost: 12973.618814351485
2023-07-03 23:21:52 INFO:Training time: 1776.678s
2023-07-03 23:21:52 INFO:Saving model to '../models/tokenizers/morf_tox21_100.bin'...
2023-07-03 23:21:52 INFO:Done.
