2023-07-13 05:00:54 INFO:Reading corpus from './datasets/pre_processed/tox21.smi'...
2023-07-13 05:00:54 INFO:Detected utf-8 encoding
2023-07-13 05:00:54 INFO:Done.
2023-07-13 05:00:54 INFO:Compounds in training data: 3079 types / 3079 tokens
2023-07-13 05:00:54 INFO:Starting batch training
2023-07-13 05:00:54 INFO:Epochs: 0	Cost: 223989.18578946654
2023-07-13 05:01:15 INFO:Number of morph types: 2128
2023-07-13 05:01:15 INFO:Corpus weight set to 0.3333333333333333
2023-07-13 05:01:15 INFO:Epochs: 1	Cost: 142471.49670154892
2023-07-13 05:02:27 INFO:Number of morph types: 457
2023-07-13 05:02:27 INFO:Corpus weight set to 0.6666666666666666
2023-07-13 05:02:27 INFO:Epochs: 2	Cost: 100286.0535442528
2023-07-13 05:03:28 INFO:Number of morph types: 587
2023-07-13 05:03:28 INFO:Corpus weight set to 1.111111111111111
2023-07-13 05:03:28 INFO:Epochs: 3	Cost: 145044.55494812602
2023-07-13 05:04:09 INFO:Number of morph types: 1226
2023-07-13 05:04:09 INFO:Corpus weight set to 0.7407407407407406
2023-07-13 05:04:09 INFO:Epochs: 4	Cost: 117547.71240897532
2023-07-13 05:04:54 INFO:Number of morph types: 908
2023-07-13 05:04:54 INFO:Corpus weight set to 1.0370370370370368
2023-07-13 05:04:54 INFO:Epochs: 5	Cost: 138082.57119244215
2023-07-13 05:05:33 INFO:Number of morph types: 1203
2023-07-13 05:05:33 INFO:Corpus weight set to 0.7777777777777776
2023-07-13 05:05:33 INFO:Epochs: 6	Cost: 118896.21983702702
2023-07-13 05:06:15 INFO:Number of morph types: 971
2023-07-13 05:06:15 INFO:Corpus weight set to 0.9999999999999997
2023-07-13 05:06:15 INFO:Epochs: 7	Cost: 134569.23941399468
2023-07-13 05:06:55 INFO:Number of morph types: 1168
2023-07-13 05:06:55 INFO:Corpus weight set to 0.7999999999999998
2023-07-13 05:06:55 INFO:Epochs: 8	Cost: 119165.46147649626
2023-07-13 05:07:36 INFO:Number of morph types: 993
2023-07-13 05:07:36 INFO:Epochs: 9	Cost: 115627.31842870769
2023-07-13 05:08:18 INFO:Number of morph types: 963
2023-07-13 05:08:18 INFO:Corpus weight set to 0.9599999999999997
2023-07-13 05:08:18 INFO:Epochs: 10	Cost: 130186.07739792782
2023-07-13 05:08:59 INFO:Number of morph types: 1081
2023-07-13 05:08:59 INFO:Corpus weight set to 0.8123076923076921
2023-07-13 05:08:59 INFO:Epochs: 11	Cost: 118185.48685522706
2023-07-13 05:09:40 INFO:Number of morph types: 989
2023-07-13 05:09:40 INFO:Corpus weight set to 0.9476923076923075
2023-07-13 05:09:40 INFO:Epochs: 12	Cost: 129095.57231199284
2023-07-13 05:10:21 INFO:Number of morph types: 1074
2023-07-13 05:10:21 INFO:Corpus weight set to 0.8213333333333332
2023-07-13 05:10:21 INFO:Epochs: 13	Cost: 118635.80816615681
2023-07-13 05:11:03 INFO:Number of morph types: 999
2023-07-13 05:11:03 INFO:Epochs: 14	Cost: 117295.42454372052
2023-07-13 05:11:46 INFO:Number of morph types: 972
2023-07-13 05:11:46 INFO:Corpus weight set to 0.9308444444444444
2023-07-13 05:11:46 INFO:Epochs: 15	Cost: 127044.00372522883
2023-07-13 05:12:29 INFO:Number of morph types: 1046
2023-07-13 05:12:29 INFO:Corpus weight set to 0.8274172839506172
2023-07-13 05:12:29 INFO:Epochs: 16	Cost: 118636.3658181563
2023-07-13 05:13:11 INFO:Number of morph types: 988
2023-07-13 05:13:11 INFO:Corpus weight set to 0.9247604938271604
2023-07-13 05:13:11 INFO:Epochs: 17	Cost: 126785.8219114026
2023-07-13 05:13:54 INFO:Number of morph types: 1047
2023-07-13 05:13:54 INFO:Corpus weight set to 0.8322844444444443
2023-07-13 05:13:54 INFO:Epochs: 18	Cost: 119004.11283448993
2023-07-13 05:14:37 INFO:Number of morph types: 997
2023-07-13 05:14:37 INFO:Epochs: 19	Cost: 117985.72383960991
2023-07-13 05:15:19 INFO:Number of morph types: 983
2023-07-13 05:15:19 INFO:Corpus weight set to 0.9155128888888888
2023-07-13 05:15:19 INFO:Epochs: 20	Cost: 125619.08579865328
2023-07-13 05:16:02 INFO:Number of morph types: 1038
2023-07-13 05:16:02 INFO:Corpus weight set to 0.835903072463768
2023-07-13 05:16:02 INFO:Epochs: 21	Cost: 119111.80408792553
2023-07-13 05:16:45 INFO:Number of morph types: 992
2023-07-13 05:16:45 INFO:Epochs: 22	Cost: 118233.03409585656
2023-07-13 05:17:27 INFO:Number of morph types: 974
2023-07-13 05:17:27 INFO:Corpus weight set to 0.9085902961562695
2023-07-13 05:17:27 INFO:Epochs: 23	Cost: 124852.09600554028
2023-07-13 05:18:10 INFO:Number of morph types: 1027
2023-07-13 05:18:10 INFO:Corpus weight set to 0.8386987349134796
2023-07-13 05:18:10 INFO:Epochs: 24	Cost: 119112.55378636939
2023-07-13 05:18:52 INFO:Number of morph types: 1003
2023-07-13 05:18:52 INFO:Epochs: 25	Cost: 118758.02534907125
2023-07-13 05:19:35 INFO:Number of morph types: 1001
2023-07-13 05:19:35 INFO:Epochs: 26	Cost: 118731.19148977756
2023-07-13 05:20:18 INFO:Number of morph types: 1002
2023-07-13 05:20:18 INFO:Epochs: 27	Cost: 118759.9394036194
2023-07-13 05:20:18 INFO:Done.
2023-07-13 05:20:18 INFO:Epochs: 27
2023-07-13 05:20:18 INFO:Final cost: 118759.9394036194
2023-07-13 05:20:18 INFO:Training time: 1163.498s
2023-07-13 05:20:18 INFO:Saving model to './models/tokenizers/morfessors/morf_tox21_1000.bin'...
2023-07-13 05:20:18 INFO:Done.
