2023-07-13 05:49:54 INFO:Reading corpus from './datasets/pre_processed/tox21.smi'...
2023-07-13 05:49:54 INFO:Detected utf-8 encoding
2023-07-13 05:49:54 INFO:Done.
2023-07-13 05:49:54 INFO:Compounds in training data: 3079 types / 3079 tokens
2023-07-13 05:49:54 INFO:Starting batch training
2023-07-13 05:49:54 INFO:Epochs: 0	Cost: 223989.18578946654
2023-07-13 05:50:15 INFO:Number of morph types: 2155
2023-07-13 05:50:15 INFO:Corpus weight set to 3.0
2023-07-13 05:50:15 INFO:Epochs: 1	Cost: 285297.31453784
2023-07-13 05:50:31 INFO:Number of morph types: 2337
2023-07-13 05:50:31 INFO:Corpus weight set to 6.0
2023-07-13 05:50:31 INFO:Epochs: 2	Cost: 406944.65368087636
2023-07-13 05:50:45 INFO:Number of morph types: 2782
2023-07-13 05:50:45 INFO:Corpus weight set to 10.0
2023-07-13 05:50:45 INFO:Epochs: 3	Cost: 546711.4225165737
2023-07-13 05:50:59 INFO:Number of morph types: 3166
2023-07-13 05:50:59 INFO:Corpus weight set to 15.0
2023-07-13 05:50:59 INFO:Epochs: 4	Cost: 707573.3628878884
2023-07-13 05:51:12 INFO:Number of morph types: 3232
2023-07-13 05:51:12 INFO:Corpus weight set to 21.0
2023-07-13 05:51:12 INFO:Epochs: 5	Cost: 905696.932330682
2023-07-13 05:51:25 INFO:Number of morph types: 3234
2023-07-13 05:51:25 INFO:Corpus weight set to 28.0
2023-07-13 05:51:25 INFO:Epochs: 6	Cost: 1143967.1433977543
2023-07-13 05:51:38 INFO:Number of morph types: 3234
2023-07-13 05:51:38 INFO:Corpus weight set to 36.0
2023-07-13 05:51:38 INFO:Epochs: 7	Cost: 1417155.8398959904
2023-07-13 05:51:51 INFO:Number of morph types: 3234
2023-07-13 05:51:51 INFO:Corpus weight set to 45.0
2023-07-13 05:51:51 INFO:Epochs: 8	Cost: 1724529.0023559316
2023-07-13 05:52:04 INFO:Number of morph types: 3234
2023-07-13 05:52:04 INFO:Corpus weight set to 55.00000000000001
2023-07-13 05:52:04 INFO:Epochs: 9	Cost: 2066054.7384209328
2023-07-13 05:52:17 INFO:Number of morph types: 3234
2023-07-13 05:52:17 INFO:Corpus weight set to 66.0
2023-07-13 05:52:17 INFO:Epochs: 10	Cost: 2441733.0480909995
2023-07-13 05:52:30 INFO:Number of morph types: 3234
2023-07-13 05:52:30 INFO:Corpus weight set to 78.0
2023-07-13 05:52:30 INFO:Epochs: 11	Cost: 2851563.931366129
2023-07-13 05:52:43 INFO:Number of morph types: 3234
2023-07-13 05:52:43 INFO:Corpus weight set to 91.0
2023-07-13 05:52:43 INFO:Epochs: 12	Cost: 3295547.388246321
2023-07-13 05:52:57 INFO:Number of morph types: 3234
2023-07-13 05:52:57 INFO:Corpus weight set to 104.99999999999999
2023-07-13 05:52:57 INFO:Epochs: 13	Cost: 3773683.4187315847
2023-07-13 05:53:10 INFO:Number of morph types: 3234
2023-07-13 05:53:10 INFO:Corpus weight set to 119.99999999999997
2023-07-13 05:53:10 INFO:Epochs: 14	Cost: 4285972.022821904
2023-07-13 05:53:23 INFO:Number of morph types: 3234
2023-07-13 05:53:23 INFO:Corpus weight set to 135.99999999999997
2023-07-13 05:53:23 INFO:Epochs: 15	Cost: 4832413.200517288
2023-07-13 05:53:37 INFO:Number of morph types: 3234
2023-07-13 05:53:37 INFO:Corpus weight set to 152.99999999999997
2023-07-13 05:53:37 INFO:Epochs: 16	Cost: 5413006.9518177435
2023-07-13 05:53:50 INFO:Number of morph types: 3234
2023-07-13 05:53:50 INFO:Corpus weight set to 170.99999999999997
2023-07-13 05:53:50 INFO:Epochs: 17	Cost: 6027753.276723263
2023-07-13 05:54:04 INFO:Number of morph types: 3234
2023-07-13 05:54:04 INFO:Corpus weight set to 189.99999999999997
2023-07-13 05:54:04 INFO:Epochs: 18	Cost: 6676652.175233841
2023-07-13 05:54:17 INFO:Number of morph types: 3234
2023-07-13 05:54:17 INFO:Corpus weight set to 209.99999999999994
2023-07-13 05:54:17 INFO:Epochs: 19	Cost: 7359703.647349486
2023-07-13 05:54:30 INFO:Number of morph types: 3234
2023-07-13 05:54:30 INFO:Corpus weight set to 230.99999999999994
2023-07-13 05:54:30 INFO:Epochs: 20	Cost: 8076907.693070195
2023-07-13 05:54:44 INFO:Number of morph types: 3234
2023-07-13 05:54:44 INFO:Corpus weight set to 252.99999999999997
2023-07-13 05:54:44 INFO:Epochs: 21	Cost: 8828264.312395968
2023-07-13 05:54:57 INFO:Number of morph types: 3234
2023-07-13 05:54:57 INFO:Corpus weight set to 275.99999999999994
2023-07-13 05:54:57 INFO:Epochs: 22	Cost: 9613773.505326807
2023-07-13 05:55:10 INFO:Number of morph types: 3234
2023-07-13 05:55:10 INFO:Corpus weight set to 299.99999999999994
2023-07-13 05:55:10 INFO:Epochs: 23	Cost: 10433435.271862704
2023-07-13 05:55:23 INFO:Number of morph types: 3234
2023-07-13 05:55:23 INFO:Corpus weight set to 324.99999999999994
2023-07-13 05:55:23 INFO:Epochs: 24	Cost: 11287249.612003664
2023-07-13 05:55:36 INFO:Number of morph types: 3234
2023-07-13 05:55:36 INFO:Corpus weight set to 350.99999999999994
2023-07-13 05:55:36 INFO:Epochs: 25	Cost: 12175216.52574969
2023-07-13 05:55:50 INFO:Number of morph types: 3234
2023-07-13 05:55:50 INFO:Corpus weight set to 377.99999999999994
2023-07-13 05:55:50 INFO:Epochs: 26	Cost: 13097336.013100784
2023-07-13 05:56:03 INFO:Number of morph types: 3234
2023-07-13 05:56:03 INFO:Corpus weight set to 405.9999999999999
2023-07-13 05:56:03 INFO:Epochs: 27	Cost: 14053608.074056944
2023-07-13 05:56:16 INFO:Number of morph types: 3234
2023-07-13 05:56:16 INFO:Corpus weight set to 434.9999999999999
2023-07-13 05:56:16 INFO:Epochs: 28	Cost: 15044032.708618158
2023-07-13 05:56:30 INFO:Number of morph types: 3234
2023-07-13 05:56:30 INFO:Corpus weight set to 464.99999999999983
2023-07-13 05:56:30 INFO:Epochs: 29	Cost: 16068609.916784445
2023-07-13 05:56:43 INFO:Number of morph types: 3234
2023-07-13 05:56:43 INFO:Corpus weight set to 495.99999999999983
2023-07-13 05:56:43 INFO:Epochs: 30	Cost: 17127339.69855579
2023-07-13 05:56:56 INFO:Number of morph types: 3234
2023-07-13 05:56:56 INFO:Corpus weight set to 527.9999999999998
2023-07-13 05:56:56 INFO:Epochs: 31	Cost: 18220222.05393221
2023-07-13 05:57:10 INFO:Number of morph types: 3234
2023-07-13 05:57:10 INFO:Corpus weight set to 560.9999999999998
2023-07-13 05:57:10 INFO:Epochs: 32	Cost: 19347256.982913684
2023-07-13 05:57:23 INFO:Number of morph types: 3234
2023-07-13 05:57:23 INFO:Corpus weight set to 594.9999999999998
2023-07-13 05:57:23 INFO:Epochs: 33	Cost: 20508444.48550022
2023-07-13 05:57:36 INFO:Number of morph types: 3234
2023-07-13 05:57:36 INFO:Corpus weight set to 629.9999999999998
2023-07-13 05:57:36 INFO:Epochs: 34	Cost: 21703784.561691828
2023-07-13 05:57:49 INFO:Number of morph types: 3234
2023-07-13 05:57:49 INFO:Corpus weight set to 665.9999999999998
2023-07-13 05:57:49 INFO:Epochs: 35	Cost: 22933277.2114885
2023-07-13 05:58:02 INFO:Number of morph types: 3234
2023-07-13 05:58:02 INFO:Corpus weight set to 702.9999999999998
2023-07-13 05:58:02 INFO:Epochs: 36	Cost: 24196922.434890226
2023-07-13 05:58:15 INFO:Number of morph types: 3234
2023-07-13 05:58:15 INFO:Corpus weight set to 740.9999999999997
2023-07-13 05:58:15 INFO:Epochs: 37	Cost: 25494720.231897023
2023-07-13 05:58:28 INFO:Number of morph types: 3234
2023-07-13 05:58:28 INFO:Corpus weight set to 779.9999999999995
2023-07-13 05:58:28 INFO:Epochs: 38	Cost: 26826670.602508884
2023-07-13 05:58:42 INFO:Number of morph types: 3234
2023-07-13 05:58:42 INFO:Corpus weight set to 819.9999999999995
2023-07-13 05:58:42 INFO:Epochs: 39	Cost: 28192773.546725806
2023-07-13 05:58:55 INFO:Number of morph types: 3234
2023-07-13 05:58:55 INFO:Corpus weight set to 860.9999999999995
2023-07-13 05:58:55 INFO:Epochs: 40	Cost: 29593029.0645478
2023-07-13 05:59:08 INFO:Number of morph types: 3234
2023-07-13 05:59:08 INFO:Corpus weight set to 902.9999999999995
2023-07-13 05:59:08 INFO:Epochs: 41	Cost: 31027437.155974854
2023-07-13 05:59:21 INFO:Number of morph types: 3234
2023-07-13 05:59:21 INFO:Corpus weight set to 945.9999999999995
2023-07-13 05:59:21 INFO:Epochs: 42	Cost: 32495997.821006972
2023-07-13 05:59:34 INFO:Number of morph types: 3234
2023-07-13 05:59:34 INFO:Corpus weight set to 989.9999999999997
2023-07-13 05:59:34 INFO:Epochs: 43	Cost: 33998711.05964416
2023-07-13 05:59:47 INFO:Number of morph types: 3234
2023-07-13 05:59:47 INFO:Corpus weight set to 1034.9999999999995
2023-07-13 05:59:47 INFO:Epochs: 44	Cost: 35535576.8718864
2023-07-13 06:00:00 INFO:Number of morph types: 3234
2023-07-13 06:00:00 INFO:Corpus weight set to 1080.9999999999995
2023-07-13 06:00:00 INFO:Epochs: 45	Cost: 37106595.25773371
2023-07-13 06:00:13 INFO:Number of morph types: 3234
2023-07-13 06:00:13 INFO:Corpus weight set to 1127.9999999999995
2023-07-13 06:00:13 INFO:Epochs: 46	Cost: 38711766.217186086
2023-07-13 06:00:26 INFO:Number of morph types: 3234
2023-07-13 06:00:26 INFO:Corpus weight set to 1175.9999999999995
2023-07-13 06:00:26 INFO:Epochs: 47	Cost: 40351089.750243515
2023-07-13 06:00:39 INFO:Number of morph types: 3234
2023-07-13 06:00:39 INFO:Corpus weight set to 1224.9999999999995
2023-07-13 06:00:39 INFO:Epochs: 48	Cost: 42024565.85690602
2023-07-13 06:00:52 INFO:Number of morph types: 3234
2023-07-13 06:00:52 INFO:Corpus weight set to 1274.9999999999995
2023-07-13 06:00:52 INFO:Epochs: 49	Cost: 43732194.537173584
2023-07-13 06:01:05 INFO:Number of morph types: 3234
2023-07-13 06:01:05 INFO:Corpus weight set to 1325.9999999999995
2023-07-13 06:01:05 INFO:Epochs: 50	Cost: 45473975.79104622
2023-07-13 06:01:18 INFO:Number of morph types: 3234
2023-07-13 06:01:18 INFO:Corpus weight set to 1377.9999999999995
2023-07-13 06:01:18 INFO:Epochs: 51	Cost: 47249909.6185239
2023-07-13 06:01:31 INFO:Number of morph types: 3234
2023-07-13 06:01:31 INFO:Corpus weight set to 1430.9999999999995
2023-07-13 06:01:31 INFO:Epochs: 52	Cost: 49059996.01960666
2023-07-13 06:01:44 INFO:Number of morph types: 3234
2023-07-13 06:01:44 INFO:Corpus weight set to 1484.9999999999995
2023-07-13 06:01:44 INFO:Epochs: 53	Cost: 50904234.99429448
2023-07-13 06:01:57 INFO:Number of morph types: 3234
2023-07-13 06:01:57 INFO:Corpus weight set to 1539.9999999999995
2023-07-13 06:01:57 INFO:Epochs: 54	Cost: 52782626.54258736
2023-07-13 06:02:11 INFO:Number of morph types: 3234
2023-07-13 06:02:11 INFO:Corpus weight set to 1595.9999999999995
2023-07-13 06:02:11 INFO:Epochs: 55	Cost: 54695170.66448532
2023-07-13 06:02:24 INFO:Number of morph types: 3234
2023-07-13 06:02:24 INFO:Corpus weight set to 1652.9999999999998
2023-07-13 06:02:24 INFO:Epochs: 56	Cost: 56641867.35998834
2023-07-13 06:02:37 INFO:Number of morph types: 3234
2023-07-13 06:02:37 INFO:Corpus weight set to 1711.0
2023-07-13 06:02:37 INFO:Epochs: 57	Cost: 58622716.62909643
2023-07-13 06:02:50 INFO:Number of morph types: 3234
2023-07-13 06:02:50 INFO:Corpus weight set to 1770.0000000000002
2023-07-13 06:02:50 INFO:Epochs: 58	Cost: 60637718.47180957
2023-07-13 06:03:03 INFO:Number of morph types: 3234
2023-07-13 06:03:03 INFO:Corpus weight set to 1830.0
2023-07-13 06:03:03 INFO:Epochs: 59	Cost: 62686872.888127774
2023-07-13 06:03:16 INFO:Number of morph types: 3234
2023-07-13 06:03:16 INFO:Corpus weight set to 1891.0000000000002
2023-07-13 06:03:16 INFO:Epochs: 60	Cost: 64770179.87805105
2023-07-13 06:03:29 INFO:Number of morph types: 3234
2023-07-13 06:03:29 INFO:Corpus weight set to 1953.0000000000002
2023-07-13 06:03:29 INFO:Epochs: 61	Cost: 66887639.44157938
2023-07-13 06:03:42 INFO:Number of morph types: 3234
2023-07-13 06:03:42 INFO:Corpus weight set to 2016.0000000000002
2023-07-13 06:03:42 INFO:Epochs: 62	Cost: 69039251.57871278
2023-07-13 06:03:55 INFO:Number of morph types: 3234
2023-07-13 06:03:55 INFO:Corpus weight set to 2080.0
2023-07-13 06:03:55 INFO:Epochs: 63	Cost: 71225016.28945124
2023-07-13 06:04:08 INFO:Number of morph types: 3234
2023-07-13 06:04:08 INFO:Corpus weight set to 2145.0
2023-07-13 06:04:08 INFO:Epochs: 64	Cost: 73444933.57379477
2023-07-13 06:04:21 INFO:Number of morph types: 3234
2023-07-13 06:04:21 INFO:Corpus weight set to 2210.9999999999995
2023-07-13 06:04:21 INFO:Epochs: 65	Cost: 75699003.43174334
2023-07-13 06:04:35 INFO:Number of morph types: 3234
2023-07-13 06:04:35 INFO:Corpus weight set to 2277.9999999999995
2023-07-13 06:04:35 INFO:Epochs: 66	Cost: 77987225.863297
2023-07-13 06:04:48 INFO:Number of morph types: 3234
2023-07-13 06:04:48 INFO:Corpus weight set to 2345.9999999999995
2023-07-13 06:04:48 INFO:Epochs: 67	Cost: 80309600.86845571
2023-07-13 06:05:01 INFO:Number of morph types: 3234
2023-07-13 06:05:01 INFO:Corpus weight set to 2414.999999999999
2023-07-13 06:05:01 INFO:Epochs: 68	Cost: 82666128.44721948
2023-07-13 06:05:14 INFO:Number of morph types: 3234
2023-07-13 06:05:14 INFO:Corpus weight set to 2484.9999999999986
2023-07-13 06:05:14 INFO:Epochs: 69	Cost: 85056808.5995883
2023-07-13 06:05:27 INFO:Number of morph types: 3234
2023-07-13 06:05:27 INFO:Corpus weight set to 2555.999999999998
2023-07-13 06:05:27 INFO:Epochs: 70	Cost: 87481641.3255622
2023-07-13 06:05:40 INFO:Number of morph types: 3234
2023-07-13 06:05:40 INFO:Corpus weight set to 2627.999999999998
2023-07-13 06:05:40 INFO:Epochs: 71	Cost: 89940626.62514117
2023-07-13 06:05:53 INFO:Number of morph types: 3234
2023-07-13 06:05:53 INFO:Corpus weight set to 2700.9999999999977
2023-07-13 06:05:53 INFO:Epochs: 72	Cost: 92433764.49832518
2023-07-13 06:06:06 INFO:Number of morph types: 3234
2023-07-13 06:06:06 INFO:Corpus weight set to 2774.999999999998
2023-07-13 06:06:06 INFO:Epochs: 73	Cost: 94961054.94511431
2023-07-13 06:06:19 INFO:Number of morph types: 3234
2023-07-13 06:06:19 INFO:Corpus weight set to 2849.999999999998
2023-07-13 06:06:19 INFO:Epochs: 74	Cost: 97522497.96550848
2023-07-13 06:06:32 INFO:Number of morph types: 3234
2023-07-13 06:06:32 INFO:Corpus weight set to 2925.999999999998
2023-07-13 06:06:32 INFO:Epochs: 75	Cost: 100118093.55950771
2023-07-13 06:06:45 INFO:Number of morph types: 3234
2023-07-13 06:06:45 INFO:Corpus weight set to 3002.999999999998
2023-07-13 06:06:45 INFO:Epochs: 76	Cost: 102747841.72711201
2023-07-13 06:06:58 INFO:Number of morph types: 3234
2023-07-13 06:06:58 INFO:Corpus weight set to 3080.999999999998
2023-07-13 06:06:58 INFO:Epochs: 77	Cost: 105411742.46832137
2023-07-13 06:07:11 INFO:Number of morph types: 3234
2023-07-13 06:07:11 INFO:Corpus weight set to 3159.9999999999977
2023-07-13 06:07:11 INFO:Epochs: 78	Cost: 108109795.78313579
2023-07-13 06:07:24 INFO:Number of morph types: 3234
2023-07-13 06:07:24 INFO:Corpus weight set to 3239.9999999999973
2023-07-13 06:07:24 INFO:Epochs: 79	Cost: 110842001.67155525
2023-07-13 06:07:38 INFO:Number of morph types: 3234
2023-07-13 06:07:38 INFO:Corpus weight set to 3320.999999999997
2023-07-13 06:07:38 INFO:Epochs: 80	Cost: 113608360.13357979
2023-07-13 06:07:51 INFO:Number of morph types: 3234
2023-07-13 06:07:51 INFO:Corpus weight set to 3402.9999999999973
2023-07-13 06:07:51 INFO:Epochs: 81	Cost: 116408871.16920942
2023-07-13 06:08:04 INFO:Number of morph types: 3234
2023-07-13 06:08:04 INFO:Corpus weight set to 3485.9999999999973
2023-07-13 06:08:04 INFO:Epochs: 82	Cost: 119243534.77844408
2023-07-13 06:08:17 INFO:Number of morph types: 3234
2023-07-13 06:08:17 INFO:Corpus weight set to 3569.9999999999973
2023-07-13 06:08:17 INFO:Epochs: 83	Cost: 122112350.96128383
2023-07-13 06:08:30 INFO:Number of morph types: 3234
2023-07-13 06:08:30 INFO:Corpus weight set to 3654.999999999997
2023-07-13 06:08:30 INFO:Epochs: 84	Cost: 125015319.71772863
2023-07-13 06:08:43 INFO:Number of morph types: 3234
2023-07-13 06:08:43 INFO:Corpus weight set to 3740.9999999999964
2023-07-13 06:08:43 INFO:Epochs: 85	Cost: 127952441.04777849
2023-07-13 06:08:56 INFO:Number of morph types: 3234
2023-07-13 06:08:56 INFO:Corpus weight set to 3827.9999999999964
2023-07-13 06:08:56 INFO:Epochs: 86	Cost: 130923714.95143342
2023-07-13 06:09:09 INFO:Number of morph types: 3234
2023-07-13 06:09:09 INFO:Corpus weight set to 3915.9999999999964
2023-07-13 06:09:09 INFO:Epochs: 87	Cost: 133929141.42869341
2023-07-13 06:09:22 INFO:Number of morph types: 3234
2023-07-13 06:09:22 INFO:Corpus weight set to 4004.9999999999964
2023-07-13 06:09:22 INFO:Epochs: 88	Cost: 136968720.47955847
2023-07-13 06:09:35 INFO:Number of morph types: 3234
2023-07-13 06:09:35 INFO:Corpus weight set to 4094.9999999999964
2023-07-13 06:09:35 INFO:Epochs: 89	Cost: 140042452.10402864
2023-07-13 06:09:48 INFO:Number of morph types: 3234
2023-07-13 06:09:48 INFO:Corpus weight set to 4185.999999999996
2023-07-13 06:09:48 INFO:Epochs: 90	Cost: 143150336.30210382
2023-07-13 06:10:01 INFO:Number of morph types: 3234
2023-07-13 06:10:01 INFO:Corpus weight set to 4277.999999999996
2023-07-13 06:10:01 INFO:Epochs: 91	Cost: 146292373.07378405
2023-07-13 06:10:14 INFO:Number of morph types: 3234
2023-07-13 06:10:14 INFO:Corpus weight set to 4370.999999999996
2023-07-13 06:10:14 INFO:Epochs: 92	Cost: 149468562.41906938
2023-07-13 06:10:27 INFO:Number of morph types: 3234
2023-07-13 06:10:27 INFO:Corpus weight set to 4464.999999999996
2023-07-13 06:10:27 INFO:Epochs: 93	Cost: 152678904.33795977
2023-07-13 06:10:41 INFO:Number of morph types: 3234
2023-07-13 06:10:41 INFO:Corpus weight set to 4559.999999999996
2023-07-13 06:10:41 INFO:Epochs: 94	Cost: 155923398.8304552
2023-07-13 06:10:54 INFO:Number of morph types: 3234
2023-07-13 06:10:54 INFO:Corpus weight set to 4655.999999999996
2023-07-13 06:10:54 INFO:Epochs: 95	Cost: 159202045.89655575
2023-07-13 06:11:07 INFO:Number of morph types: 3234
2023-07-13 06:11:07 INFO:Corpus weight set to 4752.999999999996
2023-07-13 06:11:07 INFO:Epochs: 96	Cost: 162514845.53626132
2023-07-13 06:11:20 INFO:Number of morph types: 3234
2023-07-13 06:11:20 INFO:Corpus weight set to 4850.999999999996
2023-07-13 06:11:20 INFO:Epochs: 97	Cost: 165861797.74957195
2023-07-13 06:11:33 INFO:Number of morph types: 3234
2023-07-13 06:11:33 INFO:Corpus weight set to 4949.999999999996
2023-07-13 06:11:33 INFO:Epochs: 98	Cost: 169242902.53648767
2023-07-13 06:11:46 INFO:Number of morph types: 3234
2023-07-13 06:11:46 INFO:Corpus weight set to 5049.999999999995
2023-07-13 06:11:46 INFO:Epochs: 99	Cost: 172658159.8970084
2023-07-13 06:11:59 INFO:Number of morph types: 3234
2023-07-13 06:11:59 INFO:Corpus weight set to 5150.999999999995
2023-07-13 06:11:59 INFO:Epochs: 100	Cost: 176107569.83113423
2023-07-13 06:11:59 INFO:Max number of epochs reached, stop training
2023-07-13 06:11:59 INFO:Done.
2023-07-13 06:11:59 INFO:Epochs: 100
2023-07-13 06:11:59 INFO:Final cost: 176107569.83113423
2023-07-13 06:11:59 INFO:Training time: 1324.820s
2023-07-13 06:11:59 INFO:Saving model to './models/tokenizers/morfessors/morf_tox21_10000.bin'...
2023-07-13 06:11:59 INFO:Done.
