2023-07-12 22:55:18 INFO:Reading corpus from './datasets/pre_processed/clintox.smi'...
2023-07-12 22:55:18 INFO:Detected utf-8 encoding
2023-07-12 22:55:18 INFO:Done.
2023-07-12 22:55:18 INFO:Compounds in training data: 1476 types / 1476 tokens
2023-07-12 22:55:18 INFO:Starting batch training
2023-07-12 22:55:18 INFO:Epochs: 0	Cost: 245851.29798636414
2023-07-12 22:55:51 INFO:Number of morph types: 1669
2023-07-12 22:55:51 INFO:Corpus weight set to 0.3333333333333333
2023-07-12 22:55:51 INFO:Epochs: 1	Cost: 218613.56136882375
2023-07-12 22:58:19 INFO:Number of morph types: 1192
2023-07-12 22:58:19 INFO:Corpus weight set to 0.16666666666666666
2023-07-12 22:58:19 INFO:Epochs: 2	Cost: 129821.91683544427
2023-07-12 23:01:31 INFO:Number of morph types: 280
2023-07-12 23:01:31 INFO:Corpus weight set to 0.27777777777777773
2023-07-12 23:01:31 INFO:Epochs: 3	Cost: 54964.76190284552
2023-07-12 23:04:18 INFO:Number of morph types: 310
2023-07-12 23:04:18 INFO:Corpus weight set to 0.41666666666666663
2023-07-12 23:04:18 INFO:Epochs: 4	Cost: 70035.08336058664
2023-07-12 23:06:50 INFO:Number of morph types: 415
2023-07-12 23:06:50 INFO:Corpus weight set to 0.5833333333333333
2023-07-12 23:06:50 INFO:Epochs: 5	Cost: 92474.86330773447
2023-07-12 23:09:13 INFO:Number of morph types: 598
2023-07-12 23:09:13 INFO:Corpus weight set to 0.43749999999999994
2023-07-12 23:09:13 INFO:Epochs: 6	Cost: 76048.41993135572
2023-07-12 23:11:36 INFO:Number of morph types: 471
2023-07-12 23:11:36 INFO:Corpus weight set to 0.5624999999999999
2023-07-12 23:11:36 INFO:Epochs: 7	Cost: 89292.3569604044
2023-07-12 23:13:57 INFO:Number of morph types: 586
2023-07-12 23:13:57 INFO:Corpus weight set to 0.44999999999999996
2023-07-12 23:13:57 INFO:Epochs: 8	Cost: 76810.33121752761
2023-07-12 23:16:22 INFO:Number of morph types: 478
2023-07-12 23:16:22 INFO:Corpus weight set to 0.55
2023-07-12 23:16:22 INFO:Epochs: 9	Cost: 87385.86579752444
2023-07-12 23:18:44 INFO:Number of morph types: 574
2023-07-12 23:18:44 INFO:Corpus weight set to 0.45833333333333337
2023-07-12 23:18:44 INFO:Epochs: 10	Cost: 77477.44817263578
2023-07-12 23:21:09 INFO:Number of morph types: 476
2023-07-12 23:21:09 INFO:Corpus weight set to 0.5416666666666667
2023-07-12 23:21:09 INFO:Epochs: 11	Cost: 86361.68901065842
2023-07-12 23:23:29 INFO:Number of morph types: 570
2023-07-12 23:23:29 INFO:Corpus weight set to 0.4642857142857143
2023-07-12 23:23:29 INFO:Epochs: 12	Cost: 78136.06462344108
2023-07-12 23:25:52 INFO:Number of morph types: 487
2023-07-12 23:25:52 INFO:Corpus weight set to 0.5357142857142857
2023-07-12 23:25:52 INFO:Epochs: 13	Cost: 85700.86629445694
2023-07-12 23:28:12 INFO:Number of morph types: 565
2023-07-12 23:28:12 INFO:Corpus weight set to 0.46875
2023-07-12 23:28:12 INFO:Epochs: 14	Cost: 78355.26629962349
2023-07-12 23:30:35 INFO:Number of morph types: 500
2023-07-12 23:30:35 INFO:Epochs: 15	Cost: 77075.80640021214
2023-07-12 23:32:55 INFO:Number of morph types: 500
2023-07-12 23:32:55 INFO:Epochs: 16	Cost: 77054.75886572793
2023-07-12 23:35:16 INFO:Number of morph types: 502
2023-07-12 23:35:16 INFO:Epochs: 17	Cost: 77058.27685709603
2023-07-12 23:35:16 INFO:Done.
2023-07-12 23:35:16 INFO:Epochs: 17
2023-07-12 23:35:16 INFO:Final cost: 77058.27685709603
2023-07-12 23:35:16 INFO:Training time: 2398.074s
2023-07-12 23:35:16 INFO:Saving model to './models/tokenizers/morfessors/morf_clintox_500.bin'...
2023-07-12 23:35:16 INFO:Done.
