2023-09-30 04:24:41 INFO:Reading corpus from './datasets/smilesDB.smi'...
2023-09-30 04:24:42 INFO:Detected utf-8 encoding
2023-09-30 04:24:44 INFO:Done.
2023-09-30 04:25:04 INFO:Compounds in training data: 258723 types / 258723 tokens
2023-09-30 04:25:04 INFO:Starting batch training
2023-09-30 04:25:04 INFO:Epochs: 0	Cost: 31485226.783368837
2023-09-30 05:26:03 INFO:Number of morph types: 70476
2023-09-30 05:26:03 INFO:Corpus weight set to 3.0
2023-09-30 05:26:03 INFO:Epochs: 1	Cost: 36724943.06746036
2023-09-30 06:13:04 INFO:Number of morph types: 146946
2023-09-30 06:13:04 INFO:Corpus weight set to 6.0
2023-09-30 06:13:04 INFO:Epochs: 2	Cost: 57961149.77143965
2023-09-30 06:46:55 INFO:Number of morph types: 234896
2023-09-30 06:46:55 INFO:Corpus weight set to 3.6000000000000005
2023-09-30 06:46:55 INFO:Epochs: 3	Cost: 40468943.51930295
2023-09-30 07:26:34 INFO:Number of morph types: 200723
2023-09-30 07:26:34 INFO:Epochs: 4	Cost: 38920058.57151754
2023-09-30 08:06:33 INFO:Number of morph types: 194455
2023-09-30 08:06:33 INFO:Corpus weight set to 5.04
2023-09-30 08:06:33 INFO:Epochs: 5	Cost: 47898944.49238319
2023-09-30 08:43:21 INFO:Number of morph types: 216954
2023-09-30 08:43:21 INFO:Corpus weight set to 3.7800000000000002
2023-09-30 08:43:21 INFO:Epochs: 6	Cost: 40409586.751034975
2023-09-30 09:22:34 INFO:Number of morph types: 200184
2023-09-30 09:22:34 INFO:Epochs: 7	Cost: 39904083.9540968
2023-09-30 10:02:31 INFO:Number of morph types: 198059
2023-09-30 10:02:31 INFO:Epochs: 8	Cost: 39858860.07607606
2023-09-30 10:42:39 INFO:Number of morph types: 197812
2023-09-30 10:42:39 INFO:Corpus weight set to 4.620000000000001
2023-09-30 10:42:39 INFO:Epochs: 9	Cost: 45107757.45453758
2023-09-30 11:21:25 INFO:Number of morph types: 208976
2023-09-30 11:21:25 INFO:Corpus weight set to 3.850000000000001
2023-09-30 11:21:25 INFO:Epochs: 10	Cost: 40510223.04927167
2023-09-30 12:01:13 INFO:Number of morph types: 200452
2023-09-30 12:01:13 INFO:Epochs: 11	Cost: 40324202.740973696
2023-09-30 12:41:07 INFO:Number of morph types: 199613
2023-09-30 12:41:07 INFO:Epochs: 12	Cost: 40312687.22314076
2023-09-30 13:20:44 INFO:Number of morph types: 199530
2023-09-30 13:20:44 INFO:Epochs: 13	Cost: 40311723.72080626
2023-09-30 13:20:44 INFO:Done.
2023-09-30 13:20:44 INFO:Epochs: 13
2023-09-30 13:20:44 INFO:Final cost: 40311723.72080626
2023-09-30 13:20:44 INFO:Training time: 32163.337s
2023-09-30 13:20:44 INFO:Saving model to './models/tokenizers/morfessors/morf_smilesDB_200000.bin'...
2023-09-30 13:20:46 INFO:Done.
