2023-07-13 03:37:05 INFO:Reading corpus from './datasets/pre_processed/clintox.smi'...
2023-07-13 03:37:05 INFO:Detected utf-8 encoding
2023-07-13 03:37:05 INFO:Done.
2023-07-13 03:37:06 INFO:Compounds in training data: 1476 types / 1476 tokens
2023-07-13 03:37:06 INFO:Starting batch training
2023-07-13 03:37:06 INFO:Epochs: 0	Cost: 245851.29798636414
2023-07-13 03:37:40 INFO:Number of morph types: 1663
2023-07-13 03:37:40 INFO:Corpus weight set to 3.0
2023-07-13 03:37:40 INFO:Epochs: 1	Cost: 277565.56347257685
2023-07-13 03:38:12 INFO:Number of morph types: 1659
2023-07-13 03:38:12 INFO:Corpus weight set to 6.0
2023-07-13 03:38:12 INFO:Epochs: 2	Cost: 339223.0658611581
2023-07-13 03:38:38 INFO:Number of morph types: 1682
2023-07-13 03:38:38 INFO:Corpus weight set to 10.0
2023-07-13 03:38:38 INFO:Epochs: 3	Cost: 412035.68813091156
2023-07-13 03:39:05 INFO:Number of morph types: 1689
2023-07-13 03:39:05 INFO:Corpus weight set to 15.0
2023-07-13 03:39:05 INFO:Epochs: 4	Cost: 504602.2477674073
2023-07-13 03:39:31 INFO:Number of morph types: 1693
2023-07-13 03:39:31 INFO:Corpus weight set to 21.0
2023-07-13 03:39:31 INFO:Epochs: 5	Cost: 617226.9700699153
2023-07-13 03:39:57 INFO:Number of morph types: 1696
2023-07-13 03:39:57 INFO:Corpus weight set to 28.0
2023-07-13 03:39:57 INFO:Epochs: 6	Cost: 748365.6802585257
2023-07-13 03:40:22 INFO:Number of morph types: 1704
2023-07-13 03:40:22 INFO:Corpus weight set to 36.0
2023-07-13 03:40:22 INFO:Epochs: 7	Cost: 896130.1703284488
2023-07-13 03:40:48 INFO:Number of morph types: 1703
2023-07-13 03:40:48 INFO:Corpus weight set to 45.0
2023-07-13 03:40:48 INFO:Epochs: 8	Cost: 1063127.0561683944
2023-07-13 03:41:13 INFO:Number of morph types: 1703
2023-07-13 03:41:13 INFO:Corpus weight set to 55.00000000000001
2023-07-13 03:41:13 INFO:Epochs: 9	Cost: 1249505.6523518104
2023-07-13 03:41:39 INFO:Number of morph types: 1703
2023-07-13 03:41:39 INFO:Corpus weight set to 66.0
2023-07-13 03:41:39 INFO:Epochs: 10	Cost: 1454428.5747413912
2023-07-13 03:42:04 INFO:Number of morph types: 1703
2023-07-13 03:42:04 INFO:Corpus weight set to 78.0
2023-07-13 03:42:04 INFO:Epochs: 11	Cost: 1677987.5192370242
2023-07-13 03:42:30 INFO:Number of morph types: 1703
2023-07-13 03:42:30 INFO:Corpus weight set to 91.0
2023-07-13 03:42:30 INFO:Epochs: 12	Cost: 1920176.3757742194
2023-07-13 03:42:55 INFO:Number of morph types: 1703
2023-07-13 03:42:55 INFO:Corpus weight set to 104.99999999999999
2023-07-13 03:42:55 INFO:Epochs: 13	Cost: 2180995.1443529767
2023-07-13 03:43:21 INFO:Number of morph types: 1703
2023-07-13 03:43:21 INFO:Corpus weight set to 119.99999999999997
2023-07-13 03:43:21 INFO:Epochs: 14	Cost: 2460443.824973295
2023-07-13 03:43:47 INFO:Number of morph types: 1703
2023-07-13 03:43:47 INFO:Corpus weight set to 135.99999999999997
2023-07-13 03:43:47 INFO:Epochs: 15	Cost: 2758522.4176351787
2023-07-13 03:44:13 INFO:Number of morph types: 1703
2023-07-13 03:44:13 INFO:Corpus weight set to 152.99999999999997
2023-07-13 03:44:13 INFO:Epochs: 16	Cost: 3075230.9223386245
2023-07-13 03:44:38 INFO:Number of morph types: 1703
2023-07-13 03:44:38 INFO:Corpus weight set to 170.99999999999997
2023-07-13 03:44:38 INFO:Epochs: 17	Cost: 3410569.339083632
2023-07-13 03:45:04 INFO:Number of morph types: 1703
2023-07-13 03:45:04 INFO:Corpus weight set to 189.99999999999997
2023-07-13 03:45:04 INFO:Epochs: 18	Cost: 3764537.6678702026
2023-07-13 03:45:29 INFO:Number of morph types: 1703
2023-07-13 03:45:29 INFO:Corpus weight set to 209.99999999999994
2023-07-13 03:45:29 INFO:Epochs: 19	Cost: 4137135.9086983367
2023-07-13 03:45:55 INFO:Number of morph types: 1703
2023-07-13 03:45:55 INFO:Corpus weight set to 230.99999999999994
2023-07-13 03:45:55 INFO:Epochs: 20	Cost: 4528364.061568036
2023-07-13 03:46:21 INFO:Number of morph types: 1703
2023-07-13 03:46:21 INFO:Corpus weight set to 252.99999999999997
2023-07-13 03:46:21 INFO:Epochs: 21	Cost: 4938222.126479296
2023-07-13 03:46:46 INFO:Number of morph types: 1703
2023-07-13 03:46:46 INFO:Corpus weight set to 275.99999999999994
2023-07-13 03:46:46 INFO:Epochs: 22	Cost: 5366710.103432119
2023-07-13 03:47:12 INFO:Number of morph types: 1703
2023-07-13 03:47:12 INFO:Corpus weight set to 299.99999999999994
2023-07-13 03:47:12 INFO:Epochs: 23	Cost: 5813827.992426504
2023-07-13 03:47:37 INFO:Number of morph types: 1703
2023-07-13 03:47:37 INFO:Corpus weight set to 324.99999999999994
2023-07-13 03:47:37 INFO:Epochs: 24	Cost: 6279575.793462454
2023-07-13 03:48:03 INFO:Number of morph types: 1703
2023-07-13 03:48:03 INFO:Corpus weight set to 350.99999999999994
2023-07-13 03:48:03 INFO:Epochs: 25	Cost: 6763953.506539968
2023-07-13 03:48:28 INFO:Number of morph types: 1703
2023-07-13 03:48:28 INFO:Corpus weight set to 377.99999999999994
2023-07-13 03:48:28 INFO:Epochs: 26	Cost: 7266961.131659046
2023-07-13 03:48:53 INFO:Number of morph types: 1703
2023-07-13 03:48:53 INFO:Corpus weight set to 405.9999999999999
2023-07-13 03:48:53 INFO:Epochs: 27	Cost: 7788598.668819685
2023-07-13 03:49:19 INFO:Number of morph types: 1703
2023-07-13 03:49:19 INFO:Corpus weight set to 434.9999999999999
2023-07-13 03:49:19 INFO:Epochs: 28	Cost: 8328866.118021889
2023-07-13 03:49:44 INFO:Number of morph types: 1703
2023-07-13 03:49:44 INFO:Corpus weight set to 464.99999999999983
2023-07-13 03:49:44 INFO:Epochs: 29	Cost: 8887763.479265653
2023-07-13 03:50:10 INFO:Number of morph types: 1703
2023-07-13 03:50:10 INFO:Corpus weight set to 495.99999999999983
2023-07-13 03:50:10 INFO:Epochs: 30	Cost: 9465290.752550984
2023-07-13 03:50:35 INFO:Number of morph types: 1703
2023-07-13 03:50:35 INFO:Corpus weight set to 527.9999999999998
2023-07-13 03:50:35 INFO:Epochs: 31	Cost: 10061447.937877877
2023-07-13 03:51:01 INFO:Number of morph types: 1703
2023-07-13 03:51:01 INFO:Corpus weight set to 560.9999999999998
2023-07-13 03:51:01 INFO:Epochs: 32	Cost: 10676235.035246335
2023-07-13 03:51:26 INFO:Number of morph types: 1703
2023-07-13 03:51:26 INFO:Corpus weight set to 594.9999999999998
2023-07-13 03:51:26 INFO:Epochs: 33	Cost: 11309652.044656357
2023-07-13 03:51:52 INFO:Number of morph types: 1703
2023-07-13 03:51:52 INFO:Corpus weight set to 629.9999999999998
2023-07-13 03:51:52 INFO:Epochs: 34	Cost: 11961698.966107944
2023-07-13 03:52:17 INFO:Number of morph types: 1703
2023-07-13 03:52:17 INFO:Corpus weight set to 665.9999999999998
2023-07-13 03:52:17 INFO:Epochs: 35	Cost: 12632375.799601093
2023-07-13 03:52:43 INFO:Number of morph types: 1703
2023-07-13 03:52:43 INFO:Corpus weight set to 702.9999999999998
2023-07-13 03:52:43 INFO:Epochs: 36	Cost: 13321682.545135807
2023-07-13 03:53:08 INFO:Number of morph types: 1703
2023-07-13 03:53:08 INFO:Corpus weight set to 740.9999999999997
2023-07-13 03:53:08 INFO:Epochs: 37	Cost: 14029619.202712083
2023-07-13 03:53:34 INFO:Number of morph types: 1703
2023-07-13 03:53:34 INFO:Corpus weight set to 779.9999999999995
2023-07-13 03:53:34 INFO:Epochs: 38	Cost: 14756185.772329923
2023-07-13 03:53:59 INFO:Number of morph types: 1703
2023-07-13 03:53:59 INFO:Corpus weight set to 819.9999999999995
2023-07-13 03:53:59 INFO:Epochs: 39	Cost: 15501382.253989331
2023-07-13 03:54:24 INFO:Number of morph types: 1703
2023-07-13 03:54:24 INFO:Corpus weight set to 860.9999999999995
2023-07-13 03:54:24 INFO:Epochs: 40	Cost: 16265208.647690304
2023-07-13 03:54:50 INFO:Number of morph types: 1703
2023-07-13 03:54:50 INFO:Corpus weight set to 902.9999999999995
2023-07-13 03:54:50 INFO:Epochs: 41	Cost: 17047664.95343284
2023-07-13 03:55:15 INFO:Number of morph types: 1703
2023-07-13 03:55:15 INFO:Corpus weight set to 945.9999999999995
2023-07-13 03:55:15 INFO:Epochs: 42	Cost: 17848751.17121694
2023-07-13 03:55:41 INFO:Number of morph types: 1703
2023-07-13 03:55:41 INFO:Corpus weight set to 989.9999999999997
2023-07-13 03:55:41 INFO:Epochs: 43	Cost: 18668467.3010426
2023-07-13 03:56:06 INFO:Number of morph types: 1703
2023-07-13 03:56:06 INFO:Corpus weight set to 1034.9999999999995
2023-07-13 03:56:06 INFO:Epochs: 44	Cost: 19506813.342909828
2023-07-13 03:56:32 INFO:Number of morph types: 1703
2023-07-13 03:56:32 INFO:Corpus weight set to 1080.9999999999995
2023-07-13 03:56:32 INFO:Epochs: 45	Cost: 20363789.296818625
2023-07-13 03:56:57 INFO:Number of morph types: 1703
2023-07-13 03:56:57 INFO:Corpus weight set to 1127.9999999999995
2023-07-13 03:56:57 INFO:Epochs: 46	Cost: 21239395.16276898
2023-07-13 03:57:23 INFO:Number of morph types: 1703
2023-07-13 03:57:23 INFO:Corpus weight set to 1175.9999999999995
2023-07-13 03:57:23 INFO:Epochs: 47	Cost: 22133630.940760903
2023-07-13 03:57:48 INFO:Number of morph types: 1703
2023-07-13 03:57:48 INFO:Corpus weight set to 1224.9999999999995
2023-07-13 03:57:48 INFO:Epochs: 48	Cost: 23046496.630794395
2023-07-13 03:58:14 INFO:Number of morph types: 1703
2023-07-13 03:58:14 INFO:Corpus weight set to 1274.9999999999995
2023-07-13 03:58:14 INFO:Epochs: 49	Cost: 23977992.232869443
2023-07-13 03:58:39 INFO:Number of morph types: 1703
2023-07-13 03:58:39 INFO:Corpus weight set to 1325.9999999999995
2023-07-13 03:58:39 INFO:Epochs: 50	Cost: 24928117.746986058
2023-07-13 03:59:04 INFO:Number of morph types: 1703
2023-07-13 03:59:04 INFO:Corpus weight set to 1377.9999999999995
2023-07-13 03:59:04 INFO:Epochs: 51	Cost: 25896873.17314424
2023-07-13 03:59:30 INFO:Number of morph types: 1703
2023-07-13 03:59:30 INFO:Corpus weight set to 1430.9999999999995
2023-07-13 03:59:30 INFO:Epochs: 52	Cost: 26884258.51134398
2023-07-13 03:59:56 INFO:Number of morph types: 1703
2023-07-13 03:59:56 INFO:Corpus weight set to 1484.9999999999995
2023-07-13 03:59:56 INFO:Epochs: 53	Cost: 27890273.761585295
2023-07-13 04:00:21 INFO:Number of morph types: 1703
2023-07-13 04:00:21 INFO:Corpus weight set to 1539.9999999999995
2023-07-13 04:00:21 INFO:Epochs: 54	Cost: 28914918.923868172
2023-07-13 04:00:46 INFO:Number of morph types: 1703
2023-07-13 04:00:46 INFO:Corpus weight set to 1595.9999999999995
2023-07-13 04:00:46 INFO:Epochs: 55	Cost: 29958193.998192616
2023-07-13 04:01:12 INFO:Number of morph types: 1703
2023-07-13 04:01:12 INFO:Corpus weight set to 1652.9999999999998
2023-07-13 04:01:12 INFO:Epochs: 56	Cost: 31020098.98455863
2023-07-13 04:01:37 INFO:Number of morph types: 1703
2023-07-13 04:01:37 INFO:Corpus weight set to 1711.0
2023-07-13 04:01:37 INFO:Epochs: 57	Cost: 32100633.8829662
2023-07-13 04:02:03 INFO:Number of morph types: 1703
2023-07-13 04:02:03 INFO:Corpus weight set to 1770.0000000000002
2023-07-13 04:02:03 INFO:Epochs: 58	Cost: 33199798.693415347
2023-07-13 04:02:28 INFO:Number of morph types: 1703
2023-07-13 04:02:28 INFO:Corpus weight set to 1830.0
2023-07-13 04:02:28 INFO:Epochs: 59	Cost: 34317593.41590604
2023-07-13 04:02:54 INFO:Number of morph types: 1703
2023-07-13 04:02:54 INFO:Corpus weight set to 1891.0000000000002
2023-07-13 04:02:54 INFO:Epochs: 60	Cost: 35454018.050438315
2023-07-13 04:03:19 INFO:Number of morph types: 1703
2023-07-13 04:03:19 INFO:Corpus weight set to 1953.0000000000002
2023-07-13 04:03:19 INFO:Epochs: 61	Cost: 36609072.59701214
2023-07-13 04:03:45 INFO:Number of morph types: 1703
2023-07-13 04:03:45 INFO:Corpus weight set to 2016.0000000000002
2023-07-13 04:03:45 INFO:Epochs: 62	Cost: 37782757.05562755
2023-07-13 04:04:10 INFO:Number of morph types: 1703
2023-07-13 04:04:10 INFO:Corpus weight set to 2080.0
2023-07-13 04:04:10 INFO:Epochs: 63	Cost: 38975071.4262845
2023-07-13 04:04:35 INFO:Number of morph types: 1703
2023-07-13 04:04:35 INFO:Corpus weight set to 2145.0
2023-07-13 04:04:35 INFO:Epochs: 64	Cost: 40186015.70898303
2023-07-13 04:05:01 INFO:Number of morph types: 1703
2023-07-13 04:05:01 INFO:Corpus weight set to 2210.9999999999995
2023-07-13 04:05:01 INFO:Epochs: 65	Cost: 41415589.90372311
2023-07-13 04:05:26 INFO:Number of morph types: 1703
2023-07-13 04:05:26 INFO:Corpus weight set to 2277.9999999999995
2023-07-13 04:05:26 INFO:Epochs: 66	Cost: 42663794.01050478
2023-07-13 04:05:52 INFO:Number of morph types: 1703
2023-07-13 04:05:52 INFO:Corpus weight set to 2345.9999999999995
2023-07-13 04:05:52 INFO:Epochs: 67	Cost: 43930628.029328
2023-07-13 04:06:17 INFO:Number of morph types: 1703
2023-07-13 04:06:17 INFO:Corpus weight set to 2414.999999999999
2023-07-13 04:06:17 INFO:Epochs: 68	Cost: 45216091.96019278
2023-07-13 04:06:43 INFO:Number of morph types: 1703
2023-07-13 04:06:43 INFO:Corpus weight set to 2484.9999999999986
2023-07-13 04:06:43 INFO:Epochs: 69	Cost: 46520185.80309913
2023-07-13 04:07:08 INFO:Number of morph types: 1703
2023-07-13 04:07:08 INFO:Corpus weight set to 2555.999999999998
2023-07-13 04:07:08 INFO:Epochs: 70	Cost: 47842909.55804705
2023-07-13 04:07:35 INFO:Number of morph types: 1703
2023-07-13 04:07:35 INFO:Corpus weight set to 2627.999999999998
2023-07-13 04:07:35 INFO:Epochs: 71	Cost: 49184263.22503654
2023-07-13 04:08:00 INFO:Number of morph types: 1703
2023-07-13 04:08:00 INFO:Corpus weight set to 2700.9999999999977
2023-07-13 04:08:00 INFO:Epochs: 72	Cost: 50544246.80406758
2023-07-13 04:08:26 INFO:Number of morph types: 1703
2023-07-13 04:08:26 INFO:Corpus weight set to 2774.999999999998
2023-07-13 04:08:26 INFO:Epochs: 73	Cost: 51922860.29514021
2023-07-13 04:08:53 INFO:Number of morph types: 1703
2023-07-13 04:08:53 INFO:Corpus weight set to 2849.999999999998
2023-07-13 04:08:53 INFO:Epochs: 74	Cost: 53320103.6982544
2023-07-13 04:09:18 INFO:Number of morph types: 1703
2023-07-13 04:09:18 INFO:Corpus weight set to 2925.999999999998
2023-07-13 04:09:18 INFO:Epochs: 75	Cost: 54735977.01341016
2023-07-13 04:09:44 INFO:Number of morph types: 1703
2023-07-13 04:09:44 INFO:Corpus weight set to 3002.999999999998
2023-07-13 04:09:44 INFO:Epochs: 76	Cost: 56170480.24060747
2023-07-13 04:10:10 INFO:Number of morph types: 1703
2023-07-13 04:10:10 INFO:Corpus weight set to 3080.999999999998
2023-07-13 04:10:10 INFO:Epochs: 77	Cost: 57623613.379846364
2023-07-13 04:10:36 INFO:Number of morph types: 1703
2023-07-13 04:10:36 INFO:Corpus weight set to 3159.9999999999977
2023-07-13 04:10:36 INFO:Epochs: 78	Cost: 59095376.4311268
2023-07-13 04:11:02 INFO:Number of morph types: 1703
2023-07-13 04:11:02 INFO:Corpus weight set to 3239.9999999999973
2023-07-13 04:11:02 INFO:Epochs: 79	Cost: 60585769.394448824
2023-07-13 04:11:27 INFO:Number of morph types: 1703
2023-07-13 04:11:27 INFO:Corpus weight set to 3320.999999999997
2023-07-13 04:11:27 INFO:Epochs: 80	Cost: 62094792.2698124
2023-07-13 04:11:54 INFO:Number of morph types: 1703
2023-07-13 04:11:54 INFO:Corpus weight set to 3402.9999999999973
2023-07-13 04:11:54 INFO:Epochs: 81	Cost: 63622445.05721757
2023-07-13 04:12:19 INFO:Number of morph types: 1703
2023-07-13 04:12:19 INFO:Corpus weight set to 3485.9999999999973
2023-07-13 04:12:19 INFO:Epochs: 82	Cost: 65168727.7566643
2023-07-13 04:12:45 INFO:Number of morph types: 1703
2023-07-13 04:12:45 INFO:Corpus weight set to 3569.9999999999973
2023-07-13 04:12:45 INFO:Epochs: 83	Cost: 66733640.368152596
2023-07-13 04:13:11 INFO:Number of morph types: 1703
2023-07-13 04:13:11 INFO:Corpus weight set to 3654.999999999997
2023-07-13 04:13:11 INFO:Epochs: 84	Cost: 68317182.89168243
2023-07-13 04:13:36 INFO:Number of morph types: 1703
2023-07-13 04:13:36 INFO:Corpus weight set to 3740.9999999999964
2023-07-13 04:13:36 INFO:Epochs: 85	Cost: 69919355.32725385
2023-07-13 04:14:02 INFO:Number of morph types: 1703
2023-07-13 04:14:02 INFO:Corpus weight set to 3827.9999999999964
2023-07-13 04:14:02 INFO:Epochs: 86	Cost: 71540157.67486684
2023-07-13 04:14:27 INFO:Number of morph types: 1703
2023-07-13 04:14:27 INFO:Corpus weight set to 3915.9999999999964
2023-07-13 04:14:27 INFO:Epochs: 87	Cost: 73179589.93452139
2023-07-13 04:14:53 INFO:Number of morph types: 1703
2023-07-13 04:14:53 INFO:Corpus weight set to 4004.9999999999964
2023-07-13 04:14:53 INFO:Epochs: 88	Cost: 74837652.1062175
2023-07-13 04:15:18 INFO:Number of morph types: 1703
2023-07-13 04:15:18 INFO:Corpus weight set to 4094.9999999999964
2023-07-13 04:15:18 INFO:Epochs: 89	Cost: 76514344.1899552
2023-07-13 04:15:44 INFO:Number of morph types: 1703
2023-07-13 04:15:44 INFO:Corpus weight set to 4185.999999999996
2023-07-13 04:15:44 INFO:Epochs: 90	Cost: 78209666.18573445
2023-07-13 04:16:09 INFO:Number of morph types: 1703
2023-07-13 04:16:09 INFO:Corpus weight set to 4277.999999999996
2023-07-13 04:16:09 INFO:Epochs: 91	Cost: 79923618.09355529
2023-07-13 04:16:35 INFO:Number of morph types: 1703
2023-07-13 04:16:35 INFO:Corpus weight set to 4370.999999999996
2023-07-13 04:16:35 INFO:Epochs: 92	Cost: 81656199.91341767
2023-07-13 04:17:00 INFO:Number of morph types: 1703
2023-07-13 04:17:00 INFO:Corpus weight set to 4464.999999999996
2023-07-13 04:17:00 INFO:Epochs: 93	Cost: 83407411.64532164
2023-07-13 04:17:26 INFO:Number of morph types: 1703
2023-07-13 04:17:26 INFO:Corpus weight set to 4559.999999999996
2023-07-13 04:17:26 INFO:Epochs: 94	Cost: 85177253.28926715
2023-07-13 04:17:51 INFO:Number of morph types: 1703
2023-07-13 04:17:51 INFO:Corpus weight set to 4655.999999999996
2023-07-13 04:17:51 INFO:Epochs: 95	Cost: 86965724.84525427
2023-07-13 04:18:16 INFO:Number of morph types: 1703
2023-07-13 04:18:16 INFO:Corpus weight set to 4752.999999999996
2023-07-13 04:18:16 INFO:Epochs: 96	Cost: 88772826.31328294
2023-07-13 04:18:42 INFO:Number of morph types: 1703
2023-07-13 04:18:42 INFO:Corpus weight set to 4850.999999999996
2023-07-13 04:18:42 INFO:Epochs: 97	Cost: 90598557.69335316
2023-07-13 04:19:07 INFO:Number of morph types: 1703
2023-07-13 04:19:07 INFO:Corpus weight set to 4949.999999999996
2023-07-13 04:19:07 INFO:Epochs: 98	Cost: 92442918.98546498
2023-07-13 04:19:33 INFO:Number of morph types: 1703
2023-07-13 04:19:33 INFO:Corpus weight set to 5049.999999999995
2023-07-13 04:19:33 INFO:Epochs: 99	Cost: 94305910.18961833
2023-07-13 04:19:58 INFO:Number of morph types: 1703
2023-07-13 04:19:58 INFO:Corpus weight set to 5150.999999999995
2023-07-13 04:19:58 INFO:Epochs: 100	Cost: 96187531.30581327
2023-07-13 04:19:58 INFO:Max number of epochs reached, stop training
2023-07-13 04:19:58 INFO:Done.
2023-07-13 04:19:58 INFO:Epochs: 100
2023-07-13 04:19:58 INFO:Final cost: 96187531.30581327
2023-07-13 04:19:58 INFO:Training time: 2572.885s
2023-07-13 04:19:58 INFO:Saving model to './models/tokenizers/morfessors/morf_clintox_50000.bin'...
2023-07-13 04:19:58 INFO:Done.
