2023-07-22 10:26:51 INFO:Reading corpus from './datasets/cleaned_smilesDB.smi'...
2023-07-22 10:26:52 INFO:Detected utf-8 encoding
2023-07-22 10:26:54 INFO:Done.
2023-07-22 10:27:16 INFO:Compounds in training data: 258716 types / 258716 tokens
2023-07-22 10:27:16 INFO:Starting batch training
2023-07-22 10:27:16 INFO:Epochs: 0	Cost: 31429842.088340558
2023-07-22 11:32:18 INFO:Number of morph types: 70877
2023-07-22 11:32:18 INFO:Corpus weight set to 0.3333333333333333
2023-07-22 11:32:18 INFO:Epochs: 1	Cost: 7807391.581914788
2023-07-22 12:42:53 INFO:Number of morph types: 10834
2023-07-22 12:42:53 INFO:Corpus weight set to 0.16666666666666666
2023-07-22 12:42:53 INFO:Epochs: 2	Cost: 2477020.8531328104
2023-07-22 13:54:21 INFO:Number of morph types: 5537
2023-07-22 13:54:21 INFO:Corpus weight set to 0.1
2023-07-22 13:54:21 INFO:Epochs: 3	Cost: 1497620.665013216
2023-07-22 15:06:48 INFO:Number of morph types: 3714
2023-07-22 15:06:48 INFO:Corpus weight set to 0.06666666666666667
2023-07-22 15:06:48 INFO:Epochs: 4	Cost: 1017166.3467730591
2023-07-22 16:20:23 INFO:Number of morph types: 2693
2023-07-22 16:20:23 INFO:Corpus weight set to 0.047619047619047616
2023-07-22 16:20:23 INFO:Epochs: 5	Cost: 738704.5017932182
2023-07-22 17:35:01 INFO:Number of morph types: 2004
2023-07-22 17:35:01 INFO:Corpus weight set to 0.03571428571428571
2023-07-22 17:35:01 INFO:Epochs: 6	Cost: 561721.9252944436
2023-07-22 18:50:33 INFO:Number of morph types: 1592
2023-07-22 18:50:33 INFO:Corpus weight set to 0.02777777777777778
2023-07-22 18:50:33 INFO:Epochs: 7	Cost: 443060.5003840973
2023-07-22 20:08:19 INFO:Number of morph types: 1297
2023-07-22 20:08:19 INFO:Corpus weight set to 0.022222222222222227
2023-07-22 20:08:19 INFO:Epochs: 8	Cost: 358840.8574522231
2023-07-22 21:26:38 INFO:Number of morph types: 1126
2023-07-22 21:26:38 INFO:Corpus weight set to 0.018181818181818184
2023-07-22 21:26:38 INFO:Epochs: 9	Cost: 297616.9466389334
2023-07-22 22:45:39 INFO:Number of morph types: 976
2023-07-22 22:45:39 INFO:Corpus weight set to 0.02181818181818182
2023-07-22 22:45:39 INFO:Epochs: 10	Cost: 351498.3674931694
2023-07-23 00:04:33 INFO:Number of morph types: 993
2023-07-23 00:04:33 INFO:Epochs: 11	Cost: 351455.0656704918
2023-07-23 01:23:24 INFO:Number of morph types: 995
2023-07-23 01:23:24 INFO:Epochs: 12	Cost: 351459.8483596769
2023-07-23 01:23:24 INFO:Done.
2023-07-23 01:23:24 INFO:Epochs: 12
2023-07-23 01:23:24 INFO:Final cost: 351459.8483596769
2023-07-23 01:23:24 INFO:Training time: 53793.187s
2023-07-23 01:23:24 INFO:Saving model to './models/tokenizers/morfessors/morf_smilesDB_1000.bin'...
2023-07-23 01:23:28 INFO:Done.
