2023-07-04 01:38:03 INFO:Reading corpus from '../datasets/tox21.smi'...
2023-07-04 01:38:03 INFO:Detected utf-8 encoding
2023-07-04 01:38:03 INFO:Done.
2023-07-04 01:38:03 INFO:Compounds in training data: 7831 types / 7831 tokens
2023-07-04 01:38:03 INFO:Starting batch training
2023-07-04 01:38:03 INFO:Epochs: 0	Cost: 767836.8069382878
2023-07-04 01:39:25 INFO:Number of morph types: 5439
2023-07-04 01:39:25 INFO:Corpus weight set to 0.3333333333333333
2023-07-04 01:39:25 INFO:Epochs: 1	Cost: 481423.6244274428
2023-07-04 01:43:46 INFO:Number of morph types: 812
2023-07-04 01:43:46 INFO:Corpus weight set to 0.16666666666666666
2023-07-04 01:43:46 INFO:Epochs: 2	Cost: 94999.05035062096
2023-07-04 01:46:21 INFO:Number of morph types: 397
2023-07-04 01:46:21 INFO:Corpus weight set to 0.27777777777777773
2023-07-04 01:46:21 INFO:Epochs: 3	Cost: 131902.01170093878
2023-07-04 01:49:09 INFO:Number of morph types: 544
2023-07-04 01:49:09 INFO:Corpus weight set to 0.41666666666666663
2023-07-04 01:49:09 INFO:Epochs: 4	Cost: 188975.69581143642
2023-07-04 01:51:43 INFO:Number of morph types: 783
2023-07-04 01:51:43 INFO:Corpus weight set to 0.5833333333333333
2023-07-04 01:51:43 INFO:Epochs: 5	Cost: 254169.99705965887
2023-07-04 01:54:14 INFO:Number of morph types: 1116
2023-07-04 01:54:14 INFO:Corpus weight set to 0.43749999999999994
2023-07-04 01:54:14 INFO:Epochs: 6	Cost: 198843.4273274913
2023-07-04 01:56:21 INFO:Number of morph types: 892
2023-07-04 01:56:21 INFO:Corpus weight set to 0.3402777777777778
2023-07-04 01:56:21 INFO:Epochs: 7	Cost: 158566.33046190065
2023-07-04 01:58:29 INFO:Number of morph types: 701
2023-07-04 01:58:29 INFO:Corpus weight set to 0.4253472222222222
2023-07-04 01:58:29 INFO:Epochs: 8	Cost: 190629.86782103564
2023-07-04 02:00:44 INFO:Number of morph types: 814
2023-07-04 02:00:44 INFO:Corpus weight set to 0.3480113636363636
2023-07-04 02:00:44 INFO:Epochs: 9	Cost: 160626.0348493707
2023-07-04 02:02:49 INFO:Number of morph types: 712
2023-07-04 02:02:49 INFO:Corpus weight set to 0.4176136363636363
2023-07-04 02:02:49 INFO:Epochs: 10	Cost: 187259.79459890208
2023-07-04 02:04:53 INFO:Number of morph types: 785
2023-07-04 02:04:53 INFO:Corpus weight set to 0.49354338842975204
2023-07-04 02:04:53 INFO:Epochs: 11	Cost: 217347.45716144357
2023-07-04 02:06:54 INFO:Number of morph types: 912
2023-07-04 02:06:54 INFO:Corpus weight set to 0.42303719008264457
2023-07-04 02:06:54 INFO:Epochs: 12	Cost: 191245.6127511459
2023-07-04 02:08:59 INFO:Number of morph types: 821
2023-07-04 02:08:59 INFO:Corpus weight set to 0.36663223140495865
2023-07-04 02:08:59 INFO:Epochs: 13	Cost: 168010.4258286003
2023-07-04 02:11:00 INFO:Number of morph types: 746
2023-07-04 02:11:00 INFO:Corpus weight set to 0.41900826446280987
2023-07-04 02:11:00 INFO:Epochs: 14	Cost: 187982.68462708278
2023-07-04 02:13:00 INFO:Number of morph types: 807
2023-07-04 02:13:00 INFO:Epochs: 15	Cost: 188437.2960539243
2023-07-04 02:15:05 INFO:Number of morph types: 808
2023-07-04 02:15:05 INFO:Epochs: 16	Cost: 188387.56533464536
2023-07-04 02:17:08 INFO:Number of morph types: 809
2023-07-04 02:17:08 INFO:Corpus weight set to 0.37490213136146144
2023-07-04 02:17:08 INFO:Epochs: 17	Cost: 171146.28760629153
2023-07-04 02:19:13 INFO:Number of morph types: 755
2023-07-04 02:19:13 INFO:Corpus weight set to 0.4165579237349572
2023-07-04 02:19:13 INFO:Epochs: 18	Cost: 187034.1290234041
2023-07-04 02:21:16 INFO:Number of morph types: 803
2023-07-04 02:21:16 INFO:Epochs: 19	Cost: 187420.62550927637
2023-07-04 02:23:19 INFO:Number of morph types: 805
2023-07-04 02:23:19 INFO:Epochs: 20	Cost: 187419.5181841134
2023-07-04 02:23:19 INFO:Done.
2023-07-04 02:23:19 INFO:Epochs: 20
2023-07-04 02:23:19 INFO:Final cost: 187419.5181841134
2023-07-04 02:23:19 INFO:Training time: 2716.526s
2023-07-04 02:23:19 INFO:Saving model to '../models/tokenizers/morf_tox21_800.bin'...
2023-07-04 02:23:19 INFO:Done.
