2023-07-03 23:38:38 INFO:Reading corpus from '../datasets/tox21.smi'...
2023-07-03 23:38:38 INFO:Detected utf-8 encoding
2023-07-03 23:38:38 INFO:Done.
2023-07-03 23:38:39 INFO:Compounds in training data: 7831 types / 7831 tokens
2023-07-03 23:38:39 INFO:Starting batch training
2023-07-03 23:38:39 INFO:Epochs: 0	Cost: 767836.8069382878
2023-07-03 23:39:27 INFO:Number of morph types: 5491
2023-07-03 23:39:27 INFO:Corpus weight set to 0.3333333333333333
2023-07-03 23:39:27 INFO:Epochs: 1	Cost: 481656.6795938739
2023-07-03 23:42:00 INFO:Number of morph types: 874
2023-07-03 23:42:00 INFO:Corpus weight set to 0.16666666666666666
2023-07-03 23:42:00 INFO:Epochs: 2	Cost: 100143.18339041535
2023-07-03 23:44:12 INFO:Number of morph types: 380
2023-07-03 23:44:12 INFO:Corpus weight set to 0.1
2023-07-03 23:44:12 INFO:Epochs: 3	Cost: 54215.23683031494
2023-07-03 23:46:13 INFO:Number of morph types: 265
2023-07-03 23:46:13 INFO:Corpus weight set to 0.15000000000000002
2023-07-03 23:46:13 INFO:Epochs: 4	Cost: 76232.99479526121
2023-07-03 23:48:11 INFO:Number of morph types: 305
2023-07-03 23:48:11 INFO:Corpus weight set to 0.10714285714285716
2023-07-03 23:48:11 INFO:Epochs: 5	Cost: 56625.553623148895
2023-07-03 23:50:10 INFO:Number of morph types: 272
2023-07-03 23:50:10 INFO:Corpus weight set to 0.14285714285714288
2023-07-03 23:50:10 INFO:Epochs: 6	Cost: 72788.53217748435
2023-07-03 23:52:07 INFO:Number of morph types: 301
2023-07-03 23:52:07 INFO:Epochs: 7	Cost: 72680.08284956937
2023-07-03 23:54:03 INFO:Number of morph types: 305
2023-07-03 23:54:03 INFO:Corpus weight set to 0.11428571428571431
2023-07-03 23:54:03 INFO:Epochs: 8	Cost: 59806.46588885192
2023-07-03 23:56:00 INFO:Number of morph types: 283
2023-07-03 23:56:00 INFO:Corpus weight set to 0.1396825396825397
2023-07-03 23:56:00 INFO:Epochs: 9	Cost: 71206.37964720152
2023-07-03 23:57:56 INFO:Number of morph types: 298
2023-07-03 23:57:56 INFO:Epochs: 10	Cost: 71148.8557316133
2023-07-03 23:59:51 INFO:Number of morph types: 298
2023-07-03 23:59:51 INFO:Epochs: 11	Cost: 71137.34807232986
2023-07-03 23:59:51 INFO:Done.
2023-07-03 23:59:51 INFO:Epochs: 11
2023-07-03 23:59:51 INFO:Final cost: 71137.34807232986
2023-07-03 23:59:51 INFO:Training time: 1272.830s
2023-07-03 23:59:51 INFO:Saving model to '../models/tokenizers/morf_tox21_300.bin'...
2023-07-03 23:59:51 INFO:Done.
