2023-07-19 04:18:00 INFO:Reading corpus from './datasets/cleaned_smilesDB.smi'...
2023-07-19 04:18:01 INFO:Detected utf-8 encoding
2023-07-19 04:18:04 INFO:Done.
2023-07-19 04:18:25 INFO:Compounds in training data: 258716 types / 258716 tokens
2023-07-19 04:18:25 INFO:Starting batch training
2023-07-19 04:18:25 INFO:Epochs: 0	Cost: 31429842.088340558
2023-07-19 05:23:05 INFO:Number of morph types: 71868
2023-07-19 05:23:05 INFO:Corpus weight set to 0.3333333333333333
2023-07-19 05:23:05 INFO:Epochs: 1	Cost: 7848455.4454547595
2023-07-19 06:32:21 INFO:Number of morph types: 10828
2023-07-19 06:32:21 INFO:Corpus weight set to 0.16666666666666666
2023-07-19 06:32:21 INFO:Epochs: 2	Cost: 2474329.839812277
2023-07-19 07:43:31 INFO:Number of morph types: 5621
2023-07-19 07:43:31 INFO:Corpus weight set to 0.1
2023-07-19 07:43:31 INFO:Epochs: 3	Cost: 1498522.5422098844
2023-07-19 08:57:04 INFO:Number of morph types: 3618
2023-07-19 08:57:04 INFO:Corpus weight set to 0.06666666666666667
2023-07-19 08:57:04 INFO:Epochs: 4	Cost: 1015818.5140396862
2023-07-19 10:12:45 INFO:Number of morph types: 2658
2023-07-19 10:12:45 INFO:Corpus weight set to 0.047619047619047616
2023-07-19 10:12:45 INFO:Epochs: 5	Cost: 738318.7904286828
2023-07-19 11:30:09 INFO:Number of morph types: 1986
2023-07-19 11:30:09 INFO:Corpus weight set to 0.03571428571428571
2023-07-19 11:30:09 INFO:Epochs: 6	Cost: 561364.2590545365
2023-07-19 12:48:09 INFO:Number of morph types: 1584
2023-07-19 12:48:09 INFO:Corpus weight set to 0.02777777777777778
2023-07-19 12:48:09 INFO:Epochs: 7	Cost: 442710.2911719616
2023-07-19 14:07:21 INFO:Number of morph types: 1339
2023-07-19 14:07:21 INFO:Corpus weight set to 0.022222222222222227
2023-07-19 14:07:21 INFO:Epochs: 8	Cost: 359126.5434012434
2023-07-19 15:27:26 INFO:Number of morph types: 1162
2023-07-19 15:27:26 INFO:Corpus weight set to 0.018181818181818184
2023-07-19 15:27:26 INFO:Epochs: 9	Cost: 297779.59286328004
2023-07-19 16:45:57 INFO:Number of morph types: 1012
2023-07-19 16:45:57 INFO:Corpus weight set to 0.015151515151515154
2023-07-19 16:45:57 INFO:Epochs: 10	Cost: 251116.72866504945
2023-07-19 18:05:42 INFO:Number of morph types: 891
2023-07-19 18:05:42 INFO:Corpus weight set to 0.012820512820512822
2023-07-19 18:05:42 INFO:Epochs: 11	Cost: 215038.54189192248
2023-07-19 19:26:24 INFO:Number of morph types: 769
2023-07-19 19:26:24 INFO:Corpus weight set to 0.01098901098901099
2023-07-19 19:26:24 INFO:Epochs: 12	Cost: 186185.02336761903
2023-07-19 20:48:12 INFO:Number of morph types: 673
2023-07-19 20:48:12 INFO:Corpus weight set to 0.009523809523809525
2023-07-19 20:48:12 INFO:Epochs: 13	Cost: 162911.41496213342
2023-07-19 22:11:43 INFO:Number of morph types: 603
2023-07-19 22:11:43 INFO:Corpus weight set to 0.008333333333333335
2023-07-19 22:11:43 INFO:Epochs: 14	Cost: 143919.42450981948
2023-07-19 23:35:22 INFO:Number of morph types: 564
2023-07-19 23:35:22 INFO:Corpus weight set to 0.00735294117647059
2023-07-19 23:35:22 INFO:Epochs: 15	Cost: 128289.5585928312
2023-07-20 01:00:38 INFO:Number of morph types: 514
2023-07-20 01:00:38 INFO:Corpus weight set to 0.006535947712418302
2023-07-20 01:00:38 INFO:Epochs: 16	Cost: 115026.9542132965
2023-07-20 02:28:32 INFO:Number of morph types: 460
2023-07-20 02:28:32 INFO:Corpus weight set to 0.00584795321637427
2023-07-20 02:28:32 INFO:Epochs: 17	Cost: 103752.10982453893
2023-07-20 04:03:47 INFO:Number of morph types: 434
2023-07-20 04:03:47 INFO:Corpus weight set to 0.005263157894736843
2023-07-20 04:03:47 INFO:Epochs: 18	Cost: 94244.08878786975
2023-07-20 05:28:18 INFO:Number of morph types: 406
2023-07-20 05:28:18 INFO:Corpus weight set to 0.004761904761904763
2023-07-20 05:28:18 INFO:Epochs: 19	Cost: 85983.8824430208
2023-07-20 06:52:54 INFO:Number of morph types: 377
2023-07-20 06:52:54 INFO:Corpus weight set to 0.00432900432900433
2023-07-20 06:52:54 INFO:Epochs: 20	Cost: 78808.58845126803
2023-07-20 08:19:15 INFO:Number of morph types: 356
2023-07-20 08:19:15 INFO:Corpus weight set to 0.003952569169960475
2023-07-20 08:19:15 INFO:Epochs: 21	Cost: 72570.20131027585
2023-07-20 09:44:55 INFO:Number of morph types: 346
2023-07-20 09:44:55 INFO:Corpus weight set to 0.0036231884057971024
2023-07-20 09:44:55 INFO:Epochs: 22	Cost: 67102.93650622177
2023-07-20 11:10:43 INFO:Number of morph types: 323
2023-07-20 11:10:43 INFO:Corpus weight set to 0.0033333333333333344
2023-07-20 11:10:43 INFO:Epochs: 23	Cost: 62239.79794635521
2023-07-20 12:37:55 INFO:Number of morph types: 305
2023-07-20 12:37:55 INFO:Corpus weight set to 0.0030769230769230782
2023-07-20 12:37:55 INFO:Epochs: 24	Cost: 57878.5305508764
2023-07-20 14:05:42 INFO:Number of morph types: 293
2023-07-20 14:05:42 INFO:Corpus weight set to 0.00284900284900285
2023-07-20 14:05:42 INFO:Epochs: 25	Cost: 54020.454659770476
2023-07-20 15:32:38 INFO:Number of morph types: 274
2023-07-20 15:32:38 INFO:Corpus weight set to 0.0026455026455026467
2023-07-20 15:32:38 INFO:Epochs: 26	Cost: 50512.26054435057
2023-07-20 17:01:17 INFO:Number of morph types: 264
2023-07-20 17:01:17 INFO:Corpus weight set to 0.0024630541871921196
2023-07-20 17:01:17 INFO:Epochs: 27	Cost: 47394.674300422186
2023-07-20 18:30:19 INFO:Number of morph types: 254
2023-07-20 18:30:19 INFO:Corpus weight set to 0.002298850574712645
2023-07-20 18:30:19 INFO:Epochs: 28	Cost: 44567.88993746882
2023-07-20 20:03:24 INFO:Number of morph types: 248
2023-07-20 20:03:24 INFO:Corpus weight set to 0.0021505376344086034
2023-07-20 20:03:24 INFO:Epochs: 29	Cost: 42021.51181188198
2023-07-20 21:36:26 INFO:Number of morph types: 241
2023-07-20 21:36:26 INFO:Corpus weight set to 0.0020161290322580658
2023-07-20 21:36:26 INFO:Epochs: 30	Cost: 39710.80162982968
2023-07-20 23:05:46 INFO:Number of morph types: 224
2023-07-20 23:05:46 INFO:Corpus weight set to 0.0018939393939393953
2023-07-20 23:05:46 INFO:Epochs: 31	Cost: 37554.98436932364
2023-07-21 00:39:41 INFO:Number of morph types: 216
2023-07-21 00:39:41 INFO:Corpus weight set to 0.0017825311942959014
2023-07-21 00:39:41 INFO:Epochs: 32	Cost: 35570.52439730605
2023-07-21 02:14:07 INFO:Number of morph types: 207
2023-07-21 02:14:07 INFO:Corpus weight set to 0.0016806722689075642
2023-07-21 02:14:07 INFO:Epochs: 33	Cost: 33731.247228365646
2023-07-21 03:46:46 INFO:Number of morph types: 205
2023-07-21 03:46:46 INFO:Corpus weight set to 0.0015873015873015884
2023-07-21 03:46:46 INFO:Epochs: 34	Cost: 32084.72400599948
2023-07-21 05:20:42 INFO:Number of morph types: 202
2023-07-21 05:20:42 INFO:Epochs: 35	Cost: 32075.91765093116
2023-07-21 06:55:42 INFO:Number of morph types: 202
2023-07-21 06:55:42 INFO:Epochs: 36	Cost: 32076.041776991573
2023-07-21 06:55:42 INFO:Done.
2023-07-21 06:55:42 INFO:Epochs: 36
2023-07-21 06:55:42 INFO:Final cost: 32076.041776991573
2023-07-21 06:55:42 INFO:Training time: 182262.140s
2023-07-21 06:55:42 INFO:Saving model to './models/tokenizers/morfessors/morf_smilesDB_200.bin'...
2023-07-21 06:55:46 INFO:Done.
