2023-10-04 14:57:12 INFO:Reading corpus from './datasets/pre_processed/smilesZinc.smi'...
2023-10-04 14:57:13 INFO:Detected utf-8 encoding
2023-10-04 14:57:15 INFO:Done.
2023-10-04 14:57:35 INFO:Compounds in training data: 249455 types / 249455 tokens
2023-10-04 14:57:35 INFO:Starting batch training
2023-10-04 14:57:35 INFO:Epochs: 0	Cost: 30450475.272234492
2023-10-04 15:54:38 INFO:Number of morph types: 71345
2023-10-04 15:54:38 INFO:Corpus weight set to 3.0
2023-10-04 15:54:38 INFO:Epochs: 1	Cost: 35560425.74049859
2023-10-04 16:39:30 INFO:Number of morph types: 141726
2023-10-04 16:39:30 INFO:Corpus weight set to 6.0
2023-10-04 16:39:30 INFO:Epochs: 2	Cost: 56037862.00296356
2023-10-04 17:11:31 INFO:Number of morph types: 227641
2023-10-04 17:11:31 INFO:Corpus weight set to 10.0
2023-10-04 17:11:31 INFO:Epochs: 3	Cost: 72310446.01124185
2023-10-04 17:41:11 INFO:Number of morph types: 258575
2023-10-04 17:41:11 INFO:Corpus weight set to 15.0
2023-10-04 17:41:11 INFO:Epochs: 4	Cost: 92590170.0363696
2023-10-04 18:09:58 INFO:Number of morph types: 266401
2023-10-04 18:09:58 INFO:Corpus weight set to 21.0
2023-10-04 18:09:58 INFO:Epochs: 5	Cost: 116899122.17491058
2023-10-04 18:38:52 INFO:Number of morph types: 266547
2023-10-04 18:38:52 INFO:Corpus weight set to 28.0
2023-10-04 18:38:52 INFO:Epochs: 6	Cost: 147218557.40296924
2023-10-04 19:07:48 INFO:Number of morph types: 266561
2023-10-04 19:07:48 INFO:Corpus weight set to 36.0
2023-10-04 19:07:48 INFO:Epochs: 7	Cost: 181995421.50083816
2023-10-04 19:36:48 INFO:Number of morph types: 266564
2023-10-04 19:36:48 INFO:Corpus weight set to 45.0
2023-10-04 19:36:48 INFO:Epochs: 8	Cost: 221122599.30279413
2023-10-04 20:05:49 INFO:Number of morph types: 266564
2023-10-04 20:05:49 INFO:Corpus weight set to 55.00000000000001
2023-10-04 20:05:49 INFO:Epochs: 9	Cost: 264597258.72905672
2023-10-04 20:34:45 INFO:Number of morph types: 266565
2023-10-04 20:34:45 INFO:Corpus weight set to 66.0
2023-10-04 20:34:45 INFO:Epochs: 10	Cost: 312419377.95298433
2023-10-04 21:03:46 INFO:Number of morph types: 266565
2023-10-04 21:03:46 INFO:Corpus weight set to 78.0
2023-10-04 21:03:46 INFO:Epochs: 11	Cost: 364588963.4121674
2023-10-04 21:32:42 INFO:Number of morph types: 266565
2023-10-04 21:32:42 INFO:Corpus weight set to 91.0
2023-10-04 21:32:42 INFO:Epochs: 12	Cost: 421106014.38113034
2023-10-04 22:01:38 INFO:Number of morph types: 266565
2023-10-04 22:01:38 INFO:Corpus weight set to 104.99999999999999
2023-10-04 22:01:38 INFO:Epochs: 13	Cost: 481970530.85988027
2023-10-04 22:30:39 INFO:Number of morph types: 266565
2023-10-04 22:30:39 INFO:Corpus weight set to 119.99999999999997
2023-10-04 22:30:39 INFO:Epochs: 14	Cost: 547182512.848405
2023-10-04 22:59:38 INFO:Number of morph types: 266565
2023-10-04 22:59:38 INFO:Corpus weight set to 135.99999999999997
2023-10-04 22:59:38 INFO:Epochs: 15	Cost: 616741960.3467233
2023-10-04 23:28:36 INFO:Number of morph types: 266565
2023-10-04 23:28:36 INFO:Corpus weight set to 152.99999999999997
2023-10-04 23:28:36 INFO:Epochs: 16	Cost: 690648873.35483
2023-10-04 23:58:03 INFO:Number of morph types: 266565
2023-10-04 23:58:03 INFO:Corpus weight set to 170.99999999999997
2023-10-04 23:58:03 INFO:Epochs: 17	Cost: 768903251.8727076
2023-10-05 00:27:58 INFO:Number of morph types: 266566
2023-10-05 00:27:58 INFO:Corpus weight set to 189.99999999999997
2023-10-05 00:27:58 INFO:Epochs: 18	Cost: 851505092.5982403
2023-10-05 00:57:49 INFO:Number of morph types: 266566
2023-10-05 00:57:49 INFO:Corpus weight set to 209.99999999999994
2023-10-05 00:57:49 INFO:Epochs: 19	Cost: 938454400.3985521
2023-10-05 01:27:25 INFO:Number of morph types: 266566
2023-10-05 01:27:25 INFO:Corpus weight set to 230.99999999999994
2023-10-05 01:27:25 INFO:Epochs: 20	Cost: 1029751173.5902143
2023-10-05 01:56:37 INFO:Number of morph types: 266566
2023-10-05 01:56:37 INFO:Corpus weight set to 252.99999999999997
2023-10-05 01:56:37 INFO:Epochs: 21	Cost: 1125395412.1732092
2023-10-05 02:25:39 INFO:Number of morph types: 266566
2023-10-05 02:25:39 INFO:Corpus weight set to 275.99999999999994
2023-10-05 02:25:39 INFO:Epochs: 22	Cost: 1225387116.147538
2023-10-05 02:54:44 INFO:Number of morph types: 266566
2023-10-05 02:54:44 INFO:Corpus weight set to 299.99999999999994
2023-10-05 02:54:44 INFO:Epochs: 23	Cost: 1329726285.5132008
2023-10-05 03:23:48 INFO:Number of morph types: 266566
2023-10-05 03:23:48 INFO:Corpus weight set to 324.99999999999994
2023-10-05 03:23:48 INFO:Epochs: 24	Cost: 1438412920.2702055
2023-10-05 03:52:52 INFO:Number of morph types: 266566
2023-10-05 03:52:52 INFO:Corpus weight set to 350.99999999999994
2023-10-05 03:52:52 INFO:Epochs: 25	Cost: 1551447020.4185247
2023-10-05 04:21:55 INFO:Number of morph types: 266566
2023-10-05 04:21:55 INFO:Corpus weight set to 377.99999999999994
2023-10-05 04:21:55 INFO:Epochs: 26	Cost: 1668828585.9581873
2023-10-05 04:50:57 INFO:Number of morph types: 266566
2023-10-05 04:50:57 INFO:Corpus weight set to 405.9999999999999
2023-10-05 04:50:57 INFO:Epochs: 27	Cost: 1790557616.8891804
2023-10-05 05:20:03 INFO:Number of morph types: 266566
2023-10-05 05:20:03 INFO:Corpus weight set to 434.9999999999999
2023-10-05 05:20:03 INFO:Epochs: 28	Cost: 1916634113.2114995
2023-10-05 05:49:10 INFO:Number of morph types: 266566
2023-10-05 05:49:10 INFO:Corpus weight set to 464.99999999999983
2023-10-05 05:49:10 INFO:Epochs: 29	Cost: 2047058074.9251592
2023-10-05 06:18:12 INFO:Number of morph types: 266566
2023-10-05 06:18:12 INFO:Corpus weight set to 495.99999999999983
2023-10-05 06:18:12 INFO:Epochs: 30	Cost: 2181829502.0301514
2023-10-05 06:47:19 INFO:Number of morph types: 266566
2023-10-05 06:47:19 INFO:Corpus weight set to 527.9999999999998
2023-10-05 06:47:19 INFO:Epochs: 31	Cost: 2320948394.52647
2023-10-05 07:16:26 INFO:Number of morph types: 266566
2023-10-05 07:16:26 INFO:Corpus weight set to 560.9999999999998
2023-10-05 07:16:26 INFO:Epochs: 32	Cost: 2464414752.414136
2023-10-05 07:45:35 INFO:Number of morph types: 266566
2023-10-05 07:45:35 INFO:Corpus weight set to 594.9999999999998
2023-10-05 07:45:35 INFO:Epochs: 33	Cost: 2612228575.693124
2023-10-05 08:14:43 INFO:Number of morph types: 266566
2023-10-05 08:14:43 INFO:Corpus weight set to 629.9999999999998
2023-10-05 08:14:43 INFO:Epochs: 34	Cost: 2764389864.363451
2023-10-05 08:43:45 INFO:Number of morph types: 266566
2023-10-05 08:43:45 INFO:Corpus weight set to 665.9999999999998
2023-10-05 08:43:45 INFO:Epochs: 35	Cost: 2920898618.4251113
2023-10-05 09:12:49 INFO:Number of morph types: 266566
2023-10-05 09:12:49 INFO:Corpus weight set to 702.9999999999998
2023-10-05 09:12:49 INFO:Epochs: 36	Cost: 3081754837.878115
2023-10-05 09:41:54 INFO:Number of morph types: 266566
2023-10-05 09:41:54 INFO:Corpus weight set to 740.9999999999997
2023-10-05 09:41:54 INFO:Epochs: 37	Cost: 3246958522.7224455
2023-10-05 10:12:19 INFO:Number of morph types: 266566
2023-10-05 10:12:19 INFO:Corpus weight set to 779.9999999999995
2023-10-05 10:12:19 INFO:Epochs: 38	Cost: 3416509672.958105
2023-10-05 10:45:49 INFO:Number of morph types: 266566
2023-10-05 10:45:49 INFO:Corpus weight set to 819.9999999999995
2023-10-05 10:45:49 INFO:Epochs: 39	Cost: 3590408288.585107
2023-10-05 11:18:24 INFO:Number of morph types: 266566
2023-10-05 11:18:24 INFO:Corpus weight set to 860.9999999999995
2023-10-05 11:18:24 INFO:Epochs: 40	Cost: 3768654369.6034403
2023-10-05 11:50:56 INFO:Number of morph types: 266566
2023-10-05 11:50:56 INFO:Corpus weight set to 902.9999999999995
2023-10-05 11:50:56 INFO:Epochs: 41	Cost: 3951247916.0131035
2023-10-05 12:23:41 INFO:Number of morph types: 266566
2023-10-05 12:23:41 INFO:Corpus weight set to 945.9999999999995
2023-10-05 12:23:41 INFO:Epochs: 42	Cost: 4138188927.8141036
2023-10-05 12:56:14 INFO:Number of morph types: 266566
2023-10-05 12:56:14 INFO:Corpus weight set to 989.9999999999997
2023-10-05 12:56:14 INFO:Epochs: 43	Cost: 4329477405.006435
2023-10-05 13:28:34 INFO:Number of morph types: 266566
2023-10-05 13:28:34 INFO:Corpus weight set to 1034.9999999999995
2023-10-05 13:28:34 INFO:Epochs: 44	Cost: 4525113347.590097
2023-10-05 14:01:02 INFO:Number of morph types: 266566
2023-10-05 14:01:02 INFO:Corpus weight set to 1080.9999999999995
2023-10-05 14:01:02 INFO:Epochs: 45	Cost: 4725096755.565095
2023-10-05 14:33:36 INFO:Number of morph types: 266566
2023-10-05 14:33:36 INFO:Corpus weight set to 1127.9999999999995
2023-10-05 14:33:36 INFO:Epochs: 46	Cost: 4929427628.931437
2023-10-05 15:05:57 INFO:Number of morph types: 266566
2023-10-05 15:05:57 INFO:Corpus weight set to 1175.9999999999995
2023-10-05 15:05:57 INFO:Epochs: 47	Cost: 5138105967.689111
2023-10-05 15:38:25 INFO:Number of morph types: 266566
2023-10-05 15:38:25 INFO:Corpus weight set to 1224.9999999999995
2023-10-05 15:38:25 INFO:Epochs: 48	Cost: 5351131771.838111
2023-10-05 16:10:53 INFO:Number of morph types: 266566
2023-10-05 16:10:53 INFO:Corpus weight set to 1274.9999999999995
2023-10-05 16:10:53 INFO:Epochs: 49	Cost: 5568505041.378441
2023-10-05 16:43:21 INFO:Number of morph types: 266566
2023-10-05 16:43:21 INFO:Corpus weight set to 1325.9999999999995
2023-10-05 16:43:21 INFO:Epochs: 50	Cost: 5790225776.310106
2023-10-05 17:15:53 INFO:Number of morph types: 266566
2023-10-05 17:15:53 INFO:Corpus weight set to 1377.9999999999995
2023-10-05 17:15:53 INFO:Epochs: 51	Cost: 6016293976.633108
2023-10-05 17:48:21 INFO:Number of morph types: 266566
2023-10-05 17:48:21 INFO:Corpus weight set to 1430.9999999999995
2023-10-05 17:48:21 INFO:Epochs: 52	Cost: 6246709642.347448
2023-10-05 18:20:51 INFO:Number of morph types: 266566
2023-10-05 18:20:51 INFO:Corpus weight set to 1484.9999999999995
2023-10-05 18:20:51 INFO:Epochs: 53	Cost: 6481472773.453124
2023-10-05 18:53:18 INFO:Number of morph types: 266566
2023-10-05 18:53:18 INFO:Corpus weight set to 1539.9999999999995
2023-10-05 18:53:18 INFO:Epochs: 54	Cost: 6720583369.95012
2023-10-05 19:25:05 INFO:Number of morph types: 266566
2023-10-05 19:25:05 INFO:Corpus weight set to 1595.9999999999995
2023-10-05 19:25:05 INFO:Epochs: 55	Cost: 6964041431.83846
2023-10-05 19:54:09 INFO:Number of morph types: 266566
2023-10-05 19:54:09 INFO:Corpus weight set to 1652.9999999999998
2023-10-05 19:54:09 INFO:Epochs: 56	Cost: 7211846959.118132
2023-10-05 20:23:13 INFO:Number of morph types: 266566
2023-10-05 20:23:13 INFO:Corpus weight set to 1711.0
2023-10-05 20:23:13 INFO:Epochs: 57	Cost: 7463999951.7891445
2023-10-05 20:52:17 INFO:Number of morph types: 266566
2023-10-05 20:52:17 INFO:Corpus weight set to 1770.0000000000002
2023-10-05 20:52:17 INFO:Epochs: 58	Cost: 7720500409.851482
2023-10-05 21:21:21 INFO:Number of morph types: 266566
2023-10-05 21:21:21 INFO:Corpus weight set to 1830.0
2023-10-05 21:21:21 INFO:Epochs: 59	Cost: 7981348333.305168
2023-10-05 21:50:24 INFO:Number of morph types: 266566
2023-10-05 21:50:24 INFO:Corpus weight set to 1891.0000000000002
2023-10-05 21:50:24 INFO:Epochs: 60	Cost: 8246543722.150186
2023-10-05 22:19:30 INFO:Number of morph types: 266566
2023-10-05 22:19:30 INFO:Corpus weight set to 1953.0000000000002
2023-10-05 22:19:30 INFO:Epochs: 61	Cost: 8516086576.386536
2023-10-05 22:48:36 INFO:Number of morph types: 266566
2023-10-05 22:48:36 INFO:Corpus weight set to 2016.0000000000002
2023-10-05 22:48:36 INFO:Epochs: 62	Cost: 8789976896.014214
2023-10-05 23:17:38 INFO:Number of morph types: 266566
2023-10-05 23:17:38 INFO:Corpus weight set to 2080.0
2023-10-05 23:17:38 INFO:Epochs: 63	Cost: 9068214681.033224
2023-10-05 23:46:42 INFO:Number of morph types: 266566
2023-10-05 23:46:42 INFO:Corpus weight set to 2145.0
2023-10-05 23:46:42 INFO:Epochs: 64	Cost: 9350799931.443565
2023-10-06 00:15:45 INFO:Number of morph types: 266566
2023-10-06 00:15:45 INFO:Corpus weight set to 2210.9999999999995
2023-10-06 00:15:45 INFO:Epochs: 65	Cost: 9637732647.245245
2023-10-06 00:45:00 INFO:Number of morph types: 266566
2023-10-06 00:45:00 INFO:Corpus weight set to 2277.9999999999995
2023-10-06 00:45:00 INFO:Epochs: 66	Cost: 9929012828.43826
2023-10-06 01:14:04 INFO:Number of morph types: 266566
2023-10-06 01:14:04 INFO:Corpus weight set to 2345.9999999999995
2023-10-06 01:14:04 INFO:Epochs: 67	Cost: 10224640475.022602
2023-10-06 01:43:09 INFO:Number of morph types: 266566
2023-10-06 01:43:09 INFO:Corpus weight set to 2414.999999999999
2023-10-06 01:43:09 INFO:Epochs: 68	Cost: 10524615586.998283
2023-10-06 02:12:11 INFO:Number of morph types: 266566
2023-10-06 02:12:11 INFO:Corpus weight set to 2484.9999999999986
2023-10-06 02:12:11 INFO:Epochs: 69	Cost: 10828938164.365288
2023-10-06 02:41:18 INFO:Number of morph types: 266566
2023-10-06 02:41:18 INFO:Corpus weight set to 2555.999999999998
2023-10-06 02:41:18 INFO:Epochs: 70	Cost: 11137608207.123638
2023-10-06 03:10:20 INFO:Number of morph types: 266566
2023-10-06 03:10:20 INFO:Corpus weight set to 2627.999999999998
2023-10-06 03:10:20 INFO:Epochs: 71	Cost: 11450625715.273323
2023-10-06 03:39:22 INFO:Number of morph types: 266566
2023-10-06 03:39:22 INFO:Corpus weight set to 2700.9999999999977
2023-10-06 03:39:22 INFO:Epochs: 72	Cost: 11767990688.814339
2023-10-06 04:08:25 INFO:Number of morph types: 266566
2023-10-06 04:08:25 INFO:Corpus weight set to 2774.999999999998
2023-10-06 04:08:25 INFO:Epochs: 73	Cost: 12089703127.746689
2023-10-06 04:37:27 INFO:Number of morph types: 266566
2023-10-06 04:37:27 INFO:Corpus weight set to 2849.999999999998
2023-10-06 04:37:27 INFO:Epochs: 74	Cost: 12415763032.070381
2023-10-06 05:06:30 INFO:Number of morph types: 266566
2023-10-06 05:06:30 INFO:Corpus weight set to 2925.999999999998
2023-10-06 05:06:30 INFO:Epochs: 75	Cost: 12746170401.7854
2023-10-06 05:35:37 INFO:Number of morph types: 266566
2023-10-06 05:35:37 INFO:Corpus weight set to 3002.999999999998
2023-10-06 05:35:37 INFO:Epochs: 76	Cost: 13080925236.891752
2023-10-06 06:04:39 INFO:Number of morph types: 266566
2023-10-06 06:04:39 INFO:Corpus weight set to 3080.999999999998
2023-10-06 06:04:39 INFO:Epochs: 77	Cost: 13420027537.389431
2023-10-06 06:33:44 INFO:Number of morph types: 266566
2023-10-06 06:33:44 INFO:Corpus weight set to 3159.9999999999977
2023-10-06 06:33:44 INFO:Epochs: 78	Cost: 13763477303.278454
2023-10-06 07:02:47 INFO:Number of morph types: 266566
2023-10-06 07:02:47 INFO:Corpus weight set to 3239.9999999999973
2023-10-06 07:02:47 INFO:Epochs: 79	Cost: 14111274534.558811
2023-10-06 07:31:51 INFO:Number of morph types: 266566
2023-10-06 07:31:51 INFO:Corpus weight set to 3320.999999999997
2023-10-06 07:31:51 INFO:Epochs: 80	Cost: 14463419231.23049
2023-10-06 08:00:56 INFO:Number of morph types: 266566
2023-10-06 08:00:56 INFO:Corpus weight set to 3402.9999999999973
2023-10-06 08:00:56 INFO:Epochs: 81	Cost: 14819911393.293497
2023-10-06 08:30:02 INFO:Number of morph types: 266566
2023-10-06 08:30:02 INFO:Corpus weight set to 3485.9999999999973
2023-10-06 08:30:02 INFO:Epochs: 82	Cost: 15180751020.74786
2023-10-06 08:59:09 INFO:Number of morph types: 266566
2023-10-06 08:59:09 INFO:Corpus weight set to 3569.9999999999973
2023-10-06 08:59:09 INFO:Epochs: 83	Cost: 15545938113.59354
2023-10-06 09:28:13 INFO:Number of morph types: 266566
2023-10-06 09:28:13 INFO:Corpus weight set to 3654.999999999997
2023-10-06 09:28:13 INFO:Epochs: 84	Cost: 15915472671.830555
2023-10-06 09:57:16 INFO:Number of morph types: 266566
2023-10-06 09:57:16 INFO:Corpus weight set to 3740.9999999999964
2023-10-06 09:57:16 INFO:Epochs: 85	Cost: 16289354695.458893
2023-10-06 10:26:18 INFO:Number of morph types: 266566
2023-10-06 10:26:18 INFO:Corpus weight set to 3827.9999999999964
2023-10-06 10:26:18 INFO:Epochs: 86	Cost: 16667584184.478582
2023-10-06 10:55:24 INFO:Number of morph types: 266566
2023-10-06 10:55:24 INFO:Corpus weight set to 3915.9999999999964
2023-10-06 10:55:24 INFO:Epochs: 87	Cost: 17050161138.889605
2023-10-06 11:24:28 INFO:Number of morph types: 266566
2023-10-06 11:24:28 INFO:Corpus weight set to 4004.9999999999964
2023-10-06 11:24:28 INFO:Epochs: 88	Cost: 17437085558.69195
2023-10-06 11:53:30 INFO:Number of morph types: 266566
2023-10-06 11:53:30 INFO:Corpus weight set to 4094.9999999999964
2023-10-06 11:53:30 INFO:Epochs: 89	Cost: 17828357443.88563
2023-10-06 12:22:34 INFO:Number of morph types: 266566
2023-10-06 12:22:34 INFO:Corpus weight set to 4185.999999999996
2023-10-06 12:22:34 INFO:Epochs: 90	Cost: 18223976794.470654
2023-10-06 12:51:36 INFO:Number of morph types: 266566
2023-10-06 12:51:36 INFO:Corpus weight set to 4277.999999999996
2023-10-06 12:51:36 INFO:Epochs: 91	Cost: 18623943610.447
2023-10-06 13:20:35 INFO:Number of morph types: 266566
2023-10-06 13:20:35 INFO:Corpus weight set to 4370.999999999996
2023-10-06 13:20:35 INFO:Epochs: 92	Cost: 19028257891.814682
2023-10-06 13:49:42 INFO:Number of morph types: 266566
2023-10-06 13:49:42 INFO:Corpus weight set to 4464.999999999996
2023-10-06 13:49:42 INFO:Epochs: 93	Cost: 19436919638.57371
2023-10-06 14:18:46 INFO:Number of morph types: 266566
2023-10-06 14:18:46 INFO:Corpus weight set to 4559.999999999996
2023-10-06 14:18:46 INFO:Epochs: 94	Cost: 19849928850.72408
2023-10-06 14:47:51 INFO:Number of morph types: 266566
2023-10-06 14:47:51 INFO:Corpus weight set to 4655.999999999996
2023-10-06 14:47:51 INFO:Epochs: 95	Cost: 20267285528.265766
2023-10-06 15:16:56 INFO:Number of morph types: 266566
2023-10-06 15:16:56 INFO:Corpus weight set to 4752.999999999996
2023-10-06 15:16:56 INFO:Epochs: 96	Cost: 20688989671.198803
2023-10-06 15:45:59 INFO:Number of morph types: 266566
2023-10-06 15:45:59 INFO:Corpus weight set to 4850.999999999996
2023-10-06 15:45:59 INFO:Epochs: 97	Cost: 21115041279.523174
2023-10-06 16:15:02 INFO:Number of morph types: 266566
2023-10-06 16:15:02 INFO:Corpus weight set to 4949.999999999996
2023-10-06 16:15:02 INFO:Epochs: 98	Cost: 21545440353.238865
2023-10-06 16:44:10 INFO:Number of morph types: 266566
2023-10-06 16:44:10 INFO:Corpus weight set to 5049.999999999995
2023-10-06 16:44:10 INFO:Epochs: 99	Cost: 21980186892.345886
2023-10-06 17:13:14 INFO:Number of morph types: 266566
2023-10-06 17:13:14 INFO:Corpus weight set to 5150.999999999995
2023-10-06 17:13:14 INFO:Epochs: 100	Cost: 22419280896.844246
2023-10-06 17:42:20 INFO:Number of morph types: 266566
2023-10-06 17:42:20 INFO:Corpus weight set to 5252.999999999995
2023-10-06 17:42:20 INFO:Epochs: 101	Cost: 22862722366.733944
2023-10-06 18:11:27 INFO:Number of morph types: 266566
2023-10-06 18:11:27 INFO:Corpus weight set to 5355.9999999999945
2023-10-06 18:11:27 INFO:Epochs: 102	Cost: 23310511302.01498
2023-10-06 18:40:31 INFO:Number of morph types: 266566
2023-10-06 18:40:31 INFO:Corpus weight set to 5459.9999999999945
2023-10-06 18:40:31 INFO:Epochs: 103	Cost: 23762647702.68734
2023-10-06 19:09:37 INFO:Number of morph types: 266566
2023-10-06 19:09:37 INFO:Corpus weight set to 5564.999999999994
2023-10-06 19:09:37 INFO:Epochs: 104	Cost: 24219131568.751022
2023-10-06 19:38:46 INFO:Number of morph types: 266566
2023-10-06 19:38:46 INFO:Corpus weight set to 5670.999999999993
2023-10-06 19:38:46 INFO:Epochs: 105	Cost: 24679962900.206062
2023-10-06 20:07:51 INFO:Number of morph types: 266566
2023-10-06 20:07:51 INFO:Corpus weight set to 5777.999999999993
2023-10-06 20:07:51 INFO:Epochs: 106	Cost: 25145141697.052425
2023-10-06 20:36:56 INFO:Number of morph types: 266566
2023-10-06 20:36:56 INFO:Corpus weight set to 5885.999999999993
2023-10-06 20:36:56 INFO:Epochs: 107	Cost: 25614667959.290134
2023-10-06 21:05:59 INFO:Number of morph types: 266566
2023-10-06 21:05:59 INFO:Corpus weight set to 5994.999999999993
2023-10-06 21:05:59 INFO:Epochs: 108	Cost: 26088541686.919167
2023-10-06 21:35:04 INFO:Number of morph types: 266566
2023-10-06 21:35:04 INFO:Corpus weight set to 6104.999999999992
2023-10-06 21:35:04 INFO:Epochs: 109	Cost: 26566762879.939526
2023-10-06 22:04:32 INFO:Number of morph types: 266566
2023-10-06 22:04:32 INFO:Corpus weight set to 6215.999999999991
2023-10-06 22:04:32 INFO:Epochs: 110	Cost: 27049331538.351227
2023-10-06 22:33:54 INFO:Number of morph types: 266566
2023-10-06 22:33:54 INFO:Corpus weight set to 6327.999999999991
2023-10-06 22:33:54 INFO:Epochs: 111	Cost: 27536247662.154263
2023-10-06 23:03:01 INFO:Number of morph types: 266566
2023-10-06 23:03:01 INFO:Corpus weight set to 6440.99999999999
2023-10-06 23:03:01 INFO:Epochs: 112	Cost: 28027511251.348644
2023-10-06 23:32:07 INFO:Number of morph types: 266566
2023-10-06 23:32:07 INFO:Corpus weight set to 6554.99999999999
2023-10-06 23:32:07 INFO:Epochs: 113	Cost: 28523122305.93435
2023-10-07 00:01:12 INFO:Number of morph types: 266566
2023-10-07 00:01:12 INFO:Corpus weight set to 6669.99999999999
2023-10-07 00:01:12 INFO:Epochs: 114	Cost: 29023080825.91138
2023-10-07 00:30:17 INFO:Number of morph types: 266566
2023-10-07 00:30:17 INFO:Corpus weight set to 6785.999999999989
2023-10-07 00:30:17 INFO:Epochs: 115	Cost: 29527386811.279743
2023-10-07 00:59:22 INFO:Number of morph types: 266566
2023-10-07 00:59:22 INFO:Corpus weight set to 6902.999999999988
2023-10-07 00:59:22 INFO:Epochs: 116	Cost: 30036040262.03945
2023-10-07 01:28:27 INFO:Number of morph types: 266566
2023-10-07 01:28:27 INFO:Corpus weight set to 7020.999999999987
2023-10-07 01:28:27 INFO:Epochs: 117	Cost: 30549041178.190487
2023-10-07 01:57:34 INFO:Number of morph types: 266566
2023-10-07 01:57:34 INFO:Corpus weight set to 7139.999999999986
2023-10-07 01:57:34 INFO:Epochs: 118	Cost: 31066389559.73284
2023-10-07 02:26:36 INFO:Number of morph types: 266566
2023-10-07 02:26:36 INFO:Corpus weight set to 7259.999999999985
2023-10-07 02:26:36 INFO:Epochs: 119	Cost: 31588085406.66654
2023-10-07 02:55:50 INFO:Number of morph types: 266566
2023-10-07 02:55:50 INFO:Corpus weight set to 7380.9999999999845
2023-10-07 02:55:50 INFO:Epochs: 120	Cost: 32114128718.991558
2023-10-07 03:25:02 INFO:Number of morph types: 266566
2023-10-07 03:25:02 INFO:Corpus weight set to 7502.999999999984
2023-10-07 03:25:02 INFO:Epochs: 121	Cost: 32644519496.707916
2023-10-07 03:54:12 INFO:Number of morph types: 266566
2023-10-07 03:54:12 INFO:Corpus weight set to 7625.999999999984
2023-10-07 03:54:12 INFO:Epochs: 122	Cost: 33179257739.815617
2023-10-07 04:23:26 INFO:Number of morph types: 266566
2023-10-07 04:23:26 INFO:Corpus weight set to 7749.999999999984
2023-10-07 04:23:26 INFO:Epochs: 123	Cost: 33718343448.314667
2023-10-07 04:52:33 INFO:Number of morph types: 266566
2023-10-07 04:52:33 INFO:Corpus weight set to 7874.999999999984
2023-10-07 04:52:33 INFO:Epochs: 124	Cost: 34261776622.205044
2023-10-07 05:21:48 INFO:Number of morph types: 266566
2023-10-07 05:21:48 INFO:Corpus weight set to 8000.999999999984
2023-10-07 05:21:48 INFO:Epochs: 125	Cost: 34809557261.48676
2023-10-07 05:51:00 INFO:Number of morph types: 266566
2023-10-07 05:51:00 INFO:Corpus weight set to 8127.999999999983
2023-10-07 05:51:00 INFO:Epochs: 126	Cost: 35361685366.159805
2023-10-07 06:20:14 INFO:Number of morph types: 266566
2023-10-07 06:20:14 INFO:Corpus weight set to 8255.999999999982
2023-10-07 06:20:14 INFO:Epochs: 127	Cost: 35918160936.22419
2023-10-07 06:49:27 INFO:Number of morph types: 266566
2023-10-07 06:49:27 INFO:Corpus weight set to 8384.999999999982
2023-10-07 06:49:27 INFO:Epochs: 128	Cost: 36478983971.67989
2023-10-07 07:18:41 INFO:Number of morph types: 266566
2023-10-07 07:18:41 INFO:Corpus weight set to 8514.999999999982
2023-10-07 07:18:41 INFO:Epochs: 129	Cost: 37044154472.52692
2023-10-07 07:47:47 INFO:Number of morph types: 266566
2023-10-07 07:47:47 INFO:Corpus weight set to 8645.999999999982
2023-10-07 07:47:47 INFO:Epochs: 130	Cost: 37613672438.7653
2023-10-07 08:16:55 INFO:Number of morph types: 266566
2023-10-07 08:16:55 INFO:Corpus weight set to 8777.999999999982
2023-10-07 08:16:55 INFO:Epochs: 131	Cost: 38187537870.39502
2023-10-07 08:46:04 INFO:Number of morph types: 266566
2023-10-07 08:46:04 INFO:Corpus weight set to 8910.999999999982
2023-10-07 08:46:04 INFO:Epochs: 132	Cost: 38765750767.41605
2023-10-07 09:15:14 INFO:Number of morph types: 266566
2023-10-07 09:15:14 INFO:Corpus weight set to 9044.999999999982
2023-10-07 09:15:14 INFO:Epochs: 133	Cost: 39348311129.82844
2023-10-07 09:44:19 INFO:Number of morph types: 266566
2023-10-07 09:44:19 INFO:Corpus weight set to 9179.999999999982
2023-10-07 09:44:19 INFO:Epochs: 134	Cost: 39935218957.63216
2023-10-07 10:13:20 INFO:Number of morph types: 266566
2023-10-07 10:13:20 INFO:Corpus weight set to 9315.999999999982
2023-10-07 10:13:20 INFO:Epochs: 135	Cost: 40526474250.827194
2023-10-07 10:42:20 INFO:Number of morph types: 266566
2023-10-07 10:42:20 INFO:Corpus weight set to 9452.999999999982
2023-10-07 10:42:20 INFO:Epochs: 136	Cost: 41122077009.41355
2023-10-07 11:11:27 INFO:Number of morph types: 266566
2023-10-07 11:11:27 INFO:Corpus weight set to 9590.999999999982
2023-10-07 11:11:27 INFO:Epochs: 137	Cost: 41722027233.39128
2023-10-07 11:40:36 INFO:Number of morph types: 266566
2023-10-07 11:40:36 INFO:Corpus weight set to 9729.999999999982
2023-10-07 11:40:36 INFO:Epochs: 138	Cost: 42326324922.76032
2023-10-07 12:09:42 INFO:Number of morph types: 266566
2023-10-07 12:09:42 INFO:Corpus weight set to 9869.99999999998
2023-10-07 12:09:42 INFO:Epochs: 139	Cost: 42934970077.52068
2023-10-07 12:38:47 INFO:Number of morph types: 266566
2023-10-07 12:38:47 INFO:Corpus weight set to 10010.99999999998
2023-10-07 12:38:47 INFO:Epochs: 140	Cost: 43547962697.6724
2023-10-07 13:07:57 INFO:Number of morph types: 266566
2023-10-07 13:07:57 INFO:Corpus weight set to 10152.99999999998
2023-10-07 13:07:57 INFO:Epochs: 141	Cost: 44165302783.21544
2023-10-07 13:37:05 INFO:Number of morph types: 266566
2023-10-07 13:37:05 INFO:Corpus weight set to 10295.99999999998
2023-10-07 13:37:05 INFO:Epochs: 142	Cost: 44786990334.149826
2023-10-07 14:06:19 INFO:Number of morph types: 266566
2023-10-07 14:06:19 INFO:Corpus weight set to 10439.99999999998
2023-10-07 14:06:19 INFO:Epochs: 143	Cost: 45413025350.475525
2023-10-07 14:35:32 INFO:Number of morph types: 266566
2023-10-07 14:35:32 INFO:Corpus weight set to 10584.99999999998
2023-10-07 14:35:32 INFO:Epochs: 144	Cost: 46043407832.1926
2023-10-07 15:04:43 INFO:Number of morph types: 266566
2023-10-07 15:04:43 INFO:Corpus weight set to 10730.99999999998
2023-10-07 15:04:43 INFO:Epochs: 145	Cost: 46678137779.30097
2023-10-07 15:33:53 INFO:Number of morph types: 266566
2023-10-07 15:33:53 INFO:Corpus weight set to 10877.99999999998
2023-10-07 15:33:53 INFO:Epochs: 146	Cost: 47317215191.8007
2023-10-07 16:03:04 INFO:Number of morph types: 266566
2023-10-07 16:03:04 INFO:Corpus weight set to 11025.99999999998
2023-10-07 16:03:04 INFO:Epochs: 147	Cost: 47960640069.69176
2023-10-07 16:32:13 INFO:Number of morph types: 266566
2023-10-07 16:32:13 INFO:Corpus weight set to 11174.99999999998
2023-10-07 16:32:13 INFO:Epochs: 148	Cost: 48608412412.97415
2023-10-07 17:01:22 INFO:Number of morph types: 266566
2023-10-07 17:01:22 INFO:Corpus weight set to 11324.99999999998
2023-10-07 17:01:22 INFO:Epochs: 149	Cost: 49260532221.647865
2023-10-07 17:30:30 INFO:Number of morph types: 266566
2023-10-07 17:30:30 INFO:Corpus weight set to 11475.99999999998
2023-10-07 17:30:30 INFO:Epochs: 150	Cost: 49916999495.712906
2023-10-07 17:30:30 INFO:Max number of epochs reached, stop training
2023-10-07 17:30:30 INFO:Done.
2023-10-07 17:30:30 INFO:Epochs: 150
2023-10-07 17:30:30 INFO:Final cost: 49916999495.712906
2023-10-07 17:30:30 INFO:Training time: 268398.407s
2023-10-07 17:30:30 INFO:Saving model to './models/tokenizers/morfessors/morf_smilesZinc_500000.bin'...
2023-10-07 17:30:32 INFO:Done.
