2023-07-13 02:53:22 INFO:Reading corpus from './datasets/pre_processed/clintox.smi'...
2023-07-13 02:53:22 INFO:Detected utf-8 encoding
2023-07-13 02:53:22 INFO:Done.
2023-07-13 02:53:22 INFO:Compounds in training data: 1476 types / 1476 tokens
2023-07-13 02:53:22 INFO:Starting batch training
2023-07-13 02:53:22 INFO:Epochs: 0	Cost: 245851.29798636414
2023-07-13 02:53:55 INFO:Number of morph types: 1656
2023-07-13 02:53:55 INFO:Corpus weight set to 3.0
2023-07-13 02:53:55 INFO:Epochs: 1	Cost: 276731.46090930235
2023-07-13 02:54:25 INFO:Number of morph types: 1651
2023-07-13 02:54:25 INFO:Corpus weight set to 6.0
2023-07-13 02:54:25 INFO:Epochs: 2	Cost: 338741.7994474054
2023-07-13 02:54:53 INFO:Number of morph types: 1679
2023-07-13 02:54:53 INFO:Corpus weight set to 10.0
2023-07-13 02:54:53 INFO:Epochs: 3	Cost: 412046.5600572963
2023-07-13 02:55:20 INFO:Number of morph types: 1692
2023-07-13 02:55:20 INFO:Corpus weight set to 15.0
2023-07-13 02:55:20 INFO:Epochs: 4	Cost: 504368.4657730741
2023-07-13 02:55:47 INFO:Number of morph types: 1696
2023-07-13 02:55:47 INFO:Corpus weight set to 21.0
2023-07-13 02:55:47 INFO:Epochs: 5	Cost: 616745.0263024238
2023-07-13 02:56:14 INFO:Number of morph types: 1697
2023-07-13 02:56:14 INFO:Corpus weight set to 28.0
2023-07-13 02:56:14 INFO:Epochs: 6	Cost: 747679.6213807075
2023-07-13 02:56:40 INFO:Number of morph types: 1701
2023-07-13 02:56:40 INFO:Corpus weight set to 36.0
2023-07-13 02:56:40 INFO:Epochs: 7	Cost: 896078.7862458485
2023-07-13 02:57:07 INFO:Number of morph types: 1703
2023-07-13 02:57:07 INFO:Corpus weight set to 45.0
2023-07-13 02:57:07 INFO:Epochs: 8	Cost: 1063127.0561754697
2023-07-13 02:57:33 INFO:Number of morph types: 1703
2023-07-13 02:57:33 INFO:Corpus weight set to 55.00000000000001
2023-07-13 02:57:33 INFO:Epochs: 9	Cost: 1249505.6523588859
2023-07-13 02:58:00 INFO:Number of morph types: 1703
2023-07-13 02:58:00 INFO:Corpus weight set to 66.0
2023-07-13 02:58:00 INFO:Epochs: 10	Cost: 1454428.574748535
2023-07-13 02:58:26 INFO:Number of morph types: 1703
2023-07-13 02:58:26 INFO:Corpus weight set to 78.0
2023-07-13 02:58:26 INFO:Epochs: 11	Cost: 1677987.5192441675
2023-07-13 02:58:52 INFO:Number of morph types: 1703
2023-07-13 02:58:52 INFO:Corpus weight set to 91.0
2023-07-13 02:58:52 INFO:Epochs: 12	Cost: 1920176.3757813626
2023-07-13 02:59:19 INFO:Number of morph types: 1703
2023-07-13 02:59:19 INFO:Corpus weight set to 104.99999999999999
2023-07-13 02:59:19 INFO:Epochs: 13	Cost: 2180995.144360121
2023-07-13 02:59:45 INFO:Number of morph types: 1703
2023-07-13 02:59:45 INFO:Corpus weight set to 119.99999999999997
2023-07-13 02:59:45 INFO:Epochs: 14	Cost: 2460443.824980442
2023-07-13 03:00:11 INFO:Number of morph types: 1703
2023-07-13 03:00:11 INFO:Corpus weight set to 135.99999999999997
2023-07-13 03:00:11 INFO:Epochs: 15	Cost: 2758522.4176423233
2023-07-13 03:00:37 INFO:Number of morph types: 1703
2023-07-13 03:00:37 INFO:Corpus weight set to 152.99999999999997
2023-07-13 03:00:37 INFO:Epochs: 16	Cost: 3075230.922345768
2023-07-13 03:01:03 INFO:Number of morph types: 1703
2023-07-13 03:01:03 INFO:Corpus weight set to 170.99999999999997
2023-07-13 03:01:03 INFO:Epochs: 17	Cost: 3410569.3390907766
2023-07-13 03:01:29 INFO:Number of morph types: 1703
2023-07-13 03:01:29 INFO:Corpus weight set to 189.99999999999997
2023-07-13 03:01:29 INFO:Epochs: 18	Cost: 3764537.667877348
2023-07-13 03:01:55 INFO:Number of morph types: 1703
2023-07-13 03:01:55 INFO:Corpus weight set to 209.99999999999994
2023-07-13 03:01:55 INFO:Epochs: 19	Cost: 4137135.9087054813
2023-07-13 03:02:21 INFO:Number of morph types: 1703
2023-07-13 03:02:21 INFO:Corpus weight set to 230.99999999999994
2023-07-13 03:02:21 INFO:Epochs: 20	Cost: 4528364.06157518
2023-07-13 03:02:47 INFO:Number of morph types: 1703
2023-07-13 03:02:47 INFO:Corpus weight set to 252.99999999999997
2023-07-13 03:02:47 INFO:Epochs: 21	Cost: 4938222.126486441
2023-07-13 03:03:14 INFO:Number of morph types: 1703
2023-07-13 03:03:14 INFO:Corpus weight set to 275.99999999999994
2023-07-13 03:03:14 INFO:Epochs: 22	Cost: 5366710.103439263
2023-07-13 03:03:40 INFO:Number of morph types: 1703
2023-07-13 03:03:40 INFO:Corpus weight set to 299.99999999999994
2023-07-13 03:03:40 INFO:Epochs: 23	Cost: 5813827.992433651
2023-07-13 03:04:07 INFO:Number of morph types: 1703
2023-07-13 03:04:07 INFO:Corpus weight set to 324.99999999999994
2023-07-13 03:04:07 INFO:Epochs: 24	Cost: 6279575.793469602
2023-07-13 03:04:33 INFO:Number of morph types: 1703
2023-07-13 03:04:33 INFO:Corpus weight set to 350.99999999999994
2023-07-13 03:04:33 INFO:Epochs: 25	Cost: 6763953.506547113
2023-07-13 03:04:59 INFO:Number of morph types: 1703
2023-07-13 03:04:59 INFO:Corpus weight set to 377.99999999999994
2023-07-13 03:04:59 INFO:Epochs: 26	Cost: 7266961.131666191
2023-07-13 03:05:25 INFO:Number of morph types: 1703
2023-07-13 03:05:25 INFO:Corpus weight set to 405.9999999999999
2023-07-13 03:05:25 INFO:Epochs: 27	Cost: 7788598.668826829
2023-07-13 03:05:51 INFO:Number of morph types: 1703
2023-07-13 03:05:51 INFO:Corpus weight set to 434.9999999999999
2023-07-13 03:05:51 INFO:Epochs: 28	Cost: 8328866.118029033
2023-07-13 03:06:17 INFO:Number of morph types: 1703
2023-07-13 03:06:17 INFO:Corpus weight set to 464.99999999999983
2023-07-13 03:06:17 INFO:Epochs: 29	Cost: 8887763.4792728
2023-07-13 03:06:43 INFO:Number of morph types: 1703
2023-07-13 03:06:43 INFO:Corpus weight set to 495.99999999999983
2023-07-13 03:06:43 INFO:Epochs: 30	Cost: 9465290.752558129
2023-07-13 03:07:09 INFO:Number of morph types: 1703
2023-07-13 03:07:09 INFO:Corpus weight set to 527.9999999999998
2023-07-13 03:07:09 INFO:Epochs: 31	Cost: 10061447.937885024
2023-07-13 03:07:35 INFO:Number of morph types: 1703
2023-07-13 03:07:35 INFO:Corpus weight set to 560.9999999999998
2023-07-13 03:07:35 INFO:Epochs: 32	Cost: 10676235.035253482
2023-07-13 03:08:01 INFO:Number of morph types: 1703
2023-07-13 03:08:01 INFO:Corpus weight set to 594.9999999999998
2023-07-13 03:08:01 INFO:Epochs: 33	Cost: 11309652.0446635
2023-07-13 03:08:27 INFO:Number of morph types: 1703
2023-07-13 03:08:27 INFO:Corpus weight set to 629.9999999999998
2023-07-13 03:08:27 INFO:Epochs: 34	Cost: 11961698.966115085
2023-07-13 03:08:52 INFO:Number of morph types: 1703
2023-07-13 03:08:52 INFO:Corpus weight set to 665.9999999999998
2023-07-13 03:08:52 INFO:Epochs: 35	Cost: 12632375.799608232
2023-07-13 03:09:18 INFO:Number of morph types: 1703
2023-07-13 03:09:18 INFO:Corpus weight set to 702.9999999999998
2023-07-13 03:09:18 INFO:Epochs: 36	Cost: 13321682.54514295
2023-07-13 03:09:44 INFO:Number of morph types: 1703
2023-07-13 03:09:44 INFO:Corpus weight set to 740.9999999999997
2023-07-13 03:09:44 INFO:Epochs: 37	Cost: 14029619.202719226
2023-07-13 03:10:11 INFO:Number of morph types: 1703
2023-07-13 03:10:11 INFO:Corpus weight set to 779.9999999999995
2023-07-13 03:10:11 INFO:Epochs: 38	Cost: 14756185.772337066
2023-07-13 03:10:37 INFO:Number of morph types: 1703
2023-07-13 03:10:37 INFO:Corpus weight set to 819.9999999999995
2023-07-13 03:10:37 INFO:Epochs: 39	Cost: 15501382.25399647
2023-07-13 03:11:03 INFO:Number of morph types: 1703
2023-07-13 03:11:03 INFO:Corpus weight set to 860.9999999999995
2023-07-13 03:11:03 INFO:Epochs: 40	Cost: 16265208.64769744
2023-07-13 03:11:29 INFO:Number of morph types: 1703
2023-07-13 03:11:29 INFO:Corpus weight set to 902.9999999999995
2023-07-13 03:11:29 INFO:Epochs: 41	Cost: 17047664.953439977
2023-07-13 03:11:54 INFO:Number of morph types: 1703
2023-07-13 03:11:54 INFO:Corpus weight set to 945.9999999999995
2023-07-13 03:11:54 INFO:Epochs: 42	Cost: 17848751.17122407
2023-07-13 03:12:20 INFO:Number of morph types: 1703
2023-07-13 03:12:20 INFO:Corpus weight set to 989.9999999999997
2023-07-13 03:12:20 INFO:Epochs: 43	Cost: 18668467.301049735
2023-07-13 03:12:46 INFO:Number of morph types: 1703
2023-07-13 03:12:46 INFO:Corpus weight set to 1034.9999999999995
2023-07-13 03:12:46 INFO:Epochs: 44	Cost: 19506813.342916965
2023-07-13 03:13:12 INFO:Number of morph types: 1703
2023-07-13 03:13:12 INFO:Corpus weight set to 1080.9999999999995
2023-07-13 03:13:12 INFO:Epochs: 45	Cost: 20363789.296825755
2023-07-13 03:13:38 INFO:Number of morph types: 1703
2023-07-13 03:13:38 INFO:Corpus weight set to 1127.9999999999995
2023-07-13 03:13:38 INFO:Epochs: 46	Cost: 21239395.162776113
2023-07-13 03:14:04 INFO:Number of morph types: 1703
2023-07-13 03:14:04 INFO:Corpus weight set to 1175.9999999999995
2023-07-13 03:14:04 INFO:Epochs: 47	Cost: 22133630.940768033
2023-07-13 03:14:30 INFO:Number of morph types: 1703
2023-07-13 03:14:30 INFO:Corpus weight set to 1224.9999999999995
2023-07-13 03:14:30 INFO:Epochs: 48	Cost: 23046496.63080152
2023-07-13 03:14:56 INFO:Number of morph types: 1703
2023-07-13 03:14:56 INFO:Corpus weight set to 1274.9999999999995
2023-07-13 03:14:56 INFO:Epochs: 49	Cost: 23977992.232876573
2023-07-13 03:15:22 INFO:Number of morph types: 1703
2023-07-13 03:15:22 INFO:Corpus weight set to 1325.9999999999995
2023-07-13 03:15:22 INFO:Epochs: 50	Cost: 24928117.746993188
2023-07-13 03:15:48 INFO:Number of morph types: 1703
2023-07-13 03:15:48 INFO:Corpus weight set to 1377.9999999999995
2023-07-13 03:15:48 INFO:Epochs: 51	Cost: 25896873.17315137
2023-07-13 03:16:14 INFO:Number of morph types: 1703
2023-07-13 03:16:14 INFO:Corpus weight set to 1430.9999999999995
2023-07-13 03:16:14 INFO:Epochs: 52	Cost: 26884258.511351112
2023-07-13 03:16:40 INFO:Number of morph types: 1703
2023-07-13 03:16:40 INFO:Corpus weight set to 1484.9999999999995
2023-07-13 03:16:40 INFO:Epochs: 53	Cost: 27890273.761592418
2023-07-13 03:17:06 INFO:Number of morph types: 1703
2023-07-13 03:17:06 INFO:Corpus weight set to 1539.9999999999995
2023-07-13 03:17:06 INFO:Epochs: 54	Cost: 28914918.923875302
2023-07-13 03:17:32 INFO:Number of morph types: 1703
2023-07-13 03:17:32 INFO:Corpus weight set to 1595.9999999999995
2023-07-13 03:17:32 INFO:Epochs: 55	Cost: 29958193.99819974
2023-07-13 03:17:58 INFO:Number of morph types: 1703
2023-07-13 03:17:58 INFO:Corpus weight set to 1652.9999999999998
2023-07-13 03:17:58 INFO:Epochs: 56	Cost: 31020098.98456575
2023-07-13 03:18:24 INFO:Number of morph types: 1703
2023-07-13 03:18:24 INFO:Corpus weight set to 1711.0
2023-07-13 03:18:24 INFO:Epochs: 57	Cost: 32100633.882973325
2023-07-13 03:18:50 INFO:Number of morph types: 1703
2023-07-13 03:18:50 INFO:Corpus weight set to 1770.0000000000002
2023-07-13 03:18:50 INFO:Epochs: 58	Cost: 33199798.693422467
2023-07-13 03:19:16 INFO:Number of morph types: 1703
2023-07-13 03:19:16 INFO:Corpus weight set to 1830.0
2023-07-13 03:19:16 INFO:Epochs: 59	Cost: 34317593.415913165
2023-07-13 03:19:42 INFO:Number of morph types: 1703
2023-07-13 03:19:42 INFO:Corpus weight set to 1891.0000000000002
2023-07-13 03:19:42 INFO:Epochs: 60	Cost: 35454018.05044543
2023-07-13 03:20:08 INFO:Number of morph types: 1703
2023-07-13 03:20:08 INFO:Corpus weight set to 1953.0000000000002
2023-07-13 03:20:08 INFO:Epochs: 61	Cost: 36609072.59701927
2023-07-13 03:20:34 INFO:Number of morph types: 1703
2023-07-13 03:20:34 INFO:Corpus weight set to 2016.0000000000002
2023-07-13 03:20:34 INFO:Epochs: 62	Cost: 37782757.05563466
2023-07-13 03:21:00 INFO:Number of morph types: 1703
2023-07-13 03:21:00 INFO:Corpus weight set to 2080.0
2023-07-13 03:21:00 INFO:Epochs: 63	Cost: 38975071.42629162
2023-07-13 03:21:26 INFO:Number of morph types: 1703
2023-07-13 03:21:26 INFO:Corpus weight set to 2145.0
2023-07-13 03:21:26 INFO:Epochs: 64	Cost: 40186015.70899015
2023-07-13 03:21:52 INFO:Number of morph types: 1703
2023-07-13 03:21:52 INFO:Corpus weight set to 2210.9999999999995
2023-07-13 03:21:52 INFO:Epochs: 65	Cost: 41415589.903730236
2023-07-13 03:22:18 INFO:Number of morph types: 1703
2023-07-13 03:22:18 INFO:Corpus weight set to 2277.9999999999995
2023-07-13 03:22:18 INFO:Epochs: 66	Cost: 42663794.01051189
2023-07-13 03:22:44 INFO:Number of morph types: 1703
2023-07-13 03:22:44 INFO:Corpus weight set to 2345.9999999999995
2023-07-13 03:22:44 INFO:Epochs: 67	Cost: 43930628.02933512
2023-07-13 03:23:10 INFO:Number of morph types: 1703
2023-07-13 03:23:10 INFO:Corpus weight set to 2414.999999999999
2023-07-13 03:23:10 INFO:Epochs: 68	Cost: 45216091.96019991
2023-07-13 03:23:36 INFO:Number of morph types: 1703
2023-07-13 03:23:36 INFO:Corpus weight set to 2484.9999999999986
2023-07-13 03:23:36 INFO:Epochs: 69	Cost: 46520185.80310626
2023-07-13 03:24:02 INFO:Number of morph types: 1703
2023-07-13 03:24:02 INFO:Corpus weight set to 2555.999999999998
2023-07-13 03:24:02 INFO:Epochs: 70	Cost: 47842909.55805418
2023-07-13 03:24:28 INFO:Number of morph types: 1703
2023-07-13 03:24:28 INFO:Corpus weight set to 2627.999999999998
2023-07-13 03:24:28 INFO:Epochs: 71	Cost: 49184263.22504366
2023-07-13 03:24:54 INFO:Number of morph types: 1703
2023-07-13 03:24:54 INFO:Corpus weight set to 2700.9999999999977
2023-07-13 03:24:54 INFO:Epochs: 72	Cost: 50544246.804074705
2023-07-13 03:25:21 INFO:Number of morph types: 1703
2023-07-13 03:25:21 INFO:Corpus weight set to 2774.999999999998
2023-07-13 03:25:21 INFO:Epochs: 73	Cost: 51922860.29514733
2023-07-13 03:25:47 INFO:Number of morph types: 1703
2023-07-13 03:25:47 INFO:Corpus weight set to 2849.999999999998
2023-07-13 03:25:47 INFO:Epochs: 74	Cost: 53320103.698261514
2023-07-13 03:26:14 INFO:Number of morph types: 1703
2023-07-13 03:26:14 INFO:Corpus weight set to 2925.999999999998
2023-07-13 03:26:14 INFO:Epochs: 75	Cost: 54735977.013417274
2023-07-13 03:26:41 INFO:Number of morph types: 1703
2023-07-13 03:26:41 INFO:Corpus weight set to 3002.999999999998
2023-07-13 03:26:41 INFO:Epochs: 76	Cost: 56170480.2406146
2023-07-13 03:27:08 INFO:Number of morph types: 1703
2023-07-13 03:27:08 INFO:Corpus weight set to 3080.999999999998
2023-07-13 03:27:08 INFO:Epochs: 77	Cost: 57623613.379853494
2023-07-13 03:27:34 INFO:Number of morph types: 1703
2023-07-13 03:27:34 INFO:Corpus weight set to 3159.9999999999977
2023-07-13 03:27:34 INFO:Epochs: 78	Cost: 59095376.43113393
2023-07-13 03:28:00 INFO:Number of morph types: 1703
2023-07-13 03:28:00 INFO:Corpus weight set to 3239.9999999999973
2023-07-13 03:28:00 INFO:Epochs: 79	Cost: 60585769.39445597
2023-07-13 03:28:25 INFO:Number of morph types: 1703
2023-07-13 03:28:25 INFO:Corpus weight set to 3320.999999999997
2023-07-13 03:28:25 INFO:Epochs: 80	Cost: 62094792.26981954
2023-07-13 03:28:52 INFO:Number of morph types: 1703
2023-07-13 03:28:52 INFO:Corpus weight set to 3402.9999999999973
2023-07-13 03:28:52 INFO:Epochs: 81	Cost: 63622445.0572247
2023-07-13 03:29:17 INFO:Number of morph types: 1703
2023-07-13 03:29:17 INFO:Corpus weight set to 3485.9999999999973
2023-07-13 03:29:17 INFO:Epochs: 82	Cost: 65168727.75667142
2023-07-13 03:29:43 INFO:Number of morph types: 1703
2023-07-13 03:29:43 INFO:Corpus weight set to 3569.9999999999973
2023-07-13 03:29:43 INFO:Epochs: 83	Cost: 66733640.36815972
2023-07-13 03:30:09 INFO:Number of morph types: 1703
2023-07-13 03:30:09 INFO:Corpus weight set to 3654.999999999997
2023-07-13 03:30:09 INFO:Epochs: 84	Cost: 68317182.89168955
2023-07-13 03:30:36 INFO:Number of morph types: 1703
2023-07-13 03:30:36 INFO:Corpus weight set to 3740.9999999999964
2023-07-13 03:30:36 INFO:Epochs: 85	Cost: 69919355.32726096
2023-07-13 03:31:02 INFO:Number of morph types: 1703
2023-07-13 03:31:02 INFO:Corpus weight set to 3827.9999999999964
2023-07-13 03:31:02 INFO:Epochs: 86	Cost: 71540157.67487396
2023-07-13 03:31:28 INFO:Number of morph types: 1703
2023-07-13 03:31:28 INFO:Corpus weight set to 3915.9999999999964
2023-07-13 03:31:28 INFO:Epochs: 87	Cost: 73179589.93452848
2023-07-13 03:31:54 INFO:Number of morph types: 1703
2023-07-13 03:31:54 INFO:Corpus weight set to 4004.9999999999964
2023-07-13 03:31:54 INFO:Epochs: 88	Cost: 74837652.10622463
2023-07-13 03:32:20 INFO:Number of morph types: 1703
2023-07-13 03:32:20 INFO:Corpus weight set to 4094.9999999999964
2023-07-13 03:32:20 INFO:Epochs: 89	Cost: 76514344.18996231
2023-07-13 03:32:46 INFO:Number of morph types: 1703
2023-07-13 03:32:46 INFO:Corpus weight set to 4185.999999999996
2023-07-13 03:32:46 INFO:Epochs: 90	Cost: 78209666.18574157
2023-07-13 03:33:12 INFO:Number of morph types: 1703
2023-07-13 03:33:12 INFO:Corpus weight set to 4277.999999999996
2023-07-13 03:33:12 INFO:Epochs: 91	Cost: 79923618.09356241
2023-07-13 03:33:38 INFO:Number of morph types: 1703
2023-07-13 03:33:38 INFO:Corpus weight set to 4370.999999999996
2023-07-13 03:33:38 INFO:Epochs: 92	Cost: 81656199.91342479
2023-07-13 03:34:04 INFO:Number of morph types: 1703
2023-07-13 03:34:04 INFO:Corpus weight set to 4464.999999999996
2023-07-13 03:34:04 INFO:Epochs: 93	Cost: 83407411.64532875
2023-07-13 03:34:30 INFO:Number of morph types: 1703
2023-07-13 03:34:30 INFO:Corpus weight set to 4559.999999999996
2023-07-13 03:34:30 INFO:Epochs: 94	Cost: 85177253.28927428
2023-07-13 03:34:56 INFO:Number of morph types: 1703
2023-07-13 03:34:56 INFO:Corpus weight set to 4655.999999999996
2023-07-13 03:34:56 INFO:Epochs: 95	Cost: 86965724.84526135
2023-07-13 03:35:22 INFO:Number of morph types: 1703
2023-07-13 03:35:22 INFO:Corpus weight set to 4752.999999999996
2023-07-13 03:35:22 INFO:Epochs: 96	Cost: 88772826.31329001
2023-07-13 03:35:48 INFO:Number of morph types: 1703
2023-07-13 03:35:48 INFO:Corpus weight set to 4850.999999999996
2023-07-13 03:35:48 INFO:Epochs: 97	Cost: 90598557.69336025
2023-07-13 03:36:13 INFO:Number of morph types: 1703
2023-07-13 03:36:13 INFO:Corpus weight set to 4949.999999999996
2023-07-13 03:36:13 INFO:Epochs: 98	Cost: 92442918.98547205
2023-07-13 03:36:39 INFO:Number of morph types: 1703
2023-07-13 03:36:39 INFO:Corpus weight set to 5049.999999999995
2023-07-13 03:36:39 INFO:Epochs: 99	Cost: 94305910.1896254
2023-07-13 03:37:05 INFO:Number of morph types: 1703
2023-07-13 03:37:05 INFO:Corpus weight set to 5150.999999999995
2023-07-13 03:37:05 INFO:Epochs: 100	Cost: 96187531.30582033
2023-07-13 03:37:05 INFO:Max number of epochs reached, stop training
2023-07-13 03:37:05 INFO:Done.
2023-07-13 03:37:05 INFO:Epochs: 100
2023-07-13 03:37:05 INFO:Final cost: 96187531.30582033
2023-07-13 03:37:05 INFO:Training time: 2623.180s
2023-07-13 03:37:05 INFO:Saving model to './models/tokenizers/morfessors/morf_clintox_20000.bin'...
2023-07-13 03:37:05 INFO:Done.
