2023-07-21 06:55:46 INFO:Reading corpus from './datasets/cleaned_smilesDB.smi'...
2023-07-21 06:55:47 INFO:Detected utf-8 encoding
2023-07-21 06:55:49 INFO:Done.
2023-07-21 06:56:11 INFO:Compounds in training data: 258716 types / 258716 tokens
2023-07-21 06:56:11 INFO:Starting batch training
2023-07-21 06:56:11 INFO:Epochs: 0	Cost: 31429842.088340558
2023-07-21 08:01:40 INFO:Number of morph types: 71749
2023-07-21 08:01:40 INFO:Corpus weight set to 0.3333333333333333
2023-07-21 08:01:40 INFO:Epochs: 1	Cost: 7828541.782199
2023-07-21 09:11:47 INFO:Number of morph types: 10874
2023-07-21 09:11:47 INFO:Corpus weight set to 0.16666666666666666
2023-07-21 09:11:47 INFO:Epochs: 2	Cost: 2480218.8136405135
2023-07-21 10:24:08 INFO:Number of morph types: 5562
2023-07-21 10:24:08 INFO:Corpus weight set to 0.1
2023-07-21 10:24:08 INFO:Epochs: 3	Cost: 1499648.4698594785
2023-07-21 11:36:35 INFO:Number of morph types: 3744
2023-07-21 11:36:35 INFO:Corpus weight set to 0.06666666666666667
2023-07-21 11:36:35 INFO:Epochs: 4	Cost: 1018776.839567116
2023-07-21 12:50:22 INFO:Number of morph types: 2673
2023-07-21 12:50:22 INFO:Corpus weight set to 0.047619047619047616
2023-07-21 12:50:22 INFO:Epochs: 5	Cost: 739529.7477917112
2023-07-21 14:05:04 INFO:Number of morph types: 2049
2023-07-21 14:05:04 INFO:Corpus weight set to 0.03571428571428571
2023-07-21 14:05:04 INFO:Epochs: 6	Cost: 563157.5789607434
2023-07-21 15:21:32 INFO:Number of morph types: 1583
2023-07-21 15:21:32 INFO:Corpus weight set to 0.02777777777777778
2023-07-21 15:21:32 INFO:Epochs: 7	Cost: 443466.6211651987
2023-07-21 16:38:40 INFO:Number of morph types: 1298
2023-07-21 16:38:40 INFO:Corpus weight set to 0.022222222222222227
2023-07-21 16:38:40 INFO:Epochs: 8	Cost: 359296.39819743583
2023-07-21 17:56:15 INFO:Number of morph types: 1101
2023-07-21 17:56:15 INFO:Corpus weight set to 0.018181818181818184
2023-07-21 17:56:15 INFO:Epochs: 9	Cost: 297647.47395627527
2023-07-21 19:14:06 INFO:Number of morph types: 974
2023-07-21 19:14:06 INFO:Corpus weight set to 0.015151515151515154
2023-07-21 19:14:06 INFO:Epochs: 10	Cost: 251135.40683536627
2023-07-21 20:32:30 INFO:Number of morph types: 866
2023-07-21 20:32:30 INFO:Corpus weight set to 0.012820512820512822
2023-07-21 20:32:30 INFO:Epochs: 11	Cost: 215010.47155184555
2023-07-21 21:51:41 INFO:Number of morph types: 734
2023-07-21 21:51:41 INFO:Corpus weight set to 0.01098901098901099
2023-07-21 21:51:41 INFO:Epochs: 12	Cost: 186195.3161974292
2023-07-21 23:13:22 INFO:Number of morph types: 673
2023-07-21 23:13:22 INFO:Corpus weight set to 0.009523809523809525
2023-07-21 23:13:22 INFO:Epochs: 13	Cost: 163147.26493247467
2023-07-22 00:34:05 INFO:Number of morph types: 612
2023-07-22 00:34:05 INFO:Corpus weight set to 0.008333333333333335
2023-07-22 00:34:05 INFO:Epochs: 14	Cost: 144151.05020061435
2023-07-22 01:55:24 INFO:Number of morph types: 563
2023-07-22 01:55:24 INFO:Corpus weight set to 0.00735294117647059
2023-07-22 01:55:24 INFO:Epochs: 15	Cost: 128421.29917453643
2023-07-22 03:17:16 INFO:Number of morph types: 525
2023-07-22 03:17:16 INFO:Corpus weight set to 0.006535947712418302
2023-07-22 03:17:16 INFO:Epochs: 16	Cost: 115243.174605528
2023-07-22 04:39:46 INFO:Number of morph types: 469
2023-07-22 04:39:46 INFO:Corpus weight set to 0.00730488273740869
2023-07-22 04:39:46 INFO:Epochs: 17	Cost: 127346.75501084744
2023-07-22 06:02:06 INFO:Number of morph types: 475
2023-07-22 06:02:06 INFO:Corpus weight set to 0.008116536374898545
2023-07-22 06:02:06 INFO:Epochs: 18	Cost: 140345.9949742449
2023-07-22 07:28:22 INFO:Number of morph types: 488
2023-07-22 07:28:22 INFO:Corpus weight set to 0.008970908624887865
2023-07-22 07:28:22 INFO:Epochs: 19	Cost: 153958.50735471144
2023-07-22 08:57:36 INFO:Number of morph types: 501
2023-07-22 08:57:36 INFO:Epochs: 20	Cost: 153892.9433108397
2023-07-22 10:26:47 INFO:Number of morph types: 504
2023-07-22 10:26:47 INFO:Epochs: 21	Cost: 153876.6726759298
2023-07-22 10:26:47 INFO:Done.
2023-07-22 10:26:47 INFO:Epochs: 21
2023-07-22 10:26:47 INFO:Final cost: 153876.6726759298
2023-07-22 10:26:47 INFO:Training time: 99060.709s
2023-07-22 10:26:47 INFO:Saving model to './models/tokenizers/morfessors/morf_smilesDB_500.bin'...
2023-07-22 10:26:50 INFO:Done.
