2023-07-24 14:25:57 INFO:Reading corpus from './datasets/cleaned_smilesDB.smi'...
2023-07-24 14:25:59 INFO:Detected utf-8 encoding
2023-07-24 14:26:01 INFO:Done.
2023-07-24 14:26:23 INFO:Compounds in training data: 258716 types / 258716 tokens
2023-07-24 14:26:23 INFO:Starting batch training
2023-07-24 14:26:23 INFO:Epochs: 0	Cost: 31429842.088340558
2023-07-24 15:32:04 INFO:Number of morph types: 72839
2023-07-24 15:32:04 INFO:Corpus weight set to 0.3333333333333333
2023-07-24 15:32:04 INFO:Epochs: 1	Cost: 7874559.534364811
2023-07-24 16:43:59 INFO:Number of morph types: 10991
2023-07-24 16:43:59 INFO:Corpus weight set to 0.16666666666666666
2023-07-24 16:43:59 INFO:Epochs: 2	Cost: 2494085.027600631
2023-07-24 17:55:52 INFO:Number of morph types: 5698
2023-07-24 17:55:52 INFO:Corpus weight set to 0.27777777777777773
2023-07-24 17:55:52 INFO:Epochs: 3	Cost: 3915006.5698496816
2023-07-24 19:08:36 INFO:Number of morph types: 7432
2023-07-24 19:08:36 INFO:Corpus weight set to 0.41666666666666663
2023-07-24 19:08:36 INFO:Epochs: 4	Cost: 5728961.136727461
2023-07-24 20:25:49 INFO:Number of morph types: 10555
2023-07-24 20:25:49 INFO:Corpus weight set to 0.2976190476190476
2023-07-24 20:25:49 INFO:Epochs: 5	Cost: 4158881.333761263
2023-07-24 21:39:17 INFO:Number of morph types: 8709
2023-07-24 21:39:17 INFO:Corpus weight set to 0.3968253968253968
2023-07-24 21:39:17 INFO:Epochs: 6	Cost: 5437453.1168133
2023-07-24 22:49:12 INFO:Number of morph types: 10135
2023-07-24 22:49:12 INFO:Corpus weight set to 0.308641975308642
2023-07-24 22:49:12 INFO:Epochs: 7	Cost: 4292782.15989552
2023-07-24 23:58:33 INFO:Number of morph types: 8970
2023-07-24 23:58:33 INFO:Corpus weight set to 0.3858024691358025
2023-07-24 23:58:33 INFO:Epochs: 8	Cost: 5290374.764121366
2023-07-25 01:08:03 INFO:Number of morph types: 9943
2023-07-25 01:08:03 INFO:Epochs: 9	Cost: 5286859.300652132
2023-07-25 02:17:13 INFO:Number of morph types: 10009
2023-07-25 02:17:13 INFO:Epochs: 10	Cost: 5286401.684452238
2023-07-25 02:17:13 INFO:Done.
2023-07-25 02:17:13 INFO:Epochs: 10
2023-07-25 02:17:13 INFO:Final cost: 5286401.684452238
2023-07-25 02:17:13 INFO:Training time: 42675.274s
2023-07-25 02:17:13 INFO:Saving model to './models/tokenizers/morfessors/morf_smilesDB_10000.bin'...
2023-07-25 02:17:16 INFO:Done.
