2023-06-24 17:04:39 INFO:Reading corpus from '../datasets/pre_processed/clintox.smi'...
2023-06-24 17:04:39 INFO:Detected utf-8 encoding
2023-06-24 17:04:40 INFO:Done.
2023-06-24 17:04:40 INFO:Compounds in training data: 1476 types / 1476 tokens
2023-06-24 17:04:40 INFO:Starting batch training
2023-06-24 17:04:40 INFO:Epochs: 0	Cost: 245851.29798636414
2023-06-24 17:05:04 INFO:Number of morph types: 1671
2023-06-24 17:05:04 INFO:Corpus weight set to 3.0
2023-06-24 17:05:04 INFO:Epochs: 1	Cost: 277588.8957037886
2023-06-24 17:05:27 INFO:Number of morph types: 1659
2023-06-24 17:05:27 INFO:Corpus weight set to 6.0
2023-06-24 17:05:27 INFO:Epochs: 2	Cost: 338496.8493323921
2023-06-24 17:05:46 INFO:Number of morph types: 1669
2023-06-24 17:05:46 INFO:Corpus weight set to 10.0
2023-06-24 17:05:46 INFO:Epochs: 3	Cost: 411624.6961291233
2023-06-24 17:06:05 INFO:Number of morph types: 1687
2023-06-24 17:06:05 INFO:Corpus weight set to 15.0
2023-06-24 17:06:05 INFO:Epochs: 4	Cost: 504739.12988387013
2023-06-24 17:06:24 INFO:Number of morph types: 1692
2023-06-24 17:06:24 INFO:Corpus weight set to 21.0
2023-06-24 17:06:24 INFO:Epochs: 5	Cost: 617505.868690181
2023-06-24 17:06:41 INFO:Number of morph types: 1696
2023-06-24 17:06:41 INFO:Corpus weight set to 28.0
2023-06-24 17:06:41 INFO:Epochs: 6	Cost: 748391.7570116946
2023-06-24 17:06:59 INFO:Number of morph types: 1703
2023-06-24 17:06:59 INFO:Corpus weight set to 36.0
2023-06-24 17:06:59 INFO:Epochs: 7	Cost: 896944.6157783916
2023-06-24 17:07:17 INFO:Number of morph types: 1703
2023-06-24 17:07:17 INFO:Corpus weight set to 45.0
2023-06-24 17:07:17 INFO:Epochs: 8	Cost: 1063127.0561744652
2023-06-24 17:07:34 INFO:Number of morph types: 1703
2023-06-24 17:07:34 INFO:Corpus weight set to 55.00000000000001
2023-06-24 17:07:34 INFO:Epochs: 9	Cost: 1249505.6523578844
2023-06-24 17:07:50 INFO:Number of morph types: 1703
2023-06-24 17:07:50 INFO:Corpus weight set to 66.0
2023-06-24 17:07:50 INFO:Epochs: 10	Cost: 1454428.574748078
2023-06-24 17:08:04 INFO:Number of morph types: 1703
2023-06-24 17:08:04 INFO:Corpus weight set to 78.0
2023-06-24 17:08:04 INFO:Epochs: 11	Cost: 1677987.5192437135
2023-06-24 17:08:20 INFO:Number of morph types: 1703
2023-06-24 17:08:20 INFO:Corpus weight set to 91.0
2023-06-24 17:08:20 INFO:Epochs: 12	Cost: 1920176.375780913
2023-06-24 17:08:36 INFO:Number of morph types: 1703
2023-06-24 17:08:36 INFO:Corpus weight set to 104.99999999999999
2023-06-24 17:08:36 INFO:Epochs: 13	Cost: 2180995.144359675
2023-06-24 17:08:49 INFO:Number of morph types: 1703
2023-06-24 17:08:49 INFO:Corpus weight set to 119.99999999999997
2023-06-24 17:08:49 INFO:Epochs: 14	Cost: 2460443.82498
2023-06-24 17:09:03 INFO:Number of morph types: 1703
2023-06-24 17:09:03 INFO:Corpus weight set to 135.99999999999997
2023-06-24 17:09:03 INFO:Epochs: 15	Cost: 2758522.417641888
2023-06-24 17:09:17 INFO:Number of morph types: 1703
2023-06-24 17:09:17 INFO:Corpus weight set to 152.99999999999997
2023-06-24 17:09:17 INFO:Epochs: 16	Cost: 3075230.92234534
2023-06-24 17:09:32 INFO:Number of morph types: 1703
2023-06-24 17:09:32 INFO:Corpus weight set to 170.99999999999997
2023-06-24 17:09:32 INFO:Epochs: 17	Cost: 3410569.3390903543
2023-06-24 17:09:46 INFO:Number of morph types: 1703
2023-06-24 17:09:46 INFO:Corpus weight set to 189.99999999999997
2023-06-24 17:09:46 INFO:Epochs: 18	Cost: 3764537.667876932
2023-06-24 17:10:02 INFO:Number of morph types: 1703
2023-06-24 17:10:02 INFO:Corpus weight set to 209.99999999999994
2023-06-24 17:10:02 INFO:Epochs: 19	Cost: 4137135.9087050734
2023-06-24 17:10:17 INFO:Number of morph types: 1703
2023-06-24 17:10:17 INFO:Corpus weight set to 230.99999999999994
2023-06-24 17:10:17 INFO:Epochs: 20	Cost: 4528364.061574779
2023-06-24 17:10:32 INFO:Number of morph types: 1703
2023-06-24 17:10:32 INFO:Corpus weight set to 252.99999999999997
2023-06-24 17:10:32 INFO:Epochs: 21	Cost: 4938222.126486046
2023-06-24 17:10:47 INFO:Number of morph types: 1703
2023-06-24 17:10:47 INFO:Corpus weight set to 275.99999999999994
2023-06-24 17:10:47 INFO:Epochs: 22	Cost: 5366710.103438876
2023-06-24 17:11:02 INFO:Number of morph types: 1703
2023-06-24 17:11:02 INFO:Corpus weight set to 299.99999999999994
2023-06-24 17:11:02 INFO:Epochs: 23	Cost: 5813827.99243327
2023-06-24 17:11:19 INFO:Number of morph types: 1703
2023-06-24 17:11:19 INFO:Corpus weight set to 324.99999999999994
2023-06-24 17:11:19 INFO:Epochs: 24	Cost: 6279575.793469229
2023-06-24 17:11:33 INFO:Number of morph types: 1703
2023-06-24 17:11:33 INFO:Corpus weight set to 350.99999999999994
2023-06-24 17:11:33 INFO:Epochs: 25	Cost: 6763953.5065467525
2023-06-24 17:11:46 INFO:Number of morph types: 1703
2023-06-24 17:11:46 INFO:Corpus weight set to 377.99999999999994
2023-06-24 17:11:46 INFO:Epochs: 26	Cost: 7266961.131665839
2023-06-24 17:12:00 INFO:Number of morph types: 1703
2023-06-24 17:12:00 INFO:Corpus weight set to 405.9999999999999
2023-06-24 17:12:00 INFO:Epochs: 27	Cost: 7788598.668826489
2023-06-24 17:12:15 INFO:Number of morph types: 1703
2023-06-24 17:12:15 INFO:Corpus weight set to 434.9999999999999
2023-06-24 17:12:15 INFO:Epochs: 28	Cost: 8328866.1180287
2023-06-24 17:12:27 INFO:Number of morph types: 1703
2023-06-24 17:12:27 INFO:Corpus weight set to 464.99999999999983
2023-06-24 17:12:27 INFO:Epochs: 29	Cost: 8887763.479272477
2023-06-24 17:12:42 INFO:Number of morph types: 1703
2023-06-24 17:12:42 INFO:Corpus weight set to 495.99999999999983
2023-06-24 17:12:42 INFO:Epochs: 30	Cost: 9465290.752557818
2023-06-24 17:12:57 INFO:Number of morph types: 1703
2023-06-24 17:12:57 INFO:Corpus weight set to 527.9999999999998
2023-06-24 17:12:57 INFO:Epochs: 31	Cost: 10061447.937884718
2023-06-24 17:13:11 INFO:Number of morph types: 1703
2023-06-24 17:13:11 INFO:Corpus weight set to 560.9999999999998
2023-06-24 17:13:11 INFO:Epochs: 32	Cost: 10676235.03525319
2023-06-24 17:13:26 INFO:Number of morph types: 1703
2023-06-24 17:13:26 INFO:Corpus weight set to 594.9999999999998
2023-06-24 17:13:26 INFO:Epochs: 33	Cost: 11309652.044663219
2023-06-24 17:13:41 INFO:Number of morph types: 1703
2023-06-24 17:13:41 INFO:Corpus weight set to 629.9999999999998
2023-06-24 17:13:41 INFO:Epochs: 34	Cost: 11961698.966114817
2023-06-24 17:13:54 INFO:Number of morph types: 1703
2023-06-24 17:13:54 INFO:Corpus weight set to 665.9999999999998
2023-06-24 17:13:54 INFO:Epochs: 35	Cost: 12632375.79960798
2023-06-24 17:14:08 INFO:Number of morph types: 1703
2023-06-24 17:14:08 INFO:Corpus weight set to 702.9999999999998
2023-06-24 17:14:08 INFO:Epochs: 36	Cost: 13321682.545142705
2023-06-24 17:14:23 INFO:Number of morph types: 1703
2023-06-24 17:14:23 INFO:Corpus weight set to 740.9999999999997
2023-06-24 17:14:23 INFO:Epochs: 37	Cost: 14029619.202718996
2023-06-24 17:14:38 INFO:Number of morph types: 1703
2023-06-24 17:14:38 INFO:Corpus weight set to 779.9999999999995
2023-06-24 17:14:38 INFO:Epochs: 38	Cost: 14756185.772336844
2023-06-24 17:14:54 INFO:Number of morph types: 1703
2023-06-24 17:14:54 INFO:Corpus weight set to 819.9999999999995
2023-06-24 17:14:54 INFO:Epochs: 39	Cost: 15501382.253996264
2023-06-24 17:15:08 INFO:Number of morph types: 1703
2023-06-24 17:15:08 INFO:Corpus weight set to 860.9999999999995
2023-06-24 17:15:08 INFO:Epochs: 40	Cost: 16265208.647697251
2023-06-24 17:15:22 INFO:Number of morph types: 1703
2023-06-24 17:15:22 INFO:Corpus weight set to 902.9999999999995
2023-06-24 17:15:22 INFO:Epochs: 41	Cost: 17047664.9534398
2023-06-24 17:15:37 INFO:Number of morph types: 1703
2023-06-24 17:15:37 INFO:Corpus weight set to 945.9999999999995
2023-06-24 17:15:37 INFO:Epochs: 42	Cost: 17848751.17122391
2023-06-24 17:15:52 INFO:Number of morph types: 1703
2023-06-24 17:15:52 INFO:Corpus weight set to 989.9999999999997
2023-06-24 17:15:52 INFO:Epochs: 43	Cost: 18668467.30104959
2023-06-24 17:16:07 INFO:Number of morph types: 1703
2023-06-24 17:16:07 INFO:Corpus weight set to 1034.9999999999995
2023-06-24 17:16:07 INFO:Epochs: 44	Cost: 19506813.34291683
2023-06-24 17:16:22 INFO:Number of morph types: 1703
2023-06-24 17:16:22 INFO:Corpus weight set to 1080.9999999999995
2023-06-24 17:16:22 INFO:Epochs: 45	Cost: 20363789.29682564
2023-06-24 17:16:37 INFO:Number of morph types: 1703
2023-06-24 17:16:37 INFO:Corpus weight set to 1127.9999999999995
2023-06-24 17:16:37 INFO:Epochs: 46	Cost: 21239395.162776012
2023-06-24 17:16:51 INFO:Number of morph types: 1703
2023-06-24 17:16:51 INFO:Corpus weight set to 1175.9999999999995
2023-06-24 17:16:51 INFO:Epochs: 47	Cost: 22133630.940767948
2023-06-24 17:17:05 INFO:Number of morph types: 1703
2023-06-24 17:17:05 INFO:Corpus weight set to 1224.9999999999995
2023-06-24 17:17:05 INFO:Epochs: 48	Cost: 23046496.630801443
2023-06-24 17:17:19 INFO:Number of morph types: 1703
2023-06-24 17:17:19 INFO:Corpus weight set to 1274.9999999999995
2023-06-24 17:17:19 INFO:Epochs: 49	Cost: 23977992.232876506
2023-06-24 17:17:34 INFO:Number of morph types: 1703
2023-06-24 17:17:34 INFO:Corpus weight set to 1325.9999999999995
2023-06-24 17:17:34 INFO:Epochs: 50	Cost: 24928117.746993143
2023-06-24 17:17:34 INFO:Max number of epochs reached, stop training
2023-06-24 17:17:34 INFO:Done.
2023-06-24 17:17:34 INFO:Epochs: 50
2023-06-24 17:17:34 INFO:Final cost: 24928117.746993143
2023-06-24 17:17:34 INFO:Training time: 774.231s
2023-06-24 17:17:34 INFO:Saving model to '../models/tokenizers/clintox.bin'...
2023-06-24 17:17:34 INFO:Done.
