2023-08-14 20:23:03 INFO:Reading corpus from './datasets/pre_processed/smilesZinc.smi'...
2023-08-14 20:23:04 INFO:Detected utf-8 encoding
2023-08-14 20:23:06 INFO:Done.
2023-08-14 20:23:26 INFO:Compounds in training data: 249455 types / 249455 tokens
2023-08-14 20:23:26 INFO:Starting batch training
2023-08-14 20:23:26 INFO:Epochs: 0	Cost: 30450475.272234492
2023-08-14 21:22:12 INFO:Number of morph types: 70913
2023-08-14 21:22:12 INFO:Corpus weight set to 0.3333333333333333
2023-08-14 21:22:12 INFO:Epochs: 1	Cost: 7692465.282475863
2023-08-14 22:23:11 INFO:Number of morph types: 10452
2023-08-14 22:23:11 INFO:Corpus weight set to 0.16666666666666666
2023-08-14 22:23:11 INFO:Epochs: 2	Cost: 2375057.2917844607
2023-08-14 23:25:55 INFO:Number of morph types: 5523
2023-08-14 23:25:55 INFO:Corpus weight set to 0.1
2023-08-14 23:25:55 INFO:Epochs: 3	Cost: 1440781.2871842086
2023-08-15 00:31:01 INFO:Number of morph types: 3646
2023-08-15 00:31:01 INFO:Corpus weight set to 0.06666666666666667
2023-08-15 00:31:01 INFO:Epochs: 4	Cost: 978453.7421535635
2023-08-15 01:38:51 INFO:Number of morph types: 2615
2023-08-15 01:38:51 INFO:Corpus weight set to 0.047619047619047616
2023-08-15 01:38:51 INFO:Epochs: 5	Cost: 710684.857074976
2023-08-15 02:46:19 INFO:Number of morph types: 2036
2023-08-15 02:46:19 INFO:Corpus weight set to 0.03571428571428571
2023-08-15 02:46:19 INFO:Epochs: 6	Cost: 541594.4568188617
2023-08-15 03:53:53 INFO:Number of morph types: 1604
2023-08-15 03:53:53 INFO:Corpus weight set to 0.02777777777777778
2023-08-15 03:53:53 INFO:Epochs: 7	Cost: 427424.591435737
2023-08-15 05:04:00 INFO:Number of morph types: 1318
2023-08-15 05:04:00 INFO:Corpus weight set to 0.022222222222222227
2023-08-15 05:04:00 INFO:Epochs: 8	Cost: 346657.3396367334
2023-08-15 06:13:16 INFO:Number of morph types: 1143
2023-08-15 06:13:16 INFO:Corpus weight set to 0.018181818181818184
2023-08-15 06:13:16 INFO:Epochs: 9	Cost: 287668.93523797847
2023-08-15 07:22:56 INFO:Number of morph types: 992
2023-08-15 07:22:56 INFO:Corpus weight set to 0.015151515151515154
2023-08-15 07:22:56 INFO:Epochs: 10	Cost: 242893.51352020638
2023-08-15 08:32:54 INFO:Number of morph types: 868
2023-08-15 08:32:54 INFO:Corpus weight set to 0.012820512820512822
2023-08-15 08:32:54 INFO:Epochs: 11	Cost: 207991.24134603934
2023-08-15 09:43:22 INFO:Number of morph types: 766
2023-08-15 09:43:22 INFO:Corpus weight set to 0.01098901098901099
2023-08-15 09:43:22 INFO:Epochs: 12	Cost: 180432.05728485595
2023-08-15 10:54:21 INFO:Number of morph types: 679
2023-08-15 10:54:21 INFO:Corpus weight set to 0.009523809523809525
2023-08-15 10:54:21 INFO:Epochs: 13	Cost: 158070.23199646838
2023-08-15 12:05:53 INFO:Number of morph types: 606
2023-08-15 12:05:53 INFO:Corpus weight set to 0.008333333333333335
2023-08-15 12:05:53 INFO:Epochs: 14	Cost: 139770.80408315998
2023-08-15 13:17:39 INFO:Number of morph types: 562
2023-08-15 13:17:39 INFO:Corpus weight set to 0.00735294117647059
2023-08-15 13:17:39 INFO:Epochs: 15	Cost: 124705.0607873533
2023-08-15 14:29:40 INFO:Number of morph types: 513
2023-08-15 14:29:40 INFO:Corpus weight set to 0.006535947712418302
2023-08-15 14:29:40 INFO:Epochs: 16	Cost: 111970.26942976328
2023-08-15 15:42:55 INFO:Number of morph types: 473
2023-08-15 15:42:55 INFO:Corpus weight set to 0.00584795321637427
2023-08-15 15:42:55 INFO:Epochs: 17	Cost: 101207.81987730258
2023-08-15 16:57:07 INFO:Number of morph types: 439
2023-08-15 16:57:07 INFO:Corpus weight set to 0.005263157894736843
2023-08-15 16:57:07 INFO:Epochs: 18	Cost: 91967.90892731072
2023-08-15 18:11:32 INFO:Number of morph types: 414
2023-08-15 18:11:32 INFO:Corpus weight set to 0.004761904761904763
2023-08-15 18:11:32 INFO:Epochs: 19	Cost: 84052.4412579228
2023-08-15 19:25:29 INFO:Number of morph types: 398
2023-08-15 19:25:29 INFO:Corpus weight set to 0.00432900432900433
2023-08-15 19:25:29 INFO:Epochs: 20	Cost: 77193.3619618736
2023-08-15 20:39:48 INFO:Number of morph types: 376
2023-08-15 20:39:48 INFO:Corpus weight set to 0.003952569169960475
2023-08-15 20:39:48 INFO:Epochs: 21	Cost: 71186.11614212497
2023-08-15 21:54:38 INFO:Number of morph types: 351
2023-08-15 21:54:38 INFO:Corpus weight set to 0.0036231884057971024
2023-08-15 21:54:38 INFO:Epochs: 22	Cost: 65856.42042210542
2023-08-15 23:09:41 INFO:Number of morph types: 331
2023-08-15 23:09:41 INFO:Corpus weight set to 0.0033333333333333344
2023-08-15 23:09:41 INFO:Epochs: 23	Cost: 61175.71871811643
2023-08-16 00:25:11 INFO:Number of morph types: 308
2023-08-16 00:25:11 INFO:Corpus weight set to 0.0030769230769230782
2023-08-16 00:25:11 INFO:Epochs: 24	Cost: 56964.64500381358
2023-08-16 01:40:58 INFO:Number of morph types: 294
2023-08-16 01:40:58 INFO:Corpus weight set to 0.00284900284900285
2023-08-16 01:40:58 INFO:Epochs: 25	Cost: 53204.547572500844
2023-08-16 02:57:02 INFO:Number of morph types: 276
2023-08-16 02:57:02 INFO:Corpus weight set to 0.0026455026455026467
2023-08-16 02:57:02 INFO:Epochs: 26	Cost: 49830.29444115231
2023-08-16 04:13:24 INFO:Number of morph types: 270
2023-08-16 04:13:24 INFO:Corpus weight set to 0.0024630541871921196
2023-08-16 04:13:24 INFO:Epochs: 27	Cost: 46840.78710202305
2023-08-16 05:30:01 INFO:Number of morph types: 265
2023-08-16 05:30:01 INFO:Corpus weight set to 0.002298850574712645
2023-08-16 05:30:01 INFO:Epochs: 28	Cost: 44139.57618431027
2023-08-16 06:46:48 INFO:Number of morph types: 257
2023-08-16 06:46:48 INFO:Corpus weight set to 0.0021505376344086034
2023-08-16 06:46:48 INFO:Epochs: 29	Cost: 41677.81781964886
2023-08-16 08:03:50 INFO:Number of morph types: 247
2023-08-16 08:03:50 INFO:Corpus weight set to 0.0020161290322580658
2023-08-16 08:03:50 INFO:Epochs: 30	Cost: 39436.56536161654
2023-08-16 09:20:54 INFO:Number of morph types: 240
2023-08-16 09:20:54 INFO:Corpus weight set to 0.0018939393939393953
2023-08-16 09:20:54 INFO:Epochs: 31	Cost: 37360.07091884895
2023-08-16 10:38:09 INFO:Number of morph types: 234
2023-08-16 10:38:09 INFO:Corpus weight set to 0.0017825311942959014
2023-08-16 10:38:09 INFO:Epochs: 32	Cost: 35461.52437857693
2023-08-16 11:56:11 INFO:Number of morph types: 222
2023-08-16 11:56:11 INFO:Corpus weight set to 0.0016806722689075642
2023-08-16 11:56:11 INFO:Epochs: 33	Cost: 33703.4788446039
2023-08-16 13:14:52 INFO:Number of morph types: 209
2023-08-16 13:14:52 INFO:Corpus weight set to 0.0015873015873015884
2023-08-16 13:14:52 INFO:Epochs: 34	Cost: 32062.788428439286
2023-08-16 14:33:41 INFO:Number of morph types: 205
2023-08-16 14:33:41 INFO:Corpus weight set to 0.0015015015015015026
2023-08-16 14:33:41 INFO:Epochs: 35	Cost: 30596.76137384011
2023-08-16 15:52:41 INFO:Number of morph types: 191
2023-08-16 15:52:41 INFO:Corpus weight set to 0.001422475106685634
2023-08-16 15:52:41 INFO:Epochs: 36	Cost: 29208.881262709692
2023-08-16 17:11:50 INFO:Number of morph types: 189
2023-08-16 17:11:50 INFO:Corpus weight set to 0.00134952766531714
2023-08-16 17:11:50 INFO:Epochs: 37	Cost: 27950.872329451406
2023-08-16 18:31:15 INFO:Number of morph types: 180
2023-08-16 18:31:15 INFO:Corpus weight set to 0.0012820512820512831
2023-08-16 18:31:15 INFO:Epochs: 38	Cost: 26748.906226935665
2023-08-16 19:50:59 INFO:Number of morph types: 171
2023-08-16 19:50:59 INFO:Corpus weight set to 0.001219512195121952
2023-08-16 19:50:59 INFO:Epochs: 39	Cost: 25634.569191561477
2023-08-16 21:10:59 INFO:Number of morph types: 170
2023-08-16 21:10:59 INFO:Corpus weight set to 0.0011614401858304306
2023-08-16 21:10:59 INFO:Epochs: 40	Cost: 24611.073433101636
2023-08-16 22:31:01 INFO:Number of morph types: 163
2023-08-16 22:31:01 INFO:Corpus weight set to 0.0011074197120708757
2023-08-16 22:31:01 INFO:Epochs: 41	Cost: 23613.95480126451
2023-08-16 23:51:46 INFO:Number of morph types: 156
2023-08-16 23:51:46 INFO:Corpus weight set to 0.0010570824524312903
2023-08-16 23:51:46 INFO:Epochs: 42	Cost: 22700.699060955136
2023-08-17 01:12:15 INFO:Number of morph types: 156
2023-08-17 01:12:15 INFO:Corpus weight set to 0.0010101010101010108
2023-08-17 01:12:15 INFO:Epochs: 43	Cost: 21875.02299542618
2023-08-17 02:33:13 INFO:Number of morph types: 154
2023-08-17 02:33:13 INFO:Corpus weight set to 0.0009661835748792277
2023-08-17 02:33:13 INFO:Epochs: 44	Cost: 21099.42256326593
2023-08-17 03:54:32 INFO:Number of morph types: 149
2023-08-17 03:54:32 INFO:Corpus weight set to 0.0009250693802035158
2023-08-17 03:54:32 INFO:Epochs: 45	Cost: 20359.698163984252
2023-08-17 05:15:48 INFO:Number of morph types: 147
2023-08-17 05:15:48 INFO:Corpus weight set to 0.0008865248226950361
2023-08-17 05:15:48 INFO:Epochs: 46	Cost: 19663.012071961755
2023-08-17 06:37:15 INFO:Number of morph types: 145
2023-08-17 06:37:15 INFO:Corpus weight set to 0.0008503401360544223
2023-08-17 06:37:15 INFO:Epochs: 47	Cost: 19018.16540731572
2023-08-17 07:59:35 INFO:Number of morph types: 142
2023-08-17 07:59:35 INFO:Corpus weight set to 0.0008163265306122454
2023-08-17 07:59:35 INFO:Epochs: 48	Cost: 18400.534565878348
2023-08-17 09:21:28 INFO:Number of morph types: 139
2023-08-17 09:21:28 INFO:Corpus weight set to 0.0007843137254901965
2023-08-17 09:21:28 INFO:Epochs: 49	Cost: 17816.818114098056
2023-08-17 10:44:18 INFO:Number of morph types: 139
2023-08-17 10:44:18 INFO:Corpus weight set to 0.0007541478129713427
2023-08-17 10:44:18 INFO:Epochs: 50	Cost: 17276.38220197856
2023-08-17 12:06:58 INFO:Number of morph types: 136
2023-08-17 12:06:58 INFO:Corpus weight set to 0.0007256894049346882
2023-08-17 12:06:58 INFO:Epochs: 51	Cost: 16750.053761694886
2023-08-17 13:31:17 INFO:Number of morph types: 131
2023-08-17 13:31:17 INFO:Corpus weight set to 0.0006988120195667367
2023-08-17 13:31:17 INFO:Epochs: 52	Cost: 16258.24680104971
2023-08-17 14:55:32 INFO:Number of morph types: 129
2023-08-17 14:55:32 INFO:Corpus weight set to 0.0006734006734006735
2023-08-17 14:55:32 INFO:Epochs: 53	Cost: 15794.552251138874
2023-08-17 16:25:20 INFO:Number of morph types: 127
2023-08-17 16:25:20 INFO:Corpus weight set to 0.0006493506493506495
2023-08-17 16:25:20 INFO:Epochs: 54	Cost: 15346.965425520133
2023-08-17 17:56:35 INFO:Number of morph types: 127
2023-08-17 17:56:35 INFO:Corpus weight set to 0.0006265664160401003
2023-08-17 17:56:35 INFO:Epochs: 55	Cost: 14930.833627922892
2023-08-17 19:24:21 INFO:Number of morph types: 124
2023-08-17 19:24:21 INFO:Corpus weight set to 0.0006049606775559589
2023-08-17 19:24:21 INFO:Epochs: 56	Cost: 14518.29676731849
2023-08-17 20:54:35 INFO:Number of morph types: 123
2023-08-17 20:54:35 INFO:Corpus weight set to 0.0005844535359438924
2023-08-17 20:54:35 INFO:Epochs: 57	Cost: 14139.776184939377
2023-08-17 22:21:47 INFO:Number of morph types: 122
2023-08-17 22:21:47 INFO:Corpus weight set to 0.0005649717514124293
2023-08-17 22:21:47 INFO:Epochs: 58	Cost: 13770.729777745806
2023-08-17 23:52:36 INFO:Number of morph types: 121
2023-08-17 23:52:36 INFO:Corpus weight set to 0.000546448087431694
2023-08-17 23:52:36 INFO:Epochs: 59	Cost: 13428.307655395547
2023-08-18 01:17:26 INFO:Number of morph types: 121
2023-08-18 01:17:26 INFO:Corpus weight set to 0.0005288207297726071
2023-08-18 01:17:26 INFO:Epochs: 60	Cost: 13102.616925688819
2023-08-18 02:42:14 INFO:Number of morph types: 118
2023-08-18 02:42:14 INFO:Corpus weight set to 0.0005120327700972862
2023-08-18 02:42:14 INFO:Epochs: 61	Cost: 12777.337661067766
2023-08-18 04:06:52 INFO:Number of morph types: 118
2023-08-18 04:06:52 INFO:Corpus weight set to 0.000496031746031746
2023-08-18 04:06:52 INFO:Epochs: 62	Cost: 12479.615729512481
2023-08-18 05:31:35 INFO:Number of morph types: 116
2023-08-18 05:31:35 INFO:Corpus weight set to 0.0004807692307692308
2023-08-18 05:31:35 INFO:Epochs: 63	Cost: 12188.103757435449
2023-08-18 06:56:36 INFO:Number of morph types: 115
2023-08-18 06:56:36 INFO:Corpus weight set to 0.00046620046620046625
2023-08-18 06:56:36 INFO:Epochs: 64	Cost: 11904.251170619686
2023-08-18 08:21:58 INFO:Number of morph types: 114
2023-08-18 08:21:58 INFO:Corpus weight set to 0.0004522840343735867
2023-08-18 08:21:58 INFO:Epochs: 65	Cost: 11642.908184418391
2023-08-18 09:47:17 INFO:Number of morph types: 112
2023-08-18 09:47:17 INFO:Corpus weight set to 0.0004389815627743636
2023-08-18 09:47:17 INFO:Epochs: 66	Cost: 11389.87621554706
2023-08-18 11:13:48 INFO:Number of morph types: 108
2023-08-18 11:13:48 INFO:Corpus weight set to 0.0004262574595055414
2023-08-18 11:13:48 INFO:Epochs: 67	Cost: 11139.117555651388
2023-08-18 12:40:21 INFO:Number of morph types: 108
2023-08-18 12:40:21 INFO:Corpus weight set to 0.00041407867494824027
2023-08-18 12:40:21 INFO:Epochs: 68	Cost: 10908.029866089793
2023-08-18 14:07:19 INFO:Number of morph types: 107
2023-08-18 14:07:19 INFO:Corpus weight set to 0.0004024144869215293
2023-08-18 14:07:19 INFO:Epochs: 69	Cost: 10686.217921762875
2023-08-18 15:35:06 INFO:Number of morph types: 107
2023-08-18 15:35:06 INFO:Corpus weight set to 0.0003912363067292646
2023-08-18 15:35:06 INFO:Epochs: 70	Cost: 10473.729878960632
2023-08-18 17:02:46 INFO:Number of morph types: 107
2023-08-18 17:02:46 INFO:Corpus weight set to 0.0003805175038051752
2023-08-18 17:02:46 INFO:Epochs: 71	Cost: 10269.96008277581
2023-08-18 18:30:41 INFO:Number of morph types: 107
2023-08-18 18:30:41 INFO:Corpus weight set to 0.0003702332469455759
2023-08-18 18:30:41 INFO:Epochs: 72	Cost: 10074.50458538576
2023-08-18 19:58:10 INFO:Number of morph types: 107
2023-08-18 19:58:10 INFO:Corpus weight set to 0.00036036036036036053
2023-08-18 19:58:10 INFO:Epochs: 73	Cost: 9886.83713876094
2023-08-18 21:25:27 INFO:Number of morph types: 106
2023-08-18 21:25:27 INFO:Corpus weight set to 0.00035087719298245633
2023-08-18 21:25:27 INFO:Epochs: 74	Cost: 9698.266700781483
2023-08-18 22:52:30 INFO:Number of morph types: 106
2023-08-18 22:52:30 INFO:Corpus weight set to 0.00034176349965823674
2023-08-18 22:52:30 INFO:Epochs: 75	Cost: 9524.727035798616
2023-08-19 00:19:28 INFO:Number of morph types: 106
2023-08-19 00:19:28 INFO:Corpus weight set to 0.0003330003330003332
2023-08-19 00:19:28 INFO:Epochs: 76	Cost: 9357.889575824734
2023-08-19 01:46:05 INFO:Number of morph types: 106
2023-08-19 01:46:05 INFO:Corpus weight set to 0.0003245699448231096
2023-08-19 01:46:05 INFO:Epochs: 77	Cost: 9197.43414749328
2023-08-19 03:14:26 INFO:Number of morph types: 94
2023-08-19 03:14:26 INFO:Corpus weight set to 0.0003328922511006252
2023-08-19 03:14:26 INFO:Epochs: 78	Cost: 9280.508100572844
2023-08-19 04:43:13 INFO:Number of morph types: 94
2023-08-19 04:43:13 INFO:Corpus weight set to 0.0003413199030272233
2023-08-19 04:43:13 INFO:Epochs: 79	Cost: 9443.627264083954
2023-08-19 06:11:55 INFO:Number of morph types: 94
2023-08-19 06:11:55 INFO:Corpus weight set to 0.00034985290060290383
2023-08-19 06:11:55 INFO:Epochs: 80	Cost: 9608.878682772123
2023-08-19 07:40:36 INFO:Number of morph types: 94
2023-08-19 07:40:36 INFO:Corpus weight set to 0.00035849124382766694
2023-08-19 07:40:36 INFO:Epochs: 81	Cost: 9776.178303498218
2023-08-19 09:09:11 INFO:Number of morph types: 94
2023-08-19 09:09:11 INFO:Corpus weight set to 0.00036723493270151246
2023-08-19 09:09:11 INFO:Epochs: 82	Cost: 9945.502676430082
2023-08-19 10:37:57 INFO:Number of morph types: 94
2023-08-19 10:37:57 INFO:Corpus weight set to 0.0003760839672244405
2023-08-19 10:37:57 INFO:Epochs: 83	Cost: 10116.885234290694
2023-08-19 12:06:33 INFO:Number of morph types: 94
2023-08-19 12:06:33 INFO:Corpus weight set to 0.00038503834739645094
2023-08-19 12:06:33 INFO:Epochs: 84	Cost: 10290.277120556299
2023-08-19 13:34:47 INFO:Number of morph types: 94
2023-08-19 13:34:47 INFO:Corpus weight set to 0.00039409807321754385
2023-08-19 13:34:47 INFO:Epochs: 85	Cost: 10465.733443812072
2023-08-19 15:03:06 INFO:Number of morph types: 94
2023-08-19 15:03:06 INFO:Corpus weight set to 0.00040326314468771933
2023-08-19 15:03:06 INFO:Epochs: 86	Cost: 10643.294514723042
2023-08-19 16:31:50 INFO:Number of morph types: 94
2023-08-19 16:31:50 INFO:Corpus weight set to 0.0004125335618069772
2023-08-19 16:31:50 INFO:Epochs: 87	Cost: 10822.78464737614
2023-08-19 18:00:15 INFO:Number of morph types: 94
2023-08-19 18:00:15 INFO:Corpus weight set to 0.0004219093245753176
2023-08-19 18:00:15 INFO:Epochs: 88	Cost: 11004.336214627923
2023-08-19 19:28:43 INFO:Number of morph types: 95
2023-08-19 19:28:43 INFO:Corpus weight set to 0.0004313904329927405
2023-08-19 19:28:43 INFO:Epochs: 89	Cost: 11187.460753910953
2023-08-19 20:57:22 INFO:Number of morph types: 95
2023-08-19 20:57:22 INFO:Corpus weight set to 0.0004409768870592458
2023-08-19 20:57:22 INFO:Epochs: 90	Cost: 11372.724898914406
2023-08-19 22:25:53 INFO:Number of morph types: 95
2023-08-19 22:25:53 INFO:Corpus weight set to 0.0004506686867748336
2023-08-19 22:25:53 INFO:Epochs: 91	Cost: 11560.05617711725
2023-08-19 23:54:34 INFO:Number of morph types: 95
2023-08-19 23:54:34 INFO:Corpus weight set to 0.00046046583213950397
2023-08-19 23:54:34 INFO:Epochs: 92	Cost: 11749.434796133584
2023-08-20 01:23:32 INFO:Number of morph types: 95
2023-08-20 01:23:32 INFO:Corpus weight set to 0.00047036832315325674
2023-08-20 01:23:32 INFO:Epochs: 93	Cost: 11941.073288900521
2023-08-20 02:52:19 INFO:Number of morph types: 95
2023-08-20 02:52:19 INFO:Corpus weight set to 0.00048037615981609197
2023-08-20 02:52:19 INFO:Epochs: 94	Cost: 12134.376221277742
2023-08-20 04:21:05 INFO:Number of morph types: 95
2023-08-20 04:21:05 INFO:Corpus weight set to 0.0004904893421280097
2023-08-20 04:21:05 INFO:Epochs: 95	Cost: 12329.793053481182
2023-08-20 05:49:51 INFO:Number of morph types: 95
2023-08-20 05:49:51 INFO:Corpus weight set to 0.0005007078700890099
2023-08-20 05:49:51 INFO:Epochs: 96	Cost: 12527.420636083552
2023-08-20 07:18:09 INFO:Number of morph types: 95
2023-08-20 07:18:09 INFO:Corpus weight set to 0.0005110317436990926
2023-08-20 07:18:09 INFO:Epochs: 97	Cost: 12726.840907789025
2023-08-20 08:46:33 INFO:Number of morph types: 96
2023-08-20 08:46:33 INFO:Corpus weight set to 0.0005214609629582577
2023-08-20 08:46:33 INFO:Epochs: 98	Cost: 12927.179136081822
2023-08-20 10:15:07 INFO:Number of morph types: 96
2023-08-20 10:15:07 INFO:Corpus weight set to 0.0005319955278665052
2023-08-20 10:15:07 INFO:Epochs: 99	Cost: 13130.13006840523
2023-08-20 11:43:35 INFO:Number of morph types: 96
2023-08-20 11:43:35 INFO:Corpus weight set to 0.0005426354384238353
2023-08-20 11:43:35 INFO:Epochs: 100	Cost: 13335.481651176773
2023-08-20 11:43:35 INFO:Max number of epochs reached, stop training
2023-08-20 11:43:35 INFO:Done.
2023-08-20 11:43:35 INFO:Epochs: 100
2023-08-20 11:43:35 INFO:Final cost: 13335.481651176773
2023-08-20 11:43:35 INFO:Training time: 487232.002s
2023-08-20 11:43:35 INFO:Saving model to './models/tokenizers/morfessors/morf_smilesZinc_100.bin'...
2023-08-20 11:43:38 INFO:Done.
