2023-08-25 01:40:58 INFO:Reading corpus from './datasets/pre_processed/smilesZinc.smi'...
2023-08-25 01:40:59 INFO:Detected utf-8 encoding
2023-08-25 01:41:01 INFO:Done.
2023-08-25 01:41:21 INFO:Compounds in training data: 249455 types / 249455 tokens
2023-08-25 01:41:21 INFO:Starting batch training
2023-08-25 01:41:21 INFO:Epochs: 0	Cost: 30450475.272234492
2023-08-25 02:38:06 INFO:Number of morph types: 70157
2023-08-25 02:38:06 INFO:Corpus weight set to 0.3333333333333333
2023-08-25 02:38:06 INFO:Epochs: 1	Cost: 7626129.944602024
2023-08-25 03:37:19 INFO:Number of morph types: 10409
2023-08-25 03:37:19 INFO:Corpus weight set to 0.16666666666666666
2023-08-25 03:37:19 INFO:Epochs: 2	Cost: 2372057.9912549164
2023-08-25 04:38:24 INFO:Number of morph types: 5460
2023-08-25 04:38:24 INFO:Corpus weight set to 0.27777777777777773
2023-08-25 04:38:24 INFO:Epochs: 3	Cost: 3728710.1298635327
2023-08-25 05:38:56 INFO:Number of morph types: 7122
2023-08-25 05:38:56 INFO:Corpus weight set to 0.41666666666666663
2023-08-25 05:38:56 INFO:Epochs: 4	Cost: 5455465.799575207
2023-08-25 06:38:36 INFO:Number of morph types: 10071
2023-08-25 06:38:36 INFO:Epochs: 5	Cost: 5417592.596429046
2023-08-25 07:38:11 INFO:Number of morph types: 10216
2023-08-25 07:38:11 INFO:Corpus weight set to 0.3125
2023-08-25 07:38:11 INFO:Epochs: 6	Cost: 4139046.5377342394
2023-08-25 08:38:03 INFO:Number of morph types: 8736
2023-08-25 08:38:03 INFO:Corpus weight set to 0.40178571428571425
2023-08-25 08:38:03 INFO:Epochs: 7	Cost: 5234396.284860945
2023-08-25 09:37:37 INFO:Number of morph types: 9875
2023-08-25 09:37:37 INFO:Corpus weight set to 0.5022321428571428
2023-08-25 09:37:37 INFO:Epochs: 8	Cost: 6459716.832899558
2023-08-25 10:36:26 INFO:Number of morph types: 12067
2023-08-25 10:36:26 INFO:Corpus weight set to 0.4109172077922077
2023-08-25 10:36:26 INFO:Epochs: 9	Cost: 5339950.323796981
2023-08-25 11:35:34 INFO:Number of morph types: 10803
2023-08-25 11:35:34 INFO:Corpus weight set to 0.34243100649350644
2023-08-25 11:35:34 INFO:Epochs: 10	Cost: 4499987.965347796
2023-08-25 12:34:59 INFO:Number of morph types: 9685
2023-08-25 12:34:59 INFO:Corpus weight set to 0.4046911894923258
2023-08-25 12:34:59 INFO:Epochs: 11	Cost: 5258413.81730028
2023-08-25 13:34:19 INFO:Number of morph types: 10399
2023-08-25 13:34:19 INFO:Corpus weight set to 0.34687816242199354
2023-08-25 13:34:19 INFO:Epochs: 12	Cost: 4551138.211659634
2023-08-25 14:33:45 INFO:Number of morph types: 9768
2023-08-25 14:33:45 INFO:Corpus weight set to 0.40024403356383864
2023-08-25 14:33:45 INFO:Epochs: 13	Cost: 5203626.770192525
2023-08-25 15:33:04 INFO:Number of morph types: 10329
2023-08-25 15:33:04 INFO:Corpus weight set to 0.3502135293683588
2023-08-25 15:33:04 INFO:Epochs: 14	Cost: 4591515.735101744
2023-08-25 16:32:31 INFO:Number of morph types: 9830
2023-08-25 16:32:31 INFO:Corpus weight set to 0.3969086666174733
2023-08-25 16:32:31 INFO:Epochs: 15	Cost: 5162715.559884614
2023-08-25 17:31:54 INFO:Number of morph types: 10299
2023-08-25 17:31:54 INFO:Corpus weight set to 0.35280770365997627
2023-08-25 17:31:54 INFO:Epochs: 16	Cost: 4623025.895348216
2023-08-25 18:31:20 INFO:Number of morph types: 9857
2023-08-25 18:31:20 INFO:Corpus weight set to 0.39431449232585586
2023-08-25 18:31:20 INFO:Epochs: 17	Cost: 5130823.042405673
2023-08-25 19:30:44 INFO:Number of morph types: 10269
2023-08-25 19:30:44 INFO:Corpus weight set to 0.35488304309327023
2023-08-25 19:30:44 INFO:Epochs: 18	Cost: 4648259.355131905
2023-08-25 20:30:12 INFO:Number of morph types: 9897
2023-08-25 20:30:12 INFO:Corpus weight set to 0.3922391528925618
2023-08-25 20:30:12 INFO:Epochs: 19	Cost: 5105182.862184172
2023-08-25 21:29:39 INFO:Number of morph types: 10244
2023-08-25 21:29:39 INFO:Corpus weight set to 0.3565810480841471
2023-08-25 21:29:39 INFO:Epochs: 20	Cost: 4669537.654546842
2023-08-25 22:29:06 INFO:Number of morph types: 9915
2023-08-25 22:29:06 INFO:Epochs: 21	Cost: 4668655.485482301
2023-08-25 23:28:34 INFO:Number of morph types: 9913
2023-08-25 23:28:34 INFO:Epochs: 22	Cost: 4668672.811575893
2023-08-25 23:28:34 INFO:Done.
2023-08-25 23:28:34 INFO:Epochs: 22
2023-08-25 23:28:34 INFO:Final cost: 4668672.811575893
2023-08-25 23:28:34 INFO:Training time: 78456.295s
2023-08-25 23:28:34 INFO:Saving model to './models/tokenizers/morfessors/morf_smilesZinc_10000.bin'...
2023-08-25 23:28:37 INFO:Done.
