2023-07-13 06:11:59 INFO:Reading corpus from './datasets/pre_processed/tox21.smi'...
2023-07-13 06:11:59 INFO:Detected utf-8 encoding
2023-07-13 06:11:59 INFO:Done.
2023-07-13 06:11:59 INFO:Compounds in training data: 3079 types / 3079 tokens
2023-07-13 06:11:59 INFO:Starting batch training
2023-07-13 06:11:59 INFO:Epochs: 0	Cost: 223989.18578946654
2023-07-13 06:12:20 INFO:Number of morph types: 2158
2023-07-13 06:12:20 INFO:Corpus weight set to 3.0
2023-07-13 06:12:20 INFO:Epochs: 1	Cost: 285320.00735700654
2023-07-13 06:12:37 INFO:Number of morph types: 2367
2023-07-13 06:12:37 INFO:Corpus weight set to 6.0
2023-07-13 06:12:37 INFO:Epochs: 2	Cost: 406318.4092082267
2023-07-13 06:12:51 INFO:Number of morph types: 2794
2023-07-13 06:12:51 INFO:Corpus weight set to 10.0
2023-07-13 06:12:51 INFO:Epochs: 3	Cost: 546077.8576662131
2023-07-13 06:13:04 INFO:Number of morph types: 3178
2023-07-13 06:13:04 INFO:Corpus weight set to 15.0
2023-07-13 06:13:04 INFO:Epochs: 4	Cost: 707508.8685009591
2023-07-13 06:13:18 INFO:Number of morph types: 3236
2023-07-13 06:13:18 INFO:Corpus weight set to 21.0
2023-07-13 06:13:18 INFO:Epochs: 5	Cost: 906067.5900859192
2023-07-13 06:13:31 INFO:Number of morph types: 3234
2023-07-13 06:13:31 INFO:Corpus weight set to 28.0
2023-07-13 06:13:31 INFO:Epochs: 6	Cost: 1144007.778156889
2023-07-13 06:13:44 INFO:Number of morph types: 3234
2023-07-13 06:13:44 INFO:Corpus weight set to 36.0
2023-07-13 06:13:44 INFO:Epochs: 7	Cost: 1417299.2688290798
2023-07-13 06:13:57 INFO:Number of morph types: 3234
2023-07-13 06:13:57 INFO:Corpus weight set to 45.0
2023-07-13 06:13:57 INFO:Epochs: 8	Cost: 1724787.9286889618
2023-07-13 06:14:10 INFO:Number of morph types: 3234
2023-07-13 06:14:10 INFO:Corpus weight set to 55.00000000000001
2023-07-13 06:14:10 INFO:Epochs: 9	Cost: 2066054.738417017
2023-07-13 06:14:24 INFO:Number of morph types: 3234
2023-07-13 06:14:24 INFO:Corpus weight set to 66.0
2023-07-13 06:14:24 INFO:Epochs: 10	Cost: 2441733.048087066
2023-07-13 06:14:37 INFO:Number of morph types: 3234
2023-07-13 06:14:37 INFO:Corpus weight set to 78.0
2023-07-13 06:14:37 INFO:Epochs: 11	Cost: 2851563.9313621754
2023-07-13 06:14:50 INFO:Number of morph types: 3234
2023-07-13 06:14:50 INFO:Corpus weight set to 91.0
2023-07-13 06:14:50 INFO:Epochs: 12	Cost: 3295547.3882423523
2023-07-13 06:15:03 INFO:Number of morph types: 3234
2023-07-13 06:15:03 INFO:Corpus weight set to 104.99999999999999
2023-07-13 06:15:03 INFO:Epochs: 13	Cost: 3773683.418727593
2023-07-13 06:15:16 INFO:Number of morph types: 3234
2023-07-13 06:15:16 INFO:Corpus weight set to 119.99999999999997
2023-07-13 06:15:16 INFO:Epochs: 14	Cost: 4285972.022817899
2023-07-13 06:15:29 INFO:Number of morph types: 3234
2023-07-13 06:15:29 INFO:Corpus weight set to 135.99999999999997
2023-07-13 06:15:29 INFO:Epochs: 15	Cost: 4832413.200513263
2023-07-13 06:15:42 INFO:Number of morph types: 3234
2023-07-13 06:15:42 INFO:Corpus weight set to 152.99999999999997
2023-07-13 06:15:42 INFO:Epochs: 16	Cost: 5413006.951813683
2023-07-13 06:15:55 INFO:Number of morph types: 3234
2023-07-13 06:15:55 INFO:Corpus weight set to 170.99999999999997
2023-07-13 06:15:55 INFO:Epochs: 17	Cost: 6027753.27671917
2023-07-13 06:16:09 INFO:Number of morph types: 3234
2023-07-13 06:16:09 INFO:Corpus weight set to 189.99999999999997
2023-07-13 06:16:09 INFO:Epochs: 18	Cost: 6676652.175229717
2023-07-13 06:16:22 INFO:Number of morph types: 3234
2023-07-13 06:16:22 INFO:Corpus weight set to 209.99999999999994
2023-07-13 06:16:22 INFO:Epochs: 19	Cost: 7359703.647345333
2023-07-13 06:16:35 INFO:Number of morph types: 3234
2023-07-13 06:16:35 INFO:Corpus weight set to 230.99999999999994
2023-07-13 06:16:35 INFO:Epochs: 20	Cost: 8076907.693066007
2023-07-13 06:16:48 INFO:Number of morph types: 3234
2023-07-13 06:16:48 INFO:Corpus weight set to 252.99999999999997
2023-07-13 06:16:48 INFO:Epochs: 21	Cost: 8828264.312391747
2023-07-13 06:17:01 INFO:Number of morph types: 3234
2023-07-13 06:17:01 INFO:Corpus weight set to 275.99999999999994
2023-07-13 06:17:01 INFO:Epochs: 22	Cost: 9613773.505322544
2023-07-13 06:17:14 INFO:Number of morph types: 3234
2023-07-13 06:17:14 INFO:Corpus weight set to 299.99999999999994
2023-07-13 06:17:14 INFO:Epochs: 23	Cost: 10433435.271858409
2023-07-13 06:17:27 INFO:Number of morph types: 3234
2023-07-13 06:17:27 INFO:Corpus weight set to 324.99999999999994
2023-07-13 06:17:27 INFO:Epochs: 24	Cost: 11287249.611999337
2023-07-13 06:17:40 INFO:Number of morph types: 3234
2023-07-13 06:17:40 INFO:Corpus weight set to 350.99999999999994
2023-07-13 06:17:40 INFO:Epochs: 25	Cost: 12175216.525745325
2023-07-13 06:17:54 INFO:Number of morph types: 3234
2023-07-13 06:17:54 INFO:Corpus weight set to 377.99999999999994
2023-07-13 06:17:54 INFO:Epochs: 26	Cost: 13097336.013096372
2023-07-13 06:18:07 INFO:Number of morph types: 3234
2023-07-13 06:18:07 INFO:Corpus weight set to 405.9999999999999
2023-07-13 06:18:07 INFO:Epochs: 27	Cost: 14053608.074052487
2023-07-13 06:18:20 INFO:Number of morph types: 3234
2023-07-13 06:18:20 INFO:Corpus weight set to 434.9999999999999
2023-07-13 06:18:20 INFO:Epochs: 28	Cost: 15044032.708613662
2023-07-13 06:18:33 INFO:Number of morph types: 3234
2023-07-13 06:18:33 INFO:Corpus weight set to 464.99999999999983
2023-07-13 06:18:33 INFO:Epochs: 29	Cost: 16068609.916779896
2023-07-13 06:18:46 INFO:Number of morph types: 3234
2023-07-13 06:18:46 INFO:Corpus weight set to 495.99999999999983
2023-07-13 06:18:46 INFO:Epochs: 30	Cost: 17127339.698551193
2023-07-13 06:18:59 INFO:Number of morph types: 3234
2023-07-13 06:18:59 INFO:Corpus weight set to 527.9999999999998
2023-07-13 06:18:59 INFO:Epochs: 31	Cost: 18220222.053927556
2023-07-13 06:19:12 INFO:Number of morph types: 3234
2023-07-13 06:19:12 INFO:Corpus weight set to 560.9999999999998
2023-07-13 06:19:12 INFO:Epochs: 32	Cost: 19347256.982908987
2023-07-13 06:19:25 INFO:Number of morph types: 3234
2023-07-13 06:19:25 INFO:Corpus weight set to 594.9999999999998
2023-07-13 06:19:25 INFO:Epochs: 33	Cost: 20508444.485495474
2023-07-13 06:19:38 INFO:Number of morph types: 3234
2023-07-13 06:19:38 INFO:Corpus weight set to 629.9999999999998
2023-07-13 06:19:38 INFO:Epochs: 34	Cost: 21703784.56168703
2023-07-13 06:19:52 INFO:Number of morph types: 3234
2023-07-13 06:19:52 INFO:Corpus weight set to 665.9999999999998
2023-07-13 06:19:52 INFO:Epochs: 35	Cost: 22933277.21148364
2023-07-13 06:20:05 INFO:Number of morph types: 3234
2023-07-13 06:20:05 INFO:Corpus weight set to 702.9999999999998
2023-07-13 06:20:05 INFO:Epochs: 36	Cost: 24196922.434885316
2023-07-13 06:20:18 INFO:Number of morph types: 3234
2023-07-13 06:20:18 INFO:Corpus weight set to 740.9999999999997
2023-07-13 06:20:18 INFO:Epochs: 37	Cost: 25494720.231892053
2023-07-13 06:20:31 INFO:Number of morph types: 3234
2023-07-13 06:20:31 INFO:Corpus weight set to 779.9999999999995
2023-07-13 06:20:31 INFO:Epochs: 38	Cost: 26826670.602503847
2023-07-13 06:20:44 INFO:Number of morph types: 3234
2023-07-13 06:20:44 INFO:Corpus weight set to 819.9999999999995
2023-07-13 06:20:44 INFO:Epochs: 39	Cost: 28192773.54672071
2023-07-13 06:20:57 INFO:Number of morph types: 3234
2023-07-13 06:20:57 INFO:Corpus weight set to 860.9999999999995
2023-07-13 06:20:57 INFO:Epochs: 40	Cost: 29593029.064542633
2023-07-13 06:21:10 INFO:Number of morph types: 3234
2023-07-13 06:21:10 INFO:Corpus weight set to 902.9999999999995
2023-07-13 06:21:10 INFO:Epochs: 41	Cost: 31027437.155969623
2023-07-13 06:21:23 INFO:Number of morph types: 3234
2023-07-13 06:21:23 INFO:Corpus weight set to 945.9999999999995
2023-07-13 06:21:23 INFO:Epochs: 42	Cost: 32495997.821001675
2023-07-13 06:21:37 INFO:Number of morph types: 3234
2023-07-13 06:21:37 INFO:Corpus weight set to 989.9999999999997
2023-07-13 06:21:37 INFO:Epochs: 43	Cost: 33998711.05963879
2023-07-13 06:21:50 INFO:Number of morph types: 3234
2023-07-13 06:21:50 INFO:Corpus weight set to 1034.9999999999995
2023-07-13 06:21:50 INFO:Epochs: 44	Cost: 35535576.87188097
2023-07-13 06:22:03 INFO:Number of morph types: 3234
2023-07-13 06:22:03 INFO:Corpus weight set to 1080.9999999999995
2023-07-13 06:22:03 INFO:Epochs: 45	Cost: 37106595.257728204
2023-07-13 06:22:16 INFO:Number of morph types: 3234
2023-07-13 06:22:16 INFO:Corpus weight set to 1127.9999999999995
2023-07-13 06:22:16 INFO:Epochs: 46	Cost: 38711766.21718051
2023-07-13 06:22:29 INFO:Number of morph types: 3234
2023-07-13 06:22:29 INFO:Corpus weight set to 1175.9999999999995
2023-07-13 06:22:29 INFO:Epochs: 47	Cost: 40351089.75023788
2023-07-13 06:22:42 INFO:Number of morph types: 3234
2023-07-13 06:22:42 INFO:Corpus weight set to 1224.9999999999995
2023-07-13 06:22:42 INFO:Epochs: 48	Cost: 42024565.856900305
2023-07-13 06:22:56 INFO:Number of morph types: 3234
2023-07-13 06:22:56 INFO:Corpus weight set to 1274.9999999999995
2023-07-13 06:22:56 INFO:Epochs: 49	Cost: 43732194.537167795
2023-07-13 06:23:09 INFO:Number of morph types: 3234
2023-07-13 06:23:09 INFO:Corpus weight set to 1325.9999999999995
2023-07-13 06:23:09 INFO:Epochs: 50	Cost: 45473975.79104035
2023-07-13 06:23:22 INFO:Number of morph types: 3234
2023-07-13 06:23:22 INFO:Corpus weight set to 1377.9999999999995
2023-07-13 06:23:22 INFO:Epochs: 51	Cost: 47249909.618517965
2023-07-13 06:23:35 INFO:Number of morph types: 3234
2023-07-13 06:23:35 INFO:Corpus weight set to 1430.9999999999995
2023-07-13 06:23:35 INFO:Epochs: 52	Cost: 49059996.01960064
2023-07-13 06:23:48 INFO:Number of morph types: 3234
2023-07-13 06:23:48 INFO:Corpus weight set to 1484.9999999999995
2023-07-13 06:23:48 INFO:Epochs: 53	Cost: 50904234.99428837
2023-07-13 06:24:01 INFO:Number of morph types: 3234
2023-07-13 06:24:01 INFO:Corpus weight set to 1539.9999999999995
2023-07-13 06:24:01 INFO:Epochs: 54	Cost: 52782626.54258118
2023-07-13 06:24:15 INFO:Number of morph types: 3234
2023-07-13 06:24:15 INFO:Corpus weight set to 1595.9999999999995
2023-07-13 06:24:15 INFO:Epochs: 55	Cost: 54695170.66447905
2023-07-13 06:24:28 INFO:Number of morph types: 3234
2023-07-13 06:24:28 INFO:Corpus weight set to 1652.9999999999998
2023-07-13 06:24:28 INFO:Epochs: 56	Cost: 56641867.35998199
2023-07-13 06:24:41 INFO:Number of morph types: 3234
2023-07-13 06:24:41 INFO:Corpus weight set to 1711.0
2023-07-13 06:24:41 INFO:Epochs: 57	Cost: 58622716.62908999
2023-07-13 06:24:54 INFO:Number of morph types: 3234
2023-07-13 06:24:54 INFO:Corpus weight set to 1770.0000000000002
2023-07-13 06:24:54 INFO:Epochs: 58	Cost: 60637718.471803054
2023-07-13 06:25:07 INFO:Number of morph types: 3234
2023-07-13 06:25:07 INFO:Corpus weight set to 1830.0
2023-07-13 06:25:07 INFO:Epochs: 59	Cost: 62686872.88812116
2023-07-13 06:25:20 INFO:Number of morph types: 3234
2023-07-13 06:25:20 INFO:Corpus weight set to 1891.0000000000002
2023-07-13 06:25:20 INFO:Epochs: 60	Cost: 64770179.878044344
2023-07-13 06:25:33 INFO:Number of morph types: 3234
2023-07-13 06:25:33 INFO:Corpus weight set to 1953.0000000000002
2023-07-13 06:25:33 INFO:Epochs: 61	Cost: 66887639.441572584
2023-07-13 06:25:46 INFO:Number of morph types: 3234
2023-07-13 06:25:46 INFO:Corpus weight set to 2016.0000000000002
2023-07-13 06:25:46 INFO:Epochs: 62	Cost: 69039251.57870588
2023-07-13 06:26:00 INFO:Number of morph types: 3234
2023-07-13 06:26:00 INFO:Corpus weight set to 2080.0
2023-07-13 06:26:00 INFO:Epochs: 63	Cost: 71225016.28944424
2023-07-13 06:26:13 INFO:Number of morph types: 3234
2023-07-13 06:26:13 INFO:Corpus weight set to 2145.0
2023-07-13 06:26:13 INFO:Epochs: 64	Cost: 73444933.57378767
2023-07-13 06:26:26 INFO:Number of morph types: 3234
2023-07-13 06:26:26 INFO:Corpus weight set to 2210.9999999999995
2023-07-13 06:26:26 INFO:Epochs: 65	Cost: 75699003.43173616
2023-07-13 06:26:39 INFO:Number of morph types: 3234
2023-07-13 06:26:39 INFO:Corpus weight set to 2277.9999999999995
2023-07-13 06:26:39 INFO:Epochs: 66	Cost: 77987225.86328971
2023-07-13 06:26:52 INFO:Number of morph types: 3234
2023-07-13 06:26:52 INFO:Corpus weight set to 2345.9999999999995
2023-07-13 06:26:52 INFO:Epochs: 67	Cost: 80309600.86844833
2023-07-13 06:27:05 INFO:Number of morph types: 3234
2023-07-13 06:27:05 INFO:Corpus weight set to 2414.999999999999
2023-07-13 06:27:05 INFO:Epochs: 68	Cost: 82666128.447212
2023-07-13 06:27:18 INFO:Number of morph types: 3234
2023-07-13 06:27:18 INFO:Corpus weight set to 2484.9999999999986
2023-07-13 06:27:18 INFO:Epochs: 69	Cost: 85056808.59958072
2023-07-13 06:27:32 INFO:Number of morph types: 3234
2023-07-13 06:27:32 INFO:Corpus weight set to 2555.999999999998
2023-07-13 06:27:32 INFO:Epochs: 70	Cost: 87481641.3255545
2023-07-13 06:27:45 INFO:Number of morph types: 3234
2023-07-13 06:27:45 INFO:Corpus weight set to 2627.999999999998
2023-07-13 06:27:45 INFO:Epochs: 71	Cost: 89940626.62513337
2023-07-13 06:27:58 INFO:Number of morph types: 3234
2023-07-13 06:27:58 INFO:Corpus weight set to 2700.9999999999977
2023-07-13 06:27:58 INFO:Epochs: 72	Cost: 92433764.49831729
2023-07-13 06:28:11 INFO:Number of morph types: 3234
2023-07-13 06:28:11 INFO:Corpus weight set to 2774.999999999998
2023-07-13 06:28:11 INFO:Epochs: 73	Cost: 94961054.9451063
2023-07-13 06:28:24 INFO:Number of morph types: 3234
2023-07-13 06:28:24 INFO:Corpus weight set to 2849.999999999998
2023-07-13 06:28:24 INFO:Epochs: 74	Cost: 97522497.96550035
2023-07-13 06:28:37 INFO:Number of morph types: 3234
2023-07-13 06:28:37 INFO:Corpus weight set to 2925.999999999998
2023-07-13 06:28:37 INFO:Epochs: 75	Cost: 100118093.55949946
2023-07-13 06:28:50 INFO:Number of morph types: 3234
2023-07-13 06:28:50 INFO:Corpus weight set to 3002.999999999998
2023-07-13 06:28:50 INFO:Epochs: 76	Cost: 102747841.72710365
2023-07-13 06:29:03 INFO:Number of morph types: 3234
2023-07-13 06:29:03 INFO:Corpus weight set to 3080.999999999998
2023-07-13 06:29:03 INFO:Epochs: 77	Cost: 105411742.46831289
2023-07-13 06:29:17 INFO:Number of morph types: 3234
2023-07-13 06:29:17 INFO:Corpus weight set to 3159.9999999999977
2023-07-13 06:29:17 INFO:Epochs: 78	Cost: 108109795.78312719
2023-07-13 06:29:30 INFO:Number of morph types: 3234
2023-07-13 06:29:30 INFO:Corpus weight set to 3239.9999999999973
2023-07-13 06:29:30 INFO:Epochs: 79	Cost: 110842001.67154653
2023-07-13 06:29:43 INFO:Number of morph types: 3234
2023-07-13 06:29:43 INFO:Corpus weight set to 3320.999999999997
2023-07-13 06:29:43 INFO:Epochs: 80	Cost: 113608360.13357095
2023-07-13 06:29:56 INFO:Number of morph types: 3234
2023-07-13 06:29:56 INFO:Corpus weight set to 3402.9999999999973
2023-07-13 06:29:56 INFO:Epochs: 81	Cost: 116408871.16920045
2023-07-13 06:30:09 INFO:Number of morph types: 3234
2023-07-13 06:30:09 INFO:Corpus weight set to 3485.9999999999973
2023-07-13 06:30:09 INFO:Epochs: 82	Cost: 119243534.778435
2023-07-13 06:30:22 INFO:Number of morph types: 3234
2023-07-13 06:30:22 INFO:Corpus weight set to 3569.9999999999973
2023-07-13 06:30:22 INFO:Epochs: 83	Cost: 122112350.96127462
2023-07-13 06:30:35 INFO:Number of morph types: 3234
2023-07-13 06:30:35 INFO:Corpus weight set to 3654.999999999997
2023-07-13 06:30:35 INFO:Epochs: 84	Cost: 125015319.71771929
2023-07-13 06:30:48 INFO:Number of morph types: 3234
2023-07-13 06:30:48 INFO:Corpus weight set to 3740.9999999999964
2023-07-13 06:30:48 INFO:Epochs: 85	Cost: 127952441.04776901
2023-07-13 06:31:02 INFO:Number of morph types: 3234
2023-07-13 06:31:02 INFO:Corpus weight set to 3827.9999999999964
2023-07-13 06:31:02 INFO:Epochs: 86	Cost: 130923714.95142382
2023-07-13 06:31:15 INFO:Number of morph types: 3234
2023-07-13 06:31:15 INFO:Corpus weight set to 3915.9999999999964
2023-07-13 06:31:15 INFO:Epochs: 87	Cost: 133929141.42868368
2023-07-13 06:31:28 INFO:Number of morph types: 3234
2023-07-13 06:31:28 INFO:Corpus weight set to 4004.9999999999964
2023-07-13 06:31:28 INFO:Epochs: 88	Cost: 136968720.47954863
2023-07-13 06:31:41 INFO:Number of morph types: 3234
2023-07-13 06:31:41 INFO:Corpus weight set to 4094.9999999999964
2023-07-13 06:31:41 INFO:Epochs: 89	Cost: 140042452.1040186
2023-07-13 06:31:54 INFO:Number of morph types: 3234
2023-07-13 06:31:54 INFO:Corpus weight set to 4185.999999999996
2023-07-13 06:31:54 INFO:Epochs: 90	Cost: 143150336.30209365
2023-07-13 06:32:07 INFO:Number of morph types: 3234
2023-07-13 06:32:07 INFO:Corpus weight set to 4277.999999999996
2023-07-13 06:32:07 INFO:Epochs: 91	Cost: 146292373.07377377
2023-07-13 06:32:20 INFO:Number of morph types: 3234
2023-07-13 06:32:20 INFO:Corpus weight set to 4370.999999999996
2023-07-13 06:32:20 INFO:Epochs: 92	Cost: 149468562.41905895
2023-07-13 06:32:33 INFO:Number of morph types: 3234
2023-07-13 06:32:33 INFO:Corpus weight set to 4464.999999999996
2023-07-13 06:32:33 INFO:Epochs: 93	Cost: 152678904.33794922
2023-07-13 06:32:47 INFO:Number of morph types: 3234
2023-07-13 06:32:47 INFO:Corpus weight set to 4559.999999999996
2023-07-13 06:32:47 INFO:Epochs: 94	Cost: 155923398.8304445
2023-07-13 06:33:00 INFO:Number of morph types: 3234
2023-07-13 06:33:00 INFO:Corpus weight set to 4655.999999999996
2023-07-13 06:33:00 INFO:Epochs: 95	Cost: 159202045.89654487
2023-07-13 06:33:13 INFO:Number of morph types: 3234
2023-07-13 06:33:13 INFO:Corpus weight set to 4752.999999999996
2023-07-13 06:33:13 INFO:Epochs: 96	Cost: 162514845.53625032
2023-07-13 06:33:26 INFO:Number of morph types: 3234
2023-07-13 06:33:26 INFO:Corpus weight set to 4850.999999999996
2023-07-13 06:33:26 INFO:Epochs: 97	Cost: 165861797.7495608
2023-07-13 06:33:39 INFO:Number of morph types: 3234
2023-07-13 06:33:39 INFO:Corpus weight set to 4949.999999999996
2023-07-13 06:33:39 INFO:Epochs: 98	Cost: 169242902.53647634
2023-07-13 06:33:52 INFO:Number of morph types: 3234
2023-07-13 06:33:52 INFO:Corpus weight set to 5049.999999999995
2023-07-13 06:33:52 INFO:Epochs: 99	Cost: 172658159.89699695
2023-07-13 06:34:06 INFO:Number of morph types: 3234
2023-07-13 06:34:06 INFO:Corpus weight set to 5150.999999999995
2023-07-13 06:34:06 INFO:Epochs: 100	Cost: 176107569.8311226
2023-07-13 06:34:06 INFO:Max number of epochs reached, stop training
2023-07-13 06:34:06 INFO:Done.
2023-07-13 06:34:06 INFO:Epochs: 100
2023-07-13 06:34:06 INFO:Final cost: 176107569.8311226
2023-07-13 06:34:06 INFO:Training time: 1326.485s
2023-07-13 06:34:06 INFO:Saving model to './models/tokenizers/morfessors/morf_tox21_20000.bin'...
2023-07-13 06:34:06 INFO:Done.
