2023-08-20 11:43:38 INFO:Reading corpus from './datasets/pre_processed/smilesZinc.smi'...
2023-08-20 11:43:39 INFO:Detected utf-8 encoding
2023-08-20 11:43:41 INFO:Done.
2023-08-20 11:44:00 INFO:Compounds in training data: 249455 types / 249455 tokens
2023-08-20 11:44:00 INFO:Starting batch training
2023-08-20 11:44:00 INFO:Epochs: 0	Cost: 30450475.272234492
2023-08-20 12:41:27 INFO:Number of morph types: 70635
2023-08-20 12:41:27 INFO:Corpus weight set to 0.3333333333333333
2023-08-20 12:41:27 INFO:Epochs: 1	Cost: 7679319.739270416
2023-08-20 13:41:16 INFO:Number of morph types: 10342
2023-08-20 13:41:16 INFO:Corpus weight set to 0.16666666666666666
2023-08-20 13:41:16 INFO:Epochs: 2	Cost: 2368461.3060875274
2023-08-20 14:43:07 INFO:Number of morph types: 5447
2023-08-20 14:43:07 INFO:Corpus weight set to 0.1
2023-08-20 14:43:07 INFO:Epochs: 3	Cost: 1437706.9328503464
2023-08-20 15:46:18 INFO:Number of morph types: 3606
2023-08-20 15:46:18 INFO:Corpus weight set to 0.06666666666666667
2023-08-20 15:46:18 INFO:Epochs: 4	Cost: 977063.6853563265
2023-08-20 16:50:50 INFO:Number of morph types: 2612
2023-08-20 16:50:50 INFO:Corpus weight set to 0.047619047619047616
2023-08-20 16:50:50 INFO:Epochs: 5	Cost: 710045.2217225252
2023-08-20 17:56:08 INFO:Number of morph types: 2024
2023-08-20 17:56:08 INFO:Corpus weight set to 0.03571428571428571
2023-08-20 17:56:08 INFO:Epochs: 6	Cost: 541369.1258853949
2023-08-20 19:03:19 INFO:Number of morph types: 1576
2023-08-20 19:03:19 INFO:Corpus weight set to 0.02777777777777778
2023-08-20 19:03:19 INFO:Epochs: 7	Cost: 426798.34586086747
2023-08-20 20:11:31 INFO:Number of morph types: 1312
2023-08-20 20:11:31 INFO:Corpus weight set to 0.022222222222222227
2023-08-20 20:11:31 INFO:Epochs: 8	Cost: 346202.4558515282
2023-08-20 21:20:15 INFO:Number of morph types: 1131
2023-08-20 21:20:15 INFO:Corpus weight set to 0.018181818181818184
2023-08-20 21:20:15 INFO:Epochs: 9	Cost: 287314.64166535606
2023-08-20 22:29:21 INFO:Number of morph types: 973
2023-08-20 22:29:21 INFO:Corpus weight set to 0.015151515151515154
2023-08-20 22:29:21 INFO:Epochs: 10	Cost: 242617.3467914767
2023-08-20 23:39:09 INFO:Number of morph types: 864
2023-08-20 23:39:09 INFO:Corpus weight set to 0.012820512820512822
2023-08-20 23:39:09 INFO:Epochs: 11	Cost: 207895.672548618
2023-08-21 00:49:33 INFO:Number of morph types: 749
2023-08-21 00:49:33 INFO:Corpus weight set to 0.01098901098901099
2023-08-21 00:49:33 INFO:Epochs: 12	Cost: 180333.99075343114
2023-08-21 02:00:29 INFO:Number of morph types: 690
2023-08-21 02:00:29 INFO:Corpus weight set to 0.009523809523809525
2023-08-21 02:00:29 INFO:Epochs: 13	Cost: 158215.70049992314
2023-08-21 03:12:01 INFO:Number of morph types: 612
2023-08-21 03:12:01 INFO:Corpus weight set to 0.008333333333333335
2023-08-21 03:12:01 INFO:Epochs: 14	Cost: 139836.87842540405
2023-08-21 04:23:57 INFO:Number of morph types: 569
2023-08-21 04:23:57 INFO:Corpus weight set to 0.00735294117647059
2023-08-21 04:23:57 INFO:Epochs: 15	Cost: 124712.76269187593
2023-08-21 05:36:09 INFO:Number of morph types: 513
2023-08-21 05:36:09 INFO:Corpus weight set to 0.006535947712418302
2023-08-21 05:36:09 INFO:Epochs: 16	Cost: 111946.24874311218
2023-08-21 06:48:39 INFO:Number of morph types: 485
2023-08-21 06:48:39 INFO:Corpus weight set to 0.00584795321637427
2023-08-21 06:48:39 INFO:Epochs: 17	Cost: 101234.40641153618
2023-08-21 08:01:36 INFO:Number of morph types: 455
2023-08-21 08:01:36 INFO:Corpus weight set to 0.005263157894736843
2023-08-21 08:01:36 INFO:Epochs: 18	Cost: 92062.05115784607
2023-08-21 09:14:59 INFO:Number of morph types: 421
2023-08-21 09:14:59 INFO:Corpus weight set to 0.004761904761904763
2023-08-21 09:14:59 INFO:Epochs: 19	Cost: 84071.14465469171
2023-08-21 10:28:27 INFO:Number of morph types: 401
2023-08-21 10:28:27 INFO:Corpus weight set to 0.00432900432900433
2023-08-21 10:28:27 INFO:Epochs: 20	Cost: 77181.99408201208
2023-08-21 11:42:26 INFO:Number of morph types: 373
2023-08-21 11:42:26 INFO:Corpus weight set to 0.003952569169960475
2023-08-21 11:42:26 INFO:Epochs: 21	Cost: 71168.41542014276
2023-08-21 12:56:37 INFO:Number of morph types: 356
2023-08-21 12:56:37 INFO:Corpus weight set to 0.0036231884057971024
2023-08-21 12:56:37 INFO:Epochs: 22	Cost: 65907.65031534444
2023-08-21 14:11:23 INFO:Number of morph types: 333
2023-08-21 14:11:23 INFO:Corpus weight set to 0.0033333333333333344
2023-08-21 14:11:23 INFO:Epochs: 23	Cost: 61162.82022067726
2023-08-21 15:26:21 INFO:Number of morph types: 318
2023-08-21 15:26:21 INFO:Corpus weight set to 0.0030769230769230782
2023-08-21 15:26:21 INFO:Epochs: 24	Cost: 56983.17051655387
2023-08-21 16:41:15 INFO:Number of morph types: 305
2023-08-21 16:41:15 INFO:Corpus weight set to 0.00284900284900285
2023-08-21 16:41:15 INFO:Epochs: 25	Cost: 53245.818742740346
2023-08-21 17:57:06 INFO:Number of morph types: 278
2023-08-21 17:57:06 INFO:Corpus weight set to 0.0026455026455026467
2023-08-21 17:57:06 INFO:Epochs: 26	Cost: 49876.04123219234
2023-08-21 19:13:02 INFO:Number of morph types: 269
2023-08-21 19:13:02 INFO:Corpus weight set to 0.0024630541871921196
2023-08-21 19:13:02 INFO:Epochs: 27	Cost: 46876.08428246244
2023-08-21 20:29:28 INFO:Number of morph types: 258
2023-08-21 20:29:28 INFO:Corpus weight set to 0.002298850574712645
2023-08-21 20:29:28 INFO:Epochs: 28	Cost: 44138.061258114525
2023-08-21 21:46:49 INFO:Number of morph types: 246
2023-08-21 21:46:49 INFO:Corpus weight set to 0.0021505376344086034
2023-08-21 21:46:49 INFO:Epochs: 29	Cost: 41658.48693285172
2023-08-21 23:08:58 INFO:Number of morph types: 239
2023-08-21 23:08:58 INFO:Corpus weight set to 0.0020161290322580658
2023-08-21 23:08:58 INFO:Epochs: 30	Cost: 39411.252486011224
2023-08-22 00:44:46 INFO:Number of morph types: 231
2023-08-22 00:44:46 INFO:Corpus weight set to 0.0018939393939393953
2023-08-22 00:44:46 INFO:Epochs: 31	Cost: 37332.75027491711
2023-08-22 02:03:05 INFO:Number of morph types: 222
2023-08-22 02:03:05 INFO:Corpus weight set to 0.0017825311942959014
2023-08-22 02:03:05 INFO:Epochs: 32	Cost: 35427.21487838816
2023-08-22 03:21:22 INFO:Number of morph types: 217
2023-08-22 03:21:22 INFO:Corpus weight set to 0.0016806722689075642
2023-08-22 03:21:22 INFO:Epochs: 33	Cost: 33682.92906180012
2023-08-22 04:39:52 INFO:Number of morph types: 209
2023-08-22 04:39:52 INFO:Corpus weight set to 0.0015873015873015884
2023-08-22 04:39:52 INFO:Epochs: 34	Cost: 32088.58359679723
2023-08-22 05:58:18 INFO:Number of morph types: 205
2023-08-22 05:58:18 INFO:Corpus weight set to 0.0015015015015015026
2023-08-22 05:58:18 INFO:Epochs: 35	Cost: 30620.017628203364
2023-08-22 07:17:16 INFO:Number of morph types: 195
2023-08-22 07:17:16 INFO:Corpus weight set to 0.0015849182515849194
2023-08-22 07:17:16 INFO:Epochs: 36	Cost: 32012.730499954825
2023-08-22 08:36:01 INFO:Number of morph types: 195
2023-08-22 08:36:01 INFO:Corpus weight set to 0.0016705895084273472
2023-08-22 08:36:01 INFO:Epochs: 37	Cost: 33472.49376608155
2023-08-22 09:55:18 INFO:Number of morph types: 196
2023-08-22 09:55:18 INFO:Corpus weight set to 0.0017585152720287864
2023-08-22 09:55:18 INFO:Epochs: 38	Cost: 34969.99898153592
2023-08-22 11:14:22 INFO:Number of morph types: 198
2023-08-22 11:14:22 INFO:Epochs: 39	Cost: 34980.797940132834
2023-08-22 12:34:44 INFO:Number of morph types: 198
2023-08-22 12:34:44 INFO:Epochs: 40	Cost: 34980.790606070885
2023-08-22 12:34:44 INFO:Done.
2023-08-22 12:34:44 INFO:Epochs: 40
2023-08-22 12:34:44 INFO:Final cost: 34980.790606070885
2023-08-22 12:34:44 INFO:Training time: 175866.424s
2023-08-22 12:34:44 INFO:Saving model to './models/tokenizers/morfessors/morf_smilesZinc_200.bin'...
2023-08-22 12:34:47 INFO:Done.
