2023-07-04 02:41:16 INFO:Reading corpus from '../datasets/tox21.smi'...
2023-07-04 02:41:16 INFO:Detected utf-8 encoding
2023-07-04 02:41:16 INFO:Done.
2023-07-04 02:41:16 INFO:Compounds in training data: 7831 types / 7831 tokens
2023-07-04 02:41:16 INFO:Starting batch training
2023-07-04 02:41:16 INFO:Epochs: 0	Cost: 767836.8069382878
2023-07-04 02:42:12 INFO:Number of morph types: 5486
2023-07-04 02:42:12 INFO:Corpus weight set to 0.3333333333333333
2023-07-04 02:42:12 INFO:Epochs: 1	Cost: 480062.1519348634
2023-07-04 02:45:19 INFO:Number of morph types: 855
2023-07-04 02:45:19 INFO:Corpus weight set to 0.6666666666666666
2023-07-04 02:45:19 INFO:Epochs: 2	Cost: 304529.24604830606
2023-07-04 02:47:53 INFO:Number of morph types: 1505
2023-07-04 02:47:53 INFO:Epochs: 3	Cost: 291596.2737184107
2023-07-04 02:50:32 INFO:Number of morph types: 1535
2023-07-04 02:50:32 INFO:Corpus weight set to 0.4444444444444444
2023-07-04 02:50:32 INFO:Epochs: 4	Cost: 209531.26250914828
2023-07-04 02:53:13 INFO:Number of morph types: 1060
2023-07-04 02:53:13 INFO:Corpus weight set to 0.6222222222222221
2023-07-04 02:53:13 INFO:Epochs: 5	Cost: 270411.5870083913
2023-07-04 02:55:43 INFO:Number of morph types: 1404
2023-07-04 02:55:43 INFO:Corpus weight set to 0.8296296296296295
2023-07-04 02:55:43 INFO:Epochs: 6	Cost: 347714.03654405306
2023-07-04 02:57:47 INFO:Number of morph types: 1989
2023-07-04 02:57:47 INFO:Corpus weight set to 0.6452674897119342
2023-07-04 02:57:47 INFO:Epochs: 7	Cost: 294940.7144182879
2023-07-04 03:00:00 INFO:Number of morph types: 1520
2023-07-04 03:00:00 INFO:Corpus weight set to 0.5162139917695473
2023-07-04 03:00:00 INFO:Epochs: 8	Cost: 232961.01311244725
2023-07-04 03:02:06 INFO:Number of morph types: 1234
2023-07-04 03:02:06 INFO:Corpus weight set to 0.63092821216278
2023-07-04 03:02:06 INFO:Epochs: 9	Cost: 271879.1616563157
2023-07-04 03:04:11 INFO:Number of morph types: 1428
2023-07-04 03:04:11 INFO:Corpus weight set to 0.7571138545953361
2023-07-04 03:04:11 INFO:Epochs: 10	Cost: 318775.35786552547
2023-07-04 03:06:30 INFO:Number of morph types: 1687
2023-07-04 03:06:30 INFO:Corpus weight set to 0.6406348000422074
2023-07-04 03:06:30 INFO:Epochs: 11	Cost: 281821.0966404452
2023-07-04 03:08:48 INFO:Number of morph types: 1466
2023-07-04 03:08:48 INFO:Corpus weight set to 0.7474072667159087
2023-07-04 03:08:48 INFO:Epochs: 12	Cost: 314484.70240213745
2023-07-04 03:11:17 INFO:Number of morph types: 1667
2023-07-04 03:11:17 INFO:Corpus weight set to 0.6477529644871209
2023-07-04 03:11:17 INFO:Epochs: 13	Cost: 283975.1896951471
2023-07-04 03:14:27 INFO:Number of morph types: 1491
2023-07-04 03:14:27 INFO:Epochs: 14	Cost: 278879.8706856268
2023-07-04 03:17:55 INFO:Number of morph types: 1483
2023-07-04 03:17:55 INFO:Corpus weight set to 0.7341200264187371
2023-07-04 03:17:55 INFO:Epochs: 15	Cost: 309468.53460567194
2023-07-04 03:22:31 INFO:Number of morph types: 1632
2023-07-04 03:22:31 INFO:Corpus weight set to 0.6525511345944329
2023-07-04 03:22:31 INFO:Epochs: 16	Cost: 283166.73536354426
2023-07-04 03:27:19 INFO:Number of morph types: 1508
2023-07-04 03:27:19 INFO:Epochs: 17	Cost: 280015.61474363715
2023-07-04 03:31:35 INFO:Number of morph types: 1504
2023-07-04 03:31:35 INFO:Epochs: 18	Cost: 279979.10664016404
2023-07-04 03:31:35 INFO:Done.
2023-07-04 03:31:35 INFO:Epochs: 18
2023-07-04 03:31:35 INFO:Final cost: 279979.10664016404
2023-07-04 03:31:35 INFO:Training time: 3019.139s
2023-07-04 03:31:35 INFO:Saving model to '../models/tokenizers/morf_tox21_1500.bin'...
2023-07-04 03:31:36 INFO:Done.
