2023-07-04 03:31:36 INFO:Reading corpus from '../datasets/pre_processed/clintox.smi'...
2023-07-04 03:31:36 INFO:Detected utf-8 encoding
2023-07-04 03:31:36 INFO:Done.
2023-07-04 03:31:36 INFO:Compounds in training data: 1476 types / 1476 tokens
2023-07-04 03:31:36 INFO:Starting batch training
2023-07-04 03:31:36 INFO:Epochs: 0	Cost: 245851.29798636414
2023-07-04 03:32:06 INFO:Number of morph types: 1666
2023-07-04 03:32:06 INFO:Corpus weight set to 3.0
2023-07-04 03:32:06 INFO:Epochs: 1	Cost: 277534.66767957795
2023-07-04 03:32:33 INFO:Number of morph types: 1664
2023-07-04 03:32:33 INFO:Corpus weight set to 6.0
2023-07-04 03:32:33 INFO:Epochs: 2	Cost: 337505.2951203462
2023-07-04 03:32:54 INFO:Number of morph types: 1679
2023-07-04 03:32:54 INFO:Corpus weight set to 10.0
2023-07-04 03:32:54 INFO:Epochs: 3	Cost: 411795.42871431075
2023-07-04 03:33:16 INFO:Number of morph types: 1694
2023-07-04 03:33:16 INFO:Corpus weight set to 15.0
2023-07-04 03:33:16 INFO:Epochs: 4	Cost: 504439.55918748275
2023-07-04 03:33:36 INFO:Number of morph types: 1695
2023-07-04 03:33:36 INFO:Corpus weight set to 21.0
2023-07-04 03:33:36 INFO:Epochs: 5	Cost: 616284.2194581671
2023-07-04 03:33:57 INFO:Number of morph types: 1698
2023-07-04 03:33:57 INFO:Corpus weight set to 28.0
2023-07-04 03:33:57 INFO:Epochs: 6	Cost: 746850.8062255412
2023-07-04 03:34:17 INFO:Number of morph types: 1701
2023-07-04 03:34:17 INFO:Corpus weight set to 36.0
2023-07-04 03:34:17 INFO:Epochs: 7	Cost: 895702.9272241122
2023-07-04 03:34:39 INFO:Number of morph types: 1703
2023-07-04 03:34:39 INFO:Corpus weight set to 45.0
2023-07-04 03:34:39 INFO:Epochs: 8	Cost: 1063127.0561864795
2023-07-04 03:34:59 INFO:Number of morph types: 1703
2023-07-04 03:34:59 INFO:Corpus weight set to 55.00000000000001
2023-07-04 03:34:59 INFO:Epochs: 9	Cost: 1249505.6523698978
2023-07-04 03:35:20 INFO:Number of morph types: 1703
2023-07-04 03:35:20 INFO:Corpus weight set to 66.0
2023-07-04 03:35:20 INFO:Epochs: 10	Cost: 1454428.5747592717
2023-07-04 03:35:40 INFO:Number of morph types: 1703
2023-07-04 03:35:40 INFO:Corpus weight set to 78.0
2023-07-04 03:35:40 INFO:Epochs: 11	Cost: 1677987.519254906
2023-07-04 03:36:01 INFO:Number of morph types: 1703
2023-07-04 03:36:01 INFO:Corpus weight set to 91.0
2023-07-04 03:36:01 INFO:Epochs: 12	Cost: 1920176.3757921036
2023-07-04 03:36:23 INFO:Number of morph types: 1703
2023-07-04 03:36:23 INFO:Corpus weight set to 104.99999999999999
2023-07-04 03:36:23 INFO:Epochs: 13	Cost: 2180995.1443708637
2023-07-04 03:36:46 INFO:Number of morph types: 1703
2023-07-04 03:36:46 INFO:Corpus weight set to 119.99999999999997
2023-07-04 03:36:46 INFO:Epochs: 14	Cost: 2460443.824991187
2023-07-04 03:37:06 INFO:Number of morph types: 1703
2023-07-04 03:37:06 INFO:Corpus weight set to 135.99999999999997
2023-07-04 03:37:06 INFO:Epochs: 15	Cost: 2758522.417653074
2023-07-04 03:37:27 INFO:Number of morph types: 1703
2023-07-04 03:37:27 INFO:Corpus weight set to 152.99999999999997
2023-07-04 03:37:27 INFO:Epochs: 16	Cost: 3075230.922356523
2023-07-04 03:37:48 INFO:Number of morph types: 1703
2023-07-04 03:37:48 INFO:Corpus weight set to 170.99999999999997
2023-07-04 03:37:48 INFO:Epochs: 17	Cost: 3410569.3391015357
2023-07-04 03:38:08 INFO:Number of morph types: 1703
2023-07-04 03:38:08 INFO:Corpus weight set to 189.99999999999997
2023-07-04 03:38:08 INFO:Epochs: 18	Cost: 3764537.6678881114
2023-07-04 03:38:29 INFO:Number of morph types: 1703
2023-07-04 03:38:29 INFO:Corpus weight set to 209.99999999999994
2023-07-04 03:38:29 INFO:Epochs: 19	Cost: 4137135.9087162483
2023-07-04 03:38:49 INFO:Number of morph types: 1703
2023-07-04 03:38:49 INFO:Corpus weight set to 230.99999999999994
2023-07-04 03:38:49 INFO:Epochs: 20	Cost: 4528364.061585951
2023-07-04 03:39:11 INFO:Number of morph types: 1703
2023-07-04 03:39:11 INFO:Corpus weight set to 252.99999999999997
2023-07-04 03:39:11 INFO:Epochs: 21	Cost: 4938222.1264972165
2023-07-04 03:39:31 INFO:Number of morph types: 1703
2023-07-04 03:39:31 INFO:Corpus weight set to 275.99999999999994
2023-07-04 03:39:31 INFO:Epochs: 22	Cost: 5366710.103450045
2023-07-04 03:39:52 INFO:Number of morph types: 1703
2023-07-04 03:39:52 INFO:Corpus weight set to 299.99999999999994
2023-07-04 03:39:52 INFO:Epochs: 23	Cost: 5813827.992444436
2023-07-04 03:40:13 INFO:Number of morph types: 1703
2023-07-04 03:40:13 INFO:Corpus weight set to 324.99999999999994
2023-07-04 03:40:13 INFO:Epochs: 24	Cost: 6279575.793480393
2023-07-04 03:40:33 INFO:Number of morph types: 1703
2023-07-04 03:40:33 INFO:Corpus weight set to 350.99999999999994
2023-07-04 03:40:33 INFO:Epochs: 25	Cost: 6763953.506557912
2023-07-04 03:40:53 INFO:Number of morph types: 1703
2023-07-04 03:40:53 INFO:Corpus weight set to 377.99999999999994
2023-07-04 03:40:53 INFO:Epochs: 26	Cost: 7266961.131676995
2023-07-04 03:41:12 INFO:Number of morph types: 1703
2023-07-04 03:41:12 INFO:Corpus weight set to 405.9999999999999
2023-07-04 03:41:12 INFO:Epochs: 27	Cost: 7788598.6688376395
2023-07-04 03:41:34 INFO:Number of morph types: 1703
2023-07-04 03:41:34 INFO:Corpus weight set to 434.9999999999999
2023-07-04 03:41:34 INFO:Epochs: 28	Cost: 8328866.118039847
2023-07-04 03:41:53 INFO:Number of morph types: 1703
2023-07-04 03:41:53 INFO:Corpus weight set to 464.99999999999983
2023-07-04 03:41:53 INFO:Epochs: 29	Cost: 8887763.479283618
2023-07-04 03:42:14 INFO:Number of morph types: 1703
2023-07-04 03:42:14 INFO:Corpus weight set to 495.99999999999983
2023-07-04 03:42:14 INFO:Epochs: 30	Cost: 9465290.752568955
2023-07-04 03:42:35 INFO:Number of morph types: 1703
2023-07-04 03:42:35 INFO:Corpus weight set to 527.9999999999998
2023-07-04 03:42:35 INFO:Epochs: 31	Cost: 10061447.937895855
2023-07-04 03:42:57 INFO:Number of morph types: 1703
2023-07-04 03:42:57 INFO:Corpus weight set to 560.9999999999998
2023-07-04 03:42:57 INFO:Epochs: 32	Cost: 10676235.03526432
2023-07-04 03:43:20 INFO:Number of morph types: 1703
2023-07-04 03:43:20 INFO:Corpus weight set to 594.9999999999998
2023-07-04 03:43:20 INFO:Epochs: 33	Cost: 11309652.04467435
2023-07-04 03:43:42 INFO:Number of morph types: 1703
2023-07-04 03:43:42 INFO:Corpus weight set to 629.9999999999998
2023-07-04 03:43:42 INFO:Epochs: 34	Cost: 11961698.966125943
2023-07-04 03:44:03 INFO:Number of morph types: 1703
2023-07-04 03:44:03 INFO:Corpus weight set to 665.9999999999998
2023-07-04 03:44:03 INFO:Epochs: 35	Cost: 12632375.799619103
2023-07-04 03:44:25 INFO:Number of morph types: 1703
2023-07-04 03:44:25 INFO:Corpus weight set to 702.9999999999998
2023-07-04 03:44:25 INFO:Epochs: 36	Cost: 13321682.54515382
2023-07-04 03:44:46 INFO:Number of morph types: 1703
2023-07-04 03:44:46 INFO:Corpus weight set to 740.9999999999997
2023-07-04 03:44:46 INFO:Epochs: 37	Cost: 14029619.202730108
2023-07-04 03:45:09 INFO:Number of morph types: 1703
2023-07-04 03:45:09 INFO:Corpus weight set to 779.9999999999995
2023-07-04 03:45:09 INFO:Epochs: 38	Cost: 14756185.772347957
2023-07-04 03:45:32 INFO:Number of morph types: 1703
2023-07-04 03:45:32 INFO:Corpus weight set to 819.9999999999995
2023-07-04 03:45:32 INFO:Epochs: 39	Cost: 15501382.25400737
2023-07-04 03:45:52 INFO:Number of morph types: 1703
2023-07-04 03:45:52 INFO:Corpus weight set to 860.9999999999995
2023-07-04 03:45:52 INFO:Epochs: 40	Cost: 16265208.64770835
2023-07-04 03:46:18 INFO:Number of morph types: 1703
2023-07-04 03:46:18 INFO:Corpus weight set to 902.9999999999995
2023-07-04 03:46:18 INFO:Epochs: 41	Cost: 17047664.953450892
2023-07-04 03:46:47 INFO:Number of morph types: 1703
2023-07-04 03:46:47 INFO:Corpus weight set to 945.9999999999995
2023-07-04 03:46:47 INFO:Epochs: 42	Cost: 17848751.171235003
2023-07-04 03:47:12 INFO:Number of morph types: 1703
2023-07-04 03:47:12 INFO:Corpus weight set to 989.9999999999997
2023-07-04 03:47:12 INFO:Epochs: 43	Cost: 18668467.301060673
2023-07-04 03:47:40 INFO:Number of morph types: 1703
2023-07-04 03:47:40 INFO:Corpus weight set to 1034.9999999999995
2023-07-04 03:47:40 INFO:Epochs: 44	Cost: 19506813.34292791
2023-07-04 03:48:09 INFO:Number of morph types: 1703
2023-07-04 03:48:09 INFO:Corpus weight set to 1080.9999999999995
2023-07-04 03:48:09 INFO:Epochs: 45	Cost: 20363789.29683671
2023-07-04 03:48:36 INFO:Number of morph types: 1703
2023-07-04 03:48:36 INFO:Corpus weight set to 1127.9999999999995
2023-07-04 03:48:36 INFO:Epochs: 46	Cost: 21239395.16278708
2023-07-04 03:49:05 INFO:Number of morph types: 1703
2023-07-04 03:49:05 INFO:Corpus weight set to 1175.9999999999995
2023-07-04 03:49:05 INFO:Epochs: 47	Cost: 22133630.94077901
2023-07-04 03:49:34 INFO:Number of morph types: 1703
2023-07-04 03:49:34 INFO:Corpus weight set to 1224.9999999999995
2023-07-04 03:49:34 INFO:Epochs: 48	Cost: 23046496.630812507
2023-07-04 03:50:05 INFO:Number of morph types: 1703
2023-07-04 03:50:05 INFO:Corpus weight set to 1274.9999999999995
2023-07-04 03:50:05 INFO:Epochs: 49	Cost: 23977992.23288756
2023-07-04 03:50:36 INFO:Number of morph types: 1703
2023-07-04 03:50:36 INFO:Corpus weight set to 1325.9999999999995
2023-07-04 03:50:36 INFO:Epochs: 50	Cost: 24928117.74700419
2023-07-04 03:51:02 INFO:Number of morph types: 1703
2023-07-04 03:51:02 INFO:Corpus weight set to 1377.9999999999995
2023-07-04 03:51:02 INFO:Epochs: 51	Cost: 25896873.173162382
2023-07-04 03:51:24 INFO:Number of morph types: 1703
2023-07-04 03:51:24 INFO:Corpus weight set to 1430.9999999999995
2023-07-04 03:51:24 INFO:Epochs: 52	Cost: 26884258.511362143
2023-07-04 03:51:46 INFO:Number of morph types: 1703
2023-07-04 03:51:46 INFO:Corpus weight set to 1484.9999999999995
2023-07-04 03:51:46 INFO:Epochs: 53	Cost: 27890273.761603456
2023-07-04 03:52:09 INFO:Number of morph types: 1703
2023-07-04 03:52:09 INFO:Corpus weight set to 1539.9999999999995
2023-07-04 03:52:09 INFO:Epochs: 54	Cost: 28914918.923886344
2023-07-04 03:52:36 INFO:Number of morph types: 1703
2023-07-04 03:52:36 INFO:Corpus weight set to 1595.9999999999995
2023-07-04 03:52:36 INFO:Epochs: 55	Cost: 29958193.998210803
2023-07-04 03:53:03 INFO:Number of morph types: 1703
2023-07-04 03:53:03 INFO:Corpus weight set to 1652.9999999999998
2023-07-04 03:53:03 INFO:Epochs: 56	Cost: 31020098.98457683
2023-07-04 03:53:27 INFO:Number of morph types: 1703
2023-07-04 03:53:27 INFO:Corpus weight set to 1711.0
2023-07-04 03:53:27 INFO:Epochs: 57	Cost: 32100633.88298441
2023-07-04 03:53:50 INFO:Number of morph types: 1703
2023-07-04 03:53:50 INFO:Corpus weight set to 1770.0000000000002
2023-07-04 03:53:50 INFO:Epochs: 58	Cost: 33199798.693433564
2023-07-04 03:54:09 INFO:Number of morph types: 1703
2023-07-04 03:54:09 INFO:Corpus weight set to 1830.0
2023-07-04 03:54:09 INFO:Epochs: 59	Cost: 34317593.41592427
2023-07-04 03:54:29 INFO:Number of morph types: 1703
2023-07-04 03:54:29 INFO:Corpus weight set to 1891.0000000000002
2023-07-04 03:54:29 INFO:Epochs: 60	Cost: 35454018.05045657
2023-07-04 03:54:52 INFO:Number of morph types: 1703
2023-07-04 03:54:52 INFO:Corpus weight set to 1953.0000000000002
2023-07-04 03:54:52 INFO:Epochs: 61	Cost: 36609072.5970304
2023-07-04 03:55:13 INFO:Number of morph types: 1703
2023-07-04 03:55:13 INFO:Corpus weight set to 2016.0000000000002
2023-07-04 03:55:13 INFO:Epochs: 62	Cost: 37782757.055645816
2023-07-04 03:55:34 INFO:Number of morph types: 1703
2023-07-04 03:55:34 INFO:Corpus weight set to 2080.0
2023-07-04 03:55:34 INFO:Epochs: 63	Cost: 38975071.42630279
2023-07-04 03:55:56 INFO:Number of morph types: 1703
2023-07-04 03:55:56 INFO:Corpus weight set to 2145.0
2023-07-04 03:55:56 INFO:Epochs: 64	Cost: 40186015.70900133
2023-07-04 03:56:18 INFO:Number of morph types: 1703
2023-07-04 03:56:18 INFO:Corpus weight set to 2210.9999999999995
2023-07-04 03:56:18 INFO:Epochs: 65	Cost: 41415589.90374144
2023-07-04 03:56:44 INFO:Number of morph types: 1703
2023-07-04 03:56:44 INFO:Corpus weight set to 2277.9999999999995
2023-07-04 03:56:44 INFO:Epochs: 66	Cost: 42663794.01052312
2023-07-04 03:57:07 INFO:Number of morph types: 1703
2023-07-04 03:57:07 INFO:Corpus weight set to 2345.9999999999995
2023-07-04 03:57:07 INFO:Epochs: 67	Cost: 43930628.029346354
2023-07-04 03:57:28 INFO:Number of morph types: 1703
2023-07-04 03:57:28 INFO:Corpus weight set to 2414.999999999999
2023-07-04 03:57:28 INFO:Epochs: 68	Cost: 45216091.96021116
2023-07-04 03:57:48 INFO:Number of morph types: 1703
2023-07-04 03:57:48 INFO:Corpus weight set to 2484.9999999999986
2023-07-04 03:57:48 INFO:Epochs: 69	Cost: 46520185.80311752
2023-07-04 03:58:09 INFO:Number of morph types: 1703
2023-07-04 03:58:09 INFO:Corpus weight set to 2555.999999999998
2023-07-04 03:58:09 INFO:Epochs: 70	Cost: 47842909.55806546
2023-07-04 03:58:30 INFO:Number of morph types: 1703
2023-07-04 03:58:30 INFO:Corpus weight set to 2627.999999999998
2023-07-04 03:58:30 INFO:Epochs: 71	Cost: 49184263.22505497
2023-07-04 03:58:52 INFO:Number of morph types: 1703
2023-07-04 03:58:52 INFO:Corpus weight set to 2700.9999999999977
2023-07-04 03:58:52 INFO:Epochs: 72	Cost: 50544246.80408603
2023-07-04 03:59:12 INFO:Number of morph types: 1703
2023-07-04 03:59:12 INFO:Corpus weight set to 2774.999999999998
2023-07-04 03:59:12 INFO:Epochs: 73	Cost: 51922860.29515867
2023-07-04 03:59:31 INFO:Number of morph types: 1703
2023-07-04 03:59:31 INFO:Corpus weight set to 2849.999999999998
2023-07-04 03:59:31 INFO:Epochs: 74	Cost: 53320103.69827287
2023-07-04 03:59:51 INFO:Number of morph types: 1703
2023-07-04 03:59:51 INFO:Corpus weight set to 2925.999999999998
2023-07-04 03:59:51 INFO:Epochs: 75	Cost: 54735977.01342864
2023-07-04 04:00:10 INFO:Number of morph types: 1703
2023-07-04 04:00:10 INFO:Corpus weight set to 3002.999999999998
2023-07-04 04:00:10 INFO:Epochs: 76	Cost: 56170480.24062598
2023-07-04 04:00:30 INFO:Number of morph types: 1703
2023-07-04 04:00:30 INFO:Corpus weight set to 3080.999999999998
2023-07-04 04:00:30 INFO:Epochs: 77	Cost: 57623613.379864894
2023-07-04 04:00:49 INFO:Number of morph types: 1703
2023-07-04 04:00:49 INFO:Corpus weight set to 3159.9999999999977
2023-07-04 04:00:49 INFO:Epochs: 78	Cost: 59095376.43114536
2023-07-04 04:01:09 INFO:Number of morph types: 1703
2023-07-04 04:01:09 INFO:Corpus weight set to 3239.9999999999973
2023-07-04 04:01:09 INFO:Epochs: 79	Cost: 60585769.394467376
2023-07-04 04:01:28 INFO:Number of morph types: 1703
2023-07-04 04:01:28 INFO:Corpus weight set to 3320.999999999997
2023-07-04 04:01:28 INFO:Epochs: 80	Cost: 62094792.26983097
2023-07-04 04:01:47 INFO:Number of morph types: 1703
2023-07-04 04:01:47 INFO:Corpus weight set to 3402.9999999999973
2023-07-04 04:01:47 INFO:Epochs: 81	Cost: 63622445.057236165
2023-07-04 04:02:07 INFO:Number of morph types: 1703
2023-07-04 04:02:07 INFO:Corpus weight set to 3485.9999999999973
2023-07-04 04:02:07 INFO:Epochs: 82	Cost: 65168727.756682895
2023-07-04 04:02:26 INFO:Number of morph types: 1703
2023-07-04 04:02:26 INFO:Corpus weight set to 3569.9999999999973
2023-07-04 04:02:26 INFO:Epochs: 83	Cost: 66733640.36817119
2023-07-04 04:02:46 INFO:Number of morph types: 1703
2023-07-04 04:02:46 INFO:Corpus weight set to 3654.999999999997
2023-07-04 04:02:46 INFO:Epochs: 84	Cost: 68317182.89170104
2023-07-04 04:03:06 INFO:Number of morph types: 1703
2023-07-04 04:03:06 INFO:Corpus weight set to 3740.9999999999964
2023-07-04 04:03:06 INFO:Epochs: 85	Cost: 69919355.32727246
2023-07-04 04:03:26 INFO:Number of morph types: 1703
2023-07-04 04:03:26 INFO:Corpus weight set to 3827.9999999999964
2023-07-04 04:03:26 INFO:Epochs: 86	Cost: 71540157.67488547
2023-07-04 04:03:45 INFO:Number of morph types: 1703
2023-07-04 04:03:45 INFO:Corpus weight set to 3915.9999999999964
2023-07-04 04:03:45 INFO:Epochs: 87	Cost: 73179589.93454003
2023-07-04 04:04:06 INFO:Number of morph types: 1703
2023-07-04 04:04:06 INFO:Corpus weight set to 4004.9999999999964
2023-07-04 04:04:06 INFO:Epochs: 88	Cost: 74837652.10623617
2023-07-04 04:04:26 INFO:Number of morph types: 1703
2023-07-04 04:04:26 INFO:Corpus weight set to 4094.9999999999964
2023-07-04 04:04:26 INFO:Epochs: 89	Cost: 76514344.18997388
2023-07-04 04:04:48 INFO:Number of morph types: 1703
2023-07-04 04:04:48 INFO:Corpus weight set to 4185.999999999996
2023-07-04 04:04:48 INFO:Epochs: 90	Cost: 78209666.18575315
2023-07-04 04:05:14 INFO:Number of morph types: 1703
2023-07-04 04:05:14 INFO:Corpus weight set to 4277.999999999996
2023-07-04 04:05:14 INFO:Epochs: 91	Cost: 79923618.09357399
2023-07-04 04:05:37 INFO:Number of morph types: 1703
2023-07-04 04:05:37 INFO:Corpus weight set to 4370.999999999996
2023-07-04 04:05:37 INFO:Epochs: 92	Cost: 81656199.9134364
2023-07-04 04:06:03 INFO:Number of morph types: 1703
2023-07-04 04:06:03 INFO:Corpus weight set to 4464.999999999996
2023-07-04 04:06:03 INFO:Epochs: 93	Cost: 83407411.64534038
2023-07-04 04:06:33 INFO:Number of morph types: 1703
2023-07-04 04:06:33 INFO:Corpus weight set to 4559.999999999996
2023-07-04 04:06:33 INFO:Epochs: 94	Cost: 85177253.28928594
2023-07-04 04:07:00 INFO:Number of morph types: 1703
2023-07-04 04:07:00 INFO:Corpus weight set to 4655.999999999996
2023-07-04 04:07:00 INFO:Epochs: 95	Cost: 86965724.84527305
2023-07-04 04:07:23 INFO:Number of morph types: 1703
2023-07-04 04:07:23 INFO:Corpus weight set to 4752.999999999996
2023-07-04 04:07:23 INFO:Epochs: 96	Cost: 88772826.31330173
2023-07-04 04:07:48 INFO:Number of morph types: 1703
2023-07-04 04:07:48 INFO:Corpus weight set to 4850.999999999996
2023-07-04 04:07:48 INFO:Epochs: 97	Cost: 90598557.69337198
2023-07-04 04:08:15 INFO:Number of morph types: 1703
2023-07-04 04:08:15 INFO:Corpus weight set to 4949.999999999996
2023-07-04 04:08:15 INFO:Epochs: 98	Cost: 92442918.98548381
2023-07-04 04:08:37 INFO:Number of morph types: 1703
2023-07-04 04:08:37 INFO:Corpus weight set to 5049.999999999995
2023-07-04 04:08:37 INFO:Epochs: 99	Cost: 94305910.18963717
2023-07-04 04:09:03 INFO:Number of morph types: 1703
2023-07-04 04:09:03 INFO:Corpus weight set to 5150.999999999995
2023-07-04 04:09:03 INFO:Epochs: 100	Cost: 96187531.30583213
2023-07-04 04:09:03 INFO:Max number of epochs reached, stop training
2023-07-04 04:09:03 INFO:Done.
2023-07-04 04:09:03 INFO:Epochs: 100
2023-07-04 04:09:03 INFO:Final cost: 96187531.30583213
2023-07-04 04:09:03 INFO:Training time: 2247.270s
2023-07-04 04:09:03 INFO:Saving model to '../models/tokenizers/morf_clintox_2000.bin'...
2023-07-04 04:09:04 INFO:Done.
